
< 14-11-14 18:16:25 >==============================================
Device is Inserted On Driver : [Hub3 Port2] [VER:0, SN:7&181d743d&0#{53]
   Begin the USB Task...
   Step 1 disable...
   Begin Step 2... Action: Write, Chip: RAM, Address: 0xF8002000, File: D:\work\generalplus\t19hh\tools\G+CodePacker 1.0.9 Patch 001\USBMassProductionTool/code/gp15b_ispbin.bin
   Step 2 - Start Time : 2014/11/14 PM 06:16:27:59
   Step 2 - End Time : 2014/11/14 PM 06:16:27:91
   Step 2 ok! Spent Time: 0.31s
   Begin Step 3... Action: Jump to Function, Chip: RAM, Address: 0xF8002000
   Step 3 - Start Time : 2014/11/14 PM 06:16:27:91
   Step 3 - End Time : 2014/11/14 PM 06:16:27:92
   Step 3 ok! Spent Time: 0.0s
   Begin Step 4... Action: Erase, Chip: SPI Nor Flash, Address: 0x0000, Length: 40
   Step 4 - Start Time : 2014/11/14 PM 06:16:27:92
   Step 4 - End Time : 2014/11/14 PM 06:16:34:984
   Step 4 ok! Spent Time: 7.891s
   Begin Step 5... Action: Write, Chip: SPI Nor Flash, Address: 0x0000, File: D:\work\generalplus\t19hh\tools/gpcv1248_spifc_pack_/gp_cardvr_upgrade.bin
   Step 5 - Start Time : 2014/11/14 PM 06:16:34:984
   Step 5 - End Time : 2014/11/14 PM 06:16:48:577
   Step 5 ok! Spent Time: 13.594s
   USB Task Finished! Spent Time: 21.516s
   Device is Pullouted.

< 14-11-14 18:22:17 >==============================================
Device is Inserted On Driver : [Hub3 Port2] [VER:0, SN:7&181d743d&0#{53]
   Begin the USB Task...
   Step 1 disable...
   Begin Step 2... Action: Write, Chip: RAM, Address: 0xF8002000, File: D:\work\generalplus\t19hh\tools\G+CodePacker 1.0.9 Patch 001\USBMassProductionTool/code/gp15b_ispbin.bin
   Step 2 - Start Time : 2014/11/14 PM 06:22:18:877
   Step 2 - End Time : 2014/11/14 PM 06:22:18:884
   Step 2 ok! Spent Time: 0.0s
   Begin Step 3... Action: Jump to Function, Chip: RAM, Address: 0xF8002000
   Step 3 - Start Time : 2014/11/14 PM 06:22:18:884
   Step 3 - End Time : 2014/11/14 PM 06:22:18:885
   Step 3 ok! Spent Time: 0.0s
   Begin Step 4... Action: Erase, Chip: SPI Nor Flash, Address: 0x0000, Length: 40
   Step 4 - Start Time : 2014/11/14 PM 06:22:18:885
   Step 4 - End Time : 2014/11/14 PM 06:22:26:960
   Step 4 ok! Spent Time: 8.78s
   Begin Step 5... Action: Write, Chip: SPI Nor Flash, Address: 0x0000, File: D:\work\generalplus\t19hh\tools/gpcv1248_spifc_pack_/gp_cardvr_upgrade.bin
   Step 5 - Start Time : 2014/11/14 PM 06:22:26:960
   Step 5 - End Time : 2014/11/14 PM 06:22:40:466
   Step 5 ok! Spent Time: 13.500s
   USB Task Finished! Spent Time: 21.578s
   Device is Pullouted.

< 14-11-14 18:29:21 >==============================================
Device is Inserted On Driver : [Hub3 Port2] [VER:0, SN:7&33c80902&0#{53]
   Device is Pullouted.
