
< 14-12-10 10:12:55 >==============================================
Device is Inserted On Driver : [Hub4 Port1] [VER:0, SN:7&2ad724e2&0#{53]
   Begin the USB Task...
   Step 1 disable...
   Begin Step 2... Action: Write, Chip: RAM, Address: 0xF8002000, File: D:\work\generalplus\t19hh\tools\G+CodePacker 1.0.9 Patch 001\USBMassProductionTool/code/gp15b_ispbin.bin
   Step 2 - Start Time : 2014/12/10 AM 10:12:56:749
   Step 2 - End Time : 2014/12/10 AM 10:12:56:756
   Step 2 ok! Spent Time: 0.0s
   Begin Step 3... Action: Jump to Function, Chip: RAM, Address: 0xF8002000
   Step 3 - Start Time : 2014/12/10 AM 10:12:56:756
   Step 3 - End Time : 2014/12/10 AM 10:12:56:757
   Step 3 ok! Spent Time: 0.0s
   Begin Step 4... Action: Erase, Chip: SPI Nor Flash, Address: 0x0000, Length: 40
   Step 4 - Start Time : 2014/12/10 AM 10:12:56:757
   Step 4 - End Time : 2014/12/10 AM 10:13:08:916
   Step 4 ok! Spent Time: 12.157s
   Begin Step 5... Action: Write, Chip: SPI Nor Flash, Address: 0x0000, File: D:\work\generalplus\t19hh\tools/gpcv1248_spifc_pack_/gp_cardvr_upgrade.bin
   Step 5 - Start Time : 2014/12/10 AM 10:13:08:916
   Step 5 - End Time : 2014/12/10 AM 10:13:22:272
   Step 5 ok! Spent Time: 13.359s
   USB Task Finished! Spent Time: 25.516s
   Device is Pullouted.
