
< 14-10-07 11:48:02 >==============================================
Device is Inserted On Driver : [Hub5 Port2] [VER:0, SN:8&d2f6963&0#{53f]
   Begin the USB Task...
   Step 1 disable...
   Begin Step 2... Action: Write, Chip: RAM, Address: 0xF8002000, File: D:\work\generalplus\t19hh\tools\G+CodePacker 1.0.9 Patch 001\USBMassProductionTool/code/gp15b_ispbin.bin
   Step 2 - Start Time : 2014/10/07 AM 11:48:04:66
   Step 2 - End Time : 2014/10/07 AM 11:48:04:73
   Step 2 ok! Spent Time: 0.0s
   Begin Step 3... Action: Jump to Function, Chip: RAM, Address: 0xF8002000
   Step 3 - Start Time : 2014/10/07 AM 11:48:04:73
   Step 3 - End Time : 2014/10/07 AM 11:48:04:73
   Step 3 ok! Spent Time: 0.0s
   Begin Step 4... Action: Erase, Chip: SPI Nor Flash, Address: 0x0000, Length: 40
   Step 4 - Start Time : 2014/10/07 AM 11:48:04:74
   Step 4 - End Time : 2014/10/07 AM 11:48:16:564
   Step 4 ok! Spent Time: 12.500s
   Begin Step 5... Action: Write, Chip: SPI Nor Flash, Address: 0x0000, File: D:\work\generalplus\t19hh\tools/gpcv1248_spifc_pack_/sj50lh.bin
   Step 5 - Start Time : 2014/10/07 AM 11:48:16:564
   Step 5 - End Time : 2014/10/07 AM 11:48:38:47
   Step 5 ok! Spent Time: 21.469s
   USB Task Finished! Spent Time: 33.969s
   Device is Pullouted.

< 14-10-07 11:48:44 >==============================================
Device is Inserted On Driver : [Hub5 Port2] [VER:0, SN:8&d2f6963&0#{53f]
   Device is Pullouted.

< 14-10-07 11:59:12 >==============================================
Device is Inserted On Driver : [Hub6 Port2] [VER:0, SN:9&23bb26e8&0#{53]
   Device is Pullouted.

< 14-10-07 14:24:22 >==============================================
Device is Inserted On Driver : [Hub5 Port2] [VER:0, SN:8&d2f6963&0#{53f]
   Begin the USB Task...
   Step 1 disable...
   Begin Step 2... Action: Write, Chip: RAM, Address: 0xF8002000, File: D:\work\generalplus\t19hh\tools\G+CodePacker 1.0.9 Patch 001\USBMassProductionTool/code/gp15b_ispbin.bin
   Step 2 - Start Time : 2014/10/07 PM 02:24:23:612
   Step 2 - End Time : 2014/10/07 PM 02:24:23:619
   Step 2 ok! Spent Time: 0.0s
   Begin Step 3... Action: Jump to Function, Chip: RAM, Address: 0xF8002000
   Step 3 - Start Time : 2014/10/07 PM 02:24:23:619
   Step 3 - End Time : 2014/10/07 PM 02:24:23:619
   Step 3 ok! Spent Time: 0.0s
   Begin Step 4... Action: Erase, Chip: SPI Nor Flash, Address: 0x0000, Length: 40
   Step 4 - Start Time : 2014/10/07 PM 02:24:23:620
   Step 4 - End Time : 2014/10/07 PM 02:24:35:942
   Step 4 ok! Spent Time: 12.328s
   Begin Step 5... Action: Write, Chip: SPI Nor Flash, Address: 0x0000, File: D:\work\generalplus\t19hh\tools/gpcv1248_spifc_pack_/sj50lh.bin
   Step 5 - Start Time : 2014/10/07 PM 02:24:35:942
   Step 5 - End Time : 2014/10/07 PM 02:24:57:517
   Step 5 ok! Spent Time: 21.579s
   USB Task Finished! Spent Time: 33.907s
   Device is Pullouted.

< 14-10-07 14:33:04 >==============================================
Device is Inserted On Driver : [Hub5 Port2] [VER:0, SN:8&d2f6963&0#{53f]
   Begin the USB Task...
   Step 1 disable...
   Begin Step 2... Action: Write, Chip: RAM, Address: 0xF8002000, File: D:\work\generalplus\t19hh\tools\G+CodePacker 1.0.9 Patch 001\USBMassProductionTool/code/gp15b_ispbin.bin
   Step 2 - Start Time : 2014/10/07 PM 02:33:06:82
   Step 2 - End Time : 2014/10/07 PM 02:33:06:89
   Step 2 ok! Spent Time: 0.0s
   Begin Step 3... Action: Jump to Function, Chip: RAM, Address: 0xF8002000
   Step 3 - Start Time : 2014/10/07 PM 02:33:06:89
   Step 3 - End Time : 2014/10/07 PM 02:33:06:89
   Step 3 ok! Spent Time: 0.0s
   Begin Step 4... Action: Erase, Chip: SPI Nor Flash, Address: 0x0000, Length: 40
   Step 4 - Start Time : 2014/10/07 PM 02:33:06:89
   Step 4 - End Time : 2014/10/07 PM 02:33:18:400
   Step 4 ok! Spent Time: 12.313s
   Begin Step 5... Action: Write, Chip: SPI Nor Flash, Address: 0x0000, File: D:\work\generalplus\t19hh\tools/gpcv1248_spifc_pack_/sj50lh.bin
   Step 5 - Start Time : 2014/10/07 PM 02:33:18:400
   Step 5 - End Time : 2014/10/07 PM 02:33:39:791
   Step 5 ok! Spent Time: 21.390s
   USB Task Finished! Spent Time: 33.703s
   Device is Pullouted.

< 14-10-07 14:39:55 >==============================================
Device is Inserted On Driver : [Hub5 Port2] [VER:0, SN:8&d2f6963&0#{53f]
   Begin the USB Task...
   Step 1 disable...
   Begin Step 2... Action: Write, Chip: RAM, Address: 0xF8002000, File: D:\work\generalplus\t19hh\tools\G+CodePacker 1.0.9 Patch 001\USBMassProductionTool/code/gp15b_ispbin.bin
   Step 2 - Start Time : 2014/10/07 PM 02:39:57:599
   Step 2 - End Time : 2014/10/07 PM 02:39:57:606
   Step 2 ok! Spent Time: 0.0s
   Begin Step 3... Action: Jump to Function, Chip: RAM, Address: 0xF8002000
   Step 3 - Start Time : 2014/10/07 PM 02:39:57:606
   Step 3 - End Time : 2014/10/07 PM 02:39:57:607
   Step 3 ok! Spent Time: 0.0s
   Begin Step 4... Action: Erase, Chip: SPI Nor Flash, Address: 0x0000, Length: 40
   Step 4 - Start Time : 2014/10/07 PM 02:39:57:607
   Step 4 - End Time : 2014/10/07 PM 02:40:09:951
   Step 4 ok! Spent Time: 12.343s
   Begin Step 5... Action: Write, Chip: SPI Nor Flash, Address: 0x0000, File: D:\work\generalplus\t19hh\tools/gpcv1248_spifc_pack_/sj50lh.bin
   Step 5 - Start Time : 2014/10/07 PM 02:40:09:951
   Step 5 - End Time : 2014/10/07 PM 02:40:31:361
   Step 5 ok! Spent Time: 21.422s
   USB Task Finished! Spent Time: 33.765s
   Device is Pullouted.

< 14-10-07 15:42:39 >==============================================
Device is Inserted On Driver : [Hub4 Port1] [VER:0, SN:7&2ad724e2&0#{53]
   Begin the USB Task...
   Step 1 disable...
   Begin Step 2... Action: Write, Chip: RAM, Address: 0xF8002000, File: D:\work\generalplus\t19hh\tools\G+CodePacker 1.0.9 Patch 001\USBMassProductionTool/code/gp15b_ispbin.bin
   Step 2 - Start Time : 2014/10/07 PM 03:42:42:209
   Step 2 - End Time : 2014/10/07 PM 03:42:42:225
   Step 2 ok! Spent Time: 0.16s
   Begin Step 3... Action: Jump to Function, Chip: RAM, Address: 0xF8002000
   Step 3 - Start Time : 2014/10/07 PM 03:42:42:225
   Step 3 - End Time : 2014/10/07 PM 03:42:42:225
   Step 3 ok! Spent Time: 0.0s
   Begin Step 4... Action: Erase, Chip: SPI Nor Flash, Address: 0x0000, Length: 40
   Step 4 - Start Time : 2014/10/07 PM 03:42:42:226
   Step 4 - End Time : 2014/10/07 PM 03:42:54:597
   Step 4 ok! Spent Time: 12.375s
   Begin Step 5... Action: Write, Chip: SPI Nor Flash, Address: 0x0000, File: D:\work\generalplus\t19hh\tools/gpcv1248_spifc_pack_/sj50lh.bin
   Step 5 - Start Time : 2014/10/07 PM 03:42:54:597
   Step 5 - End Time : 2014/10/07 PM 03:43:15:975
   Step 5 ok! Spent Time: 21.375s
   USB Task Finished! Spent Time: 33.766s
   Device is Pullouted.

< 14-10-07 15:43:27 >==============================================
Device is Inserted On Driver : [Hub5 Port2] [VER:0, SN:8&d2f6963&0#{53f]
   Device is Pullouted.

< 14-10-07 15:57:00 >==============================================
Device is Inserted On Driver : [Hub5 Port2] [VER:0, SN:8&d2f6963&0#{53f]
   Begin the USB Task...
   Step 1 disable...
   Begin Step 2... Action: Write, Chip: RAM, Address: 0xF8002000, File: D:\work\generalplus\t19hh\tools\G+CodePacker 1.0.9 Patch 001\USBMassProductionTool/code/gp15b_ispbin.bin
   Step 2 - Start Time : 2014/10/07 PM 03:57:02:709
   Step 2 - End Time : 2014/10/07 PM 03:57:02:715
   Step 2 ok! Spent Time: 0.0s
   Begin Step 3... Action: Jump to Function, Chip: RAM, Address: 0xF8002000
   Step 3 - Start Time : 2014/10/07 PM 03:57:02:715
   Step 3 - End Time : 2014/10/07 PM 03:57:02:715
   Step 3 ok! Spent Time: 0.0s
   Begin Step 4... Action: Erase, Chip: SPI Nor Flash, Address: 0x0000, Length: 40
   Step 4 - Start Time : 2014/10/07 PM 03:57:02:715
   Step 4 - End Time : 2014/10/07 PM 03:57:15:34
   Step 4 ok! Spent Time: 12.328s
   Begin Step 5... Action: Write, Chip: SPI Nor Flash, Address: 0x0000, File: D:\work\generalplus\t19hh\tools/gpcv1248_spifc_pack_/sj50lh.bin
   Step 5 - Start Time : 2014/10/07 PM 03:57:15:35
   Step 5 - End Time : 2014/10/07 PM 03:57:36:401
   Step 5 ok! Spent Time: 21.360s
   USB Task Finished! Spent Time: 33.688s
   Device is Pullouted.

< 14-10-07 16:08:44 >==============================================
Device is Inserted On Driver : [Hub6 Port2] [VER:0, SN:9&23bb26e8&0#{53]
   Device is Pullouted.

< 14-10-07 16:19:42 >==============================================
Device is Inserted On Driver : [Hub5 Port2] [VER:0, SN:8&d2f6963&0#{53f]
   Begin the USB Task...
   Step 1 disable...
   Begin Step 2... Action: Write, Chip: RAM, Address: 0xF8002000, File: D:\work\generalplus\t19hh\tools\G+CodePacker 1.0.9 Patch 001\USBMassProductionTool/code/gp15b_ispbin.bin
   Step 2 - Start Time : 2014/10/07 PM 04:19:44:683
   Step 2 - End Time : 2014/10/07 PM 04:19:44:690
   Step 2 ok! Spent Time: 0.15s
   Begin Step 3... Action: Jump to Function, Chip: RAM, Address: 0xF8002000
   Step 3 - Start Time : 2014/10/07 PM 04:19:44:690
   Step 3 - End Time : 2014/10/07 PM 04:19:44:691
   Step 3 ok! Spent Time: 0.0s
   Begin Step 4... Action: Erase, Chip: SPI Nor Flash, Address: 0x0000, Length: 40
   Step 4 - Start Time : 2014/10/07 PM 04:19:44:692
   Step 4 - End Time : 2014/10/07 PM 04:19:57:69
   Step 4 ok! Spent Time: 12.375s
   Begin Step 5... Action: Write, Chip: SPI Nor Flash, Address: 0x0000, File: D:\work\generalplus\t19hh\tools/gpcv1248_spifc_pack_/sj50lh.bin
   Step 5 - Start Time : 2014/10/07 PM 04:19:57:69
   Step 5 - End Time : 2014/10/07 PM 04:20:18:472
   Step 5 ok! Spent Time: 21.407s
   USB Task Finished! Spent Time: 33.797s
   Device is Pullouted.

< 14-10-07 16:21:37 >==============================================
Device is Inserted On Driver : [Hub6 Port2] [VER:0, SN:9&23bb26e8&0#{53]
   Device is Pullouted.
