
< 14-10-21 10:57:00 >==============================================
Device is Inserted On Driver : [Hub4 Port2] [VER:0, SN:7&181d743d&0#{53]
   Begin the USB Task...
   Step 1 disable...
   Begin Step 2... Action: Write, Chip: RAM, Address: 0xF8002000, File: D:\work\generalplus\t19hh\tools\G+CodePacker 1.0.9 Patch 001\USBMassProductionTool/code/gp15b_ispbin.bin
   Step 2 - Start Time : 2014/10/21 AM 10:57:02:511
   Step 2 - End Time : 2014/10/21 AM 10:57:02:518
   Step 2 ok! Spent Time: 0.16s
   Begin Step 3... Action: Jump to Function, Chip: RAM, Address: 0xF8002000
   Step 3 - Start Time : 2014/10/21 AM 10:57:02:518
   Step 3 - End Time : 2014/10/21 AM 10:57:02:519
   Step 3 ok! Spent Time: 0.0s
   Begin Step 4... Action: Erase, Chip: SPI Nor Flash, Address: 0x0000, Length: 40
   Step 4 - Start Time : 2014/10/21 AM 10:57:02:519
   Step 4 - End Time : 2014/10/21 AM 10:57:15:875
   Step 4 ok! Spent Time: 13.359s
   Begin Step 5... Action: Write, Chip: SPI Nor Flash, Address: 0x0000, File: D:\work\generalplus\t19hh\tools/gpcv1248_spifc_pack_/gp_cardvr_upgrade.bin
   Step 5 - Start Time : 2014/10/21 AM 10:57:15:875
   Step 5 - End Time : 2014/10/21 AM 10:57:30:222
   Step 5 ok! Spent Time: 14.344s
   USB Task Finished! Spent Time: 27.719s
   Device is Pullouted.

< 14-10-21 11:09:02 >==============================================
Device is Inserted On Driver : [Hub4 Port2] [VER:0, SN:7&181d743d&0#{53]
   Device is Pullouted.

< 14-10-21 11:09:12 >==============================================
Device is Inserted On Driver : [Hub4 Port2] [VER:0, SN:7&181d743d&0#{53]
   Begin the USB Task...
   Step 1 disable...
   Begin Step 2... Action: Write, Chip: RAM, Address: 0xF8002000, File: D:\work\generalplus\t19hh\tools\G+CodePacker 1.0.9 Patch 001\USBMassProductionTool/code/gp15b_ispbin.bin
   Step 2 - Start Time : 2014/10/21 AM 11:09:14:670
   Step 2 - End Time : 2014/10/21 AM 11:09:14:677
   Step 2 ok! Spent Time: 0.16s
   Begin Step 3... Action: Jump to Function, Chip: RAM, Address: 0xF8002000
   Step 3 - Start Time : 2014/10/21 AM 11:09:14:677
   Step 3 - End Time : 2014/10/21 AM 11:09:14:677
   Step 3 ok! Spent Time: 0.0s
   Begin Step 4... Action: Erase, Chip: SPI Nor Flash, Address: 0x0000, Length: 40
   Step 4 - Start Time : 2014/10/21 AM 11:09:14:678
   Step 4 - End Time : 2014/10/21 AM 11:09:25:975
   Step 4 ok! Spent Time: 11.297s
   Begin Step 5... Action: Write, Chip: SPI Nor Flash, Address: 0x0000, File: D:\work\generalplus\t19hh\tools/gpcv1248_spifc_pack_/gp_cardvr_upgrade.bin
   Step 5 - Start Time : 2014/10/21 AM 11:09:25:976
   Step 5 - End Time : 2014/10/21 AM 11:09:46:510
   Step 5 ok! Spent Time: 20.531s
   USB Task Finished! Spent Time: 31.844s
   Device is Pullouted.

< 14-10-21 11:10:34 >==============================================
Device is Inserted On Driver : [Hub4 Port2] [VER:0, SN:7&181d743d&0#{53]
   Device is Pullouted.

< 14-10-21 11:15:27 >==============================================
Device is Inserted On Driver : [Hub4 Port2] [VER:0, SN:7&181d743d&0#{53]
   Begin the USB Task...
   Step 1 disable...
   Begin Step 2... Action: Write, Chip: RAM, Address: 0xF8002000, File: D:\work\generalplus\t19hh\tools\G+CodePacker 1.0.9 Patch 001\USBMassProductionTool/code/gp15b_ispbin.bin
   Step 2 - Start Time : 2014/10/21 AM 11:15:29:507
   Step 2 - End Time : 2014/10/21 AM 11:15:29:514
   Step 2 ok! Spent Time: 0.0s
   Begin Step 3... Action: Jump to Function, Chip: RAM, Address: 0xF8002000
   Step 3 - Start Time : 2014/10/21 AM 11:15:29:514
   Step 3 - End Time : 2014/10/21 AM 11:15:29:514
   Step 3 ok! Spent Time: 0.0s
   Begin Step 4... Action: Erase, Chip: SPI Nor Flash, Address: 0x0000, Length: 40
   Step 4 - Start Time : 2014/10/21 AM 11:15:29:514
   Step 4 - End Time : 2014/10/21 AM 11:15:40:861
   Step 4 ok! Spent Time: 11.359s
   Begin Step 5... Action: Write, Chip: SPI Nor Flash, Address: 0x0000, File: D:\work\generalplus\t19hh\tools/gpcv1248_spifc_pack_/gp_cardvr_upgrade.bin
   Step 5 - Start Time : 2014/10/21 AM 11:15:40:862
   Step 5 - End Time : 2014/10/21 AM 11:16:01:358
   Step 5 ok! Spent Time: 20.485s
   USB Task Finished! Spent Time: 31.844s
   Device is Pullouted.

< 14-10-21 11:44:16 >==============================================
Device is Inserted On Driver : [Hub4 Port2] [VER:0, SN:7&181d743d&0#{53]
   Begin the USB Task...
   Step 1 disable...
   Begin Step 2... Action: Write, Chip: RAM, Address: 0xF8002000, File: D:\work\generalplus\t19hh\tools\G+CodePacker 1.0.9 Patch 001\USBMassProductionTool/code/gp15b_ispbin.bin
   Step 2 - Start Time : 2014/10/21 AM 11:44:18:281
   Step 2 - End Time : 2014/10/21 AM 11:44:18:288
   Step 2 ok! Spent Time: 0.15s
   Begin Step 3... Action: Jump to Function, Chip: RAM, Address: 0xF8002000
   Step 3 - Start Time : 2014/10/21 AM 11:44:18:288
   Step 3 - End Time : 2014/10/21 AM 11:44:18:289
   Step 3 ok! Spent Time: 0.0s
   Begin Step 4... Action: Erase, Chip: SPI Nor Flash, Address: 0x0000, Length: 40
   Step 4 - Start Time : 2014/10/21 AM 11:44:18:289
   Step 4 - End Time : 2014/10/21 AM 11:44:29:337
   Step 4 ok! Spent Time: 11.47s
   Begin Step 5... Action: Write, Chip: SPI Nor Flash, Address: 0x0000, File: D:\work\generalplus\t19hh\tools/gpcv1248_spifc_pack_/gp_cardvr_upgrade.bin
   Step 5 - Start Time : 2014/10/21 AM 11:44:29:337
   Step 5 - End Time : 2014/10/21 AM 11:44:49:654
   Step 5 ok! Spent Time: 20.313s
   USB Task Finished! Spent Time: 31.375s
   Device is Pullouted.

< 14-10-21 15:52:15 >==============================================
Device is Inserted On Driver : [Hub4 Port2] [VER:0, SN:7&181d743d&0#{53]
   Begin the USB Task...
   Step 1 disable...
   Begin Step 2... Action: Write, Chip: RAM, Address: 0xF8002000, File: D:\work\generalplus\t19hh\tools\G+CodePacker 1.0.9 Patch 001\USBMassProductionTool/code/gp15b_ispbin.bin
   Step 2 - Start Time : 2014/10/21 PM 03:52:28:541
   Step 2 - End Time : 2014/10/21 PM 03:52:28:548
   Step 2 ok! Spent Time: 0.16s
   Begin Step 3... Action: Jump to Function, Chip: RAM, Address: 0xF8002000
   Step 3 - Start Time : 2014/10/21 PM 03:52:28:549
   Step 3 - End Time : 2014/10/21 PM 03:52:28:549
   Step 3 ok! Spent Time: 0.0s
   Begin Step 4... Action: Erase, Chip: SPI Nor Flash, Address: 0x0000, Length: 40
   Step 4 - Start Time : 2014/10/21 PM 03:52:28:549
   Step 4 - End Time : 2014/10/21 PM 03:52:39:842
   Step 4 ok! Spent Time: 11.281s
   Begin Step 5... Action: Write, Chip: SPI Nor Flash, Address: 0x0000, File: D:\work\generalplus\t19hh\tools/gpcv1248_spifc_pack_/gp_cardvr_upgrade.bin
   Step 5 - Start Time : 2014/10/21 PM 03:52:39:842
   Step 5 - End Time : 2014/10/21 PM 03:53:00:424
   Step 5 ok! Spent Time: 20.594s
   USB Task Finished! Spent Time: 31.891s
   Device is Pullouted.

< 14-10-21 15:53:40 >==============================================
Device is Inserted On Driver : [Hub4 Port2] [VER:0, SN:7&181d743d&0#{53]
   Device is Pullouted.

< 14-10-21 15:55:12 >==============================================
Device is Inserted On Driver : [Hub4 Port2] [VER:0, SN:7&181d743d&0#{53]
   Begin the USB Task...
   Step 1 disable...
   Begin Step 2... Action: Write, Chip: RAM, Address: 0xF8002000, File: D:\work\generalplus\t19hh\tools\G+CodePacker 1.0.9 Patch 001\USBMassProductionTool/code/gp15b_ispbin.bin
   Step 2 - Start Time : 2014/10/21 PM 03:55:13:509
   Step 2 - End Time : 2014/10/21 PM 03:55:13:516
   Step 2 ok! Spent Time: 0.16s
   Begin Step 3... Action: Jump to Function, Chip: RAM, Address: 0xF8002000
   Step 3 - Start Time : 2014/10/21 PM 03:55:13:516
   Step 3 - End Time : 2014/10/21 PM 03:55:13:517
   Step 3 ok! Spent Time: 0.0s
   Begin Step 4... Action: Erase, Chip: SPI Nor Flash, Address: 0x0000, Length: 40
   Step 4 - Start Time : 2014/10/21 PM 03:55:13:517
   Step 4 - End Time : 2014/10/21 PM 03:55:24:624
   Step 4 ok! Spent Time: 11.93s
   Begin Step 5... Action: Write, Chip: SPI Nor Flash, Address: 0x0000, File: D:\work\generalplus\t19hh\tools/gpcv1248_spifc_pack_/gp_cardvr_upgrade.bin
   Step 5 - Start Time : 2014/10/21 PM 03:55:24:624
   Step 5 - End Time : 2014/10/21 PM 03:55:45:17
   Step 5 ok! Spent Time: 20.407s
   USB Task Finished! Spent Time: 31.516s
   Device is Pullouted.

< 14-10-21 15:57:02 >==============================================
Device is Inserted On Driver : [Hub4 Port2] [VER:0, SN:7&181d743d&0#{53]
   Begin the USB Task...
   Step 1 disable...
   Begin Step 2... Action: Write, Chip: RAM, Address: 0xF8002000, File: D:\work\generalplus\t19hh\tools\G+CodePacker 1.0.9 Patch 001\USBMassProductionTool/code/gp15b_ispbin.bin
   Step 2 - Start Time : 2014/10/21 PM 03:57:04:598
   Step 2 - End Time : 2014/10/21 PM 03:57:04:605
   Step 2 ok! Spent Time: 0.0s
   Begin Step 3... Action: Jump to Function, Chip: RAM, Address: 0xF8002000
   Step 3 - Start Time : 2014/10/21 PM 03:57:04:605
   Step 3 - End Time : 2014/10/21 PM 03:57:04:606
   Step 3 ok! Spent Time: 0.0s
   Begin Step 4... Action: Erase, Chip: SPI Nor Flash, Address: 0x0000, Length: 40
   Step 4 - Start Time : 2014/10/21 PM 03:57:04:606
   Step 4 - End Time : 2014/10/21 PM 03:57:15:648
   Step 4 ok! Spent Time: 11.47s
   Begin Step 5... Action: Write, Chip: SPI Nor Flash, Address: 0x0000, File: D:\work\generalplus\t19hh\tools/gpcv1248_spifc_pack_/gp_cardvr_upgrade.bin
   Step 5 - Start Time : 2014/10/21 PM 03:57:15:648
   Step 5 - End Time : 2014/10/21 PM 03:57:36:50
   Step 5 ok! Spent Time: 20.406s
   USB Task Finished! Spent Time: 31.453s
   Device is Pullouted.

< 14-10-21 16:00:23 >==============================================
Device is Inserted On Driver : [Hub4 Port2] [VER:0, SN:7&181d743d&0#{53]
   Begin the USB Task...
   Step 1 disable...
   Begin Step 2... Action: Write, Chip: RAM, Address: 0xF8002000, File: D:\work\generalplus\t19hh\tools\G+CodePacker 1.0.9 Patch 001\USBMassProductionTool/code/gp15b_ispbin.bin
   Step 2 - Start Time : 2014/10/21 PM 04:00:27:548
   Step 2 - End Time : 2014/10/21 PM 04:00:27:555
   Step 2 ok! Spent Time: 0.0s
   Begin Step 3... Action: Jump to Function, Chip: RAM, Address: 0xF8002000
   Step 3 - Start Time : 2014/10/21 PM 04:00:27:555
   Step 3 - End Time : 2014/10/21 PM 04:00:27:556
   Step 3 ok! Spent Time: 0.0s
   Begin Step 4... Action: Erase, Chip: SPI Nor Flash, Address: 0x0000, Length: 40
   Step 4 - Start Time : 2014/10/21 PM 04:00:27:556
   Step 4 - End Time : 2014/10/21 PM 04:00:38:559
   Step 4 ok! Spent Time: 11.0s
   Begin Step 5... Action: Write, Chip: SPI Nor Flash, Address: 0x0000, File: D:\work\generalplus\t19hh\tools/gpcv1248_spifc_pack_/gp_cardvr_upgrade.bin
   Step 5 - Start Time : 2014/10/21 PM 04:00:38:559
   Step 5 - End Time : 2014/10/21 PM 04:00:58:961
   Step 5 ok! Spent Time: 20.406s
   USB Task Finished! Spent Time: 31.406s
   Device is Pullouted.

< 14-10-21 16:04:03 >==============================================
Device is Inserted On Driver : [Hub4 Port2] [VER:0, SN:7&181d743d&0#{53]
   Begin the USB Task...
   Step 1 disable...
   Begin Step 2... Action: Write, Chip: RAM, Address: 0xF8002000, File: D:\work\generalplus\t19hh\tools\G+CodePacker 1.0.9 Patch 001\USBMassProductionTool/code/gp15b_ispbin.bin
   Step 2 - Start Time : 2014/10/21 PM 04:04:04:899
   Step 2 - End Time : 2014/10/21 PM 04:04:04:907
   Step 2 ok! Spent Time: 0.15s
   Begin Step 3... Action: Jump to Function, Chip: RAM, Address: 0xF8002000
   Step 3 - Start Time : 2014/10/21 PM 04:04:04:907
   Step 3 - End Time : 2014/10/21 PM 04:04:04:908
   Step 3 ok! Spent Time: 0.0s
   Begin Step 4... Action: Erase, Chip: SPI Nor Flash, Address: 0x0000, Length: 40
   Step 4 - Start Time : 2014/10/21 PM 04:04:04:908
   Step 4 - End Time : 2014/10/21 PM 04:04:15:920
   Step 4 ok! Spent Time: 11.0s
   Begin Step 5... Action: Write, Chip: SPI Nor Flash, Address: 0x0000, File: D:\work\generalplus\t19hh\tools/gpcv1248_spifc_pack_/gp_cardvr_upgrade.bin
   Step 5 - Start Time : 2014/10/21 PM 04:04:15:920
   Step 5 - End Time : 2014/10/21 PM 04:04:36:289
   Step 5 ok! Spent Time: 20.375s
   USB Task Finished! Spent Time: 31.390s
   Device is Pullouted.

< 14-10-21 16:07:01 >==============================================
Device is Inserted On Driver : [Hub4 Port2] [VER:0, SN:7&181d743d&0#{53]
   Begin the USB Task...
   Step 1 disable...
   Begin Step 2... Action: Write, Chip: RAM, Address: 0xF8002000, File: D:\work\generalplus\t19hh\tools\G+CodePacker 1.0.9 Patch 001\USBMassProductionTool/code/gp15b_ispbin.bin
   Step 2 - Start Time : 2014/10/21 PM 04:07:03:705
   Step 2 - End Time : 2014/10/21 PM 04:07:03:712
   Step 2 ok! Spent Time: 0.0s
   Begin Step 3... Action: Jump to Function, Chip: RAM, Address: 0xF8002000
   Step 3 - Start Time : 2014/10/21 PM 04:07:03:712
   Step 3 - End Time : 2014/10/21 PM 04:07:03:713
   Step 3 ok! Spent Time: 0.0s
   Begin Step 4... Action: Erase, Chip: SPI Nor Flash, Address: 0x0000, Length: 40
   Step 4 - Start Time : 2014/10/21 PM 04:07:03:713
   Step 4 - End Time : 2014/10/21 PM 04:07:14:703
   Step 4 ok! Spent Time: 11.0s
   Begin Step 5... Action: Write, Chip: SPI Nor Flash, Address: 0x0000, File: D:\work\generalplus\t19hh\tools/gpcv1248_spifc_pack_/gp_cardvr_upgrade.bin
   Step 5 - Start Time : 2014/10/21 PM 04:07:14:704
   Step 5 - End Time : 2014/10/21 PM 04:07:35:99
   Step 5 ok! Spent Time: 20.391s
   USB Task Finished! Spent Time: 31.391s
   Device is Pullouted.

< 14-10-21 16:09:41 >==============================================
Device is Inserted On Driver : [Hub4 Port2] [VER:0, SN:7&181d743d&0#{53]
   Begin the USB Task...
   Step 1 disable...
   Begin Step 2... Action: Write, Chip: RAM, Address: 0xF8002000, File: D:\work\generalplus\t19hh\tools\G+CodePacker 1.0.9 Patch 001\USBMassProductionTool/code/gp15b_ispbin.bin
   Step 2 - Start Time : 2014/10/21 PM 04:09:43:490
   Step 2 - End Time : 2014/10/21 PM 04:09:43:497
   Step 2 ok! Spent Time: 0.0s
   Begin Step 3... Action: Jump to Function, Chip: RAM, Address: 0xF8002000
   Step 3 - Start Time : 2014/10/21 PM 04:09:43:497
   Step 3 - End Time : 2014/10/21 PM 04:09:43:497
   Step 3 ok! Spent Time: 0.0s
   Begin Step 4... Action: Erase, Chip: SPI Nor Flash, Address: 0x0000, Length: 40
   Step 4 - Start Time : 2014/10/21 PM 04:09:43:497
   Step 4 - End Time : 2014/10/21 PM 04:09:54:499
   Step 4 ok! Spent Time: 11.0s
   Begin Step 5... Action: Write, Chip: SPI Nor Flash, Address: 0x0000, File: D:\work\generalplus\t19hh\tools/gpcv1248_spifc_pack_/gp_cardvr_upgrade.bin
   Step 5 - Start Time : 2014/10/21 PM 04:09:54:499
   Step 5 - End Time : 2014/10/21 PM 04:10:14:869
   Step 5 ok! Spent Time: 20.375s
   USB Task Finished! Spent Time: 31.375s
   Device is Pullouted.

< 14-10-21 16:13:15 >==============================================
Device is Inserted On Driver : [Hub4 Port2] [VER:0, SN:7&181d743d&0#{53]
   Begin the USB Task...
   Step 1 disable...
   Begin Step 2... Action: Write, Chip: RAM, Address: 0xF8002000, File: D:\work\generalplus\t19hh\tools\G+CodePacker 1.0.9 Patch 001\USBMassProductionTool/code/gp15b_ispbin.bin
   Step 2 - Start Time : 2014/10/21 PM 04:13:17:311
   Step 2 - End Time : 2014/10/21 PM 04:13:17:318
   Step 2 ok! Spent Time: 0.15s
   Begin Step 3... Action: Jump to Function, Chip: RAM, Address: 0xF8002000
   Step 3 - Start Time : 2014/10/21 PM 04:13:17:319
   Step 3 - End Time : 2014/10/21 PM 04:13:17:319
   Step 3 ok! Spent Time: 0.0s
   Begin Step 4... Action: Erase, Chip: SPI Nor Flash, Address: 0x0000, Length: 40
   Step 4 - Start Time : 2014/10/21 PM 04:13:17:319
   Step 4 - End Time : 2014/10/21 PM 04:13:28:331
   Step 4 ok! Spent Time: 11.16s
   Begin Step 5... Action: Write, Chip: SPI Nor Flash, Address: 0x0000, File: D:\work\generalplus\t19hh\tools/gpcv1248_spifc_pack_/gp_cardvr_upgrade.bin
   Step 5 - Start Time : 2014/10/21 PM 04:13:28:331
   Step 5 - End Time : 2014/10/21 PM 04:13:48:721
   Step 5 ok! Spent Time: 20.391s
   USB Task Finished! Spent Time: 31.422s
   Device is Pullouted.

< 14-10-21 16:16:37 >==============================================
Device is Inserted On Driver : [Hub4 Port2] [VER:0, SN:7&181d743d&0#{53]
   Begin the USB Task...
   Step 1 disable...
   Begin Step 2... Action: Write, Chip: RAM, Address: 0xF8002000, File: D:\work\generalplus\t19hh\tools\G+CodePacker 1.0.9 Patch 001\USBMassProductionTool/code/gp15b_ispbin.bin
   Step 2 - Start Time : 2014/10/21 PM 04:16:38:510
   Step 2 - End Time : 2014/10/21 PM 04:16:38:518
   Step 2 ok! Spent Time: 0.16s
   Begin Step 3... Action: Jump to Function, Chip: RAM, Address: 0xF8002000
   Step 3 - Start Time : 2014/10/21 PM 04:16:38:518
   Step 3 - End Time : 2014/10/21 PM 04:16:38:518
   Step 3 ok! Spent Time: 0.0s
   Begin Step 4... Action: Erase, Chip: SPI Nor Flash, Address: 0x0000, Length: 40
   Step 4 - Start Time : 2014/10/21 PM 04:16:38:518
   Step 4 - End Time : 2014/10/21 PM 04:16:49:507
   Step 4 ok! Spent Time: 10.984s
   Begin Step 5... Action: Write, Chip: SPI Nor Flash, Address: 0x0000, File: D:\work\generalplus\t19hh\tools/gpcv1248_spifc_pack_/gp_cardvr_upgrade.bin
   Step 5 - Start Time : 2014/10/21 PM 04:16:49:507
   Step 5 - End Time : 2014/10/21 PM 04:17:09:889
   Step 5 ok! Spent Time: 20.375s
   USB Task Finished! Spent Time: 31.375s
   Device is Pullouted.

< 14-10-21 16:21:24 >==============================================
Device is Inserted On Driver : [Hub4 Port2] [VER:0, SN:7&181d743d&0#{53]
   Begin the USB Task...
   Step 1 disable...
   Begin Step 2... Action: Write, Chip: RAM, Address: 0xF8002000, File: D:\work\generalplus\t19hh\tools\G+CodePacker 1.0.9 Patch 001\USBMassProductionTool/code/gp15b_ispbin.bin
   Step 2 - Start Time : 2014/10/21 PM 04:21:26:125
   Step 2 - End Time : 2014/10/21 PM 04:21:26:132
   Step 2 ok! Spent Time: 0.0s
   Begin Step 3... Action: Jump to Function, Chip: RAM, Address: 0xF8002000
   Step 3 - Start Time : 2014/10/21 PM 04:21:26:132
   Step 3 - End Time : 2014/10/21 PM 04:21:26:133
   Step 3 ok! Spent Time: 0.0s
   Begin Step 4... Action: Erase, Chip: SPI Nor Flash, Address: 0x0000, Length: 40
   Step 4 - Start Time : 2014/10/21 PM 04:21:26:133
   Step 4 - End Time : 2014/10/21 PM 04:21:37:191
   Step 4 ok! Spent Time: 11.62s
   Begin Step 5... Action: Write, Chip: SPI Nor Flash, Address: 0x0000, File: D:\work\generalplus\t19hh\tools/gpcv1248_spifc_pack_/gp_cardvr_upgrade.bin
   Step 5 - Start Time : 2014/10/21 PM 04:21:37:191
   Step 5 - End Time : 2014/10/21 PM 04:21:57:588
   Step 5 ok! Spent Time: 20.391s
   USB Task Finished! Spent Time: 31.453s
   Device is Pullouted.

< 14-10-21 16:25:17 >==============================================
Device is Inserted On Driver : [Hub4 Port2] [VER:0, SN:7&181d743d&0#{53]
   Begin the USB Task...
   Step 1 disable...
   Begin Step 2... Action: Write, Chip: RAM, Address: 0xF8002000, File: D:\work\generalplus\t19hh\tools\G+CodePacker 1.0.9 Patch 001\USBMassProductionTool/code/gp15b_ispbin.bin
   Step 2 - Start Time : 2014/10/21 PM 04:25:21:172
   Step 2 - End Time : 2014/10/21 PM 04:25:21:179
   Step 2 ok! Spent Time: 0.16s
   Begin Step 3... Action: Jump to Function, Chip: RAM, Address: 0xF8002000
   Step 3 - Start Time : 2014/10/21 PM 04:25:21:179
   Step 3 - End Time : 2014/10/21 PM 04:25:21:180
   Step 3 ok! Spent Time: 0.0s
   Begin Step 4... Action: Erase, Chip: SPI Nor Flash, Address: 0x0000, Length: 40
   Step 4 - Start Time : 2014/10/21 PM 04:25:21:180
   Step 4 - End Time : 2014/10/21 PM 04:25:32:194
   Step 4 ok! Spent Time: 11.15s
   Begin Step 5... Action: Write, Chip: SPI Nor Flash, Address: 0x0000, File: D:\work\generalplus\t19hh\tools/gpcv1248_spifc_pack_/gp_cardvr_upgrade.bin
   Step 5 - Start Time : 2014/10/21 PM 04:25:32:194
   Step 5 - End Time : 2014/10/21 PM 04:25:52:586
   Step 5 ok! Spent Time: 20.391s
   USB Task Finished! Spent Time: 31.422s
   Device is Pullouted.

< 14-10-21 16:27:25 >==============================================
Device is Inserted On Driver : [Hub4 Port2] [VER:0, SN:7&181d743d&0#{53]
   Begin the USB Task...
   Step 1 disable...
   Begin Step 2... Action: Write, Chip: RAM, Address: 0xF8002000, File: D:\work\generalplus\t19hh\tools\G+CodePacker 1.0.9 Patch 001\USBMassProductionTool/code/gp15b_ispbin.bin
   Step 2 - Start Time : 2014/10/21 PM 04:27:30:660
   Step 2 - End Time : 2014/10/21 PM 04:27:30:667
   Step 2 ok! Spent Time: 0.0s
   Begin Step 3... Action: Jump to Function, Chip: RAM, Address: 0xF8002000
   Step 3 - Start Time : 2014/10/21 PM 04:27:30:667
   Step 3 - End Time : 2014/10/21 PM 04:27:30:667
   Step 3 ok! Spent Time: 0.0s
   Begin Step 4... Action: Erase, Chip: SPI Nor Flash, Address: 0x0000, Length: 40
   Step 4 - Start Time : 2014/10/21 PM 04:27:30:667
   Step 4 - End Time : 2014/10/21 PM 04:27:41:685
   Step 4 ok! Spent Time: 11.16s
   Begin Step 5... Action: Write, Chip: SPI Nor Flash, Address: 0x0000, File: D:\work\generalplus\t19hh\tools/gpcv1248_spifc_pack_/gp_cardvr_upgrade.bin
   Step 5 - Start Time : 2014/10/21 PM 04:27:41:685
   Step 5 - End Time : 2014/10/21 PM 04:28:02:69
   Step 5 ok! Spent Time: 20.390s
   USB Task Finished! Spent Time: 31.406s
   Device is Pullouted.

< 14-10-21 16:29:51 >==============================================
Device is Inserted On Driver : [Hub4 Port2] [VER:0, SN:7&181d743d&0#{53]
   Begin the USB Task...
   Step 1 disable...
   Begin Step 2... Action: Write, Chip: RAM, Address: 0xF8002000, File: D:\work\generalplus\t19hh\tools\G+CodePacker 1.0.9 Patch 001\USBMassProductionTool/code/gp15b_ispbin.bin
   Step 2 - Start Time : 2014/10/21 PM 04:29:52:451
   Step 2 - End Time : 2014/10/21 PM 04:29:52:459
   Step 2 ok! Spent Time: 0.16s
   Begin Step 3... Action: Jump to Function, Chip: RAM, Address: 0xF8002000
   Step 3 - Start Time : 2014/10/21 PM 04:29:52:459
   Step 3 - End Time : 2014/10/21 PM 04:29:52:460
   Step 3 ok! Spent Time: 0.0s
   Begin Step 4... Action: Erase, Chip: SPI Nor Flash, Address: 0x0000, Length: 40
   Step 4 - Start Time : 2014/10/21 PM 04:29:52:460
   Step 4 - End Time : 2014/10/21 PM 04:30:03:493
   Step 4 ok! Spent Time: 11.31s
   Begin Step 5... Action: Write, Chip: SPI Nor Flash, Address: 0x0000, File: D:\work\generalplus\t19hh\tools/gpcv1248_spifc_pack_/gp_cardvr_upgrade.bin
   Step 5 - Start Time : 2014/10/21 PM 04:30:03:493
   Step 5 - End Time : 2014/10/21 PM 04:30:23:905
   Step 5 ok! Spent Time: 20.407s
   USB Task Finished! Spent Time: 31.454s
   Device is Pullouted.

< 14-10-21 16:31:39 >==============================================
Device is Inserted On Driver : [Hub4 Port2] [VER:0, SN:7&181d743d&0#{53]
   Begin the USB Task...
   Step 1 disable...
   Begin Step 2... Action: Write, Chip: RAM, Address: 0xF8002000, File: D:\work\generalplus\t19hh\tools\G+CodePacker 1.0.9 Patch 001\USBMassProductionTool/code/gp15b_ispbin.bin
   Step 2 - Start Time : 2014/10/21 PM 04:31:47:770
   Step 2 - End Time : 2014/10/21 PM 04:31:47:777
   Step 2 ok! Spent Time: 0.0s
   Begin Step 3... Action: Jump to Function, Chip: RAM, Address: 0xF8002000
   Step 3 - Start Time : 2014/10/21 PM 04:31:47:777
   Step 3 - End Time : 2014/10/21 PM 04:31:47:777
   Step 3 ok! Spent Time: 0.0s
   Begin Step 4... Action: Erase, Chip: SPI Nor Flash, Address: 0x0000, Length: 40
   Step 4 - Start Time : 2014/10/21 PM 04:31:47:777
   Step 4 - End Time : 2014/10/21 PM 04:31:58:845
   Step 4 ok! Spent Time: 11.78s
   Begin Step 5... Action: Write, Chip: SPI Nor Flash, Address: 0x0000, File: D:\work\generalplus\t19hh\tools/gpcv1248_spifc_pack_/gp_cardvr_upgrade.bin
   Step 5 - Start Time : 2014/10/21 PM 04:31:58:845
   Step 5 - End Time : 2014/10/21 PM 04:32:19:238
   Step 5 ok! Spent Time: 20.390s
   USB Task Finished! Spent Time: 31.468s
   Device is Pullouted.

< 14-10-21 16:36:33 >==============================================
Device is Inserted On Driver : [Hub4 Port2] [VER:0, SN:7&181d743d&0#{53]
   Begin the USB Task...
   Step 1 disable...
   Begin Step 2... Action: Write, Chip: RAM, Address: 0xF8002000, File: D:\work\generalplus\t19hh\tools\G+CodePacker 1.0.9 Patch 001\USBMassProductionTool/code/gp15b_ispbin.bin
   Step 2 - Start Time : 2014/10/21 PM 04:36:36:480
   Step 2 - End Time : 2014/10/21 PM 04:36:36:487
   Step 2 ok! Spent Time: 0.15s
   Begin Step 3... Action: Jump to Function, Chip: RAM, Address: 0xF8002000
   Step 3 - Start Time : 2014/10/21 PM 04:36:36:487
   Step 3 - End Time : 2014/10/21 PM 04:36:36:487
   Step 3 ok! Spent Time: 0.0s
   Begin Step 4... Action: Erase, Chip: SPI Nor Flash, Address: 0x0000, Length: 40
   Step 4 - Start Time : 2014/10/21 PM 04:36:36:487
   Step 4 - End Time : 2014/10/21 PM 04:36:47:545
   Step 4 ok! Spent Time: 11.47s
   Begin Step 5... Action: Write, Chip: SPI Nor Flash, Address: 0x0000, File: D:\work\generalplus\t19hh\tools/gpcv1248_spifc_pack_/gp_cardvr_upgrade.bin
   Step 5 - Start Time : 2014/10/21 PM 04:36:47:546
   Step 5 - End Time : 2014/10/21 PM 04:37:07:924
   Step 5 ok! Spent Time: 20.391s
   USB Task Finished! Spent Time: 31.453s
   Device is Pullouted.

< 14-10-21 16:51:34 >==============================================
Device is Inserted On Driver : [Hub4 Port2] [VER:0, SN:7&181d743d&0#{53]
   Begin the USB Task...
   Step 1 disable...
   Begin Step 2... Action: Write, Chip: RAM, Address: 0xF8002000, File: D:\work\generalplus\t19hh\tools\G+CodePacker 1.0.9 Patch 001\USBMassProductionTool/code/gp15b_ispbin.bin
   Step 2 - Start Time : 2014/10/21 PM 04:51:41:611
   Step 2 - End Time : 2014/10/21 PM 04:51:41:618
   Step 2 ok! Spent Time: 0.0s
   Begin Step 3... Action: Jump to Function, Chip: RAM, Address: 0xF8002000
   Step 3 - Start Time : 2014/10/21 PM 04:51:41:618
   Step 3 - End Time : 2014/10/21 PM 04:51:41:619
   Step 3 ok! Spent Time: 0.0s
   Begin Step 4... Action: Erase, Chip: SPI Nor Flash, Address: 0x0000, Length: 40
   Step 4 - Start Time : 2014/10/21 PM 04:51:41:619
   Step 4 - End Time : 2014/10/21 PM 04:51:52:720
   Step 4 ok! Spent Time: 11.110s
   Begin Step 5... Action: Write, Chip: SPI Nor Flash, Address: 0x0000, File: D:\work\generalplus\t19hh\tools/gpcv1248_spifc_pack_/gp_cardvr_upgrade.bin
   Step 5 - Start Time : 2014/10/21 PM 04:51:52:720
   Step 5 - End Time : 2014/10/21 PM 04:52:13:234
   Step 5 ok! Spent Time: 20.500s
   USB Task Finished! Spent Time: 31.610s
   Device is Pullouted.

< 14-10-21 16:59:08 >==============================================
Device is Inserted On Driver : [Hub4 Port2] [VER:0, SN:7&181d743d&0#{53]
   Begin the USB Task...
   Step 1 disable...
   Begin Step 2... Action: Write, Chip: RAM, Address: 0xF8002000, File: D:\work\generalplus\t19hh\tools\G+CodePacker 1.0.9 Patch 001\USBMassProductionTool/code/gp15b_ispbin.bin
   Step 2 - Start Time : 2014/10/21 PM 04:59:09:760
   Step 2 - End Time : 2014/10/21 PM 04:59:09:767
   Step 2 ok! Spent Time: 0.16s
   Begin Step 3... Action: Jump to Function, Chip: RAM, Address: 0xF8002000
   Step 3 - Start Time : 2014/10/21 PM 04:59:09:767
   Step 3 - End Time : 2014/10/21 PM 04:59:09:768
   Step 3 ok! Spent Time: 0.0s
   Begin Step 4... Action: Erase, Chip: SPI Nor Flash, Address: 0x0000, Length: 40
   Step 4 - Start Time : 2014/10/21 PM 04:59:09:768
   Step 4 - End Time : 2014/10/21 PM 04:59:20:787
   Step 4 ok! Spent Time: 11.15s
   Begin Step 5... Action: Write, Chip: SPI Nor Flash, Address: 0x0000, File: D:\work\generalplus\t19hh\tools/gpcv1248_spifc_pack_/gp_cardvr_upgrade.bin
   Step 5 - Start Time : 2014/10/21 PM 04:59:20:787
   Step 5 - End Time : 2014/10/21 PM 04:59:41:173
   Step 5 ok! Spent Time: 20.391s
   USB Task Finished! Spent Time: 31.422s
   Device is Pullouted.

< 14-10-21 17:01:27 >==============================================
Device is Inserted On Driver : [Hub4 Port2] [VER:0, SN:7&181d743d&0#{53]
   Begin the USB Task...
   Step 1 disable...
   Begin Step 2... Action: Write, Chip: RAM, Address: 0xF8002000, File: D:\work\generalplus\t19hh\tools\G+CodePacker 1.0.9 Patch 001\USBMassProductionTool/code/gp15b_ispbin.bin
   Step 2 - Start Time : 2014/10/21 PM 05:01:30:807
   Step 2 - End Time : 2014/10/21 PM 05:01:30:814
   Step 2 ok! Spent Time: 0.15s
   Begin Step 3... Action: Jump to Function, Chip: RAM, Address: 0xF8002000
   Step 3 - Start Time : 2014/10/21 PM 05:01:30:814
   Step 3 - End Time : 2014/10/21 PM 05:01:30:815
   Step 3 ok! Spent Time: 0.0s
   Begin Step 4... Action: Erase, Chip: SPI Nor Flash, Address: 0x0000, Length: 40
   Step 4 - Start Time : 2014/10/21 PM 05:01:30:815
   Step 4 - End Time : 2014/10/21 PM 05:01:41:824
   Step 4 ok! Spent Time: 11.0s
   Begin Step 5... Action: Write, Chip: SPI Nor Flash, Address: 0x0000, File: D:\work\generalplus\t19hh\tools/gpcv1248_spifc_pack_/gp_cardvr_upgrade.bin
   Step 5 - Start Time : 2014/10/21 PM 05:01:41:824
   Step 5 - End Time : 2014/10/21 PM 05:02:02:202
   Step 5 ok! Spent Time: 20.375s
   USB Task Finished! Spent Time: 31.390s
   Device is Pullouted.

< 14-10-21 17:09:41 >==============================================
Device is Inserted On Driver : [Hub4 Port2] [VER:0, SN:7&33c80902&0#{53]
   Device is Pullouted.

< 14-10-21 17:11:02 >==============================================
Device is Inserted On Driver : [Hub4 Port2] [VER:0, SN:7&33c80902&0#{53]
   Device is Pullouted.
