
< 14-12-03 09:16:37 >==============================================
Device is Inserted On Driver : [Hub4 Port2] [VER:0, SN:7&181d743d&0#{53]
   Begin the USB Task...
   Step 1 disable...
   Begin Step 2... Action: Write, Chip: RAM, Address: 0xF8002000, File: D:\work\generalplus\t19hh\tools\G+CodePacker 1.0.9 Patch 001\USBMassProductionTool/code/gp15b_ispbin.bin
   Step 2 - Start Time : 2014/12/03 AM 09:16:38:851
   Step 2 - End Time : 2014/12/03 AM 09:16:38:921
   Step 2 ok! Spent Time: 0.63s
   Begin Step 3... Action: Jump to Function, Chip: RAM, Address: 0xF8002000
   Step 3 - Start Time : 2014/12/03 AM 09:16:38:921
   Step 3 - End Time : 2014/12/03 AM 09:16:38:922
   Step 3 ok! Spent Time: 0.15s
   Begin Step 4... Action: Erase, Chip: SPI Nor Flash, Address: 0x0000, Length: 40
   Step 4 - Start Time : 2014/12/03 AM 09:16:38:922
   Step 4 - End Time : 2014/12/03 AM 09:16:47:440
   Step 4 ok! Spent Time: 8.516s
   Begin Step 5... Action: Write, Chip: SPI Nor Flash, Address: 0x0000, File: D:\work\generalplus\t19hh\tools/gpcv1248_spifc_pack_/gp_cardvr_upgrade.bin
   Step 5 - Start Time : 2014/12/03 AM 09:16:47:440
   Step 5 - End Time : 2014/12/03 AM 09:17:00:972
   Step 5 ok! Spent Time: 13.531s
   USB Task Finished! Spent Time: 22.125s
   Device is Pullouted.

< 14-12-03 09:18:20 >==============================================
Device is Inserted On Driver : [Hub4 Port2] [VER:0, SN:7&181d743d&0#{53]
   Begin the USB Task...
   Step 1 disable...
   Begin Step 2... Action: Write, Chip: RAM, Address: 0xF8002000, File: D:\work\generalplus\t19hh\tools\G+CodePacker 1.0.9 Patch 001\USBMassProductionTool/code/gp15b_ispbin.bin
   Step 2 - Start Time : 2014/12/03 AM 09:18:24:321
   Step 2 - End Time : 2014/12/03 AM 09:18:24:329
   Step 2 ok! Spent Time: 0.15s
   Begin Step 3... Action: Jump to Function, Chip: RAM, Address: 0xF8002000
   Step 3 - Start Time : 2014/12/03 AM 09:18:24:329
   Step 3 - End Time : 2014/12/03 AM 09:18:24:330
   Step 3 ok! Spent Time: 0.0s
   Begin Step 4... Action: Erase, Chip: SPI Nor Flash, Address: 0x0000, Length: 40
   Step 4 - Start Time : 2014/12/03 AM 09:18:24:330
   Step 4 - End Time : 2014/12/03 AM 09:18:32:715
   Step 4 ok! Spent Time: 8.375s
   Begin Step 5... Action: Write, Chip: SPI Nor Flash, Address: 0x0000, File: D:\work\generalplus\t19hh\tools/gpcv1248_spifc_pack_/gp_cardvr_upgrade.bin
   Step 5 - Start Time : 2014/12/03 AM 09:18:32:715
   Step 5 - End Time : 2014/12/03 AM 09:18:46:202
   Step 5 ok! Spent Time: 13.485s
   USB Task Finished! Spent Time: 21.875s
   Device is Pullouted.

< 14-12-03 09:22:03 >==============================================
Device is Inserted On Driver : [Hub4 Port2] [VER:0, SN:7&181d743d&0#{53]
   Begin the USB Task...
   Step 1 disable...
   Begin Step 2... Action: Write, Chip: RAM, Address: 0xF8002000, File: D:\work\generalplus\t19hh\tools\G+CodePacker 1.0.9 Patch 001\USBMassProductionTool/code/gp15b_ispbin.bin
   Step 2 - Start Time : 2014/12/03 AM 09:22:06:999
   Step 2 - End Time : 2014/12/03 AM 09:22:07:07
   Step 2 ok! Spent Time: 0.15s
   Begin Step 3... Action: Jump to Function, Chip: RAM, Address: 0xF8002000
   Step 3 - Start Time : 2014/12/03 AM 09:22:07:07
   Step 3 - End Time : 2014/12/03 AM 09:22:07:07
   Step 3 ok! Spent Time: 0.0s
   Begin Step 4... Action: Erase, Chip: SPI Nor Flash, Address: 0x0000, Length: 40
   Step 4 - Start Time : 2014/12/03 AM 09:22:07:07
   Step 4 - End Time : 2014/12/03 AM 09:22:18:226
   Step 4 ok! Spent Time: 11.219s
   Begin Step 5... Action: Write, Chip: SPI Nor Flash, Address: 0x0000, File: D:\work\generalplus\t19hh\tools/gpcv1248_spifc_pack_/gp_cardvr_upgrade.bin
   Step 5 - Start Time : 2014/12/03 AM 09:22:18:226
   Step 5 - End Time : 2014/12/03 AM 09:22:31:899
   Step 5 ok! Spent Time: 13.672s
   USB Task Finished! Spent Time: 24.906s
   Device is Pullouted.

< 14-12-03 09:45:16 >==============================================
Device is Inserted On Driver : [Hub4 Port2] [VER:0, SN:7&181d743d&0#{53]
   Begin the USB Task...
   Step 1 disable...
   Begin Step 2... Action: Write, Chip: RAM, Address: 0xF8002000, File: D:\work\generalplus\t19hh\tools\G+CodePacker 1.0.9 Patch 001\USBMassProductionTool/code/gp15b_ispbin.bin
   Step 2 - Start Time : 2014/12/03 AM 09:45:19:96
   Step 2 - End Time : 2014/12/03 AM 09:45:19:103
   Step 2 ok! Spent Time: 0.0s
   Begin Step 3... Action: Jump to Function, Chip: RAM, Address: 0xF8002000
   Step 3 - Start Time : 2014/12/03 AM 09:45:19:104
   Step 3 - End Time : 2014/12/03 AM 09:45:19:104
   Step 3 ok! Spent Time: 0.0s
   Begin Step 4... Action: Erase, Chip: SPI Nor Flash, Address: 0x0000, Length: 40
   Step 4 - Start Time : 2014/12/03 AM 09:45:19:104
   Step 4 - End Time : 2014/12/03 AM 09:45:29:837
   Step 4 ok! Spent Time: 10.734s
   Begin Step 5... Action: Write, Chip: SPI Nor Flash, Address: 0x0000, File: D:\work\generalplus\t19hh\tools/gpcv1248_spifc_pack_/gp_cardvr_upgrade.bin
   Step 5 - Start Time : 2014/12/03 AM 09:45:29:837
   Step 5 - End Time : 2014/12/03 AM 09:45:43:622
   Step 5 ok! Spent Time: 13.782s
   USB Task Finished! Spent Time: 24.516s
   Device is Pullouted.

< 14-12-03 11:35:09 >==============================================
Device is Inserted On Driver : [Hub4 Port2] [VER:0, SN:7&33c80902&0#{53]
   Device is Pullouted.

< 14-12-03 11:36:16 >==============================================
Device is Inserted On Driver : [Hub4 Port1] [VER:0, SN:7&ae6efa0&1#{53f]
   Device is Pullouted.

< 14-12-03 11:38:12 >==============================================
Device is Inserted On Driver : [Hub4 Port1] [VER:0, SN:7&ae6efa0&1#{53f]
   Device is Pullouted.

< 14-12-03 11:56:07 >==============================================
Device is Inserted On Driver : [Hub4 Port1] [VER:0, SN:7&2ad724e2&0#{53]
   Begin the USB Task...
   Step 1 disable...
   Begin Step 2... Action: Write, Chip: RAM, Address: 0xF8002000, File: D:\work\generalplus\t19hh\tools\G+CodePacker 1.0.9 Patch 001\USBMassProductionTool/code/gp15b_ispbin.bin
   Step 2 - Start Time : 2014/12/03 AM 11:56:09:720
   Step 2 - End Time : 2014/12/03 AM 11:56:09:728
   Step 2 ok! Spent Time: 0.0s
   Begin Step 3... Action: Jump to Function, Chip: RAM, Address: 0xF8002000
   Step 3 - Start Time : 2014/12/03 AM 11:56:09:728
   Step 3 - End Time : 2014/12/03 AM 11:56:09:728
   Step 3 ok! Spent Time: 0.0s
   Begin Step 4... Action: Erase, Chip: SPI Nor Flash, Address: 0x0000, Length: 40
   Step 4 - Start Time : 2014/12/03 AM 11:56:09:728
   Step 4 - End Time : 2014/12/03 AM 11:56:19:614
   Step 4 ok! Spent Time: 9.891s
   Begin Step 5... Action: Write, Chip: SPI Nor Flash, Address: 0x0000, File: D:\work\generalplus\t19hh\tools/gpcv1248_spifc_pack_/gp_cardvr_upgrade.bin
   Step 5 - Start Time : 2014/12/03 AM 11:56:19:615
   Step 5 - End Time : 2014/12/03 AM 11:56:33:85
   Step 5 ok! Spent Time: 13.468s
   USB Task Finished! Spent Time: 23.359s
   Device is Pullouted.

< 14-12-03 12:06:04 >==============================================
Device is Inserted On Driver : [Hub4 Port1] [VER:0, SN:7&2ad724e2&0#{53]
   Begin the USB Task...
   Step 1 disable...
   Begin Step 2... Action: Write, Chip: RAM, Address: 0xF8002000, File: D:\work\generalplus\t19hh\tools\G+CodePacker 1.0.9 Patch 001\USBMassProductionTool/code/gp15b_ispbin.bin
   Step 2 - Start Time : 2014/12/03 PM 12:06:07:996
   Step 2 - End Time : 2014/12/03 PM 12:06:08:03
   Step 2 ok! Spent Time: 0.15s
   Begin Step 3... Action: Jump to Function, Chip: RAM, Address: 0xF8002000
   Step 3 - Start Time : 2014/12/03 PM 12:06:08:03
   Step 3 - End Time : 2014/12/03 PM 12:06:08:03
   Step 3 ok! Spent Time: 0.0s
   Begin Step 4... Action: Erase, Chip: SPI Nor Flash, Address: 0x0000, Length: 40
   Step 4 - Start Time : 2014/12/03 PM 12:06:08:03
   Step 4 - End Time : 2014/12/03 PM 12:06:18:554
   Step 4 ok! Spent Time: 10.547s
   Begin Step 5... Action: Write, Chip: SPI Nor Flash, Address: 0x0000, File: D:\work\generalplus\t19hh\tools/gpcv1248_spifc_pack_/gp_cardvr_upgrade.bin
   Step 5 - Start Time : 2014/12/03 PM 12:06:18:554
   Step 5 - End Time : 2014/12/03 PM 12:06:38:873
   Step 5 ok! Spent Time: 20.313s
   USB Task Finished! Spent Time: 30.875s
   Device is Pullouted.

< 14-12-03 16:24:04 >==============================================
Device is Inserted On Driver : [Hub4 Port3] [VER:0, SN:7&563c398&1#{53f]
   Begin the USB Task...
   Step 1 disable...
   Begin Step 2... Action: Write, Chip: RAM, Address: 0xF8002000, File: D:\work\generalplus\t19hh\tools\G+CodePacker 1.0.9 Patch 001\USBMassProductionTool/code/gp15b_ispbin.bin
   Step 2 - Start Time : 2014/12/03 PM 04:24:15:331
   Step 2 - End Time : 2014/12/03 PM 04:24:15:338
   Step 2 ok! Spent Time: 0.0s
   Begin Step 3... Action: Jump to Function, Chip: RAM, Address: 0xF8002000
   Step 3 - Start Time : 2014/12/03 PM 04:24:15:338
   Step 3 - End Time : 2014/12/03 PM 04:24:15:339
   Step 3 ok! Spent Time: 0.0s
   Begin Step 4... Action: Erase, Chip: SPI Nor Flash, Address: 0x0000, Length: 40
   Step 4 - Start Time : 2014/12/03 PM 04:24:15:339
   Step 4 - End Time : 2014/12/03 PM 04:24:21:315
   Step 4 ok! Spent Time: 5.985s
   Begin Step 5... Action: Write, Chip: SPI Nor Flash, Address: 0x0000, File: D:\work\generalplus\t19hh\tools/gpcv1248_spifc_pack_/gp_cardvr_upgrade.bin
   Step 5 - Start Time : 2014/12/03 PM 04:24:21:315
   Step 5 - End Time : 2014/12/03 PM 04:24:34:927
   Step 5 ok! Spent Time: 13.609s
   USB Task Finished! Spent Time: 19.594s
   Device is Pullouted.

< 14-12-03 16:44:03 >==============================================
Device is Inserted On Driver : [Hub4 Port1] [VER:0, SN:7&2ad724e2&0#{53]
   Begin the USB Task...
   Step 1 disable...
   Begin Step 2... Action: Write, Chip: RAM, Address: 0xF8002000, File: D:\work\generalplus\t19hh\tools\G+CodePacker 1.0.9 Patch 001\USBMassProductionTool/code/gp15b_ispbin.bin
   Step 2 - Start Time : 2014/12/03 PM 04:44:05:933
   Step 2 - End Time : 2014/12/03 PM 04:44:05:940
   Step 2 ok! Spent Time: 0.16s
   Begin Step 3... Action: Jump to Function, Chip: RAM, Address: 0xF8002000
   Step 3 - Start Time : 2014/12/03 PM 04:44:05:940
   Step 3 - End Time : 2014/12/03 PM 04:44:05:941
   Step 3 ok! Spent Time: 0.0s
   Begin Step 4... Action: Erase, Chip: SPI Nor Flash, Address: 0x0000, Length: 40
   Step 4 - Start Time : 2014/12/03 PM 04:44:05:941
   Step 4 - End Time : 2014/12/03 PM 04:44:16:593
   Step 4 ok! Spent Time: 10.640s
   Begin Step 5... Action: Write, Chip: SPI Nor Flash, Address: 0x0000, File: D:\work\generalplus\t19hh\tools/gpcv1248_spifc_pack_/gp_cardvr_upgrade.bin
   Step 5 - Start Time : 2014/12/03 PM 04:44:16:593
   Step 5 - End Time : 2014/12/03 PM 04:44:36:983
   Step 5 ok! Spent Time: 20.391s
   USB Task Finished! Spent Time: 31.47s
   Device is Pullouted.

< 14-12-03 16:45:43 >==============================================
Device is Inserted On Driver : [Hub4 Port1] [VER:0, SN:7&2ad724e2&0#{53]
   Begin the USB Task...
   Step 1 disable...
   Begin Step 2... Action: Write, Chip: RAM, Address: 0xF8002000, File: D:\work\generalplus\t19hh\tools\G+CodePacker 1.0.9 Patch 001\USBMassProductionTool/code/gp15b_ispbin.bin
   Step 2 - Start Time : 2014/12/03 PM 04:45:46:05
   Step 2 - End Time : 2014/12/03 PM 04:45:46:12
   Step 2 ok! Spent Time: 0.0s
   Begin Step 3... Action: Jump to Function, Chip: RAM, Address: 0xF8002000
   Step 3 - Start Time : 2014/12/03 PM 04:45:46:12
   Step 3 - End Time : 2014/12/03 PM 04:45:46:13
   Step 3 ok! Spent Time: 0.0s
   Begin Step 4... Action: Erase, Chip: SPI Nor Flash, Address: 0x0000, Length: 40
   Step 4 - Start Time : 2014/12/03 PM 04:45:46:13
   Step 4 - End Time : 2014/12/03 PM 04:45:56:650
   Step 4 ok! Spent Time: 10.641s
   Begin Step 5... Action: Write, Chip: SPI Nor Flash, Address: 0x0000, File: D:\work\generalplus\t19hh\tools/gpcv1248_spifc_pack_/gp_cardvr_upgrade.bin
   Step 5 - Start Time : 2014/12/03 PM 04:45:56:650
   Step 5 - End Time : 2014/12/03 PM 04:46:17:05
   Step 5 ok! Spent Time: 20.359s
   USB Task Finished! Spent Time: 31.0s
   Device is Pullouted.

< 14-12-03 16:48:07 >==============================================
Device is Inserted On Driver : [Hub4 Port1] [VER:0, SN:7&2ad724e2&0#{53]
   Begin the USB Task...
   Step 1 disable...
   Begin Step 2... Action: Write, Chip: RAM, Address: 0xF8002000, File: D:\work\generalplus\t19hh\tools\G+CodePacker 1.0.9 Patch 001\USBMassProductionTool/code/gp15b_ispbin.bin
   Step 2 - Start Time : 2014/12/03 PM 04:48:10:12
   Step 2 - End Time : 2014/12/03 PM 04:48:10:19
   Step 2 ok! Spent Time: 0.16s
   Begin Step 3... Action: Jump to Function, Chip: RAM, Address: 0xF8002000
   Step 3 - Start Time : 2014/12/03 PM 04:48:10:20
   Step 3 - End Time : 2014/12/03 PM 04:48:10:20
   Step 3 ok! Spent Time: 0.0s
   Begin Step 4... Action: Erase, Chip: SPI Nor Flash, Address: 0x0000, Length: 40
   Step 4 - Start Time : 2014/12/03 PM 04:48:10:20
   Step 4 - End Time : 2014/12/03 PM 04:48:16:128
   Step 4 ok! Spent Time: 6.109s
   Begin Step 5... Action: Write, Chip: SPI Nor Flash, Address: 0x0000, File: D:\work\generalplus\t19hh\tools/gpcv1248_spifc_pack_/gp_cardvr_upgrade.bin
   Step 5 - Start Time : 2014/12/03 PM 04:48:16:128
   Step 5 - End Time : 2014/12/03 PM 04:48:29:638
   Step 5 ok! Spent Time: 13.500s
   USB Task Finished! Spent Time: 19.625s
   Device is Pullouted.

< 14-12-03 16:49:38 >==============================================
Device is Inserted On Driver : [Hub4 Port1] [VER:0, SN:7&2ad724e2&0#{53]
   Device is Pullouted.

< 14-12-03 16:51:45 >==============================================
Device is Inserted On Driver : [Hub4 Port1] [VER:0, SN:7&2ad724e2&0#{53]
   Begin the USB Task...
   Step 1 disable...
   Begin Step 2... Action: Write, Chip: RAM, Address: 0xF8002000, File: D:\work\generalplus\t19hh\tools\G+CodePacker 1.0.9 Patch 001\USBMassProductionTool/code/gp15b_ispbin.bin
   Step 2 - Start Time : 2014/12/03 PM 04:51:56:803
   Step 2 - End Time : 2014/12/03 PM 04:51:56:811
   Step 2 ok! Spent Time: 0.0s
   Begin Step 3... Action: Jump to Function, Chip: RAM, Address: 0xF8002000
   Step 3 - Start Time : 2014/12/03 PM 04:51:56:811
   Step 3 - End Time : 2014/12/03 PM 04:51:56:811
   Step 3 ok! Spent Time: 0.0s
   Begin Step 4... Action: Erase, Chip: SPI Nor Flash, Address: 0x0000, Length: 40
   Step 4 - Start Time : 2014/12/03 PM 04:51:56:811
   Step 4 - End Time : 2014/12/03 PM 04:52:07:207
   Step 4 ok! Spent Time: 10.406s
   Begin Step 5... Action: Write, Chip: SPI Nor Flash, Address: 0x0000, File: D:\work\generalplus\t19hh\tools/gpcv1248_spifc_pack_/gp_cardvr_upgrade.bin
   Step 5 - Start Time : 2014/12/03 PM 04:52:07:207
   Step 5 - End Time : 2014/12/03 PM 04:52:20:916
   Step 5 ok! Spent Time: 13.704s
   USB Task Finished! Spent Time: 24.110s
   Device is Pullouted.

< 14-12-03 17:01:46 >==============================================
Device is Inserted On Driver : [Hub4 Port1] [VER:0, SN:7&2ad724e2&0#{53]
   Begin the USB Task...
   Step 1 disable...
   Begin Step 2... Action: Write, Chip: RAM, Address: 0xF8002000, File: D:\work\generalplus\t19hh\tools\G+CodePacker 1.0.9 Patch 001\USBMassProductionTool/code/gp15b_ispbin.bin
   Step 2 - Start Time : 2014/12/03 PM 05:01:50:497
   Step 2 - End Time : 2014/12/03 PM 05:01:50:504
   Step 2 ok! Spent Time: 0.15s
   Begin Step 3... Action: Jump to Function, Chip: RAM, Address: 0xF8002000
   Step 3 - Start Time : 2014/12/03 PM 05:01:50:504
   Step 3 - End Time : 2014/12/03 PM 05:01:50:505
   Step 3 ok! Spent Time: 0.0s
   Begin Step 4... Action: Erase, Chip: SPI Nor Flash, Address: 0x0000, Length: 40
   Step 4 - Start Time : 2014/12/03 PM 05:01:50:505
   Step 4 - End Time : 2014/12/03 PM 05:01:59:408
   Step 4 ok! Spent Time: 8.907s
   Begin Step 5... Action: Write, Chip: SPI Nor Flash, Address: 0x0000, File: D:\work\generalplus\t19hh\tools/gpcv1248_spifc_pack_/gp_cardvr_upgrade.bin
   Step 5 - Start Time : 2014/12/03 PM 05:01:59:408
   Step 5 - End Time : 2014/12/03 PM 05:02:12:948
   Step 5 ok! Spent Time: 13.531s
   USB Task Finished! Spent Time: 22.453s
   Device is Pullouted.

< 14-12-03 17:04:21 >==============================================
Device is Inserted On Driver : [Hub4 Port2] [VER:0, SN:7&33c80902&0#{53]
   Device is Pullouted.

< 14-12-03 17:12:24 >==============================================
Device is Inserted On Driver : [Hub4 Port2] [VER:0, SN:7&33c80902&0#{53]
   Device is Pullouted.

< 14-12-03 17:12:25 >==============================================
Device is Inserted On Driver : [Hub4 Port2] [VER:0, SN:7&33c80902&0#{53]
   Device is Pullouted.

< 14-12-03 17:12:26 >==============================================
Device is Inserted On Driver : [Hub4 Port2] [VER:0, SN:7&33c80902&0#{53]
   Device is Pullouted.

< 14-12-03 17:14:02 >==============================================
Device is Inserted On Driver : [Hub4 Port1] [VER:0, SN:7&2ad724e2&0#{53]
   Begin the USB Task...
   Step 1 disable...
   Begin Step 2... Action: Write, Chip: RAM, Address: 0xF8002000, File: D:\work\generalplus\t19hh\tools\G+CodePacker 1.0.9 Patch 001\USBMassProductionTool/code/gp15b_ispbin.bin
   Step 2 - Start Time : 2014/12/03 PM 05:14:06:736
   Step 2 - End Time : 2014/12/03 PM 05:14:06:743
   Step 2 ok! Spent Time: 0.0s
   Begin Step 3... Action: Jump to Function, Chip: RAM, Address: 0xF8002000
   Step 3 - Start Time : 2014/12/03 PM 05:14:06:743
   Step 3 - End Time : 2014/12/03 PM 05:14:06:744
   Step 3 ok! Spent Time: 0.0s
   Begin Step 4... Action: Erase, Chip: SPI Nor Flash, Address: 0x0000, Length: 40
   Step 4 - Start Time : 2014/12/03 PM 05:14:06:744
   Step 4 - End Time : 2014/12/03 PM 05:14:15:502
   Step 4 ok! Spent Time: 8.765s
   Begin Step 5... Action: Write, Chip: SPI Nor Flash, Address: 0x0000, File: D:\work\generalplus\t19hh\tools/gpcv1248_spifc_pack_/gp_cardvr_upgrade.bin
   Step 5 - Start Time : 2014/12/03 PM 05:14:15:502
   Step 5 - End Time : 2014/12/03 PM 05:14:29:156
   Step 5 ok! Spent Time: 13.657s
   USB Task Finished! Spent Time: 22.422s
   Device is Pullouted.

< 14-12-03 17:34:39 >==============================================
Device is Inserted On Driver : [Hub4 Port1] [VER:0, SN:7&2ad724e2&0#{53]
   Begin the USB Task...
   Step 1 disable...
   Begin Step 2... Action: Write, Chip: RAM, Address: 0xF8002000, File: D:\work\generalplus\t19hh\tools\G+CodePacker 1.0.9 Patch 001\USBMassProductionTool/code/gp15b_ispbin.bin
   Step 2 - Start Time : 2014/12/03 PM 05:34:42:547
   Step 2 - End Time : 2014/12/03 PM 05:34:42:554
   Step 2 ok! Spent Time: 0.0s
   Begin Step 3... Action: Jump to Function, Chip: RAM, Address: 0xF8002000
   Step 3 - Start Time : 2014/12/03 PM 05:34:42:554
   Step 3 - End Time : 2014/12/03 PM 05:34:42:555
   Step 3 ok! Spent Time: 0.0s
   Begin Step 4... Action: Erase, Chip: SPI Nor Flash, Address: 0x0000, Length: 40
   Step 4 - Start Time : 2014/12/03 PM 05:34:42:555
   Step 4 - End Time : 2014/12/03 PM 05:34:51:220
   Step 4 ok! Spent Time: 8.672s
   Begin Step 5... Action: Write, Chip: SPI Nor Flash, Address: 0x0000, File: D:\work\generalplus\t19hh\tools/gpcv1248_spifc_pack_/gp_cardvr_upgrade.bin
   Step 5 - Start Time : 2014/12/03 PM 05:34:51:220
   Step 5 - End Time : 2014/12/03 PM 05:35:04:857
   Step 5 ok! Spent Time: 13.625s
   USB Task Finished! Spent Time: 22.297s
   Device is Pullouted.

< 14-12-03 19:38:58 >==============================================
Device is Inserted On Driver : [Hub4 Port1] [VER:0, SN:7&2ad724e2&0#{53]
   Begin the USB Task...
   Step 1 disable...
   Begin Step 2... Action: Write, Chip: RAM, Address: 0xF8002000, File: D:\work\generalplus\t19hh\tools\G+CodePacker 1.0.9 Patch 001\USBMassProductionTool/code/gp15b_ispbin.bin
   Step 2 - Start Time : 2014/12/03 PM 07:39:04:288
   Step 2 - End Time : 2014/12/03 PM 07:39:04:295
   Step 2 ok! Spent Time: 0.0s
   Begin Step 3... Action: Jump to Function, Chip: RAM, Address: 0xF8002000
   Step 3 - Start Time : 2014/12/03 PM 07:39:04:295
   Step 3 - End Time : 2014/12/03 PM 07:39:04:296
   Step 3 ok! Spent Time: 0.0s
   Begin Step 4... Action: Erase, Chip: SPI Nor Flash, Address: 0x0000, Length: 40
   Step 4 - Start Time : 2014/12/03 PM 07:39:04:296
   Step 4 - End Time : 2014/12/03 PM 07:39:14:930
   Step 4 ok! Spent Time: 10.640s
   Begin Step 5... Action: Write, Chip: SPI Nor Flash, Address: 0x0000, File: D:\work\generalplus\t19hh\tools/gpcv1248_spifc_pack_/gp_cardvr_upgrade.bin
   Step 5 - Start Time : 2014/12/03 PM 07:39:14:930
   Step 5 - End Time : 2014/12/03 PM 07:39:35:431
   Step 5 ok! Spent Time: 20.500s
   USB Task Finished! Spent Time: 31.140s
   Device is Pullouted.

< 14-12-03 19:40:30 >==============================================
Device is Inserted On Driver : [Hub4 Port1] [VER:0, SN:7&2ad724e2&0#{53]
   Begin the USB Task...
   Step 1 disable...
   Begin Step 2... Action: Write, Chip: RAM, Address: 0xF8002000, File: D:\work\generalplus\t19hh\tools\G+CodePacker 1.0.9 Patch 001\USBMassProductionTool/code/gp15b_ispbin.bin
   Step 2 - Start Time : 2014/12/03 PM 07:40:34:825
   Step 2 - End Time : 2014/12/03 PM 07:40:34:832
   Step 2 ok! Spent Time: 0.15s
   Begin Step 3... Action: Jump to Function, Chip: RAM, Address: 0xF8002000
   Step 3 - Start Time : 2014/12/03 PM 07:40:34:832
   Step 3 - End Time : 2014/12/03 PM 07:40:34:833
   Step 3 ok! Spent Time: 0.0s
   Begin Step 4... Action: Erase, Chip: SPI Nor Flash, Address: 0x0000, Length: 40
   Step 4 - Start Time : 2014/12/03 PM 07:40:34:833
   Step 4 - End Time : 2014/12/03 PM 07:40:45:471
   Step 4 ok! Spent Time: 10.641s
   Begin Step 5... Action: Write, Chip: SPI Nor Flash, Address: 0x0000, File: D:\work\generalplus\t19hh\tools/gpcv1248_spifc_pack_/gp_cardvr_upgrade.bin
   Step 5 - Start Time : 2014/12/03 PM 07:40:45:471
   Step 5 - End Time : 2014/12/03 PM 07:41:05:981
   Step 5 ok! Spent Time: 20.500s
   USB Task Finished! Spent Time: 31.156s
   Device is Pullouted.

< 14-12-03 19:44:10 >==============================================
Device is Inserted On Driver : [Hub4 Port1] [VER:0, SN:7&2ad724e2&0#{53]
   Begin the USB Task...
   Step 1 disable...
   Begin Step 2... Action: Write, Chip: RAM, Address: 0xF8002000, File: D:\work\generalplus\t19hh\tools\G+CodePacker 1.0.9 Patch 001\USBMassProductionTool/code/gp15b_ispbin.bin
   Step 2 - Start Time : 2014/12/03 PM 07:44:15:103
   Step 2 - End Time : 2014/12/03 PM 07:44:15:110
   Step 2 ok! Spent Time: 0.16s
   Begin Step 3... Action: Jump to Function, Chip: RAM, Address: 0xF8002000
   Step 3 - Start Time : 2014/12/03 PM 07:44:15:110
   Step 3 - End Time : 2014/12/03 PM 07:44:15:111
   Step 3 ok! Spent Time: 0.0s
   Begin Step 4... Action: Erase, Chip: SPI Nor Flash, Address: 0x0000, Length: 40
   Step 4 - Start Time : 2014/12/03 PM 07:44:15:111
   Step 4 - End Time : 2014/12/03 PM 07:44:23:685
   Step 4 ok! Spent Time: 8.562s
   Begin Step 5... Action: Write, Chip: SPI Nor Flash, Address: 0x0000, File: D:\work\generalplus\t19hh\tools/gpcv1248_spifc_pack_/gp_cardvr_upgrade.bin
   Step 5 - Start Time : 2014/12/03 PM 07:44:23:685
   Step 5 - End Time : 2014/12/03 PM 07:44:37:232
   Step 5 ok! Spent Time: 13.547s
   USB Task Finished! Spent Time: 22.125s
   Device is Pullouted.
