
< 14-11-10 11:02:36 >==============================================
Device is Inserted On Driver : [Hub4 Port2] [VER:0, SN:7&181d743d&0#{53]
   Begin the USB Task...
   Step 1 disable...
   Begin Step 2... Action: Write, Chip: RAM, Address: 0xF8002000, File: D:\work\generalplus\t19hh\tools\G+CodePacker 1.0.9 Patch 001\USBMassProductionTool/code/gp15b_ispbin.bin
   Step 2 - Start Time : 2014/11/10 AM 11:02:37:515
   Step 2 - End Time : 2014/11/10 AM 11:02:37:523
   Step 2 ok! Spent Time: 0.16s
   Begin Step 3... Action: Jump to Function, Chip: RAM, Address: 0xF8002000
   Step 3 - Start Time : 2014/11/10 AM 11:02:37:523
   Step 3 - End Time : 2014/11/10 AM 11:02:37:524
   Step 3 ok! Spent Time: 0.0s
   Begin Step 4... Action: Erase, Chip: SPI Nor Flash, Address: 0x0000, Length: 40
   Step 4 - Start Time : 2014/11/10 AM 11:02:37:524
   Step 4 - End Time : 2014/11/10 AM 11:02:47:451
   Step 4 ok! Spent Time: 9.921s
   Begin Step 5... Action: Write, Chip: SPI Nor Flash, Address: 0x0000, File: D:\work\generalplus\t19hh\tools/gpcv1248_spifc_pack_/gp_cardvr_upgrade.bin
   Step 5 - Start Time : 2014/11/10 AM 11:02:47:451
   Step 5 - End Time : 2014/11/10 AM 11:03:00:933
   Step 5 ok! Spent Time: 13.485s
   USB Task Finished! Spent Time: 23.422s
   Device is Pullouted.

< 14-11-10 11:08:09 >==============================================
Device is Inserted On Driver : [Hub4 Port2] [VER:0, SN:7&181d743d&0#{53]
   Begin the USB Task...
   Step 1 disable...
   Begin Step 2... Action: Write, Chip: RAM, Address: 0xF8002000, File: D:\work\generalplus\t19hh\tools\G+CodePacker 1.0.9 Patch 001\USBMassProductionTool/code/gp15b_ispbin.bin
   Step 2 - Start Time : 2014/11/10 AM 11:08:10:760
   Step 2 - End Time : 2014/11/10 AM 11:08:10:767
   Step 2 ok! Spent Time: 0.0s
   Begin Step 3... Action: Jump to Function, Chip: RAM, Address: 0xF8002000
   Step 3 - Start Time : 2014/11/10 AM 11:08:10:767
   Step 3 - End Time : 2014/11/10 AM 11:08:10:767
   Step 3 ok! Spent Time: 0.0s
   Begin Step 4... Action: Erase, Chip: SPI Nor Flash, Address: 0x0000, Length: 40
   Step 4 - Start Time : 2014/11/10 AM 11:08:10:767
   Step 4 - End Time : 2014/11/10 AM 11:08:20:981
   Step 4 ok! Spent Time: 10.219s
   Begin Step 5... Action: Write, Chip: SPI Nor Flash, Address: 0x0000, File: D:\work\generalplus\t19hh\tools/gpcv1248_spifc_pack_/gp_cardvr_upgrade.bin
   Step 5 - Start Time : 2014/11/10 AM 11:08:20:981
   Step 5 - End Time : 2014/11/10 AM 11:08:34:517
   Step 5 ok! Spent Time: 13.547s
   USB Task Finished! Spent Time: 23.766s
   Device is Pullouted.

< 14-11-10 11:13:44 >==============================================
Device is Inserted On Driver : [Hub4 Port2] [VER:0, SN:7&181d743d&0#{53]
   Begin the USB Task...
   Step 1 disable...
   Begin Step 2... Action: Write, Chip: RAM, Address: 0xF8002000, File: D:\work\generalplus\t19hh\tools\G+CodePacker 1.0.9 Patch 001\USBMassProductionTool/code/gp15b_ispbin.bin
   Step 2 - Start Time : 2014/11/10 AM 11:13:45:671
   Step 2 - End Time : 2014/11/10 AM 11:13:45:679
   Step 2 ok! Spent Time: 0.16s
   Begin Step 3... Action: Jump to Function, Chip: RAM, Address: 0xF8002000
   Step 3 - Start Time : 2014/11/10 AM 11:13:45:679
   Step 3 - End Time : 2014/11/10 AM 11:13:45:679
   Step 3 ok! Spent Time: 0.0s
   Begin Step 4... Action: Erase, Chip: SPI Nor Flash, Address: 0x0000, Length: 40
   Step 4 - Start Time : 2014/11/10 AM 11:13:45:680
   Step 4 - End Time : 2014/11/10 AM 11:13:55:598
   Step 4 ok! Spent Time: 9.922s
   Begin Step 5... Action: Write, Chip: SPI Nor Flash, Address: 0x0000, File: D:\work\generalplus\t19hh\tools/gpcv1248_spifc_pack_/gp_cardvr_upgrade.bin
   Step 5 - Start Time : 2014/11/10 AM 11:13:55:599
   Step 5 - End Time : 2014/11/10 AM 11:14:09:149
   Step 5 ok! Spent Time: 13.547s
   USB Task Finished! Spent Time: 23.485s
   Device is Pullouted.

< 14-11-10 11:15:45 >==============================================
Device is Inserted On Driver : [Hub4 Port2] [VER:0, SN:7&181d743d&0#{53]
   Begin the USB Task...
   Step 1 disable...
   Begin Step 2... Action: Write, Chip: RAM, Address: 0xF8002000, File: D:\work\generalplus\t19hh\tools\G+CodePacker 1.0.9 Patch 001\USBMassProductionTool/code/gp15b_ispbin.bin
   Step 2 - Start Time : 2014/11/10 AM 11:15:46:488
   Step 2 - End Time : 2014/11/10 AM 11:15:46:495
   Step 2 ok! Spent Time: 0.0s
   Begin Step 3... Action: Jump to Function, Chip: RAM, Address: 0xF8002000
   Step 3 - Start Time : 2014/11/10 AM 11:15:46:495
   Step 3 - End Time : 2014/11/10 AM 11:15:46:495
   Step 3 ok! Spent Time: 0.0s
   Begin Step 4... Action: Erase, Chip: SPI Nor Flash, Address: 0x0000, Length: 40
   Step 4 - Start Time : 2014/11/10 AM 11:15:46:495
   Step 4 - End Time : 2014/11/10 AM 11:15:56:325
   Step 4 ok! Spent Time: 9.828s
   Begin Step 5... Action: Write, Chip: SPI Nor Flash, Address: 0x0000, File: D:\work\generalplus\t19hh\tools/gpcv1248_spifc_pack_/gp_cardvr_upgrade.bin
   Step 5 - Start Time : 2014/11/10 AM 11:15:56:326
   Step 5 - End Time : 2014/11/10 AM 11:16:09:953
   Step 5 ok! Spent Time: 13.625s
   USB Task Finished! Spent Time: 23.453s
   Device is Pullouted.

< 14-11-10 11:25:13 >==============================================
Device is Inserted On Driver : [Hub4 Port2] [VER:0, SN:7&181d743d&0#{53]
   Begin the USB Task...
   Step 1 disable...
   Begin Step 2... Action: Write, Chip: RAM, Address: 0xF8002000, File: D:\work\generalplus\t19hh\tools\G+CodePacker 1.0.9 Patch 001\USBMassProductionTool/code/gp15b_ispbin.bin
   Step 2 - Start Time : 2014/11/10 AM 11:25:16:95
   Step 2 - End Time : 2014/11/10 AM 11:25:16:102
   Step 2 ok! Spent Time: 0.16s
   Begin Step 3... Action: Jump to Function, Chip: RAM, Address: 0xF8002000
   Step 3 - Start Time : 2014/11/10 AM 11:25:16:102
   Step 3 - End Time : 2014/11/10 AM 11:25:16:102
   Step 3 ok! Spent Time: 0.0s
   Begin Step 4... Action: Erase, Chip: SPI Nor Flash, Address: 0x0000, Length: 40
   Step 4 - Start Time : 2014/11/10 AM 11:25:16:102
   Step 4 - End Time : 2014/11/10 AM 11:25:25:832
   Step 4 ok! Spent Time: 9.734s
   Begin Step 5... Action: Write, Chip: SPI Nor Flash, Address: 0x0000, File: D:\work\generalplus\t19hh\tools/gpcv1248_spifc_pack_/gp_cardvr_upgrade.bin
   Step 5 - Start Time : 2014/11/10 AM 11:25:25:832
   Step 5 - End Time : 2014/11/10 AM 11:25:39:371
   Step 5 ok! Spent Time: 13.531s
   USB Task Finished! Spent Time: 23.281s
   Device is Pullouted.

< 14-11-10 11:35:42 >==============================================
Device is Inserted On Driver : [Hub4 Port2] [VER:0, SN:7&181d743d&0#{53]
   Begin the USB Task...
   Step 1 disable...
   Begin Step 2... Action: Write, Chip: RAM, Address: 0xF8002000, File: D:\work\generalplus\t19hh\tools\G+CodePacker 1.0.9 Patch 001\USBMassProductionTool/code/gp15b_ispbin.bin
   Step 2 - Start Time : 2014/11/10 AM 11:35:45:886
   Step 2 - End Time : 2014/11/10 AM 11:35:45:893
   Step 2 ok! Spent Time: 0.16s
   Begin Step 3... Action: Jump to Function, Chip: RAM, Address: 0xF8002000
   Step 3 - Start Time : 2014/11/10 AM 11:35:45:893
   Step 3 - End Time : 2014/11/10 AM 11:35:45:893
   Step 3 ok! Spent Time: 0.0s
   Begin Step 4... Action: Erase, Chip: SPI Nor Flash, Address: 0x0000, Length: 40
   Step 4 - Start Time : 2014/11/10 AM 11:35:45:893
   Step 4 - End Time : 2014/11/10 AM 11:35:55:532
   Step 4 ok! Spent Time: 9.625s
   Begin Step 5... Action: Write, Chip: SPI Nor Flash, Address: 0x0000, File: D:\work\generalplus\t19hh\tools/gpcv1248_spifc_pack_/gp_cardvr_upgrade.bin
   Step 5 - Start Time : 2014/11/10 AM 11:35:55:532
   Step 5 - End Time : 2014/11/10 AM 11:36:09:53
   Step 5 ok! Spent Time: 13.531s
   USB Task Finished! Spent Time: 23.172s
   Device is Pullouted.

< 14-11-10 11:53:44 >==============================================
Device is Inserted On Driver : [Hub4 Port2] [VER:0, SN:7&181d743d&0#{53]
   Begin the USB Task...
   Step 1 disable...
   Begin Step 2... Action: Write, Chip: RAM, Address: 0xF8002000, File: D:\work\generalplus\t19hh\tools\G+CodePacker 1.0.9 Patch 001\USBMassProductionTool/code/gp15b_ispbin.bin
   Step 2 - Start Time : 2014/11/10 AM 11:53:48:459
   Step 2 - End Time : 2014/11/10 AM 11:53:48:466
   Step 2 ok! Spent Time: 0.0s
   Begin Step 3... Action: Jump to Function, Chip: RAM, Address: 0xF8002000
   Step 3 - Start Time : 2014/11/10 AM 11:53:48:466
   Step 3 - End Time : 2014/11/10 AM 11:53:48:467
   Step 3 ok! Spent Time: 0.0s
   Begin Step 4... Action: Erase, Chip: SPI Nor Flash, Address: 0x0000, Length: 40
   Step 4 - Start Time : 2014/11/10 AM 11:53:48:467
   Step 4 - End Time : 2014/11/10 AM 11:53:58:300
   Step 4 ok! Spent Time: 9.844s
   Begin Step 5... Action: Write, Chip: SPI Nor Flash, Address: 0x0000, File: D:\work\generalplus\t19hh\tools/gpcv1248_spifc_pack_/gp_cardvr_upgrade.bin
   Step 5 - Start Time : 2014/11/10 AM 11:53:58:300
   Step 5 - End Time : 2014/11/10 AM 11:54:11:837
   Step 5 ok! Spent Time: 13.531s
   USB Task Finished! Spent Time: 23.375s
   Device is Pullouted.

< 14-11-10 12:51:39 >==============================================
Device is Inserted On Driver : [Hub4 Port1] [VER:0, SN:7&2ad724e2&0#{53]
   Begin the USB Task...
   Step 1 disable...
   Begin Step 2... Action: Write, Chip: RAM, Address: 0xF8002000, File: D:\work\generalplus\t19hh\tools\G+CodePacker 1.0.9 Patch 001\USBMassProductionTool/code/gp15b_ispbin.bin
   Step 2 - Start Time : 2014/11/10 PM 12:51:41:158
   Step 2 - End Time : 2014/11/10 PM 12:51:41:165
   Step 2 ok! Spent Time: 0.0s
   Begin Step 3... Action: Jump to Function, Chip: RAM, Address: 0xF8002000
   Step 3 - Start Time : 2014/11/10 PM 12:51:41:165
   Step 3 - End Time : 2014/11/10 PM 12:51:41:165
   Step 3 ok! Spent Time: 0.0s
   Begin Step 4... Action: Erase, Chip: SPI Nor Flash, Address: 0x0000, Length: 40
   Step 4 - Start Time : 2014/11/10 PM 12:51:41:166
   Step 4 - End Time : 2014/11/10 PM 12:51:50:621
   Step 4 ok! Spent Time: 9.453s
   Begin Step 5... Action: Write, Chip: SPI Nor Flash, Address: 0x0000, File: D:\work\generalplus\t19hh\tools/gpcv1248_spifc_pack_/gp_cardvr_upgrade.bin
   Step 5 - Start Time : 2014/11/10 PM 12:51:50:621
   Step 5 - End Time : 2014/11/10 PM 12:52:04:215
   Step 5 ok! Spent Time: 13.594s
   USB Task Finished! Spent Time: 23.47s
   Device is Pullouted.

< 14-11-10 12:53:32 >==============================================
Device is Inserted On Driver : [Hub4 Port1] [VER:0, SN:7&2ad724e2&0#{53]
   Begin the USB Task...
   Step 1 disable...
   Begin Step 2... Action: Write, Chip: RAM, Address: 0xF8002000, File: D:\work\generalplus\t19hh\tools\G+CodePacker 1.0.9 Patch 001\USBMassProductionTool/code/gp15b_ispbin.bin
   Step 2 - Start Time : 2014/11/10 PM 12:53:34:413
   Step 2 - End Time : 2014/11/10 PM 12:53:34:420
   Step 2 ok! Spent Time: 0.0s
   Begin Step 3... Action: Jump to Function, Chip: RAM, Address: 0xF8002000
   Step 3 - Start Time : 2014/11/10 PM 12:53:34:420
   Step 3 - End Time : 2014/11/10 PM 12:53:34:421
   Step 3 ok! Spent Time: 0.0s
   Begin Step 4... Action: Erase, Chip: SPI Nor Flash, Address: 0x0000, Length: 40
   Step 4 - Start Time : 2014/11/10 PM 12:53:34:421
   Step 4 - End Time : 2014/11/10 PM 12:53:44:90
   Step 4 ok! Spent Time: 9.672s
   Begin Step 5... Action: Write, Chip: SPI Nor Flash, Address: 0x0000, File: D:\work\generalplus\t19hh\tools/gpcv1248_spifc_pack_/gp_cardvr_upgrade.bin
   Step 5 - Start Time : 2014/11/10 PM 12:53:44:90
   Step 5 - End Time : 2014/11/10 PM 12:53:57:693
   Step 5 ok! Spent Time: 13.609s
   USB Task Finished! Spent Time: 23.281s
   Device is Pullouted.

< 14-11-10 12:54:52 >==============================================
Device is Inserted On Driver : [Hub4 Port1] [VER:0, SN:7&2ad724e2&0#{53]
   Begin the USB Task...
   Step 1 disable...
   Begin Step 2... Action: Write, Chip: RAM, Address: 0xF8002000, File: D:\work\generalplus\t19hh\tools\G+CodePacker 1.0.9 Patch 001\USBMassProductionTool/code/gp15b_ispbin.bin
   Step 2 - Start Time : 2014/11/10 PM 12:54:53:902
   Step 2 - End Time : 2014/11/10 PM 12:54:53:909
   Step 2 ok! Spent Time: 0.15s
   Begin Step 3... Action: Jump to Function, Chip: RAM, Address: 0xF8002000
   Step 3 - Start Time : 2014/11/10 PM 12:54:53:909
   Step 3 - End Time : 2014/11/10 PM 12:54:53:910
   Step 3 ok! Spent Time: 0.0s
   Begin Step 4... Action: Erase, Chip: SPI Nor Flash, Address: 0x0000, Length: 40
   Step 4 - Start Time : 2014/11/10 PM 12:54:53:910
   Step 4 - End Time : 2014/11/10 PM 12:55:03:588
   Step 4 ok! Spent Time: 9.672s
   Begin Step 5... Action: Write, Chip: SPI Nor Flash, Address: 0x0000, File: D:\work\generalplus\t19hh\tools/gpcv1248_spifc_pack_/gp_cardvr_upgrade.bin
   Step 5 - Start Time : 2014/11/10 PM 12:55:03:589
   Step 5 - End Time : 2014/11/10 PM 12:55:17:196
   Step 5 ok! Spent Time: 13.609s
   USB Task Finished! Spent Time: 23.296s
   Device is Pullouted.

< 14-11-10 12:58:23 >==============================================
Device is Inserted On Driver : [Hub4 Port1] [VER:0, SN:7&2ad724e2&0#{53]
   Begin the USB Task...
   Step 1 disable...
   Begin Step 2... Action: Write, Chip: RAM, Address: 0xF8002000, File: D:\work\generalplus\t19hh\tools\G+CodePacker 1.0.9 Patch 001\USBMassProductionTool/code/gp15b_ispbin.bin
   Step 2 - Start Time : 2014/11/10 PM 12:58:24:294
   Step 2 - End Time : 2014/11/10 PM 12:58:24:301
   Step 2 ok! Spent Time: 0.16s
   Begin Step 3... Action: Jump to Function, Chip: RAM, Address: 0xF8002000
   Step 3 - Start Time : 2014/11/10 PM 12:58:24:301
   Step 3 - End Time : 2014/11/10 PM 12:58:24:301
   Step 3 ok! Spent Time: 0.0s
   Begin Step 4... Action: Erase, Chip: SPI Nor Flash, Address: 0x0000, Length: 40
   Step 4 - Start Time : 2014/11/10 PM 12:58:24:301
   Step 4 - End Time : 2014/11/10 PM 12:58:33:855
   Step 4 ok! Spent Time: 9.547s
   Begin Step 5... Action: Write, Chip: SPI Nor Flash, Address: 0x0000, File: D:\work\generalplus\t19hh\tools/gpcv1248_spifc_pack_/gp_cardvr_upgrade.bin
   Step 5 - Start Time : 2014/11/10 PM 12:58:33:855
   Step 5 - End Time : 2014/11/10 PM 12:58:47:457
   Step 5 ok! Spent Time: 13.609s
   USB Task Finished! Spent Time: 23.172s
   Device is Pullouted.

< 14-11-10 13:32:25 >==============================================
Device is Inserted On Driver : [Hub4 Port1] [VER:0, SN:7&2ad724e2&0#{53]
   Begin the USB Task...
   Step 1 disable...
   Begin Step 2... Action: Write, Chip: RAM, Address: 0xF8002000, File: D:\work\generalplus\t19hh\tools\G+CodePacker 1.0.9 Patch 001\USBMassProductionTool/code/gp15b_ispbin.bin
   Step 2 - Start Time : 2014/11/10 PM 01:32:29:417
   Step 2 - End Time : 2014/11/10 PM 01:32:29:425
   Step 2 ok! Spent Time: 0.16s
   Begin Step 3... Action: Jump to Function, Chip: RAM, Address: 0xF8002000
   Step 3 - Start Time : 2014/11/10 PM 01:32:29:425
   Step 3 - End Time : 2014/11/10 PM 01:32:29:426
   Step 3 ok! Spent Time: 0.0s
   Begin Step 4... Action: Erase, Chip: SPI Nor Flash, Address: 0x0000, Length: 40
   Step 4 - Start Time : 2014/11/10 PM 01:32:29:426
   Step 4 - End Time : 2014/11/10 PM 01:32:39:189
   Step 4 ok! Spent Time: 9.765s
   Begin Step 5... Action: Write, Chip: SPI Nor Flash, Address: 0x0000, File: D:\work\generalplus\t19hh\tools/gpcv1248_spifc_pack_/gp_cardvr_upgrade.bin
   Step 5 - Start Time : 2014/11/10 PM 01:32:39:189
   Step 5 - End Time : 2014/11/10 PM 01:32:52:760
   Step 5 ok! Spent Time: 13.563s
   USB Task Finished! Spent Time: 23.344s
   Device is Pullouted.

< 14-11-10 13:34:49 >==============================================
Device is Inserted On Driver : [Hub4 Port1] [VER:0, SN:7&ae6efa0&1#{53f]
   Device is Pullouted.

< 14-11-10 13:36:28 >==============================================
Device is Inserted On Driver : [Hub4 Port1] [VER:0, SN:7&ae6efa0&1#{53f]
   Device is Pullouted.

< 14-11-10 14:09:21 >==============================================
Device is Inserted On Driver : [Hub4 Port1] [VER:0, SN:7&2ad724e2&0#{53]
   Begin the USB Task...
   Step 1 disable...
   Begin Step 2... Action: Write, Chip: RAM, Address: 0xF8002000, File: D:\work\generalplus\t19hh\tools\G+CodePacker 1.0.9 Patch 001\USBMassProductionTool/code/gp15b_ispbin.bin
   Step 2 - Start Time : 2014/11/10 PM 02:09:23:175
   Step 2 - End Time : 2014/11/10 PM 02:09:23:182
   Step 2 ok! Spent Time: 0.0s
   Begin Step 3... Action: Jump to Function, Chip: RAM, Address: 0xF8002000
   Step 3 - Start Time : 2014/11/10 PM 02:09:23:182
   Step 3 - End Time : 2014/11/10 PM 02:09:23:183
   Step 3 ok! Spent Time: 0.0s
   Begin Step 4... Action: Erase, Chip: SPI Nor Flash, Address: 0x0000, Length: 40
   Step 4 - Start Time : 2014/11/10 PM 02:09:23:183
   Step 4 - End Time : 2014/11/10 PM 02:09:33:64
   Step 4 ok! Spent Time: 9.890s
   Begin Step 5... Action: Write, Chip: SPI Nor Flash, Address: 0x0000, File: D:\work\generalplus\t19hh\tools/gpcv1248_spifc_pack_/t19hh-sharp-test.bin
   Step 5 - Start Time : 2014/11/10 PM 02:09:33:64
   Step 5 - End Time : 2014/11/10 PM 02:09:46:580
   Step 5 ok! Spent Time: 13.516s
   USB Task Finished! Spent Time: 23.406s
   Device is Pullouted.

< 14-11-10 14:11:31 >==============================================
Device is Inserted On Driver : [Hub4 Port1] [VER:0, SN:7&2ad724e2&0#{53]
   Begin the USB Task...
   Step 1 disable...
   Begin Step 2... Action: Write, Chip: RAM, Address: 0xF8002000, File: D:\work\generalplus\t19hh\tools\G+CodePacker 1.0.9 Patch 001\USBMassProductionTool/code/gp15b_ispbin.bin
   Step 2 - Start Time : 2014/11/10 PM 02:11:32:702
   Step 2 - End Time : 2014/11/10 PM 02:11:32:709
   Step 2 ok! Spent Time: 0.16s
   Begin Step 3... Action: Jump to Function, Chip: RAM, Address: 0xF8002000
   Step 3 - Start Time : 2014/11/10 PM 02:11:32:709
   Step 3 - End Time : 2014/11/10 PM 02:11:32:710
   Step 3 ok! Spent Time: 0.0s
   Begin Step 4... Action: Erase, Chip: SPI Nor Flash, Address: 0x0000, Length: 40
   Step 4 - Start Time : 2014/11/10 PM 02:11:32:710
   Step 4 - End Time : 2014/11/10 PM 02:11:42:362
   Step 4 ok! Spent Time: 9.656s
   Begin Step 5... Action: Write, Chip: SPI Nor Flash, Address: 0x0000, File: D:\work\generalplus\t19hh\tools/gpcv1248_spifc_pack_/gp_cardvr_upgrade.bin
   Step 5 - Start Time : 2014/11/10 PM 02:11:42:362
   Step 5 - End Time : 2014/11/10 PM 02:11:55:883
   Step 5 ok! Spent Time: 13.516s
   USB Task Finished! Spent Time: 23.188s
   Device is Pullouted.

< 14-11-10 14:18:44 >==============================================
Device is Inserted On Driver : [Hub4 Port1] [VER:0, SN:7&2ad724e2&0#{53]
   Begin the USB Task...
   Step 1 disable...
   Begin Step 2... Action: Write, Chip: RAM, Address: 0xF8002000, File: D:\work\generalplus\t19hh\tools\G+CodePacker 1.0.9 Patch 001\USBMassProductionTool/code/gp15b_ispbin.bin
   Step 2 - Start Time : 2014/11/10 PM 02:18:45:270
   Step 2 - End Time : 2014/11/10 PM 02:18:45:277
   Step 2 ok! Spent Time: 0.0s
   Begin Step 3... Action: Jump to Function, Chip: RAM, Address: 0xF8002000
   Step 3 - Start Time : 2014/11/10 PM 02:18:45:277
   Step 3 - End Time : 2014/11/10 PM 02:18:45:277
   Step 3 ok! Spent Time: 0.0s
   Begin Step 4... Action: Erase, Chip: SPI Nor Flash, Address: 0x0000, Length: 40
   Step 4 - Start Time : 2014/11/10 PM 02:18:45:277
   Step 4 - End Time : 2014/11/10 PM 02:18:54:879
   Step 4 ok! Spent Time: 9.609s
   Begin Step 5... Action: Write, Chip: SPI Nor Flash, Address: 0x0000, File: D:\work\generalplus\t19hh\tools/gpcv1248_spifc_pack_/t19hh-sharp-test.bin
   Step 5 - Start Time : 2014/11/10 PM 02:18:54:879
   Step 5 - End Time : 2014/11/10 PM 02:19:08:486
   Step 5 ok! Spent Time: 13.594s
   USB Task Finished! Spent Time: 23.203s
   Device is Pullouted.

< 14-11-10 14:20:17 >==============================================
Device is Inserted On Driver : [Hub4 Port1] [VER:0, SN:7&2ad724e2&0#{53]
   Begin the USB Task...
   Step 1 disable...
   Begin Step 2... Action: Write, Chip: RAM, Address: 0xF8002000, File: D:\work\generalplus\t19hh\tools\G+CodePacker 1.0.9 Patch 001\USBMassProductionTool/code/gp15b_ispbin.bin
   Step 2 - Start Time : 2014/11/10 PM 02:20:19:717
   Step 2 - End Time : 2014/11/10 PM 02:20:19:724
   Step 2 ok! Spent Time: 0.16s
   Begin Step 3... Action: Jump to Function, Chip: RAM, Address: 0xF8002000
   Step 3 - Start Time : 2014/11/10 PM 02:20:19:725
   Step 3 - End Time : 2014/11/10 PM 02:20:19:725
   Step 3 ok! Spent Time: 0.0s
   Begin Step 4... Action: Erase, Chip: SPI Nor Flash, Address: 0x0000, Length: 40
   Step 4 - Start Time : 2014/11/10 PM 02:20:19:725
   Step 4 - End Time : 2014/11/10 PM 02:20:29:226
   Step 4 ok! Spent Time: 9.500s
   Begin Step 5... Action: Write, Chip: SPI Nor Flash, Address: 0x0000, File: D:\work\generalplus\t19hh\tools/gpcv1248_spifc_pack_/gp_cardvr_upgrade.bin
   Step 5 - Start Time : 2014/11/10 PM 02:20:29:227
   Step 5 - End Time : 2014/11/10 PM 02:20:42:863
   Step 5 ok! Spent Time: 13.640s
   USB Task Finished! Spent Time: 23.156s
   Device is Pullouted.

< 14-11-10 14:22:21 >==============================================
Device is Inserted On Driver : [Hub4 Port1] [VER:0, SN:7&ae6efa0&1#{53f]
   Device is Pullouted.

< 14-11-10 14:23:42 >==============================================
Device is Inserted On Driver : [Hub4 Port1] [VER:0, SN:7&ae6efa0&1#{53f]
   Device is Pullouted.

< 14-11-10 14:48:26 >==============================================
Device is Inserted On Driver : [Hub4 Port1] [VER:0, SN:7&2ad724e2&0#{53]
   Begin the USB Task...
   Step 1 disable...
   Begin Step 2... Action: Write, Chip: RAM, Address: 0xF8002000, File: D:\work\generalplus\t19hh\tools\G+CodePacker 1.0.9 Patch 001\USBMassProductionTool/code/gp15b_ispbin.bin
   Step 2 - Start Time : 2014/11/10 PM 02:48:27:987
   Step 2 - End Time : 2014/11/10 PM 02:48:27:994
   Step 2 ok! Spent Time: 0.0s
   Begin Step 3... Action: Jump to Function, Chip: RAM, Address: 0xF8002000
   Step 3 - Start Time : 2014/11/10 PM 02:48:27:994
   Step 3 - End Time : 2014/11/10 PM 02:48:27:995
   Step 3 ok! Spent Time: 0.0s
   Begin Step 4... Action: Erase, Chip: SPI Nor Flash, Address: 0x0000, Length: 40
   Step 4 - Start Time : 2014/11/10 PM 02:48:27:995
   Step 4 - End Time : 2014/11/10 PM 02:48:37:202
   Step 4 ok! Spent Time: 9.203s
   Begin Step 5... Action: Write, Chip: SPI Nor Flash, Address: 0x0000, File: D:\work\generalplus\t19hh\tools/gpcv1248_spifc_pack_/gp_cardvr_upgrade.bin
   Step 5 - Start Time : 2014/11/10 PM 02:48:37:202
   Step 5 - End Time : 2014/11/10 PM 02:48:50:813
   Step 5 ok! Spent Time: 13.610s
   USB Task Finished! Spent Time: 22.813s
   Device is Pullouted.

< 14-11-10 14:53:08 >==============================================
Device is Inserted On Driver : [Hub4 Port1] [VER:0, SN:7&2ad724e2&0#{53]
   Begin the USB Task...
   Step 1 disable...
   Begin Step 2... Action: Write, Chip: RAM, Address: 0xF8002000, File: D:\work\generalplus\t19hh\tools\G+CodePacker 1.0.9 Patch 001\USBMassProductionTool/code/gp15b_ispbin.bin
   Step 2 - Start Time : 2014/11/10 PM 02:53:11:660
   Step 2 - End Time : 2014/11/10 PM 02:53:11:667
   Step 2 ok! Spent Time: 0.0s
   Begin Step 3... Action: Jump to Function, Chip: RAM, Address: 0xF8002000
   Step 3 - Start Time : 2014/11/10 PM 02:53:11:667
   Step 3 - End Time : 2014/11/10 PM 02:53:11:667
   Step 3 ok! Spent Time: 0.0s
   Begin Step 4... Action: Erase, Chip: SPI Nor Flash, Address: 0x0000, Length: 40
   Step 4 - Start Time : 2014/11/10 PM 02:53:11:667
   Step 4 - End Time : 2014/11/10 PM 02:53:20:893
   Step 4 ok! Spent Time: 9.235s
   Begin Step 5... Action: Write, Chip: SPI Nor Flash, Address: 0x0000, File: D:\work\generalplus\t19hh\tools/gpcv1248_spifc_pack_/gp_cardvr_upgrade.bin
   Step 5 - Start Time : 2014/11/10 PM 02:53:20:894
   Step 5 - End Time : 2014/11/10 PM 02:53:34:481
   Step 5 ok! Spent Time: 13.578s
   USB Task Finished! Spent Time: 22.813s
   Device is Pullouted.

< 14-11-10 14:55:29 >==============================================
Device is Inserted On Driver : [Hub4 Port1] [VER:0, SN:7&2ad724e2&0#{53]
   Begin the USB Task...
   Step 1 disable...
   Begin Step 2... Action: Write, Chip: RAM, Address: 0xF8002000, File: D:\work\generalplus\t19hh\tools\G+CodePacker 1.0.9 Patch 001\USBMassProductionTool/code/gp15b_ispbin.bin
   Step 2 - Start Time : 2014/11/10 PM 02:55:32:914
   Step 2 - End Time : 2014/11/10 PM 02:55:32:921
   Step 2 ok! Spent Time: 0.0s
   Begin Step 3... Action: Jump to Function, Chip: RAM, Address: 0xF8002000
   Step 3 - Start Time : 2014/11/10 PM 02:55:32:921
   Step 3 - End Time : 2014/11/10 PM 02:55:32:921
   Step 3 ok! Spent Time: 0.0s
   Begin Step 4... Action: Erase, Chip: SPI Nor Flash, Address: 0x0000, Length: 40
   Step 4 - Start Time : 2014/11/10 PM 02:55:32:921
   Step 4 - End Time : 2014/11/10 PM 02:55:42:224
   Step 4 ok! Spent Time: 9.313s
   Begin Step 5... Action: Write, Chip: SPI Nor Flash, Address: 0x0000, File: D:\work\generalplus\t19hh\tools/gpcv1248_spifc_pack_/gp_cardvr_upgrade.bin
   Step 5 - Start Time : 2014/11/10 PM 02:55:42:224
   Step 5 - End Time : 2014/11/10 PM 02:55:55:823
   Step 5 ok! Spent Time: 13.593s
   USB Task Finished! Spent Time: 22.906s
   Device is Pullouted.

< 14-11-10 14:59:56 >==============================================
Device is Inserted On Driver : [Hub4 Port1] [VER:0, SN:7&2ad724e2&0#{53]
   Begin the USB Task...
   Step 1 disable...
   Begin Step 2... Action: Write, Chip: RAM, Address: 0xF8002000, File: D:\work\generalplus\t19hh\tools\G+CodePacker 1.0.9 Patch 001\USBMassProductionTool/code/gp15b_ispbin.bin
   Step 2 - Start Time : 2014/11/10 PM 03:00:00:474
   Step 2 - End Time : 2014/11/10 PM 03:00:00:481
   Step 2 ok! Spent Time: 0.0s
   Begin Step 3... Action: Jump to Function, Chip: RAM, Address: 0xF8002000
   Step 3 - Start Time : 2014/11/10 PM 03:00:00:481
   Step 3 - End Time : 2014/11/10 PM 03:00:00:482
   Step 3 ok! Spent Time: 0.0s
   Begin Step 4... Action: Erase, Chip: SPI Nor Flash, Address: 0x0000, Length: 40
   Step 4 - Start Time : 2014/11/10 PM 03:00:00:482
   Step 4 - End Time : 2014/11/10 PM 03:00:09:645
   Step 4 ok! Spent Time: 9.172s
   Begin Step 5... Action: Write, Chip: SPI Nor Flash, Address: 0x0000, File: D:\work\generalplus\t19hh\tools/gpcv1248_spifc_pack_/gp_cardvr_upgrade.bin
   Step 5 - Start Time : 2014/11/10 PM 03:00:09:646
   Step 5 - End Time : 2014/11/10 PM 03:00:23:254
   Step 5 ok! Spent Time: 13.609s
   USB Task Finished! Spent Time: 22.781s
   Device is Pullouted.

< 14-11-10 18:32:13 >==============================================
Device is Inserted On Driver : [Hub4 Port1] [VER:0, SN:7&2ad724e2&0#{53]
   Begin the USB Task...
   Step 1 disable...
   Begin Step 2... Action: Write, Chip: RAM, Address: 0xF8002000, File: D:\work\generalplus\t19hh\tools\G+CodePacker 1.0.9 Patch 001\USBMassProductionTool/code/gp15b_ispbin.bin
   Step 2 - Start Time : 2014/11/10 PM 06:32:15:317
   Step 2 - End Time : 2014/11/10 PM 06:32:15:324
   Step 2 ok! Spent Time: 0.0s
   Begin Step 3... Action: Jump to Function, Chip: RAM, Address: 0xF8002000
   Step 3 - Start Time : 2014/11/10 PM 06:32:15:324
   Step 3 - End Time : 2014/11/10 PM 06:32:15:325
   Step 3 ok! Spent Time: 0.0s
   Begin Step 4... Action: Erase, Chip: SPI Nor Flash, Address: 0x0000, Length: 40
   Step 4 - Start Time : 2014/11/10 PM 06:32:15:325
   Step 4 - End Time : 2014/11/10 PM 06:32:23:467
   Step 4 ok! Spent Time: 8.141s
   Begin Step 5... Action: Write, Chip: SPI Nor Flash, Address: 0x0000, File: c:/users/young/desktop/gpcv1248_car.bin
   Step 5 - Start Time : 2014/11/10 PM 06:32:23:467
   Step 5 - End Time : 2014/11/10 PM 06:32:29:860
   Step 5 ok! Spent Time: 6.391s
   USB Task Finished! Spent Time: 14.532s
   Device is Pullouted.

< 14-11-10 18:33:27 >==============================================
Device is Inserted On Driver : [Hub4 Port1] [VER:0, SN:7&2ad724e2&0#{53]
   Begin the USB Task...
   Step 1 disable...
   Begin Step 2... Action: Write, Chip: RAM, Address: 0xF8002000, File: D:\work\generalplus\t19hh\tools\G+CodePacker 1.0.9 Patch 001\USBMassProductionTool/code/gp15b_ispbin.bin
   Step 2 - Start Time : 2014/11/10 PM 06:33:31:661
   Step 2 - End Time : 2014/11/10 PM 06:33:31:668
   Step 2 ok! Spent Time: 0.0s
   Begin Step 3... Action: Jump to Function, Chip: RAM, Address: 0xF8002000
   Step 3 - Start Time : 2014/11/10 PM 06:33:31:668
   Step 3 - End Time : 2014/11/10 PM 06:33:31:669
   Step 3 ok! Spent Time: 0.0s
   Begin Step 4... Action: Erase, Chip: SPI Nor Flash, Address: 0x0000, Length: 40
   Step 4 - Start Time : 2014/11/10 PM 06:33:31:669
   Step 4 - End Time : 2014/11/10 PM 06:33:39:920
   Step 4 ok! Spent Time: 8.250s
   Begin Step 5... Action: Write, Chip: SPI Nor Flash, Address: 0x0000, File: c:/users/young/desktop/gpcv1248_car.bin
   Step 5 - Start Time : 2014/11/10 PM 06:33:39:920
   Step 5 - End Time : 2014/11/10 PM 06:33:46:321
   Step 5 ok! Spent Time: 6.406s
   USB Task Finished! Spent Time: 14.656s
   Device is Pullouted.

< 14-11-10 18:34:02 >==============================================
Device is Inserted On Driver : [Hub4 Port1] [VER:0, SN:7&2ad724e2&0#{53]
   Begin the USB Task...
   Step 1 disable...
   Begin Step 2... Action: Write, Chip: RAM, Address: 0xF8002000, File: D:\work\generalplus\t19hh\tools\G+CodePacker 1.0.9 Patch 001\USBMassProductionTool/code/gp15b_ispbin.bin
   Step 2 - Start Time : 2014/11/10 PM 06:34:47:542
   Step 2 - End Time : 2014/11/10 PM 06:34:47:549
   Step 2 ok! Spent Time: 0.16s
   Begin Step 3... Action: Jump to Function, Chip: RAM, Address: 0xF8002000
   Step 3 - Start Time : 2014/11/10 PM 06:34:47:549
   Step 3 - End Time : 2014/11/10 PM 06:34:47:549
   Step 3 ok! Spent Time: 0.0s
   Begin Step 4... Action: Erase, Chip: SPI Nor Flash, Address: 0x0000, Length: 40
   Step 4 - Start Time : 2014/11/10 PM 06:34:47:549
   Step 4 - End Time : 2014/11/10 PM 06:34:55:702
   Step 4 ok! Spent Time: 8.140s
   Begin Step 5... Action: Write, Chip: SPI Nor Flash, Address: 0x0000, File: D:\work\generalplus\t19hh\tools/gpcv1248_spifc_pack_/gp_cardvr_upgrade.bin
   Step 5 - Start Time : 2014/11/10 PM 06:34:55:702
   Step 5 - End Time : 2014/11/10 PM 06:35:09:172
   Step 5 ok! Spent Time: 13.469s
   USB Task Finished! Spent Time: 21.625s
   Device is Pullouted.
