
< 14-12-08 14:10:35 >==============================================
Device is Inserted On Driver : [Hub4 Port1] [VER:0, SN:7&2ad724e2&0#{53]
   Begin the USB Task...
   Step 1 disable...
   Begin Step 2... Action: Write, Chip: RAM, Address: 0xF8002000, File: D:\work\generalplus\t19hh\tools\G+CodePacker 1.0.9 Patch 001\USBMassProductionTool/code/gp15b_ispbin.bin
   Step 2 - Start Time : 2014/12/08 PM 02:10:36:522
   Step 2 - End Time : 2014/12/08 PM 02:10:36:538
   Step 2 ok! Spent Time: 0.16s
   Begin Step 3... Action: Jump to Function, Chip: RAM, Address: 0xF8002000
   Step 3 - Start Time : 2014/12/08 PM 02:10:36:538
   Step 3 - End Time : 2014/12/08 PM 02:10:36:538
   Step 3 ok! Spent Time: 0.0s
   Begin Step 4... Action: Erase, Chip: SPI Nor Flash, Address: 0x0000, Length: 40
   Step 4 - Start Time : 2014/12/08 PM 02:10:36:538
   Step 4 - End Time : 2014/12/08 PM 02:10:47:467
   Step 4 ok! Spent Time: 10.921s
   Begin Step 5... Action: Write, Chip: SPI Nor Flash, Address: 0x0000, File: D:\work\generalplus\t19hh\tools/gpcv1248_spifc_pack_/gp_cardvr_upgrade.bin
   Step 5 - Start Time : 2014/12/08 PM 02:10:47:467
   Step 5 - End Time : 2014/12/08 PM 02:11:07:605
   Step 5 ok! Spent Time: 20.141s
   USB Task Finished! Spent Time: 31.78s
   Device is Pullouted.

< 14-12-08 14:13:17 >==============================================
Device is Inserted On Driver : [Hub4 Port1] [VER:0, SN:7&2ad724e2&0#{53]
   Begin the USB Task...
   Step 1 disable...
   Begin Step 2... Action: Write, Chip: RAM, Address: 0xF8002000, File: D:\work\generalplus\t19hh\tools\G+CodePacker 1.0.9 Patch 001\USBMassProductionTool/code/gp15b_ispbin.bin
   Step 2 - Start Time : 2014/12/08 PM 02:13:19:371
   Step 2 - End Time : 2014/12/08 PM 02:13:19:378
   Step 2 ok! Spent Time: 0.15s
   Begin Step 3... Action: Jump to Function, Chip: RAM, Address: 0xF8002000
   Step 3 - Start Time : 2014/12/08 PM 02:13:19:379
   Step 3 - End Time : 2014/12/08 PM 02:13:19:379
   Step 3 ok! Spent Time: 0.0s
   Begin Step 4... Action: Erase, Chip: SPI Nor Flash, Address: 0x0000, Length: 40
   Step 4 - Start Time : 2014/12/08 PM 02:13:19:379
   Step 4 - End Time : 2014/12/08 PM 02:13:30:254
   Step 4 ok! Spent Time: 10.875s
   Begin Step 5... Action: Write, Chip: SPI Nor Flash, Address: 0x0000, File: D:\work\generalplus\t19hh\tools/gpcv1248_spifc_pack_/gp_cardvr_upgrade.bin
   Step 5 - Start Time : 2014/12/08 PM 02:13:30:254
   Step 5 - End Time : 2014/12/08 PM 02:13:50:291
   Step 5 ok! Spent Time: 20.32s
   USB Task Finished! Spent Time: 30.922s
   Device is Pullouted.

< 14-12-08 14:15:24 >==============================================
Device is Inserted On Driver : [Hub4 Port1] [VER:0, SN:7&2ad724e2&0#{53]
   Begin the USB Task...
   Step 1 disable...
   Begin Step 2... Action: Write, Chip: RAM, Address: 0xF8002000, File: D:\work\generalplus\t19hh\tools\G+CodePacker 1.0.9 Patch 001\USBMassProductionTool/code/gp15b_ispbin.bin
   Step 2 - Start Time : 2014/12/08 PM 02:15:26:20
   Step 2 - End Time : 2014/12/08 PM 02:15:26:27
   Step 2 ok! Spent Time: 0.0s
   Begin Step 3... Action: Jump to Function, Chip: RAM, Address: 0xF8002000
   Step 3 - Start Time : 2014/12/08 PM 02:15:26:27
   Step 3 - End Time : 2014/12/08 PM 02:15:26:27
   Step 3 ok! Spent Time: 0.0s
   Begin Step 4... Action: Erase, Chip: SPI Nor Flash, Address: 0x0000, Length: 40
   Step 4 - Start Time : 2014/12/08 PM 02:15:26:27
   Step 4 - End Time : 2014/12/08 PM 02:15:36:852
   Step 4 ok! Spent Time: 10.828s
   Begin Step 5... Action: Write, Chip: SPI Nor Flash, Address: 0x0000, File: D:\work\generalplus\t19hh\tools/gpcv1248_spifc_pack_/gp_cardvr_upgrade.bin
   Step 5 - Start Time : 2014/12/08 PM 02:15:36:852
   Step 5 - End Time : 2014/12/08 PM 02:15:56:862
   Step 5 ok! Spent Time: 20.16s
   USB Task Finished! Spent Time: 30.844s
   Device is Pullouted.

< 14-12-08 14:17:35 >==============================================
Device is Inserted On Driver : [Hub4 Port1] [VER:0, SN:7&2ad724e2&0#{53]
   Begin the USB Task...
   Step 1 disable...
   Begin Step 2... Action: Write, Chip: RAM, Address: 0xF8002000, File: D:\work\generalplus\t19hh\tools\G+CodePacker 1.0.9 Patch 001\USBMassProductionTool/code/gp15b_ispbin.bin
   Step 2 - Start Time : 2014/12/08 PM 02:17:36:555
   Step 2 - End Time : 2014/12/08 PM 02:17:36:561
   Step 2 ok! Spent Time: 0.0s
   Begin Step 3... Action: Jump to Function, Chip: RAM, Address: 0xF8002000
   Step 3 - Start Time : 2014/12/08 PM 02:17:36:561
   Step 3 - End Time : 2014/12/08 PM 02:17:36:562
   Step 3 ok! Spent Time: 0.16s
   Begin Step 4... Action: Erase, Chip: SPI Nor Flash, Address: 0x0000, Length: 40
   Step 4 - Start Time : 2014/12/08 PM 02:17:36:562
   Step 4 - End Time : 2014/12/08 PM 02:17:47:157
   Step 4 ok! Spent Time: 10.594s
   Begin Step 5... Action: Write, Chip: SPI Nor Flash, Address: 0x0000, File: D:\work\generalplus\t19hh\tools/gpcv1248_spifc_pack_/gp_cardvr_upgrade.bin
   Step 5 - Start Time : 2014/12/08 PM 02:17:47:157
   Step 5 - End Time : 2014/12/08 PM 02:18:07:312
   Step 5 ok! Spent Time: 20.156s
   USB Task Finished! Spent Time: 30.766s
   Device is Pullouted.

< 14-12-08 18:38:42 >==============================================
Device is Inserted On Driver : [Hub4 Port1] [VER:0, SN:7&2ad724e2&0#{53]
   Begin the USB Task...
   Step 1 disable...
   Begin Step 2... Action: Write, Chip: RAM, Address: 0xF8002000, File: D:\work\generalplus\t19hh\tools\G+CodePacker 1.0.9 Patch 001\USBMassProductionTool/code/gp15b_ispbin.bin
   Step 2 - Start Time : 2014/12/08 PM 06:38:45:41
   Step 2 - End Time : 2014/12/08 PM 06:38:45:48
   Step 2 ok! Spent Time: 0.15s
   Begin Step 3... Action: Jump to Function, Chip: RAM, Address: 0xF8002000
   Step 3 - Start Time : 2014/12/08 PM 06:38:45:49
   Step 3 - End Time : 2014/12/08 PM 06:38:45:49
   Step 3 ok! Spent Time: 0.0s
   Begin Step 4... Action: Erase, Chip: SPI Nor Flash, Address: 0x0000, Length: 40
   Step 4 - Start Time : 2014/12/08 PM 06:38:45:49
   Step 4 - End Time : 2014/12/08 PM 06:38:53:426
   Step 4 ok! Spent Time: 8.375s
   Begin Step 5... Action: Write, Chip: SPI Nor Flash, Address: 0x0000, File: D:\work\generalplus\t19hh\tools/gpcv1248_spifc_pack_/gp_cardvr_upgrade.bin
   Step 5 - Start Time : 2014/12/08 PM 06:38:53:426
   Device is Pullouted.
   0xFF28: An error occurred during read data! Address: 0xFC000, Length: 4096, load usb library failure!
   Step 5 Fail!!!

< 14-12-08 18:42:25 >==============================================
Device is Inserted On Driver : [Hub4 Port1] [VER:0, SN:7&2ad724e2&0#{53]
   Begin the USB Task...
   Step 1 disable...
   Begin Step 2... Action: Write, Chip: RAM, Address: 0xF8002000, File: D:\work\generalplus\t19hh\tools\G+CodePacker 1.0.9 Patch 001\USBMassProductionTool/code/gp15b_ispbin.bin
   Step 2 - Start Time : 2014/12/08 PM 06:42:28:364
   Step 2 - End Time : 2014/12/08 PM 06:42:28:371
   Step 2 ok! Spent Time: 0.0s
   Begin Step 3... Action: Jump to Function, Chip: RAM, Address: 0xF8002000
   Step 3 - Start Time : 2014/12/08 PM 06:42:28:371
   Step 3 - End Time : 2014/12/08 PM 06:42:28:372
   Step 3 ok! Spent Time: 0.0s
   Begin Step 4... Action: Erase, Chip: SPI Nor Flash, Address: 0x0000, Length: 40
   Step 4 - Start Time : 2014/12/08 PM 06:42:28:372
   Step 4 - End Time : 2014/12/08 PM 06:42:42:232
   Step 4 ok! Spent Time: 13.859s
   Begin Step 5... Action: Write, Chip: SPI Nor Flash, Address: 0x0000, File: D:\work\generalplus\t19hh\tools/gpcv1248_spifc_pack_/gp_cardvr_upgrade.bin
   Step 5 - Start Time : 2014/12/08 PM 06:42:42:232
   Step 5 - End Time : 2014/12/08 PM 06:42:55:580
   Step 5 ok! Spent Time: 13.359s
   USB Task Finished! Spent Time: 27.218s
   Device is Pullouted.
