
< 14-11-11 14:34:42 >==============================================
Device is Inserted On Driver : [Hub3 Port2] [VER:0, SN:7&181d743d&0#{53]
   Begin the USB Task...
   Step 1 disable...
   Begin Step 2... Action: Write, Chip: RAM, Address: 0xF8002000, File: D:\work\generalplus\t19hh\tools\G+CodePacker 1.0.9 Patch 001\USBMassProductionTool/code/gp15b_ispbin.bin
   Step 2 - Start Time : 2014/11/11 PM 02:34:44:564
   Step 2 - End Time : 2014/11/11 PM 02:34:44:571
   Step 2 ok! Spent Time: 0.15s
   Begin Step 3... Action: Jump to Function, Chip: RAM, Address: 0xF8002000
   Step 3 - Start Time : 2014/11/11 PM 02:34:44:571
   Step 3 - End Time : 2014/11/11 PM 02:34:44:572
   Step 3 ok! Spent Time: 0.0s
   Begin Step 4... Action: Erase, Chip: SPI Nor Flash, Address: 0x0000, Length: 40
   Step 4 - Start Time : 2014/11/11 PM 02:34:44:572
   Step 4 - End Time : 2014/11/11 PM 02:34:52:391
   Step 4 ok! Spent Time: 7.813s
   Begin Step 5... Action: Write, Chip: SPI Nor Flash, Address: 0x0000, File: c:/users/young/desktop/gpcv1248_car.bin
   Step 5 - Start Time : 2014/11/11 PM 02:34:52:392
   Step 5 - End Time : 2014/11/11 PM 02:34:58:778
   Step 5 ok! Spent Time: 6.375s
   USB Task Finished! Spent Time: 14.219s
   Device is Pullouted.

< 14-11-11 14:36:48 >==============================================
Device is Inserted On Driver : [Hub3 Port1] [VER:0, SN:7&2ad724e2&0#{53]
   Device is Pullouted.

< 14-11-11 14:37:02 >==============================================
Device is Inserted On Driver : [Hub3 Port1] [VER:0, SN:7&2ad724e2&0#{53]
   Device is Pullouted.

< 14-11-11 15:15:56 >==============================================
Device is Inserted On Driver : [Hub3 Port2] [VER:0, SN:7&181d743d&0#{53]
   Begin the USB Task...
   Step 1 disable...
   Begin Step 2... Action: Write, Chip: RAM, Address: 0xF8002000, File: D:\work\generalplus\t19hh\tools\G+CodePacker 1.0.9 Patch 001\USBMassProductionTool/code/gp15b_ispbin.bin
   Step 2 - Start Time : 2014/11/11 PM 03:15:58:135
   Step 2 - End Time : 2014/11/11 PM 03:15:58:142
   Step 2 ok! Spent Time: 0.0s
   Begin Step 3... Action: Jump to Function, Chip: RAM, Address: 0xF8002000
   Step 3 - Start Time : 2014/11/11 PM 03:15:58:142
   Step 3 - End Time : 2014/11/11 PM 03:15:58:143
   Step 3 ok! Spent Time: 0.16s
   Begin Step 4... Action: Erase, Chip: SPI Nor Flash, Address: 0x0000, Length: 40
   Step 4 - Start Time : 2014/11/11 PM 03:15:58:143
   Step 4 - End Time : 2014/11/11 PM 03:16:06:336
   Step 4 ok! Spent Time: 8.187s
   Begin Step 5... Action: Write, Chip: SPI Nor Flash, Address: 0x0000, File: c:/users/young/desktop/gpcv1248_car.bin
   Step 5 - Start Time : 2014/11/11 PM 03:16:06:336
   Step 5 - End Time : 2014/11/11 PM 03:16:12:742
   Step 5 ok! Spent Time: 6.406s
   USB Task Finished! Spent Time: 14.609s
   Device is Pullouted.

< 14-11-11 15:16:17 >==============================================
Device is Inserted On Driver : [Hub3 Port1] [VER:0, SN:7&2ad724e2&0#{53]
   Device is Pullouted.

< 14-11-11 15:16:32 >==============================================
Device is Inserted On Driver : [Hub3 Port1] [VER:0, SN:7&2ad724e2&0#{53]
   Device is Pullouted.

< 14-11-11 15:16:57 >==============================================
Device is Inserted On Driver : [Hub3 Port1] [VER:0, SN:7&2ad724e2&0#{53]
   Device is Pullouted.

< 14-11-11 15:17:10 >==============================================
Device is Inserted On Driver : [Hub3 Port1] [VER:0, SN:7&2ad724e2&0#{53]
   Device is Pullouted.

< 14-11-11 15:18:26 >==============================================
Device is Inserted On Driver : [Hub3 Port2] [VER:0, SN:7&181d743d&0#{53]
   Begin the USB Task...
   Step 1 disable...
   Begin Step 2... Action: Write, Chip: RAM, Address: 0xF8002000, File: D:\work\generalplus\t19hh\tools\G+CodePacker 1.0.9 Patch 001\USBMassProductionTool/code/gp15b_ispbin.bin
   Step 2 - Start Time : 2014/11/11 PM 03:18:29:171
   Step 2 - End Time : 2014/11/11 PM 03:18:29:179
   Step 2 ok! Spent Time: 0.16s
   Begin Step 3... Action: Jump to Function, Chip: RAM, Address: 0xF8002000
   Step 3 - Start Time : 2014/11/11 PM 03:18:29:179
   Step 3 - End Time : 2014/11/11 PM 03:18:29:179
   Step 3 ok! Spent Time: 0.0s
   Begin Step 4... Action: Erase, Chip: SPI Nor Flash, Address: 0x0000, Length: 40
   Step 4 - Start Time : 2014/11/11 PM 03:18:29:179
   Step 4 - End Time : 2014/11/11 PM 03:18:37:159
   Step 4 ok! Spent Time: 7.984s
   Begin Step 5... Action: Write, Chip: SPI Nor Flash, Address: 0x0000, File: D:\work\generalplus\t19hh\tools/gpcv1248_spifc_pack_/gp_cardvr_upgrade.bin
   Step 5 - Start Time : 2014/11/11 PM 03:18:37:160
   Step 5 - End Time : 2014/11/11 PM 03:18:50:670
   Step 5 ok! Spent Time: 13.500s
   USB Task Finished! Spent Time: 21.500s
   Device is Pullouted.

< 14-11-11 15:24:03 >==============================================
Device is Inserted On Driver : [Hub3 Port2] [VER:0, SN:7&181d743d&0#{53]
   Begin the USB Task...
   Step 1 disable...
   Begin Step 2... Action: Write, Chip: RAM, Address: 0xF8002000, File: D:\work\generalplus\t19hh\tools\G+CodePacker 1.0.9 Patch 001\USBMassProductionTool/code/gp15b_ispbin.bin
   Step 2 - Start Time : 2014/11/11 PM 03:24:04:966
   Step 2 - End Time : 2014/11/11 PM 03:24:04:973
   Step 2 ok! Spent Time: 0.16s
   Begin Step 3... Action: Jump to Function, Chip: RAM, Address: 0xF8002000
   Step 3 - Start Time : 2014/11/11 PM 03:24:04:973
   Step 3 - End Time : 2014/11/11 PM 03:24:04:973
   Step 3 ok! Spent Time: 0.0s
   Begin Step 4... Action: Erase, Chip: SPI Nor Flash, Address: 0x0000, Length: 40
   Step 4 - Start Time : 2014/11/11 PM 03:24:04:973
   Step 4 - End Time : 2014/11/11 PM 03:24:12:495
   Step 4 ok! Spent Time: 7.515s
   Begin Step 5... Action: Write, Chip: SPI Nor Flash, Address: 0x0000, File: c:/users/young/desktop/gpcv1248_car.bin
   Step 5 - Start Time : 2014/11/11 PM 03:24:12:495
   Step 5 - End Time : 2014/11/11 PM 03:24:18:887
   Step 5 ok! Spent Time: 6.391s
   USB Task Finished! Spent Time: 13.922s
   Device is Pullouted.
