
< 14-11-29 10:58:26 >==============================================
Device is Inserted On Driver : [Hub4 Port2] [VER:0, SN:7&181d743d&0#{53]
   Device is Pullouted.

< 14-11-29 10:58:28 >==============================================
Device is Inserted On Driver : [Hub4 Port2] [VER:0, SN:7&181d743d&0#{53]
   Begin the USB Task...
   Step 1 disable...
   Begin Step 2... Action: Write, Chip: RAM, Address: 0xF8002000, File: D:\work\generalplus\t19hh\tools\G+CodePacker 1.0.9 Patch 001\USBMassProductionTool/code/gp15b_ispbin.bin
   Step 2 - Start Time : 2014/11/29 AM 10:58:28:607
   Step 2 - End Time : 2014/11/29 AM 10:58:28:614
   Step 2 ok! Spent Time: 0.0s
   Begin Step 3... Action: Jump to Function, Chip: RAM, Address: 0xF8002000
   Step 3 - Start Time : 2014/11/29 AM 10:58:28:614
   Step 3 - End Time : 2014/11/29 AM 10:58:28:615
   Step 3 ok! Spent Time: 0.0s
   Begin Step 4... Action: Erase, Chip: SPI Nor Flash, Address: 0x0000, Length: 40
   Step 4 - Start Time : 2014/11/29 AM 10:58:28:615
   Step 4 - End Time : 2014/11/29 AM 10:58:39:285
   Step 4 ok! Spent Time: 10.672s
   Begin Step 5... Action: Write, Chip: SPI Nor Flash, Address: 0x0000, File: D:\work\generalplus\t19hh\tools/gpcv1248_spifc_pack_/gp_cardvr_upgrade.bin
   Step 5 - Start Time : 2014/11/29 AM 10:58:39:285
   Step 5 - End Time : 2014/11/29 AM 10:58:59:626
   Step 5 ok! Spent Time: 20.343s
   USB Task Finished! Spent Time: 31.15s
   Device is Pullouted.

< 14-11-29 11:02:27 >==============================================
Device is Inserted On Driver : [Hub4 Port2] [VER:0, SN:7&181d743d&0#{53]
   Begin the USB Task...
   Step 1 disable...
   Begin Step 2... Action: Write, Chip: RAM, Address: 0xF8002000, File: D:\work\generalplus\t19hh\tools\G+CodePacker 1.0.9 Patch 001\USBMassProductionTool/code/gp15b_ispbin.bin
   Step 2 - Start Time : 2014/11/29 AM 11:02:28:934
   Step 2 - End Time : 2014/11/29 AM 11:02:28:942
   Step 2 ok! Spent Time: 0.16s
   Begin Step 3... Action: Jump to Function, Chip: RAM, Address: 0xF8002000
   Step 3 - Start Time : 2014/11/29 AM 11:02:28:942
   Step 3 - End Time : 2014/11/29 AM 11:02:28:942
   Step 3 ok! Spent Time: 0.0s
   Begin Step 4... Action: Erase, Chip: SPI Nor Flash, Address: 0x0000, Length: 40
   Step 4 - Start Time : 2014/11/29 AM 11:02:28:942
   Step 4 - End Time : 2014/11/29 AM 11:02:39:613
   Step 4 ok! Spent Time: 10.672s
   Begin Step 5... Action: Write, Chip: SPI Nor Flash, Address: 0x0000, File: D:\work\generalplus\t19hh\tools/gpcv1248_spifc_pack_/gp_cardvr_upgrade.bin
   Step 5 - Start Time : 2014/11/29 AM 11:02:39:613
   Step 5 - End Time : 2014/11/29 AM 11:02:59:768
   Step 5 ok! Spent Time: 20.156s
   USB Task Finished! Spent Time: 30.844s
   Device is Pullouted.

< 14-11-29 11:13:23 >==============================================
Device is Inserted On Driver : [Hub4 Port2] [VER:0, SN:7&181d743d&0#{53]
   Begin the USB Task...
   Step 1 disable...
   Begin Step 2... Action: Write, Chip: RAM, Address: 0xF8002000, File: D:\work\generalplus\t19hh\tools\G+CodePacker 1.0.9 Patch 001\USBMassProductionTool/code/gp15b_ispbin.bin
   Step 2 - Start Time : 2014/11/29 AM 11:13:25:228
   Step 2 - End Time : 2014/11/29 AM 11:13:25:235
   Step 2 ok! Spent Time: 0.16s
   Begin Step 3... Action: Jump to Function, Chip: RAM, Address: 0xF8002000
   Step 3 - Start Time : 2014/11/29 AM 11:13:25:235
   Step 3 - End Time : 2014/11/29 AM 11:13:25:236
   Step 3 ok! Spent Time: 0.0s
   Begin Step 4... Action: Erase, Chip: SPI Nor Flash, Address: 0x0000, Length: 40
   Step 4 - Start Time : 2014/11/29 AM 11:13:25:236
   Step 4 - End Time : 2014/11/29 AM 11:13:35:871
   Step 4 ok! Spent Time: 10.625s
   Begin Step 5... Action: Write, Chip: SPI Nor Flash, Address: 0x0000, File: D:\work\generalplus\t19hh\tools/gpcv1248_spifc_pack_/gp_cardvr_upgrade.bin
   Step 5 - Start Time : 2014/11/29 AM 11:13:35:871
   Step 5 - End Time : 2014/11/29 AM 11:13:56:184
   Step 5 ok! Spent Time: 20.312s
   USB Task Finished! Spent Time: 30.953s
   Device is Pullouted.

< 14-11-29 11:16:08 >==============================================
Device is Inserted On Driver : [Hub4 Port2] [VER:0, SN:7&181d743d&0#{53]
   Begin the USB Task...
   Step 1 disable...
   Begin Step 2... Action: Write, Chip: RAM, Address: 0xF8002000, File: D:\work\generalplus\t19hh\tools\G+CodePacker 1.0.9 Patch 001\USBMassProductionTool/code/gp15b_ispbin.bin
   Step 2 - Start Time : 2014/11/29 AM 11:16:09:668
   Step 2 - End Time : 2014/11/29 AM 11:16:09:675
   Step 2 ok! Spent Time: 0.15s
   Begin Step 3... Action: Jump to Function, Chip: RAM, Address: 0xF8002000
   Step 3 - Start Time : 2014/11/29 AM 11:16:09:675
   Step 3 - End Time : 2014/11/29 AM 11:16:09:676
   Step 3 ok! Spent Time: 0.0s
   Begin Step 4... Action: Erase, Chip: SPI Nor Flash, Address: 0x0000, Length: 40
   Step 4 - Start Time : 2014/11/29 AM 11:16:09:676
   Step 4 - End Time : 2014/11/29 AM 11:16:20:208
   Step 4 ok! Spent Time: 10.531s
   Begin Step 5... Action: Write, Chip: SPI Nor Flash, Address: 0x0000, File: D:\work\generalplus\t19hh\tools/gpcv1248_spifc_pack_/gp_cardvr_upgrade.bin
   Step 5 - Start Time : 2014/11/29 AM 11:16:20:208
   Step 5 - End Time : 2014/11/29 AM 11:16:40:433
   Step 5 ok! Spent Time: 20.219s
   USB Task Finished! Spent Time: 30.765s
   Device is Pullouted.

< 14-11-29 11:24:00 >==============================================
Device is Inserted On Driver : [Hub4 Port2] [VER:0, SN:7&181d743d&0#{53]
   Begin the USB Task...
   Step 1 disable...
   Begin Step 2... Action: Write, Chip: RAM, Address: 0xF8002000, File: D:\work\generalplus\t19hh\tools\G+CodePacker 1.0.9 Patch 001\USBMassProductionTool/code/gp15b_ispbin.bin
   Step 2 - Start Time : 2014/11/29 AM 11:24:10:850
   Step 2 - End Time : 2014/11/29 AM 11:24:10:857
   Step 2 ok! Spent Time: 0.0s
   Begin Step 3... Action: Jump to Function, Chip: RAM, Address: 0xF8002000
   Step 3 - Start Time : 2014/11/29 AM 11:24:10:857
   Step 3 - End Time : 2014/11/29 AM 11:24:10:857
   Step 3 ok! Spent Time: 0.0s
   Begin Step 4... Action: Erase, Chip: SPI Nor Flash, Address: 0x0000, Length: 40
   Step 4 - Start Time : 2014/11/29 AM 11:24:10:857
   Step 4 - End Time : 2014/11/29 AM 11:24:21:365
   Step 4 ok! Spent Time: 10.516s
   Begin Step 5... Action: Write, Chip: SPI Nor Flash, Address: 0x0000, File: D:\work\generalplus\t19hh\tools/gpcv1248_spifc_pack_/gp_cardvr_upgrade.bin
   Step 5 - Start Time : 2014/11/29 AM 11:24:21:365
   Step 5 - End Time : 2014/11/29 AM 11:24:41:600
   Step 5 ok! Spent Time: 20.234s
   USB Task Finished! Spent Time: 30.750s
   Device is Pullouted.

< 14-11-29 13:43:24 >==============================================
Device is Inserted On Driver : [Hub4 Port1] [VER:0, SN:7&ae6efa0&1#{53f]
   Device is Pullouted.

< 14-11-29 13:45:11 >==============================================
Device is Inserted On Driver : [Hub4 Port1] [VER:0, SN:7&ae6efa0&1#{53f]
   Device is Pullouted.

< 14-11-29 13:45:15 >==============================================
Device is Inserted On Driver : [Hub4 Port1] [VER:0, SN:7&ae6efa0&1#{53f]
   Device is Pullouted.

< 14-11-29 13:45:16 >==============================================
Device is Inserted On Driver : [Hub4 Port1] [VER:0, SN:7&ae6efa0&1#{53f]
   Device is Pullouted.

< 14-11-29 13:45:16 >==============================================
Device is Inserted On Driver : [Hub4 Port1] [VER:0, SN:7&ae6efa0&1#{53f]
   Device is Pullouted.
