
< 14-10-29 10:33:42 >==============================================
Device is Inserted On Driver : [Hub4 Port2] [VER:0, SN:7&181d743d&0#{53]
   Begin the USB Task...
   Step 1 disable...
   Begin Step 2... Action: Write, Chip: RAM, Address: 0xF8002000, File: D:\work\generalplus\t19hh\tools\G+CodePacker 1.0.9 Patch 001\USBMassProductionTool/code/gp15b_ispbin.bin
   Step 2 - Start Time : 2014/10/29 AM 10:33:44:568
   Step 2 - End Time : 2014/10/29 AM 10:33:44:575
   Step 2 ok! Spent Time: 0.0s
   Begin Step 3... Action: Jump to Function, Chip: RAM, Address: 0xF8002000
   Step 3 - Start Time : 2014/10/29 AM 10:33:44:575
   Step 3 - End Time : 2014/10/29 AM 10:33:44:576
   Step 3 ok! Spent Time: 0.0s
   Begin Step 4... Action: Erase, Chip: SPI Nor Flash, Address: 0x0000, Length: 40
   Step 4 - Start Time : 2014/10/29 AM 10:33:44:576
   Step 4 - End Time : 2014/10/29 AM 10:33:55:979
   Step 4 ok! Spent Time: 11.407s
   Begin Step 5... Action: Write, Chip: SPI Nor Flash, Address: 0x0000, File: D:\work\generalplus\t19hh\tools/gpcv1248_spifc_pack_/gp_cardvr_upgrade.bin
   Step 5 - Start Time : 2014/10/29 AM 10:33:55:979
   Step 5 - End Time : 2014/10/29 AM 10:34:16:543
   Step 5 ok! Spent Time: 20.562s
   USB Task Finished! Spent Time: 31.969s
   Device is Pullouted.

< 14-10-29 10:58:22 >==============================================
Device is Inserted On Driver : [Hub4 Port2] [VER:0, SN:7&181d743d&0#{53]
   Begin the USB Task...
   Step 1 disable...
   Begin Step 2... Action: Write, Chip: RAM, Address: 0xF8002000, File: D:\work\generalplus\t19hh\tools\G+CodePacker 1.0.9 Patch 001\USBMassProductionTool/code/gp15b_ispbin.bin
   Step 2 - Start Time : 2014/10/29 AM 10:58:26:600
   Step 2 - End Time : 2014/10/29 AM 10:58:26:607
   Step 2 ok! Spent Time: 0.0s
   Begin Step 3... Action: Jump to Function, Chip: RAM, Address: 0xF8002000
   Step 3 - Start Time : 2014/10/29 AM 10:58:26:607
   Step 3 - End Time : 2014/10/29 AM 10:58:26:607
   Step 3 ok! Spent Time: 0.0s
   Begin Step 4... Action: Erase, Chip: SPI Nor Flash, Address: 0x0000, Length: 40
   Step 4 - Start Time : 2014/10/29 AM 10:58:26:607
   Step 4 - End Time : 2014/10/29 AM 10:58:34:327
   Step 4 ok! Spent Time: 7.718s
   Begin Step 5... Action: Write, Chip: SPI Nor Flash, Address: 0x0000, File: D:\work\generalplus\t19hh\tools/gpcv1248_spifc_pack_/gp_cardvr_upgrade.bin
   Step 5 - Start Time : 2014/10/29 AM 10:58:34:327
   Step 5 - End Time : 2014/10/29 AM 10:58:47:830
   Step 5 ok! Spent Time: 13.516s
   USB Task Finished! Spent Time: 21.234s
   Device is Pullouted.

< 14-10-29 11:00:48 >==============================================
Device is Inserted On Driver : [Hub4 Port2] [VER:0, SN:7&181d743d&0#{53]
   Begin the USB Task...
   Step 1 disable...
   Begin Step 2... Action: Write, Chip: RAM, Address: 0xF8002000, File: D:\work\generalplus\t19hh\tools\G+CodePacker 1.0.9 Patch 001\USBMassProductionTool/code/gp15b_ispbin.bin
   Step 2 - Start Time : 2014/10/29 AM 11:00:51:536
   Step 2 - End Time : 2014/10/29 AM 11:00:51:543
   Step 2 ok! Spent Time: 0.0s
   Begin Step 3... Action: Jump to Function, Chip: RAM, Address: 0xF8002000
   Step 3 - Start Time : 2014/10/29 AM 11:00:51:543
   Step 3 - End Time : 2014/10/29 AM 11:00:51:544
   Step 3 ok! Spent Time: 0.0s
   Begin Step 4... Action: Erase, Chip: SPI Nor Flash, Address: 0x0000, Length: 40
   Step 4 - Start Time : 2014/10/29 AM 11:00:51:544
   Step 4 - End Time : 2014/10/29 AM 11:01:01:801
   Step 4 ok! Spent Time: 10.266s
   Begin Step 5... Action: Write, Chip: SPI Nor Flash, Address: 0x0000, File: D:\work\generalplus\t19hh\tools/gpcv1248_spifc_pack_/gp_cardvr_upgrade.bin
   Step 5 - Start Time : 2014/10/29 AM 11:01:01:802
   Step 5 - End Time : 2014/10/29 AM 11:01:15:357
   Step 5 ok! Spent Time: 13.547s
   USB Task Finished! Spent Time: 23.813s
   Device is Pullouted.

< 14-10-29 11:05:31 >==============================================
Device is Inserted On Driver : [Hub4 Port2] [VER:0, SN:7&181d743d&0#{53]
   Begin the USB Task...
   Step 1 disable...
   Begin Step 2... Action: Write, Chip: RAM, Address: 0xF8002000, File: D:\work\generalplus\t19hh\tools\G+CodePacker 1.0.9 Patch 001\USBMassProductionTool/code/gp15b_ispbin.bin
   Step 2 - Start Time : 2014/10/29 AM 11:05:36:999
   Step 2 - End Time : 2014/10/29 AM 11:05:37:06
   Step 2 ok! Spent Time: 0.16s
   Begin Step 3... Action: Jump to Function, Chip: RAM, Address: 0xF8002000
   Step 3 - Start Time : 2014/10/29 AM 11:05:37:07
   Step 3 - End Time : 2014/10/29 AM 11:05:37:07
   Step 3 ok! Spent Time: 0.0s
   Begin Step 4... Action: Erase, Chip: SPI Nor Flash, Address: 0x0000, Length: 40
   Step 4 - Start Time : 2014/10/29 AM 11:05:37:07
   Step 4 - End Time : 2014/10/29 AM 11:05:47:346
   Step 4 ok! Spent Time: 10.344s
   Begin Step 5... Action: Write, Chip: SPI Nor Flash, Address: 0x0000, File: D:\work\generalplus\t19hh\tools/gpcv1248_spifc_pack_/gp_cardvr_upgrade.bin
   Step 5 - Start Time : 2014/10/29 AM 11:05:47:346
   Step 5 - End Time : 2014/10/29 AM 11:06:00:870
   Step 5 ok! Spent Time: 13.515s
   USB Task Finished! Spent Time: 23.875s
   Device is Pullouted.

< 14-10-29 11:07:05 >==============================================
Device is Inserted On Driver : [Hub4 Port2] [VER:0, SN:7&181d743d&0#{53]
   Begin the USB Task...
   Step 1 disable...
   Begin Step 2... Action: Write, Chip: RAM, Address: 0xF8002000, File: D:\work\generalplus\t19hh\tools\G+CodePacker 1.0.9 Patch 001\USBMassProductionTool/code/gp15b_ispbin.bin
   Step 2 - Start Time : 2014/10/29 AM 11:07:16:311
   Step 2 - End Time : 2014/10/29 AM 11:07:16:318
   Step 2 ok! Spent Time: 0.15s
   Begin Step 3... Action: Jump to Function, Chip: RAM, Address: 0xF8002000
   Step 3 - Start Time : 2014/10/29 AM 11:07:16:318
   Step 3 - End Time : 2014/10/29 AM 11:07:16:319
   Step 3 ok! Spent Time: 0.0s
   Begin Step 4... Action: Erase, Chip: SPI Nor Flash, Address: 0x0000, Length: 40
   Step 4 - Start Time : 2014/10/29 AM 11:07:16:319
   Step 4 - End Time : 2014/10/29 AM 11:07:26:620
   Step 4 ok! Spent Time: 10.297s
   Begin Step 5... Action: Write, Chip: SPI Nor Flash, Address: 0x0000, File: D:\work\generalplus\t19hh\tools/gpcv1248_spifc_pack_/gp_cardvr_upgrade.bin
   Step 5 - Start Time : 2014/10/29 AM 11:07:26:620
   Step 5 - End Time : 2014/10/29 AM 11:07:40:143
   Step 5 ok! Spent Time: 13.532s
   USB Task Finished! Spent Time: 23.844s
   Device is Pullouted.

< 14-10-29 11:09:06 >==============================================
Device is Inserted On Driver : [Hub4 Port2] [VER:0, SN:7&181d743d&0#{53]
   Begin the USB Task...
   Step 1 disable...
   Begin Step 2... Action: Write, Chip: RAM, Address: 0xF8002000, File: D:\work\generalplus\t19hh\tools\G+CodePacker 1.0.9 Patch 001\USBMassProductionTool/code/gp15b_ispbin.bin
   Step 2 - Start Time : 2014/10/29 AM 11:13:07:469
   Step 2 - End Time : 2014/10/29 AM 11:13:07:476
   Step 2 ok! Spent Time: 0.16s
   Begin Step 3... Action: Jump to Function, Chip: RAM, Address: 0xF8002000
   Step 3 - Start Time : 2014/10/29 AM 11:13:07:476
   Step 3 - End Time : 2014/10/29 AM 11:13:07:477
   Step 3 ok! Spent Time: 0.0s
   Begin Step 4... Action: Erase, Chip: SPI Nor Flash, Address: 0x0000, Length: 40
   Step 4 - Start Time : 2014/10/29 AM 11:13:07:477
   Step 4 - End Time : 2014/10/29 AM 11:13:18:329
   Step 4 ok! Spent Time: 10.843s
   Begin Step 5... Action: Write, Chip: SPI Nor Flash, Address: 0x0000, File: D:\work\generalplus\t19hh\tools/gpcv1248_spifc_pack_/gp_cardvr_upgrade.bin
   Step 5 - Start Time : 2014/10/29 AM 11:13:18:329
   Step 5 - End Time : 2014/10/29 AM 11:13:38:850
   Step 5 ok! Spent Time: 20.532s
   USB Task Finished! Spent Time: 31.391s
   Device is Pullouted.

< 14-10-29 11:14:54 >==============================================
Device is Inserted On Driver : [Hub4 Port2] [VER:0, SN:7&181d743d&0#{53]
   Begin the USB Task...
   Step 1 disable...
   Begin Step 2... Action: Write, Chip: RAM, Address: 0xF8002000, File: D:\work\generalplus\t19hh\tools\G+CodePacker 1.0.9 Patch 001\USBMassProductionTool/code/gp15b_ispbin.bin
   Step 2 - Start Time : 2014/10/29 AM 11:15:06:367
   Step 2 - End Time : 2014/10/29 AM 11:15:06:374
   Step 2 ok! Spent Time: 0.0s
   Begin Step 3... Action: Jump to Function, Chip: RAM, Address: 0xF8002000
   Step 3 - Start Time : 2014/10/29 AM 11:15:06:374
   Step 3 - End Time : 2014/10/29 AM 11:15:06:375
   Step 3 ok! Spent Time: 0.0s
   Begin Step 4... Action: Erase, Chip: SPI Nor Flash, Address: 0x0000, Length: 40
   Step 4 - Start Time : 2014/10/29 AM 11:15:06:375
   Step 4 - End Time : 2014/10/29 AM 11:15:13:981
   Step 4 ok! Spent Time: 7.610s
   Begin Step 5... Action: Write, Chip: SPI Nor Flash, Address: 0x0000, File: D:\work\generalplus\t19hh\tools/gpcv1248_spifc_pack_/gp_cardvr_upgrade.bin
   Step 5 - Start Time : 2014/10/29 AM 11:15:13:981
   Step 5 - End Time : 2014/10/29 AM 11:15:27:470
   Step 5 ok! Spent Time: 13.484s
   USB Task Finished! Spent Time: 21.94s
   Device is Pullouted.

< 14-10-29 11:21:46 >==============================================
Device is Inserted On Driver : [Hub4 Port2] [VER:0, SN:7&181d743d&0#{53]
   Begin the USB Task...
   Step 1 disable...
   Begin Step 2... Action: Write, Chip: RAM, Address: 0xF8002000, File: D:\work\generalplus\t19hh\tools\G+CodePacker 1.0.9 Patch 001\USBMassProductionTool/code/gp15b_ispbin.bin
   Step 2 - Start Time : 2014/10/29 AM 11:21:49:60
   Step 2 - End Time : 2014/10/29 AM 11:21:49:67
   Step 2 ok! Spent Time: 0.15s
   Begin Step 3... Action: Jump to Function, Chip: RAM, Address: 0xF8002000
   Step 3 - Start Time : 2014/10/29 AM 11:21:49:67
   Step 3 - End Time : 2014/10/29 AM 11:21:49:68
   Step 3 ok! Spent Time: 0.0s
   Begin Step 4... Action: Erase, Chip: SPI Nor Flash, Address: 0x0000, Length: 40
   Step 4 - Start Time : 2014/10/29 AM 11:21:49:68
   Step 4 - End Time : 2014/10/29 AM 11:21:59:154
   Step 4 ok! Spent Time: 10.79s
   Begin Step 5... Action: Write, Chip: SPI Nor Flash, Address: 0x0000, File: D:\work\generalplus\t19hh\tools/gpcv1248_spifc_pack_/gp_cardvr_upgrade.bin
   Step 5 - Start Time : 2014/10/29 AM 11:21:59:154
   Step 5 - End Time : 2014/10/29 AM 11:22:12:686
   Step 5 ok! Spent Time: 13.531s
   USB Task Finished! Spent Time: 23.625s
   Device is Pullouted.

< 14-10-29 11:23:31 >==============================================
Device is Inserted On Driver : [Hub4 Port2] [VER:0, SN:7&181d743d&0#{53]
   Begin the USB Task...
   Step 1 disable...
   Begin Step 2... Action: Write, Chip: RAM, Address: 0xF8002000, File: D:\work\generalplus\t19hh\tools\G+CodePacker 1.0.9 Patch 001\USBMassProductionTool/code/gp15b_ispbin.bin
   Step 2 - Start Time : 2014/10/29 AM 11:23:40:228
   Step 2 - End Time : 2014/10/29 AM 11:23:40:235
   Step 2 ok! Spent Time: 0.0s
   Begin Step 3... Action: Jump to Function, Chip: RAM, Address: 0xF8002000
   Step 3 - Start Time : 2014/10/29 AM 11:23:40:235
   Step 3 - End Time : 2014/10/29 AM 11:23:40:236
   Step 3 ok! Spent Time: 0.0s
   Begin Step 4... Action: Erase, Chip: SPI Nor Flash, Address: 0x0000, Length: 40
   Step 4 - Start Time : 2014/10/29 AM 11:23:40:236
   Step 4 - End Time : 2014/10/29 AM 11:23:50:175
   Step 4 ok! Spent Time: 9.953s
   Begin Step 5... Action: Write, Chip: SPI Nor Flash, Address: 0x0000, File: D:\work\generalplus\t19hh\tools/gpcv1248_spifc_pack_/gp_cardvr_upgrade.bin
   Step 5 - Start Time : 2014/10/29 AM 11:23:50:176
   Step 5 - End Time : 2014/10/29 AM 11:24:03:706
   Step 5 ok! Spent Time: 13.531s
   USB Task Finished! Spent Time: 23.484s
   Device is Pullouted.
