
< 14-12-29 11:04:54 >==============================================
Device is Inserted On Driver : [Hub4 Port1] [VER:0, SN:7&2ad724e2&0#{53]
   Begin the USB Task...
   Step 1 disable...
   Begin Step 2... Action: Write, Chip: RAM, Address: 0xF8002000, File: D:\work\generalplus\t19hh\tools\G+CodePacker 1.0.9 Patch 001\USBMassProductionTool/code/gp15b_ispbin.bin
   Step 2 - Start Time : 2014/12/29 AM 11:04:56:124
   Step 2 - End Time : 2014/12/29 AM 11:04:56:131
   Step 2 ok! Spent Time: 0.15s
   Begin Step 3... Action: Jump to Function, Chip: RAM, Address: 0xF8002000
   Step 3 - Start Time : 2014/12/29 AM 11:04:56:131
   Step 3 - End Time : 2014/12/29 AM 11:04:56:132
   Step 3 ok! Spent Time: 0.0s
   Begin Step 4... Action: Erase, Chip: SPI Nor Flash, Address: 0x0000, Length: 40
   Step 4 - Start Time : 2014/12/29 AM 11:04:56:132
   Step 4 - End Time : 2014/12/29 AM 11:05:02:189
   Step 4 ok! Spent Time: 6.63s
   Begin Step 5... Action: Write, Chip: SPI Nor Flash, Address: 0x0000, File: D:\work\generalplus\t19hh\tools/gpcv1248_spifc_pack_/gp_cardvr_upgrade.bin
   Step 5 - Start Time : 2014/12/29 AM 11:05:02:189
   Step 5 - End Time : 2014/12/29 AM 11:05:15:602
   Step 5 ok! Spent Time: 13.406s
   USB Task Finished! Spent Time: 19.484s
   Device is Pullouted.

< 14-12-29 15:05:44 >==============================================
Device is Inserted On Driver : [Hub4 Port1] [VER:0, SN:7&2ad724e2&0#{53]
   Begin the USB Task...
   Step 1 disable...
   Begin Step 2... Action: Write, Chip: RAM, Address: 0xF8002000, File: D:\work\generalplus\t19hh\tools\G+CodePacker 1.0.9 Patch 001\USBMassProductionTool/code/gp15b_ispbin.bin
   Step 2 - Start Time : 2014/12/29 PM 03:05:45:698
   Step 2 - End Time : 2014/12/29 PM 03:05:45:705
   Step 2 ok! Spent Time: 0.15s
   Begin Step 3... Action: Jump to Function, Chip: RAM, Address: 0xF8002000
   Step 3 - Start Time : 2014/12/29 PM 03:05:45:705
   Step 3 - End Time : 2014/12/29 PM 03:05:45:706
   Step 3 ok! Spent Time: 0.0s
   Begin Step 4... Action: Erase, Chip: SPI Nor Flash, Address: 0x0000, Length: 40
   Step 4 - Start Time : 2014/12/29 PM 03:05:45:706
   Step 4 - End Time : 2014/12/29 PM 03:05:51:681
   Step 4 ok! Spent Time: 5.969s
   Begin Step 5... Action: Write, Chip: SPI Nor Flash, Address: 0x0000, File: D:\work\generalplus\t19hh\tools/gpcv1248_spifc_pack_/gp_cardvr_upgrade.bin
   Step 5 - Start Time : 2014/12/29 PM 03:05:51:681
   Step 5 - End Time : 2014/12/29 PM 03:06:05:142
   Step 5 ok! Spent Time: 13.469s
   USB Task Finished! Spent Time: 19.453s
   Device is Pullouted.
