
< 14-10-17 08:52:55 >==============================================
Device is Inserted On Driver : [Hub4 Port1] [VER:0, SN:7&2ad724e2&0#{53]
   Begin the USB Task...
   Step 1 disable...
   Begin Step 2... Action: Write, Chip: RAM, Address: 0xF8002000, File: D:\work\generalplus\t19hh\tools\G+CodePacker 1.0.9 Patch 001\USBMassProductionTool/code/gp15b_ispbin.bin
   Step 2 - Start Time : 2014/10/17 AM 08:52:56:951
   Step 2 - End Time : 2014/10/17 AM 08:52:56:958
   Step 2 ok! Spent Time: 0.16s
   Begin Step 3... Action: Jump to Function, Chip: RAM, Address: 0xF8002000
   Step 3 - Start Time : 2014/10/17 AM 08:52:56:958
   Step 3 - End Time : 2014/10/17 AM 08:52:56:959
   Step 3 ok! Spent Time: 0.0s
   Begin Step 4... Action: Erase, Chip: SPI Nor Flash, Address: 0x0000, Length: 40
   Step 4 - Start Time : 2014/10/17 AM 08:52:56:959
   Step 4 - End Time : 2014/10/17 AM 08:53:09:522
   Step 4 ok! Spent Time: 12.563s
   Begin Step 5... Action: Write, Chip: SPI Nor Flash, Address: 0x0000, File: D:\work\generalplus\t19hh\tools/gpcv1248_spifc_pack_/gp_cardvr_upgrade.bin
   Step 5 - Start Time : 2014/10/17 AM 08:53:09:522
   Step 5 - End Time : 2014/10/17 AM 08:53:30:871
   Step 5 ok! Spent Time: 21.343s
   USB Task Finished! Spent Time: 33.922s
   Device is Pullouted.

< 14-10-17 09:03:43 >==============================================
Device is Inserted On Driver : [Hub4 Port1] [VER:0, SN:7&2ad724e2&0#{53]
   Device is Pullouted.

< 14-10-17 09:03:58 >==============================================
Device is Inserted On Driver : [Hub4 Port1] [VER:0, SN:7&2ad724e2&0#{53]
   Begin the USB Task...
   Step 1 disable...
   Begin Step 2... Action: Write, Chip: RAM, Address: 0xF8002000, File: D:\work\generalplus\t19hh\tools\G+CodePacker 1.0.9 Patch 001\USBMassProductionTool/code/gp15b_ispbin.bin
   Step 2 - Start Time : 2014/10/17 AM 09:04:01:28
   Step 2 - End Time : 2014/10/17 AM 09:04:01:35
   Step 2 ok! Spent Time: 0.15s
   Begin Step 3... Action: Jump to Function, Chip: RAM, Address: 0xF8002000
   Step 3 - Start Time : 2014/10/17 AM 09:04:01:35
   Step 3 - End Time : 2014/10/17 AM 09:04:01:35
   Step 3 ok! Spent Time: 0.0s
   Begin Step 4... Action: Erase, Chip: SPI Nor Flash, Address: 0x0000, Length: 40
   Step 4 - Start Time : 2014/10/17 AM 09:04:01:35
   Step 4 - End Time : 2014/10/17 AM 09:04:12:262
   Step 4 ok! Spent Time: 11.219s
   Begin Step 5... Action: Write, Chip: SPI Nor Flash, Address: 0x0000, File: D:\work\generalplus\t19hh\tools/gpcv1248_spifc_pack_/gp_cardvr_upgrade.bin
   Step 5 - Start Time : 2014/10/17 AM 09:04:12:263
   Step 5 - End Time : 2014/10/17 AM 09:04:32:792
   Step 5 ok! Spent Time: 20.531s
   USB Task Finished! Spent Time: 31.765s
   Device is Pullouted.

< 14-10-17 09:46:50 >==============================================
Device is Inserted On Driver : [Hub4 Port2] [VER:0, SN:7&181d743d&0#{53]
   Begin the USB Task...
   Step 1 disable...
   Begin Step 2... Action: Write, Chip: RAM, Address: 0xF8002000, File: D:\work\generalplus\t19hh\tools\G+CodePacker 1.0.9 Patch 001\USBMassProductionTool/code/gp15b_ispbin.bin
   Step 2 - Start Time : 2014/10/17 AM 09:46:54:638
   Step 2 - End Time : 2014/10/17 AM 09:46:54:645
   Step 2 ok! Spent Time: 0.16s
   Begin Step 3... Action: Jump to Function, Chip: RAM, Address: 0xF8002000
   Step 3 - Start Time : 2014/10/17 AM 09:46:54:645
   Step 3 - End Time : 2014/10/17 AM 09:46:54:646
   Step 3 ok! Spent Time: 0.0s
   Begin Step 4... Action: Erase, Chip: SPI Nor Flash, Address: 0x0000, Length: 40
   Step 4 - Start Time : 2014/10/17 AM 09:46:54:646
   Step 4 - End Time : 2014/10/17 AM 09:47:03:298
   Step 4 ok! Spent Time: 8.640s
   Begin Step 5... Action: Write, Chip: SPI Nor Flash, Address: 0x0000, File: D:\work\generalplus\t19hh\tools/gpcv1248_spifc_pack_/gp_cardvr_upgrade.bin
   Step 5 - Start Time : 2014/10/17 AM 09:47:03:298
   Step 5 - End Time : 2014/10/17 AM 09:47:16:797
   Step 5 ok! Spent Time: 13.500s
   USB Task Finished! Spent Time: 22.156s
   Device is Pullouted.

< 14-10-17 09:59:22 >==============================================
Device is Inserted On Driver : [Hub4 Port2] [VER:0, SN:7&181d743d&0#{53]
   Begin the USB Task...
   Step 1 disable...
   Begin Step 2... Action: Write, Chip: RAM, Address: 0xF8002000, File: D:\work\generalplus\t19hh\tools\G+CodePacker 1.0.9 Patch 001\USBMassProductionTool/code/gp15b_ispbin.bin
   Step 2 - Start Time : 2014/10/17 AM 09:59:24:977
   Step 2 - End Time : 2014/10/17 AM 09:59:24:984
   Step 2 ok! Spent Time: 0.0s
   Begin Step 3... Action: Jump to Function, Chip: RAM, Address: 0xF8002000
   Step 3 - Start Time : 2014/10/17 AM 09:59:24:984
   Step 3 - End Time : 2014/10/17 AM 09:59:24:985
   Step 3 ok! Spent Time: 0.0s
   Begin Step 4... Action: Erase, Chip: SPI Nor Flash, Address: 0x0000, Length: 40
   Step 4 - Start Time : 2014/10/17 AM 09:59:24:985
   Step 4 - End Time : 2014/10/17 AM 09:59:33:548
   Step 4 ok! Spent Time: 8.562s
   Begin Step 5... Action: Write, Chip: SPI Nor Flash, Address: 0x0000, File: D:\work\generalplus\t19hh\tools/gpcv1248_spifc_pack_/gp_cardvr_upgrade.bin
   Step 5 - Start Time : 2014/10/17 AM 09:59:33:548
   Step 5 - End Time : 2014/10/17 AM 09:59:47:62
   Step 5 ok! Spent Time: 13.516s
   USB Task Finished! Spent Time: 22.78s
   Device is Pullouted.

< 14-10-17 10:03:03 >==============================================
Device is Inserted On Driver : [Hub4 Port2] [VER:0, SN:7&181d743d&0#{53]
   Begin the USB Task...
   Step 1 disable...
   Begin Step 2... Action: Write, Chip: RAM, Address: 0xF8002000, File: D:\work\generalplus\t19hh\tools\G+CodePacker 1.0.9 Patch 001\USBMassProductionTool/code/gp15b_ispbin.bin
   Step 2 - Start Time : 2014/10/17 AM 10:03:09:865
   Step 2 - End Time : 2014/10/17 AM 10:03:09:872
   Step 2 ok! Spent Time: 0.0s
   Begin Step 3... Action: Jump to Function, Chip: RAM, Address: 0xF8002000
   Step 3 - Start Time : 2014/10/17 AM 10:03:09:872
   Step 3 - End Time : 2014/10/17 AM 10:03:09:872
   Step 3 ok! Spent Time: 0.0s
   Begin Step 4... Action: Erase, Chip: SPI Nor Flash, Address: 0x0000, Length: 40
   Step 4 - Start Time : 2014/10/17 AM 10:03:09:872
   Step 4 - End Time : 2014/10/17 AM 10:03:18:356
   Step 4 ok! Spent Time: 8.485s
   Begin Step 5... Action: Write, Chip: SPI Nor Flash, Address: 0x0000, File: D:\work\generalplus\t19hh\tools/gpcv1248_spifc_pack_/gp_cardvr_upgrade.bin
   Step 5 - Start Time : 2014/10/17 AM 10:03:18:356
   Step 5 - End Time : 2014/10/17 AM 10:03:31:843
   Step 5 ok! Spent Time: 13.484s
   USB Task Finished! Spent Time: 21.969s
   Device is Pullouted.

< 14-10-17 10:04:28 >==============================================
Device is Inserted On Driver : [Hub4 Port2] [VER:0, SN:7&181d743d&0#{53]
   Begin the USB Task...
   Step 1 disable...
   Begin Step 2... Action: Write, Chip: RAM, Address: 0xF8002000, File: D:\work\generalplus\t19hh\tools\G+CodePacker 1.0.9 Patch 001\USBMassProductionTool/code/gp15b_ispbin.bin
   Step 2 - Start Time : 2014/10/17 AM 10:04:29:997
   Step 2 - End Time : 2014/10/17 AM 10:04:30:04
   Step 2 ok! Spent Time: 0.16s
   Begin Step 3... Action: Jump to Function, Chip: RAM, Address: 0xF8002000
   Step 3 - Start Time : 2014/10/17 AM 10:04:30:04
   Step 3 - End Time : 2014/10/17 AM 10:04:30:04
   Step 3 ok! Spent Time: 0.0s
   Begin Step 4... Action: Erase, Chip: SPI Nor Flash, Address: 0x0000, Length: 40
   Step 4 - Start Time : 2014/10/17 AM 10:04:30:04
   Step 4 - End Time : 2014/10/17 AM 10:04:38:369
   Step 4 ok! Spent Time: 8.359s
   Begin Step 5... Action: Write, Chip: SPI Nor Flash, Address: 0x0000, File: D:\work\generalplus\t19hh\tools/gpcv1248_spifc_pack_/gp_cardvr_upgrade.bin
   Step 5 - Start Time : 2014/10/17 AM 10:04:38:369
   Step 5 - End Time : 2014/10/17 AM 10:04:51:886
   Step 5 ok! Spent Time: 13.516s
   USB Task Finished! Spent Time: 21.891s
   Device is Pullouted.

< 14-10-17 10:06:20 >==============================================
Device is Inserted On Driver : [Hub4 Port2] [VER:0, SN:7&181d743d&0#{53]
   Begin the USB Task...
   Step 1 disable...
   Begin Step 2... Action: Write, Chip: RAM, Address: 0xF8002000, File: D:\work\generalplus\t19hh\tools\G+CodePacker 1.0.9 Patch 001\USBMassProductionTool/code/gp15b_ispbin.bin
   Step 2 - Start Time : 2014/10/17 AM 10:06:22:527
   Step 2 - End Time : 2014/10/17 AM 10:06:22:536
   Step 2 ok! Spent Time: 0.15s
   Begin Step 3... Action: Jump to Function, Chip: RAM, Address: 0xF8002000
   Step 3 - Start Time : 2014/10/17 AM 10:06:22:536
   Step 3 - End Time : 2014/10/17 AM 10:06:22:536
   Step 3 ok! Spent Time: 0.0s
   Begin Step 4... Action: Erase, Chip: SPI Nor Flash, Address: 0x0000, Length: 40
   Step 4 - Start Time : 2014/10/17 AM 10:06:22:536
   Step 4 - End Time : 2014/10/17 AM 10:06:30:806
   Step 4 ok! Spent Time: 8.266s
   Begin Step 5... Action: Write, Chip: SPI Nor Flash, Address: 0x0000, File: D:\work\generalplus\t19hh\tools/gpcv1248_spifc_pack_/gp_cardvr_upgrade.bin
   Step 5 - Start Time : 2014/10/17 AM 10:06:30:806
   Step 5 - End Time : 2014/10/17 AM 10:06:44:320
   Step 5 ok! Spent Time: 13.515s
   USB Task Finished! Spent Time: 21.796s
   Device is Pullouted.

< 14-10-17 10:19:57 >==============================================
Device is Inserted On Driver : [Hub4 Port2] [VER:0, SN:7&181d743d&0#{53]
   Begin the USB Task...
   Step 1 disable...
   Begin Step 2... Action: Write, Chip: RAM, Address: 0xF8002000, File: D:\work\generalplus\t19hh\tools\G+CodePacker 1.0.9 Patch 001\USBMassProductionTool/code/gp15b_ispbin.bin
   Step 2 - Start Time : 2014/10/17 AM 10:20:00:178
   Step 2 - End Time : 2014/10/17 AM 10:20:00:185
   Step 2 ok! Spent Time: 0.0s
   Begin Step 3... Action: Jump to Function, Chip: RAM, Address: 0xF8002000
   Step 3 - Start Time : 2014/10/17 AM 10:20:00:185
   Step 3 - End Time : 2014/10/17 AM 10:20:00:186
   Step 3 ok! Spent Time: 0.0s
   Begin Step 4... Action: Erase, Chip: SPI Nor Flash, Address: 0x0000, Length: 40
   Step 4 - Start Time : 2014/10/17 AM 10:20:00:186
   Step 4 - End Time : 2014/10/17 AM 10:20:08:439
   Step 4 ok! Spent Time: 8.265s
   Begin Step 5... Action: Write, Chip: SPI Nor Flash, Address: 0x0000, File: D:\work\generalplus\t19hh\tools/gpcv1248_spifc_pack_/gp_cardvr_upgrade.bin
   Step 5 - Start Time : 2014/10/17 AM 10:20:08:439
   Step 5 - End Time : 2014/10/17 AM 10:20:21:924
   Step 5 ok! Spent Time: 13.485s
   USB Task Finished! Spent Time: 21.750s
   Device is Pullouted.

< 14-10-17 10:26:05 >==============================================
Device is Inserted On Driver : [Hub4 Port2] [VER:0, SN:7&181d743d&0#{53]
   Begin the USB Task...
   Step 1 disable...
   Begin Step 2... Action: Write, Chip: RAM, Address: 0xF8002000, File: D:\work\generalplus\t19hh\tools\G+CodePacker 1.0.9 Patch 001\USBMassProductionTool/code/gp15b_ispbin.bin
   Step 2 - Start Time : 2014/10/17 AM 10:26:07:400
   Step 2 - End Time : 2014/10/17 AM 10:26:07:407
   Step 2 ok! Spent Time: 0.0s
   Begin Step 3... Action: Jump to Function, Chip: RAM, Address: 0xF8002000
   Step 3 - Start Time : 2014/10/17 AM 10:26:07:407
   Step 3 - End Time : 2014/10/17 AM 10:26:07:407
   Step 3 ok! Spent Time: 0.0s
   Begin Step 4... Action: Erase, Chip: SPI Nor Flash, Address: 0x0000, Length: 40
   Step 4 - Start Time : 2014/10/17 AM 10:26:07:407
   Step 4 - End Time : 2014/10/17 AM 10:26:15:561
   Step 4 ok! Spent Time: 8.156s
   Begin Step 5... Action: Write, Chip: SPI Nor Flash, Address: 0x0000, File: D:\work\generalplus\t19hh\tools/gpcv1248_spifc_pack_/gp_cardvr_upgrade.bin
   Step 5 - Start Time : 2014/10/17 AM 10:26:15:562
   Step 5 - End Time : 2014/10/17 AM 10:26:29:60
   Step 5 ok! Spent Time: 13.500s
   USB Task Finished! Spent Time: 21.656s
   Device is Pullouted.

< 14-10-17 10:33:37 >==============================================
Device is Inserted On Driver : [Hub4 Port2] [VER:0, SN:7&181d743d&0#{53]
   Begin the USB Task...
   Step 1 disable...
   Begin Step 2... Action: Write, Chip: RAM, Address: 0xF8002000, File: D:\work\generalplus\t19hh\tools\G+CodePacker 1.0.9 Patch 001\USBMassProductionTool/code/gp15b_ispbin.bin
   Step 2 - Start Time : 2014/10/17 AM 10:33:39:150
   Step 2 - End Time : 2014/10/17 AM 10:33:39:157
   Step 2 ok! Spent Time: 0.0s
   Begin Step 3... Action: Jump to Function, Chip: RAM, Address: 0xF8002000
   Step 3 - Start Time : 2014/10/17 AM 10:33:39:157
   Step 3 - End Time : 2014/10/17 AM 10:33:39:157
   Step 3 ok! Spent Time: 0.0s
   Begin Step 4... Action: Erase, Chip: SPI Nor Flash, Address: 0x0000, Length: 40
   Step 4 - Start Time : 2014/10/17 AM 10:33:39:157
   Step 4 - End Time : 2014/10/17 AM 10:33:48:952
   Step 4 ok! Spent Time: 9.796s
   Begin Step 5... Action: Write, Chip: SPI Nor Flash, Address: 0x0000, File: D:\work\generalplus\t19hh\tools/gpcv1248_spifc_pack_/gp_cardvr_upgrade.bin
   Step 5 - Start Time : 2014/10/17 AM 10:33:48:952
   Step 5 - End Time : 2014/10/17 AM 10:34:02:441
   Step 5 ok! Spent Time: 13.500s
   USB Task Finished! Spent Time: 23.296s
   Device is Pullouted.

< 14-10-17 11:51:41 >==============================================
Device is Inserted On Driver : [Hub4 Port1] [VER:0, SN:7&2ad724e2&0#{53]
   Begin the USB Task...
   Step 1 disable...
   Begin Step 2... Action: Write, Chip: RAM, Address: 0xF8002000, File: D:\work\generalplus\t19hh\tools\G+CodePacker 1.0.9 Patch 001\USBMassProductionTool/code/gp15b_ispbin.bin
   Step 2 - Start Time : 2014/10/17 AM 11:51:42:708
   Step 2 - End Time : 2014/10/17 AM 11:51:42:715
   Step 2 ok! Spent Time: 0.0s
   Begin Step 3... Action: Jump to Function, Chip: RAM, Address: 0xF8002000
   Step 3 - Start Time : 2014/10/17 AM 11:51:42:715
   Step 3 - End Time : 2014/10/17 AM 11:51:42:716
   Step 3 ok! Spent Time: 0.0s
   Begin Step 4... Action: Erase, Chip: SPI Nor Flash, Address: 0x0000, Length: 40
   Step 4 - Start Time : 2014/10/17 AM 11:51:42:716
   0xFF20: An error occurred during erase flash! Address: 0x0000, Block Number: 40, sense key error!
   Step 4 Fail!!!
   Device is Pullouted.

< 14-10-17 11:51:48 >==============================================
Device is Inserted On Driver : [Hub4 Port1] [VER:0, SN:7&2ad724e2&0#{53]
   Begin the USB Task...
   Step 1 disable...
   Begin Step 2... Action: Write, Chip: RAM, Address: 0xF8002000, File: D:\work\generalplus\t19hh\tools\G+CodePacker 1.0.9 Patch 001\USBMassProductionTool/code/gp15b_ispbin.bin
   Step 2 - Start Time : 2014/10/17 AM 11:51:49:876
   Step 2 - End Time : 2014/10/17 AM 11:51:49:994
   Step 2 ok! Spent Time: 0.125s
   Begin Step 3... Action: Jump to Function, Chip: RAM, Address: 0xF8002000
   Step 3 - Start Time : 2014/10/17 AM 11:51:49:994
   Step 3 - End Time : 2014/10/17 AM 11:51:49:995
   Step 3 ok! Spent Time: 0.0s
   Begin Step 4... Action: Erase, Chip: SPI Nor Flash, Address: 0x0000, Length: 40
   Step 4 - Start Time : 2014/10/17 AM 11:51:49:995
   0xFF20: An error occurred during erase flash! Address: 0x10000, Block Number: 40, sense key error!
   Step 4 Fail!!!
   Device is Pullouted.

< 14-10-17 11:51:58 >==============================================
Device is Inserted On Driver : [Hub4 Port1] [VER:0, SN:7&2ad724e2&0#{53]
   Begin the USB Task...
   Step 1 disable...
   Begin Step 2... Action: Write, Chip: RAM, Address: 0xF8002000, File: D:\work\generalplus\t19hh\tools\G+CodePacker 1.0.9 Patch 001\USBMassProductionTool/code/gp15b_ispbin.bin
   Step 2 - Start Time : 2014/10/17 AM 11:52:00:270
   Step 2 - End Time : 2014/10/17 AM 11:52:00:277
   Step 2 ok! Spent Time: 0.0s
   Begin Step 3... Action: Jump to Function, Chip: RAM, Address: 0xF8002000
   Step 3 - Start Time : 2014/10/17 AM 11:52:00:277
   Step 3 - End Time : 2014/10/17 AM 11:52:00:277
   Step 3 ok! Spent Time: 0.0s
   Begin Step 4... Action: Erase, Chip: SPI Nor Flash, Address: 0x0000, Length: 40
   Step 4 - Start Time : 2014/10/17 AM 11:52:00:277
   Step 4 - End Time : 2014/10/17 AM 11:52:13:993
   Step 4 ok! Spent Time: 13.718s
   Begin Step 5... Action: Write, Chip: SPI Nor Flash, Address: 0x0000, File: D:\work\generalplus\t19hh\tools/gpcv1248_spifc_pack_/gp_cardvr_upgrade.bin
   Step 5 - Start Time : 2014/10/17 AM 11:52:13:993
   Step 5 - End Time : 2014/10/17 AM 11:52:28:316
   Step 5 ok! Spent Time: 14.328s
   USB Task Finished! Spent Time: 28.46s
   Device is Pullouted.

< 14-10-17 11:54:30 >==============================================
Device is Inserted On Driver : [Hub4 Port1] [VER:0, SN:7&2ad724e2&0#{53]
   Begin the USB Task...
   Step 1 disable...
   Begin Step 2... Action: Write, Chip: RAM, Address: 0xF8002000, File: D:\work\generalplus\t19hh\tools\G+CodePacker 1.0.9 Patch 001\USBMassProductionTool/code/gp15b_ispbin.bin
   Step 2 - Start Time : 2014/10/17 AM 11:54:32:668
   Step 2 - End Time : 2014/10/17 AM 11:54:32:675
   Step 2 ok! Spent Time: 0.16s
   Begin Step 3... Action: Jump to Function, Chip: RAM, Address: 0xF8002000
   Step 3 - Start Time : 2014/10/17 AM 11:54:32:675
   Step 3 - End Time : 2014/10/17 AM 11:54:32:675
   Step 3 ok! Spent Time: 0.0s
   Begin Step 4... Action: Erase, Chip: SPI Nor Flash, Address: 0x0000, Length: 40
   Step 4 - Start Time : 2014/10/17 AM 11:54:32:675
   Step 4 - End Time : 2014/10/17 AM 11:54:46:572
   Step 4 ok! Spent Time: 13.890s
   Begin Step 5... Action: Write, Chip: SPI Nor Flash, Address: 0x0000, File: D:\work\generalplus\t19hh\tools/gpcv1248_spifc_pack_/gp_cardvr_upgrade.bin
   Step 5 - Start Time : 2014/10/17 AM 11:54:46:572
   Step 5 - End Time : 2014/10/17 AM 11:55:00:946
   Step 5 ok! Spent Time: 14.375s
   USB Task Finished! Spent Time: 28.281s
   Device is Pullouted.

< 14-10-17 12:03:22 >==============================================
Device is Inserted On Driver : [Hub4 Port1] [VER:0, SN:7&2ad724e2&0#{53]
   Begin the USB Task...
   Step 1 disable...
   Begin Step 2... Action: Write, Chip: RAM, Address: 0xF8002000, File: D:\work\generalplus\t19hh\tools\G+CodePacker 1.0.9 Patch 001\USBMassProductionTool/code/gp15b_ispbin.bin
   Step 2 - Start Time : 2014/10/17 PM 12:03:24:114
   Step 2 - End Time : 2014/10/17 PM 12:03:24:121
   Step 2 ok! Spent Time: 0.0s
   Begin Step 3... Action: Jump to Function, Chip: RAM, Address: 0xF8002000
   Step 3 - Start Time : 2014/10/17 PM 12:03:24:121
   Step 3 - End Time : 2014/10/17 PM 12:03:24:121
   Step 3 ok! Spent Time: 0.0s
   Begin Step 4... Action: Erase, Chip: SPI Nor Flash, Address: 0x0000, Length: 40
   Step 4 - Start Time : 2014/10/17 PM 12:03:24:121
   Step 4 - End Time : 2014/10/17 PM 12:03:37:521
   Step 4 ok! Spent Time: 13.407s
   Begin Step 5... Action: Write, Chip: SPI Nor Flash, Address: 0x0000, File: D:\work\generalplus\t19hh\tools/gpcv1248_spifc_pack_/gp_cardvr_upgrade.bin
   Step 5 - Start Time : 2014/10/17 PM 12:03:37:521
   Step 5 - End Time : 2014/10/17 PM 12:03:51:863
   Step 5 ok! Spent Time: 14.343s
   USB Task Finished! Spent Time: 27.750s
   Device is Pullouted.

< 14-10-17 12:34:46 >==============================================
Device is Inserted On Driver : [Hub4 Port1] [VER:0, SN:7&2ad724e2&0#{53]
   Begin the USB Task...
   Step 1 disable...
   Begin Step 2... Action: Write, Chip: RAM, Address: 0xF8002000, File: D:\work\generalplus\t19hh\tools\G+CodePacker 1.0.9 Patch 001\USBMassProductionTool/code/gp15b_ispbin.bin
   Step 2 - Start Time : 2014/10/17 PM 12:34:48:390
   Step 2 - End Time : 2014/10/17 PM 12:34:48:397
   Step 2 ok! Spent Time: 0.16s
   Begin Step 3... Action: Jump to Function, Chip: RAM, Address: 0xF8002000
   Step 3 - Start Time : 2014/10/17 PM 12:34:48:397
   Step 3 - End Time : 2014/10/17 PM 12:34:48:398
   Step 3 ok! Spent Time: 0.0s
   Begin Step 4... Action: Erase, Chip: SPI Nor Flash, Address: 0x0000, Length: 40
   Step 4 - Start Time : 2014/10/17 PM 12:34:48:398
   Step 4 - End Time : 2014/10/17 PM 12:35:01:995
   Step 4 ok! Spent Time: 13.593s
   Begin Step 5... Action: Write, Chip: SPI Nor Flash, Address: 0x0000, File: D:\work\generalplus\t19hh\tools/gpcv1248_spifc_pack_/gp_cardvr_upgrade.bin
   Step 5 - Start Time : 2014/10/17 PM 12:35:01:995
   Step 5 - End Time : 2014/10/17 PM 12:35:16:309
   Step 5 ok! Spent Time: 14.313s
   USB Task Finished! Spent Time: 27.922s
   Device is Pullouted.
