
< 14-11-21 10:38:52 >==============================================
Device is Inserted On Driver : [Hub4 Port1] [VER:0, SN:7&2ad724e2&0#{53]
   Begin the USB Task...
   Step 1 disable...
   Begin Step 2... Action: Write, Chip: RAM, Address: 0xF8002000, File: D:\work\generalplus\t19hh\tools\G+CodePacker 1.0.9 Patch 001\USBMassProductionTool/code/gp15b_ispbin.bin
   Step 2 - Start Time : 2014/11/21 AM 10:38:54:412
   Step 2 - End Time : 2014/11/21 AM 10:38:54:419
   Step 2 ok! Spent Time: 0.15s
   Begin Step 3... Action: Jump to Function, Chip: RAM, Address: 0xF8002000
   Step 3 - Start Time : 2014/11/21 AM 10:38:54:419
   Step 3 - End Time : 2014/11/21 AM 10:38:54:419
   Step 3 ok! Spent Time: 0.0s
   Begin Step 4... Action: Erase, Chip: SPI Nor Flash, Address: 0x0000, Length: 40
   Step 4 - Start Time : 2014/11/21 AM 10:38:54:419
   Step 4 - End Time : 2014/11/21 AM 10:39:02:227
   Step 4 ok! Spent Time: 7.797s
   Begin Step 5... Action: Write, Chip: SPI Nor Flash, Address: 0x0000, File: D:\work\generalplus\t19hh\tools/gpcv1248_spifc_pack_/gp_cardvr_upgrade.bin
   Step 5 - Start Time : 2014/11/21 AM 10:39:02:227
   Step 5 - End Time : 2014/11/21 AM 10:39:15:691
   Step 5 ok! Spent Time: 13.469s
   USB Task Finished! Spent Time: 21.281s
   Device is Pullouted.

< 14-11-21 14:53:00 >==============================================
Device is Inserted On Driver : [Hub4 Port2] [VER:0, SN:7&33c80902&0#{53]
   Device is Pullouted.

< 14-11-21 14:54:32 >==============================================
Device is Inserted On Driver : [Hub4 Port2] [VER:0, SN:7&33c80902&0#{53]
   Device is Pullouted.

< 14-11-21 14:56:18 >==============================================
Device is Inserted On Driver : [Hub4 Port2] [VER:0, SN:7&33c80902&0#{53]
   Device is Pullouted.

< 14-11-21 15:03:48 >==============================================
Device is Inserted On Driver : [Hub4 Port2] [VER:0, SN:7&33c80902&0#{53]
   Device is Pullouted.
