
< 14-12-20 10:25:10 >==============================================
Device is Inserted On Driver : [Hub3 Port2] [VER:0, SN:7&181d743d&0#{53]
   Begin the USB Task...
   Step 1 disable...
   Begin Step 2... Action: Write, Chip: RAM, Address: 0xF8002000, File: D:\work\generalplus\t19hh\tools\G+CodePacker 1.0.9 Patch 001\USBMassProductionTool/code/gp15b_ispbin.bin
   Step 2 - Start Time : 2014/12/20 AM 10:25:12:77
   Step 2 - End Time : 2014/12/20 AM 10:25:12:84
   Step 2 ok! Spent Time: 0.15s
   Begin Step 3... Action: Jump to Function, Chip: RAM, Address: 0xF8002000
   Step 3 - Start Time : 2014/12/20 AM 10:25:12:84
   Step 3 - End Time : 2014/12/20 AM 10:25:12:85
   Step 3 ok! Spent Time: 0.0s
   Begin Step 4... Action: Erase, Chip: SPI Nor Flash, Address: 0x0000, Length: 40
   Step 4 - Start Time : 2014/12/20 AM 10:25:12:85
   Step 4 - End Time : 2014/12/20 AM 10:25:20:265
   Step 4 ok! Spent Time: 8.188s
   Begin Step 5... Action: Write, Chip: SPI Nor Flash, Address: 0x0000, File: D:\work\generalplus\t19hh\tools/gpcv1248_spifc_pack_/gp_cardvr_upgrade.bin
   Step 5 - Start Time : 2014/12/20 AM 10:25:20:265
   Step 5 - End Time : 2014/12/20 AM 10:25:33:647
   Step 5 ok! Spent Time: 13.375s
   USB Task Finished! Spent Time: 21.578s
   Device is Pullouted.

< 14-12-20 10:56:30 >==============================================
Device is Inserted On Driver : [Hub3 Port2] [VER:0, SN:7&181d743d&0#{53]
   Begin the USB Task...
   Step 1 disable...
   Begin Step 2... Action: Write, Chip: RAM, Address: 0xF8002000, File: D:\work\generalplus\t19hh\tools\G+CodePacker 1.0.9 Patch 001\USBMassProductionTool/code/gp15b_ispbin.bin
   Step 2 - Start Time : 2014/12/20 AM 10:56:36:782
   Step 2 - End Time : 2014/12/20 AM 10:56:36:789
   Step 2 ok! Spent Time: 0.0s
   Begin Step 3... Action: Jump to Function, Chip: RAM, Address: 0xF8002000
   Step 3 - Start Time : 2014/12/20 AM 10:56:36:789
   Step 3 - End Time : 2014/12/20 AM 10:56:36:789
   Step 3 ok! Spent Time: 0.0s
   Begin Step 4... Action: Erase, Chip: SPI Nor Flash, Address: 0x0000, Length: 40
   Step 4 - Start Time : 2014/12/20 AM 10:56:36:789
   Step 4 - End Time : 2014/12/20 AM 10:56:43:560
   Step 4 ok! Spent Time: 6.765s
   Begin Step 5... Action: Write, Chip: SPI Nor Flash, Address: 0x0000, File: D:\work\generalplus\t19hh\tools/gpcv1248_spifc_pack_/gp_cardvr_upgrade.bin
   Step 5 - Start Time : 2014/12/20 AM 10:56:43:560
   Step 5 - End Time : 2014/12/20 AM 10:56:56:900
   Step 5 ok! Spent Time: 13.344s
   USB Task Finished! Spent Time: 20.109s
   Device is Pullouted.

< 14-12-20 11:03:48 >==============================================
Device is Inserted On Driver : [Hub3 Port2] [VER:0, SN:7&181d743d&0#{53]
   Begin the USB Task...
   Step 1 disable...
   Begin Step 2... Action: Write, Chip: RAM, Address: 0xF8002000, File: D:\work\generalplus\t19hh\tools\G+CodePacker 1.0.9 Patch 001\USBMassProductionTool/code/gp15b_ispbin.bin
   Step 2 - Start Time : 2014/12/20 AM 11:03:51:460
   Step 2 - End Time : 2014/12/20 AM 11:03:51:467
   Step 2 ok! Spent Time: 0.0s
   Begin Step 3... Action: Jump to Function, Chip: RAM, Address: 0xF8002000
   Step 3 - Start Time : 2014/12/20 AM 11:03:51:467
   Step 3 - End Time : 2014/12/20 AM 11:03:51:468
   Step 3 ok! Spent Time: 0.0s
   Begin Step 4... Action: Erase, Chip: SPI Nor Flash, Address: 0x0000, Length: 40
   Step 4 - Start Time : 2014/12/20 AM 11:03:51:468
   Step 4 - End Time : 2014/12/20 AM 11:03:58:243
   Step 4 ok! Spent Time: 6.782s
   Begin Step 5... Action: Write, Chip: SPI Nor Flash, Address: 0x0000, File: D:\work\generalplus\t19hh\tools/gpcv1248_spifc_pack_/gp_cardvr_upgrade.bin
   Step 5 - Start Time : 2014/12/20 AM 11:03:58:243
   Step 5 - End Time : 2014/12/20 AM 11:04:11:595
   Step 5 ok! Spent Time: 13.359s
   USB Task Finished! Spent Time: 20.141s
   Device is Pullouted.

< 14-12-20 11:11:20 >==============================================
Device is Inserted On Driver : [Hub3 Port2] [VER:0, SN:7&181d743d&0#{53]
   Begin the USB Task...
   Step 1 disable...
   Begin Step 2... Action: Write, Chip: RAM, Address: 0xF8002000, File: D:\work\generalplus\t19hh\tools\G+CodePacker 1.0.9 Patch 001\USBMassProductionTool/code/gp15b_ispbin.bin
   Step 2 - Start Time : 2014/12/20 AM 11:11:21:764
   Step 2 - End Time : 2014/12/20 AM 11:11:21:770
   Step 2 ok! Spent Time: 0.16s
   Begin Step 3... Action: Jump to Function, Chip: RAM, Address: 0xF8002000
   Step 3 - Start Time : 2014/12/20 AM 11:11:21:771
   Step 3 - End Time : 2014/12/20 AM 11:11:21:771
   Step 3 ok! Spent Time: 0.0s
   Begin Step 4... Action: Erase, Chip: SPI Nor Flash, Address: 0x0000, Length: 40
   Step 4 - Start Time : 2014/12/20 AM 11:11:21:771
   Step 4 - End Time : 2014/12/20 AM 11:11:28:504
   Step 4 ok! Spent Time: 6.734s
   Begin Step 5... Action: Write, Chip: SPI Nor Flash, Address: 0x0000, File: D:\work\generalplus\t19hh\tools/gpcv1248_spifc_pack_/gp_cardvr_upgrade.bin
   Step 5 - Start Time : 2014/12/20 AM 11:11:28:504
   Step 5 - End Time : 2014/12/20 AM 11:11:41:888
   Step 5 ok! Spent Time: 13.375s
   USB Task Finished! Spent Time: 20.125s
   Device is Pullouted.

< 14-12-20 11:17:51 >==============================================
Device is Inserted On Driver : [Hub3 Port2] [VER:0, SN:7&181d743d&0#{53]
   Begin the USB Task...
   Step 1 disable...
   Begin Step 2... Action: Write, Chip: RAM, Address: 0xF8002000, File: D:\work\generalplus\t19hh\tools\G+CodePacker 1.0.9 Patch 001\USBMassProductionTool/code/gp15b_ispbin.bin
   Step 2 - Start Time : 2014/12/20 AM 11:17:55:434
   Step 2 - End Time : 2014/12/20 AM 11:17:55:441
   Step 2 ok! Spent Time: 0.16s
   Begin Step 3... Action: Jump to Function, Chip: RAM, Address: 0xF8002000
   Step 3 - Start Time : 2014/12/20 AM 11:17:55:441
   Step 3 - End Time : 2014/12/20 AM 11:17:55:442
   Step 3 ok! Spent Time: 0.0s
   Begin Step 4... Action: Erase, Chip: SPI Nor Flash, Address: 0x0000, Length: 40
   Step 4 - Start Time : 2014/12/20 AM 11:17:55:442
   Step 4 - End Time : 2014/12/20 AM 11:18:02:173
   Step 4 ok! Spent Time: 6.734s
   Begin Step 5... Action: Write, Chip: SPI Nor Flash, Address: 0x0000, File: D:\work\generalplus\t19hh\tools/gpcv1248_spifc_pack_/gp_cardvr_upgrade.bin
   Step 5 - Start Time : 2014/12/20 AM 11:18:02:173
   Step 5 - End Time : 2014/12/20 AM 11:18:15:516
   Step 5 ok! Spent Time: 13.344s
   USB Task Finished! Spent Time: 20.94s
   Device is Pullouted.

< 14-12-20 11:42:28 >==============================================
Device is Inserted On Driver : [Hub3 Port1] [VER:0, SN:7&ae6efa0&1#{53f]
   Device is Pullouted.

< 14-12-20 11:42:29 >==============================================
Device is Inserted On Driver : [Hub3 Port1] [VER:0, SN:7&ae6efa0&1#{53f]
   Device is Pullouted.

< 14-12-20 11:42:30 >==============================================
Device is Inserted On Driver : [Hub3 Port1] [VER:0, SN:7&ae6efa0&1#{53f]
   Device is Pullouted.

< 14-12-20 11:43:09 >==============================================
Device is Inserted On Driver : [Hub3 Port1] [VER:0, SN:7&ae6efa0&1#{53f]
   Device is Pullouted.

< 14-12-20 11:47:06 >==============================================
Device is Inserted On Driver : [Hub3 Port1] [VER:0, SN:7&2ad724e2&0#{53]
   Begin the USB Task...
   Step 1 disable...
   Begin Step 2... Action: Write, Chip: RAM, Address: 0xF8002000, File: D:\work\generalplus\t19hh\tools\G+CodePacker 1.0.9 Patch 001\USBMassProductionTool/code/gp15b_ispbin.bin
   Step 2 - Start Time : 2014/12/20 AM 11:47:09:38
   Step 2 - End Time : 2014/12/20 AM 11:47:09:45
   Step 2 ok! Spent Time: 0.0s
   Begin Step 3... Action: Jump to Function, Chip: RAM, Address: 0xF8002000
   Step 3 - Start Time : 2014/12/20 AM 11:47:09:45
   Step 3 - End Time : 2014/12/20 AM 11:47:09:45
   Step 3 ok! Spent Time: 0.0s
   Begin Step 4... Action: Erase, Chip: SPI Nor Flash, Address: 0x0000, Length: 40
   Step 4 - Start Time : 2014/12/20 AM 11:47:09:46
   Step 4 - End Time : 2014/12/20 AM 11:47:13:389
   Step 4 ok! Spent Time: 4.343s
   Begin Step 5... Action: Write, Chip: SPI Nor Flash, Address: 0x0000, File: D:\work\generalplus\t19hh\tools/gpcv1248_spifc_pack_/gp_cardvr_upgrade.bin
   Step 5 - Start Time : 2014/12/20 AM 11:47:13:389
   Step 5 - End Time : 2014/12/20 AM 11:47:29:556
   Step 5 ok! Spent Time: 16.172s
   USB Task Finished! Spent Time: 20.515s
   Device is Pullouted.

< 14-12-20 16:54:37 >==============================================
Device is Inserted On Driver : [Hub3 Port1] [VER:0, SN:7&2ad724e2&0#{53]
   Begin the USB Task...
   Step 1 disable...
   Begin Step 2... Action: Write, Chip: RAM, Address: 0xF8002000, File: D:\work\generalplus\t19hh\tools\G+CodePacker 1.0.9 Patch 001\USBMassProductionTool/code/gp15b_ispbin.bin
   Step 2 - Start Time : 2014/12/20 PM 04:54:39:474
   Step 2 - End Time : 2014/12/20 PM 04:54:39:481
   Step 2 ok! Spent Time: 0.0s
   Begin Step 3... Action: Jump to Function, Chip: RAM, Address: 0xF8002000
   Step 3 - Start Time : 2014/12/20 PM 04:54:39:481
   Step 3 - End Time : 2014/12/20 PM 04:54:39:481
   Step 3 ok! Spent Time: 0.0s
   Begin Step 4... Action: Erase, Chip: SPI Nor Flash, Address: 0x0000, Length: 40
   Step 4 - Start Time : 2014/12/20 PM 04:54:39:481
   Step 4 - End Time : 2014/12/20 PM 04:54:47:550
   Step 4 ok! Spent Time: 8.78s
   Begin Step 5... Action: Write, Chip: SPI Nor Flash, Address: 0x0000, File: D:\work\generalplus\t19hh\tools/gpcv1248_spifc_pack_/gp_cardvr_upgrade.bin
   Step 5 - Start Time : 2014/12/20 PM 04:54:47:550
   Step 5 - End Time : 2014/12/20 PM 04:55:00:968
   Step 5 ok! Spent Time: 13.406s
   USB Task Finished! Spent Time: 21.484s
   Device is Pullouted.

< 14-12-20 16:58:00 >==============================================
Device is Inserted On Driver : [Hub3 Port1] [VER:0, SN:7&2ad724e2&0#{53]
   Begin the USB Task...
   Step 1 disable...
   Begin Step 2... Action: Write, Chip: RAM, Address: 0xF8002000, File: D:\work\generalplus\t19hh\tools\G+CodePacker 1.0.9 Patch 001\USBMassProductionTool/code/gp15b_ispbin.bin
   Step 2 - Start Time : 2014/12/20 PM 04:58:01:672
   Step 2 - End Time : 2014/12/20 PM 04:58:01:679
   Step 2 ok! Spent Time: 0.0s
   Begin Step 3... Action: Jump to Function, Chip: RAM, Address: 0xF8002000
   Step 3 - Start Time : 2014/12/20 PM 04:58:01:679
   Step 3 - End Time : 2014/12/20 PM 04:58:01:680
   Step 3 ok! Spent Time: 0.0s
   Begin Step 4... Action: Erase, Chip: SPI Nor Flash, Address: 0x0000, Length: 40
   Step 4 - Start Time : 2014/12/20 PM 04:58:01:680
   Step 4 - End Time : 2014/12/20 PM 04:58:09:758
   Step 4 ok! Spent Time: 8.78s
   Begin Step 5... Action: Write, Chip: SPI Nor Flash, Address: 0x0000, File: D:\work\generalplus\t19hh\tools/gpcv1248_spifc_pack_/gp_cardvr_upgrade.bin
   Step 5 - Start Time : 2014/12/20 PM 04:58:09:758
   Step 5 - End Time : 2014/12/20 PM 04:58:23:97
   Step 5 ok! Spent Time: 13.344s
   USB Task Finished! Spent Time: 21.422s
   Device is Pullouted.

< 14-12-20 17:03:16 >==============================================
Device is Inserted On Driver : [Hub3 Port1] [VER:0, SN:7&2ad724e2&0#{53]
   Begin the USB Task...
   Step 1 disable...
   Begin Step 2... Action: Write, Chip: RAM, Address: 0xF8002000, File: D:\work\generalplus\t19hh\tools\G+CodePacker 1.0.9 Patch 001\USBMassProductionTool/code/gp15b_ispbin.bin
   Step 2 - Start Time : 2014/12/20 PM 05:03:17:463
   Step 2 - End Time : 2014/12/20 PM 05:03:17:470
   Step 2 ok! Spent Time: 0.16s
   Begin Step 3... Action: Jump to Function, Chip: RAM, Address: 0xF8002000
   Step 3 - Start Time : 2014/12/20 PM 05:03:17:470
   Step 3 - End Time : 2014/12/20 PM 05:03:17:471
   Step 3 ok! Spent Time: 0.0s
   Begin Step 4... Action: Erase, Chip: SPI Nor Flash, Address: 0x0000, Length: 40
   Step 4 - Start Time : 2014/12/20 PM 05:03:17:471
   Step 4 - End Time : 2014/12/20 PM 05:03:25:441
   Step 4 ok! Spent Time: 7.969s
   Begin Step 5... Action: Write, Chip: SPI Nor Flash, Address: 0x0000, File: D:\work\generalplus\t19hh\tools/gpcv1248_spifc_pack_/gp_cardvr_upgrade.bin
   Step 5 - Start Time : 2014/12/20 PM 05:03:25:441
   Step 5 - End Time : 2014/12/20 PM 05:03:38:784
   Step 5 ok! Spent Time: 13.344s
   USB Task Finished! Spent Time: 21.329s
   Device is Pullouted.

< 14-12-20 17:06:18 >==============================================
Device is Inserted On Driver : [Hub3 Port1] [VER:0, SN:7&2ad724e2&0#{53]
   Begin the USB Task...
   Step 1 disable...
   Begin Step 2... Action: Write, Chip: RAM, Address: 0xF8002000, File: D:\work\generalplus\t19hh\tools\G+CodePacker 1.0.9 Patch 001\USBMassProductionTool/code/gp15b_ispbin.bin
   Step 2 - Start Time : 2014/12/20 PM 05:06:21:94
   Step 2 - End Time : 2014/12/20 PM 05:06:21:101
   Step 2 ok! Spent Time: 0.0s
   Begin Step 3... Action: Jump to Function, Chip: RAM, Address: 0xF8002000
   Step 3 - Start Time : 2014/12/20 PM 05:06:21:102
   Step 3 - End Time : 2014/12/20 PM 05:06:21:102
   Step 3 ok! Spent Time: 0.0s
   Begin Step 4... Action: Erase, Chip: SPI Nor Flash, Address: 0x0000, Length: 40
   Step 4 - Start Time : 2014/12/20 PM 05:06:21:102
   Step 4 - End Time : 2014/12/20 PM 05:06:28:974
   Step 4 ok! Spent Time: 7.875s
   Begin Step 5... Action: Write, Chip: SPI Nor Flash, Address: 0x0000, File: D:\work\generalplus\t19hh\tools/gpcv1248_spifc_pack_/gp_cardvr_upgrade.bin
   Step 5 - Start Time : 2014/12/20 PM 05:06:28:974
   Step 5 - End Time : 2014/12/20 PM 05:06:42:325
   Step 5 ok! Spent Time: 13.344s
   USB Task Finished! Spent Time: 21.219s
   Device is Pullouted.

< 14-12-20 17:07:53 >==============================================
Device is Inserted On Driver : [Hub3 Port1] [VER:0, SN:7&2ad724e2&0#{53]
   Begin the USB Task...
   Step 1 disable...
   Begin Step 2... Action: Write, Chip: RAM, Address: 0xF8002000, File: D:\work\generalplus\t19hh\tools\G+CodePacker 1.0.9 Patch 001\USBMassProductionTool/code/gp15b_ispbin.bin
   Step 2 - Start Time : 2014/12/20 PM 05:07:56:806
   Step 2 - End Time : 2014/12/20 PM 05:07:56:813
   Step 2 ok! Spent Time: 0.16s
   Begin Step 3... Action: Jump to Function, Chip: RAM, Address: 0xF8002000
   Step 3 - Start Time : 2014/12/20 PM 05:07:56:813
   Step 3 - End Time : 2014/12/20 PM 05:07:56:814
   Step 3 ok! Spent Time: 0.0s
   Begin Step 4... Action: Erase, Chip: SPI Nor Flash, Address: 0x0000, Length: 40
   Step 4 - Start Time : 2014/12/20 PM 05:07:56:814
   Step 4 - End Time : 2014/12/20 PM 05:08:04:688
   Step 4 ok! Spent Time: 7.875s
   Begin Step 5... Action: Write, Chip: SPI Nor Flash, Address: 0x0000, File: D:\work\generalplus\t19hh\tools/gpcv1248_spifc_pack_/gp_cardvr_upgrade.bin
   Step 5 - Start Time : 2014/12/20 PM 05:08:04:688
   Step 5 - End Time : 2014/12/20 PM 05:08:18:30
   Step 5 ok! Spent Time: 13.328s
   USB Task Finished! Spent Time: 21.219s
   Device is Pullouted.

< 14-12-20 17:12:17 >==============================================
Device is Inserted On Driver : [Hub3 Port1] [VER:0, SN:7&2ad724e2&0#{53]
   Begin the USB Task...
   Step 1 disable...
   Begin Step 2... Action: Write, Chip: RAM, Address: 0xF8002000, File: D:\work\generalplus\t19hh\tools\G+CodePacker 1.0.9 Patch 001\USBMassProductionTool/code/gp15b_ispbin.bin
   Step 2 - Start Time : 2014/12/20 PM 05:12:18:525
   Step 2 - End Time : 2014/12/20 PM 05:12:18:533
   Step 2 ok! Spent Time: 0.16s
   Begin Step 3... Action: Jump to Function, Chip: RAM, Address: 0xF8002000
   Step 3 - Start Time : 2014/12/20 PM 05:12:18:533
   Step 3 - End Time : 2014/12/20 PM 05:12:18:533
   Step 3 ok! Spent Time: 0.0s
   Begin Step 4... Action: Erase, Chip: SPI Nor Flash, Address: 0x0000, Length: 40
   Step 4 - Start Time : 2014/12/20 PM 05:12:18:533
   Step 4 - End Time : 2014/12/20 PM 05:12:26:397
   Step 4 ok! Spent Time: 7.859s
   Begin Step 5... Action: Write, Chip: SPI Nor Flash, Address: 0x0000, File: D:\work\generalplus\t19hh\tools/gpcv1248_spifc_pack_/gp_cardvr_upgrade.bin
   Step 5 - Start Time : 2014/12/20 PM 05:12:26:397
   Step 5 - End Time : 2014/12/20 PM 05:12:39:711
   Step 5 ok! Spent Time: 13.312s
   USB Task Finished! Spent Time: 21.187s
   Device is Pullouted.

< 14-12-20 17:18:36 >==============================================
Device is Inserted On Driver : [Hub3 Port1] [VER:0, SN:7&2ad724e2&0#{53]
   Begin the USB Task...
   Step 1 disable...
   Begin Step 2... Action: Write, Chip: RAM, Address: 0xF8002000, File: D:\work\generalplus\t19hh\tools\G+CodePacker 1.0.9 Patch 001\USBMassProductionTool/code/gp15b_ispbin.bin
   Step 2 - Start Time : 2014/12/20 PM 05:18:37:316
   Step 2 - End Time : 2014/12/20 PM 05:18:37:323
   Step 2 ok! Spent Time: 0.0s
   Begin Step 3... Action: Jump to Function, Chip: RAM, Address: 0xF8002000
   Step 3 - Start Time : 2014/12/20 PM 05:18:37:323
   Step 3 - End Time : 2014/12/20 PM 05:18:37:324
   Step 3 ok! Spent Time: 0.0s
   Begin Step 4... Action: Erase, Chip: SPI Nor Flash, Address: 0x0000, Length: 40
   Step 4 - Start Time : 2014/12/20 PM 05:18:37:324
   Step 4 - End Time : 2014/12/20 PM 05:18:45:117
   Step 4 ok! Spent Time: 7.797s
   Begin Step 5... Action: Write, Chip: SPI Nor Flash, Address: 0x0000, File: D:\work\generalplus\t19hh\tools/gpcv1248_spifc_pack_/gp_cardvr_upgrade.bin
   Step 5 - Start Time : 2014/12/20 PM 05:18:45:117
   Step 5 - End Time : 2014/12/20 PM 05:18:58:456
   Step 5 ok! Spent Time: 13.343s
   USB Task Finished! Spent Time: 21.140s
   Device is Pullouted.

< 14-12-20 17:20:41 >==============================================
Device is Inserted On Driver : [Hub3 Port1] [VER:0, SN:7&2ad724e2&0#{53]
   Begin the USB Task...
   Step 1 disable...
   Begin Step 2... Action: Write, Chip: RAM, Address: 0xF8002000, File: D:\work\generalplus\t19hh\tools\G+CodePacker 1.0.9 Patch 001\USBMassProductionTool/code/gp15b_ispbin.bin
   Step 2 - Start Time : 2014/12/20 PM 05:20:43:773
   Step 2 - End Time : 2014/12/20 PM 05:20:43:877
   Step 2 ok! Spent Time: 0.109s
   Begin Step 3... Action: Jump to Function, Chip: RAM, Address: 0xF8002000
   Step 3 - Start Time : 2014/12/20 PM 05:20:43:877
   Step 3 - End Time : 2014/12/20 PM 05:20:43:878
   Step 3 ok! Spent Time: 0.0s
   Begin Step 4... Action: Erase, Chip: SPI Nor Flash, Address: 0x0000, Length: 40
   Step 4 - Start Time : 2014/12/20 PM 05:20:43:878
   0xFF20: An error occurred during erase flash! Address: 0x10000, Block Number: 40, 操作成功完成。
   Step 4 Fail!!!
   Device is Pullouted.

< 14-12-20 17:20:44 >==============================================
Device is Inserted On Driver : [Hub3 Port1] [VER:0, SN:7&2ad724e2&0#{53]
   Begin the USB Task...
   Step 1 disable...
   Begin Step 2... Action: Write, Chip: RAM, Address: 0xF8002000, File: D:\work\generalplus\t19hh\tools\G+CodePacker 1.0.9 Patch 001\USBMassProductionTool/code/gp15b_ispbin.bin
   Step 2 - Start Time : 2014/12/20 PM 05:20:46:941
   Step 2 - End Time : 2014/12/20 PM 05:20:46:948
   Step 2 ok! Spent Time: 0.0s
   Begin Step 3... Action: Jump to Function, Chip: RAM, Address: 0xF8002000
   Step 3 - Start Time : 2014/12/20 PM 05:20:46:948
   Step 3 - End Time : 2014/12/20 PM 05:20:46:949
   Step 3 ok! Spent Time: 0.0s
   Begin Step 4... Action: Erase, Chip: SPI Nor Flash, Address: 0x0000, Length: 40
   Step 4 - Start Time : 2014/12/20 PM 05:20:46:949
   Device is Pullouted.
   0xFF20: An error occurred during erase flash! Address: 0x110000, Block Number: 40, load usb library failure!

< 14-12-20 17:20:56 >==============================================
Device is Inserted On Driver : [Hub3 Port1] [VER:0, SN:7&2ad724e2&0#{53]
   Begin the USB Task...
   Step 1 disable...
   Begin Step 2... Action: Write, Chip: RAM, Address: 0xF8002000, File: D:\work\generalplus\t19hh\tools\G+CodePacker 1.0.9 Patch 001\USBMassProductionTool/code/gp15b_ispbin.bin
   Step 2 - Start Time : 2014/12/20 PM 05:20:57:556
   Step 2 - End Time : 2014/12/20 PM 05:20:57:563
   Step 2 ok! Spent Time: 0.16s
   Begin Step 3... Action: Jump to Function, Chip: RAM, Address: 0xF8002000
   Step 3 - Start Time : 2014/12/20 PM 05:20:57:563
   Step 3 - End Time : 2014/12/20 PM 05:20:57:564
   Step 3 ok! Spent Time: 0.0s
   Begin Step 4... Action: Erase, Chip: SPI Nor Flash, Address: 0x0000, Length: 40
   Step 4 - Start Time : 2014/12/20 PM 05:20:57:564
   Step 4 - End Time : 2014/12/20 PM 05:21:05:565
   Step 4 ok! Spent Time: 8.0s
   Begin Step 5... Action: Write, Chip: SPI Nor Flash, Address: 0x0000, File: D:\work\generalplus\t19hh\tools/gpcv1248_spifc_pack_/gp_cardvr_upgrade.bin
   Step 5 - Start Time : 2014/12/20 PM 05:21:05:565
   Step 5 - End Time : 2014/12/20 PM 05:21:18:907
   Step 5 ok! Spent Time: 13.344s
   USB Task Finished! Spent Time: 21.360s
   Device is Pullouted.

< 14-12-20 17:26:42 >==============================================
Device is Inserted On Driver : [Hub3 Port1] [VER:0, SN:7&2ad724e2&0#{53]
   Begin the USB Task...
   Step 1 disable...
   Begin Step 2... Action: Write, Chip: RAM, Address: 0xF8002000, File: D:\work\generalplus\t19hh\tools\G+CodePacker 1.0.9 Patch 001\USBMassProductionTool/code/gp15b_ispbin.bin
   Step 2 - Start Time : 2014/12/20 PM 05:26:43:580
   Step 2 - End Time : 2014/12/20 PM 05:26:43:587
   Step 2 ok! Spent Time: 0.0s
   Begin Step 3... Action: Jump to Function, Chip: RAM, Address: 0xF8002000
   Step 3 - Start Time : 2014/12/20 PM 05:26:43:587
   Step 3 - End Time : 2014/12/20 PM 05:26:43:587
   Step 3 ok! Spent Time: 0.0s
   Begin Step 4... Action: Erase, Chip: SPI Nor Flash, Address: 0x0000, Length: 40
   Step 4 - Start Time : 2014/12/20 PM 05:26:43:587
   Step 4 - End Time : 2014/12/20 PM 05:26:52:209
   Step 4 ok! Spent Time: 8.625s
   Begin Step 5... Action: Write, Chip: SPI Nor Flash, Address: 0x0000, File: D:\work\generalplus\t19hh\tools/gpcv1248_spifc_pack_/gp_cardvr_upgrade.bin
   Step 5 - Start Time : 2014/12/20 PM 05:26:52:209
   Step 5 - End Time : 2014/12/20 PM 05:27:05:541
   Step 5 ok! Spent Time: 13.329s
   USB Task Finished! Spent Time: 21.954s
   Device is Pullouted.

< 14-12-20 17:33:26 >==============================================
Device is Inserted On Driver : [Hub3 Port1] [VER:0, SN:7&2ad724e2&0#{53]
   Begin the USB Task...
   Step 1 disable...
   Begin Step 2... Action: Write, Chip: RAM, Address: 0xF8002000, File: D:\work\generalplus\t19hh\tools\G+CodePacker 1.0.9 Patch 001\USBMassProductionTool/code/gp15b_ispbin.bin
   Step 2 - Start Time : 2014/12/20 PM 05:33:36:330
   Step 2 - End Time : 2014/12/20 PM 05:33:36:338
   Step 2 ok! Spent Time: 0.0s
   Begin Step 3... Action: Jump to Function, Chip: RAM, Address: 0xF8002000
   Step 3 - Start Time : 2014/12/20 PM 05:33:36:338
   Step 3 - End Time : 2014/12/20 PM 05:33:36:338
   Step 3 ok! Spent Time: 0.0s
   Begin Step 4... Action: Erase, Chip: SPI Nor Flash, Address: 0x0000, Length: 40
   Step 4 - Start Time : 2014/12/20 PM 05:33:36:338
   Step 4 - End Time : 2014/12/20 PM 05:33:43:956
   Step 4 ok! Spent Time: 7.625s
   Begin Step 5... Action: Write, Chip: SPI Nor Flash, Address: 0x0000, File: D:\work\generalplus\t19hh\tools/gpcv1248_spifc_pack_/gp_cardvr_upgrade.bin
   Step 5 - Start Time : 2014/12/20 PM 05:33:43:956
   Step 5 - End Time : 2014/12/20 PM 05:33:57:303
   Step 5 ok! Spent Time: 13.344s
   USB Task Finished! Spent Time: 20.969s
   Device is Pullouted.

< 14-12-20 17:41:26 >==============================================
Device is Inserted On Driver : [Hub3 Port1] [VER:0, SN:7&2ad724e2&0#{53]
   Begin the USB Task...
   Step 1 disable...
   Begin Step 2... Action: Write, Chip: RAM, Address: 0xF8002000, File: D:\work\generalplus\t19hh\tools\G+CodePacker 1.0.9 Patch 001\USBMassProductionTool/code/gp15b_ispbin.bin
   Step 2 - Start Time : 2014/12/20 PM 05:41:27:721
   Step 2 - End Time : 2014/12/20 PM 05:41:27:728
   Step 2 ok! Spent Time: 0.0s
   Begin Step 3... Action: Jump to Function, Chip: RAM, Address: 0xF8002000
   Step 3 - Start Time : 2014/12/20 PM 05:41:27:728
   Step 3 - End Time : 2014/12/20 PM 05:41:27:729
   Step 3 ok! Spent Time: 0.0s
   Begin Step 4... Action: Erase, Chip: SPI Nor Flash, Address: 0x0000, Length: 40
   Step 4 - Start Time : 2014/12/20 PM 05:41:27:729
   Step 4 - End Time : 2014/12/20 PM 05:41:35:301
   Step 4 ok! Spent Time: 7.578s
   Begin Step 5... Action: Write, Chip: SPI Nor Flash, Address: 0x0000, File: D:\work\generalplus\t19hh\tools/gpcv1248_spifc_pack_/gp_cardvr_upgrade.bin
   Step 5 - Start Time : 2014/12/20 PM 05:41:35:301
   Step 5 - End Time : 2014/12/20 PM 05:41:48:712
   Step 5 ok! Spent Time: 13.406s
   USB Task Finished! Spent Time: 20.984s
   Device is Pullouted.

< 14-12-20 17:49:47 >==============================================
Device is Inserted On Driver : [Hub3 Port1] [VER:0, SN:7&2ad724e2&0#{53]
   Begin the USB Task...
   Step 1 disable...
   Begin Step 2... Action: Write, Chip: RAM, Address: 0xF8002000, File: D:\work\generalplus\t19hh\tools\G+CodePacker 1.0.9 Patch 001\USBMassProductionTool/code/gp15b_ispbin.bin
   Step 2 - Start Time : 2014/12/20 PM 05:49:50:160
   Step 2 - End Time : 2014/12/20 PM 05:49:50:167
   Step 2 ok! Spent Time: 0.0s
   Begin Step 3... Action: Jump to Function, Chip: RAM, Address: 0xF8002000
   Step 3 - Start Time : 2014/12/20 PM 05:49:50:167
   Step 3 - End Time : 2014/12/20 PM 05:49:50:168
   Step 3 ok! Spent Time: 0.0s
   Begin Step 4... Action: Erase, Chip: SPI Nor Flash, Address: 0x0000, Length: 40
   Step 4 - Start Time : 2014/12/20 PM 05:49:50:168
   Step 4 - End Time : 2014/12/20 PM 05:49:57:658
   Step 4 ok! Spent Time: 7.500s
   Begin Step 5... Action: Write, Chip: SPI Nor Flash, Address: 0x0000, File: D:\work\generalplus\t19hh\tools/gpcv1248_spifc_pack_/gp_cardvr_upgrade.bin
   Step 5 - Start Time : 2014/12/20 PM 05:49:57:658
   Step 5 - End Time : 2014/12/20 PM 05:50:11:01
   Step 5 ok! Spent Time: 13.343s
   USB Task Finished! Spent Time: 20.843s
   Device is Pullouted.

< 14-12-20 17:56:19 >==============================================
Device is Inserted On Driver : [Hub3 Port1] [VER:0, SN:7&2ad724e2&0#{53]
   Begin the USB Task...
   Step 1 disable...
   Begin Step 2... Action: Write, Chip: RAM, Address: 0xF8002000, File: D:\work\generalplus\t19hh\tools\G+CodePacker 1.0.9 Patch 001\USBMassProductionTool/code/gp15b_ispbin.bin
   Step 2 - Start Time : 2014/12/20 PM 05:56:22:214
   Step 2 - End Time : 2014/12/20 PM 05:56:22:222
   Step 2 ok! Spent Time: 0.16s
   Begin Step 3... Action: Jump to Function, Chip: RAM, Address: 0xF8002000
   Step 3 - Start Time : 2014/12/20 PM 05:56:22:222
   Step 3 - End Time : 2014/12/20 PM 05:56:22:222
   Step 3 ok! Spent Time: 0.0s
   Begin Step 4... Action: Erase, Chip: SPI Nor Flash, Address: 0x0000, Length: 40
   Step 4 - Start Time : 2014/12/20 PM 05:56:22:222
   Step 4 - End Time : 2014/12/20 PM 05:56:29:682
   Step 4 ok! Spent Time: 7.453s
   Begin Step 5... Action: Write, Chip: SPI Nor Flash, Address: 0x0000, File: D:\work\generalplus\t19hh\tools/gpcv1248_spifc_pack_/gp_cardvr_upgrade.bin
   Step 5 - Start Time : 2014/12/20 PM 05:56:29:682
   Step 5 - End Time : 2014/12/20 PM 05:56:43:18
   Step 5 ok! Spent Time: 13.344s
   USB Task Finished! Spent Time: 20.813s
   Device is Pullouted.

< 14-12-20 17:59:02 >==============================================
Device is Inserted On Driver : [Hub3 Port1] [VER:0, SN:7&2ad724e2&0#{53]
   Begin the USB Task...
   Step 1 disable...
   Begin Step 2... Action: Write, Chip: RAM, Address: 0xF8002000, File: D:\work\generalplus\t19hh\tools\G+CodePacker 1.0.9 Patch 001\USBMassProductionTool/code/gp15b_ispbin.bin
   Step 2 - Start Time : 2014/12/20 PM 05:59:04:31
   Step 2 - End Time : 2014/12/20 PM 05:59:04:38
   Step 2 ok! Spent Time: 0.16s
   Begin Step 3... Action: Jump to Function, Chip: RAM, Address: 0xF8002000
   Step 3 - Start Time : 2014/12/20 PM 05:59:04:38
   Step 3 - End Time : 2014/12/20 PM 05:59:04:39
   Step 3 ok! Spent Time: 0.0s
   Begin Step 4... Action: Erase, Chip: SPI Nor Flash, Address: 0x0000, Length: 40
   Step 4 - Start Time : 2014/12/20 PM 05:59:04:39
   Step 4 - End Time : 2014/12/20 PM 05:59:11:511
   Step 4 ok! Spent Time: 7.468s
   Begin Step 5... Action: Write, Chip: SPI Nor Flash, Address: 0x0000, File: D:\work\generalplus\t19hh\tools/gpcv1248_spifc_pack_/gp_cardvr_upgrade.bin
   Step 5 - Start Time : 2014/12/20 PM 05:59:11:511
   Step 5 - End Time : 2014/12/20 PM 05:59:24:851
   Step 5 ok! Spent Time: 13.344s
   USB Task Finished! Spent Time: 20.828s
   Device is Pullouted.
