
< 14-10-20 20:26:08 >==============================================
Device is Inserted On Driver : [Hub4 Port2] [VER:0, SN:7&181d743d&0#{53]
   Begin the USB Task...
   Step 1 disable...
   Begin Step 2... Action: Write, Chip: RAM, Address: 0xF8002000, File: D:\work\generalplus\t19hh\tools\G+CodePacker 1.0.9 Patch 001\USBMassProductionTool/code/gp15b_ispbin.bin
   Step 2 - Start Time : 2014/10/20 PM 08:26:10:755
   Step 2 - End Time : 2014/10/20 PM 08:26:10:763
   Step 2 ok! Spent Time: 0.0s
   Begin Step 3... Action: Jump to Function, Chip: RAM, Address: 0xF8002000
   Step 3 - Start Time : 2014/10/20 PM 08:26:10:763
   Step 3 - End Time : 2014/10/20 PM 08:26:10:763
   Step 3 ok! Spent Time: 0.0s
   Begin Step 4... Action: Erase, Chip: SPI Nor Flash, Address: 0x0000, Length: 40
   Step 4 - Start Time : 2014/10/20 PM 08:26:10:763
   Step 4 - End Time : 2014/10/20 PM 08:26:22:222
   Step 4 ok! Spent Time: 11.469s
   Begin Step 5... Action: Write, Chip: SPI Nor Flash, Address: 0x0000, File: D:\work\generalplus\t19hh\tools/gpcv1248_spifc_pack_/gp_cardvr_upgrade.bin
   Step 5 - Start Time : 2014/10/20 PM 08:26:22:222
   Step 5 - End Time : 2014/10/20 PM 08:26:42:843
   Step 5 ok! Spent Time: 20.609s
   USB Task Finished! Spent Time: 32.78s
   Device is Pullouted.

< 14-10-20 20:28:20 >==============================================
Device is Inserted On Driver : [Hub4 Port2] [VER:0, SN:7&181d743d&0#{53]
   Begin the USB Task...
   Step 1 disable...
   Begin Step 2... Action: Write, Chip: RAM, Address: 0xF8002000, File: D:\work\generalplus\t19hh\tools\G+CodePacker 1.0.9 Patch 001\USBMassProductionTool/code/gp15b_ispbin.bin
   Step 2 - Start Time : 2014/10/20 PM 08:28:26:28
   Step 2 - End Time : 2014/10/20 PM 08:28:26:35
   Step 2 ok! Spent Time: 0.15s
   Begin Step 3... Action: Jump to Function, Chip: RAM, Address: 0xF8002000
   Step 3 - Start Time : 2014/10/20 PM 08:28:26:36
   Step 3 - End Time : 2014/10/20 PM 08:28:26:36
   Step 3 ok! Spent Time: 0.0s
   Begin Step 4... Action: Erase, Chip: SPI Nor Flash, Address: 0x0000, Length: 40
   Step 4 - Start Time : 2014/10/20 PM 08:28:26:36
   Step 4 - End Time : 2014/10/20 PM 08:28:37:69
   Step 4 ok! Spent Time: 11.31s
   Begin Step 5... Action: Write, Chip: SPI Nor Flash, Address: 0x0000, File: D:\work\generalplus\t19hh\tools/gpcv1248_spifc_pack_/gp_cardvr_upgrade.bin
   Step 5 - Start Time : 2014/10/20 PM 08:28:37:69
   Step 5 - End Time : 2014/10/20 PM 08:28:57:476
   Step 5 ok! Spent Time: 20.407s
   USB Task Finished! Spent Time: 31.453s
   Device is Pullouted.

< 14-10-20 20:32:09 >==============================================
Device is Inserted On Driver : [Hub4 Port2] [VER:0, SN:7&181d743d&0#{53]
   Begin the USB Task...
   Step 1 disable...
   Begin Step 2... Action: Write, Chip: RAM, Address: 0xF8002000, File: D:\work\generalplus\t19hh\tools\G+CodePacker 1.0.9 Patch 001\USBMassProductionTool/code/gp15b_ispbin.bin
   Step 2 - Start Time : 2014/10/20 PM 08:32:12:810
   Step 2 - End Time : 2014/10/20 PM 08:32:12:817
   Step 2 ok! Spent Time: 0.15s
   Begin Step 3... Action: Jump to Function, Chip: RAM, Address: 0xF8002000
   Step 3 - Start Time : 2014/10/20 PM 08:32:12:817
   Step 3 - End Time : 2014/10/20 PM 08:32:12:818
   Step 3 ok! Spent Time: 0.0s
   Begin Step 4... Action: Erase, Chip: SPI Nor Flash, Address: 0x0000, Length: 40
   Step 4 - Start Time : 2014/10/20 PM 08:32:12:818
   Step 4 - End Time : 2014/10/20 PM 08:32:23:818
   Step 4 ok! Spent Time: 11.0s
   Begin Step 5... Action: Write, Chip: SPI Nor Flash, Address: 0x0000, File: D:\work\generalplus\t19hh\tools/gpcv1248_spifc_pack_/gp_cardvr_upgrade.bin
   Step 5 - Start Time : 2014/10/20 PM 08:32:23:818
   Step 5 - End Time : 2014/10/20 PM 08:32:44:242
   Step 5 ok! Spent Time: 20.422s
   USB Task Finished! Spent Time: 31.437s
   Device is Pullouted.

< 14-10-20 20:33:15 >==============================================
Device is Inserted On Driver : [Hub4 Port2] [VER:0, SN:7&181d743d&0#{53]
   Device is Pullouted.

< 14-10-20 20:34:11 >==============================================
Device is Inserted On Driver : [Hub4 Port2] [VER:0, SN:7&181d743d&0#{53]
   Begin the USB Task...
   Step 1 disable...
   Begin Step 2... Action: Write, Chip: RAM, Address: 0xF8002000, File: D:\work\generalplus\t19hh\tools\G+CodePacker 1.0.9 Patch 001\USBMassProductionTool/code/gp15b_ispbin.bin
   Step 2 - Start Time : 2014/10/20 PM 08:34:12:305
   Step 2 - End Time : 2014/10/20 PM 08:34:12:312
   Step 2 ok! Spent Time: 0.0s
   Begin Step 3... Action: Jump to Function, Chip: RAM, Address: 0xF8002000
   Step 3 - Start Time : 2014/10/20 PM 08:34:12:312
   Step 3 - End Time : 2014/10/20 PM 08:34:12:313
   Step 3 ok! Spent Time: 0.0s
   Begin Step 4... Action: Erase, Chip: SPI Nor Flash, Address: 0x0000, Length: 40
   Step 4 - Start Time : 2014/10/20 PM 08:34:12:313
   Step 4 - End Time : 2014/10/20 PM 08:34:23:335
   Step 4 ok! Spent Time: 11.31s
   Begin Step 5... Action: Write, Chip: SPI Nor Flash, Address: 0x0000, File: D:\work\generalplus\t19hh\tools/gpcv1248_spifc_pack_/gp_cardvr_upgrade.bin
   Step 5 - Start Time : 2014/10/20 PM 08:34:23:335
   Step 5 - End Time : 2014/10/20 PM 08:34:43:783
   Step 5 ok! Spent Time: 20.453s
   USB Task Finished! Spent Time: 31.484s
   Device is Pullouted.

< 14-10-20 20:37:35 >==============================================
Device is Inserted On Driver : [Hub4 Port2] [VER:0, SN:7&181d743d&0#{53]
   Begin the USB Task...
   Step 1 disable...
   Begin Step 2... Action: Write, Chip: RAM, Address: 0xF8002000, File: D:\work\generalplus\t19hh\tools\G+CodePacker 1.0.9 Patch 001\USBMassProductionTool/code/gp15b_ispbin.bin
   Step 2 - Start Time : 2014/10/20 PM 08:37:38:672
   Step 2 - End Time : 2014/10/20 PM 08:37:38:679
   Step 2 ok! Spent Time: 0.16s
   Begin Step 3... Action: Jump to Function, Chip: RAM, Address: 0xF8002000
   Step 3 - Start Time : 2014/10/20 PM 08:37:38:679
   Step 3 - End Time : 2014/10/20 PM 08:37:38:680
   Step 3 ok! Spent Time: 0.0s
   Begin Step 4... Action: Erase, Chip: SPI Nor Flash, Address: 0x0000, Length: 40
   Step 4 - Start Time : 2014/10/20 PM 08:37:38:680
   Step 4 - End Time : 2014/10/20 PM 08:37:49:663
   Step 4 ok! Spent Time: 10.984s
   Begin Step 5... Action: Write, Chip: SPI Nor Flash, Address: 0x0000, File: D:\work\generalplus\t19hh\tools/gpcv1248_spifc_pack_/gp_cardvr_upgrade.bin
   Step 5 - Start Time : 2014/10/20 PM 08:37:49:663
   Step 5 - End Time : 2014/10/20 PM 08:38:10:85
   Step 5 ok! Spent Time: 20.422s
   USB Task Finished! Spent Time: 31.422s
   Device is Pullouted.

< 14-10-20 20:41:54 >==============================================
Device is Inserted On Driver : [Hub4 Port2] [VER:0, SN:7&181d743d&0#{53]
   Begin the USB Task...
   Step 1 disable...
   Begin Step 2... Action: Write, Chip: RAM, Address: 0xF8002000, File: D:\work\generalplus\t19hh\tools\G+CodePacker 1.0.9 Patch 001\USBMassProductionTool/code/gp15b_ispbin.bin
   Step 2 - Start Time : 2014/10/20 PM 08:41:55:714
   Step 2 - End Time : 2014/10/20 PM 08:41:55:729
   Step 2 ok! Spent Time: 0.16s
   Begin Step 3... Action: Jump to Function, Chip: RAM, Address: 0xF8002000
   Step 3 - Start Time : 2014/10/20 PM 08:41:55:729
   Step 3 - End Time : 2014/10/20 PM 08:41:55:732
   Step 3 ok! Spent Time: 0.0s
   Begin Step 4... Action: Erase, Chip: SPI Nor Flash, Address: 0x0000, Length: 40
   Step 4 - Start Time : 2014/10/20 PM 08:41:55:732
   Step 4 - End Time : 2014/10/20 PM 08:42:06:749
   Step 4 ok! Spent Time: 11.15s
   Begin Step 5... Action: Write, Chip: SPI Nor Flash, Address: 0x0000, File: D:\work\generalplus\t19hh\tools/gpcv1248_spifc_pack_/gp_cardvr_upgrade.bin
   Step 5 - Start Time : 2014/10/20 PM 08:42:06:749
   Step 5 - End Time : 2014/10/20 PM 08:42:27:189
   Step 5 ok! Spent Time: 20.438s
   USB Task Finished! Spent Time: 31.469s
   Device is Pullouted.

< 14-10-20 21:00:53 >==============================================
Device is Inserted On Driver : [Hub4 Port2] [VER:0, SN:7&181d743d&0#{53]
   Begin the USB Task...
   Step 1 disable...
   Begin Step 2... Action: Write, Chip: RAM, Address: 0xF8002000, File: D:\work\generalplus\t19hh\tools\G+CodePacker 1.0.9 Patch 001\USBMassProductionTool/code/gp15b_ispbin.bin
   Step 2 - Start Time : 2014/10/20 PM 09:00:55:129
   Step 2 - End Time : 2014/10/20 PM 09:00:55:136
   Step 2 ok! Spent Time: 0.0s
   Begin Step 3... Action: Jump to Function, Chip: RAM, Address: 0xF8002000
   Step 3 - Start Time : 2014/10/20 PM 09:00:55:137
   Step 3 - End Time : 2014/10/20 PM 09:00:55:139
   Step 3 ok! Spent Time: 0.0s
   Begin Step 4... Action: Erase, Chip: SPI Nor Flash, Address: 0x0000, Length: 40
   Step 4 - Start Time : 2014/10/20 PM 09:00:55:139
   Step 4 - End Time : 2014/10/20 PM 09:01:06:383
   Step 4 ok! Spent Time: 11.250s
   Begin Step 5... Action: Write, Chip: SPI Nor Flash, Address: 0x0000, File: D:\work\generalplus\t19hh\tools/gpcv1248_spifc_pack_/gp_cardvr_upgrade.bin
   Step 5 - Start Time : 2014/10/20 PM 09:01:06:383
   Step 5 - End Time : 2014/10/20 PM 09:01:26:862
   Step 5 ok! Spent Time: 20.484s
   USB Task Finished! Spent Time: 31.734s
   Device is Pullouted.

< 14-10-20 21:21:18 >==============================================
Device is Inserted On Driver : [Hub4 Port2] [VER:0, SN:7&181d743d&0#{53]
   Begin the USB Task...
   Step 1 disable...
   Begin Step 2... Action: Write, Chip: RAM, Address: 0xF8002000, File: D:\work\generalplus\t19hh\tools\G+CodePacker 1.0.9 Patch 001\USBMassProductionTool/code/gp15b_ispbin.bin
   Step 2 - Start Time : 2014/10/20 PM 09:21:21:106
   Step 2 - End Time : 2014/10/20 PM 09:21:21:113
   Step 2 ok! Spent Time: 0.15s
   Begin Step 3... Action: Jump to Function, Chip: RAM, Address: 0xF8002000
   Step 3 - Start Time : 2014/10/20 PM 09:21:21:114
   Step 3 - End Time : 2014/10/20 PM 09:21:21:114
   Step 3 ok! Spent Time: 0.0s
   Begin Step 4... Action: Erase, Chip: SPI Nor Flash, Address: 0x0000, Length: 40
   Step 4 - Start Time : 2014/10/20 PM 09:21:21:114
   Step 4 - End Time : 2014/10/20 PM 09:21:32:510
   Step 4 ok! Spent Time: 11.391s
   Begin Step 5... Action: Write, Chip: SPI Nor Flash, Address: 0x0000, File: D:\work\generalplus\t19hh\tools/gpcv1248_spifc_pack_/gp_cardvr_upgrade.bin
   Step 5 - Start Time : 2014/10/20 PM 09:21:32:510
   Step 5 - End Time : 2014/10/20 PM 09:21:53:33
   Step 5 ok! Spent Time: 20.531s
   USB Task Finished! Spent Time: 31.937s
   Device is Pullouted.

< 14-10-20 21:23:11 >==============================================
Device is Inserted On Driver : [Hub4 Port2] [VER:0, SN:7&181d743d&0#{53]
   Begin the USB Task...
   Step 1 disable...
   Begin Step 2... Action: Write, Chip: RAM, Address: 0xF8002000, File: D:\work\generalplus\t19hh\tools\G+CodePacker 1.0.9 Patch 001\USBMassProductionTool/code/gp15b_ispbin.bin
   Step 2 - Start Time : 2014/10/20 PM 09:23:16:882
   Step 2 - End Time : 2014/10/20 PM 09:23:16:889
   Step 2 ok! Spent Time: 0.0s
   Begin Step 3... Action: Jump to Function, Chip: RAM, Address: 0xF8002000
   Step 3 - Start Time : 2014/10/20 PM 09:23:16:889
   Step 3 - End Time : 2014/10/20 PM 09:23:16:890
   Step 3 ok! Spent Time: 0.0s
   Begin Step 4... Action: Erase, Chip: SPI Nor Flash, Address: 0x0000, Length: 40
   Step 4 - Start Time : 2014/10/20 PM 09:23:16:890
   Step 4 - End Time : 2014/10/20 PM 09:23:27:994
   Step 4 ok! Spent Time: 11.109s
   Begin Step 5... Action: Write, Chip: SPI Nor Flash, Address: 0x0000, File: D:\work\generalplus\t19hh\tools/gpcv1248_spifc_pack_/gp_cardvr_upgrade.bin
   Step 5 - Start Time : 2014/10/20 PM 09:23:27:994
   Step 5 - End Time : 2014/10/20 PM 09:23:48:356
   Step 5 ok! Spent Time: 20.360s
   USB Task Finished! Spent Time: 31.469s
   Device is Pullouted.

< 14-10-20 21:25:55 >==============================================
Device is Inserted On Driver : [Hub4 Port2] [VER:0, SN:7&181d743d&0#{53]
   Begin the USB Task...
   Step 1 disable...
   Begin Step 2... Action: Write, Chip: RAM, Address: 0xF8002000, File: D:\work\generalplus\t19hh\tools\G+CodePacker 1.0.9 Patch 001\USBMassProductionTool/code/gp15b_ispbin.bin
   Step 2 - Start Time : 2014/10/20 PM 09:25:57:721
   Step 2 - End Time : 2014/10/20 PM 09:25:57:728
   Step 2 ok! Spent Time: 0.0s
   Begin Step 3... Action: Jump to Function, Chip: RAM, Address: 0xF8002000
   Step 3 - Start Time : 2014/10/20 PM 09:25:57:728
   Step 3 - End Time : 2014/10/20 PM 09:25:57:729
   Step 3 ok! Spent Time: 0.0s
   Begin Step 4... Action: Erase, Chip: SPI Nor Flash, Address: 0x0000, Length: 40
   Step 4 - Start Time : 2014/10/20 PM 09:25:57:729
   Step 4 - End Time : 2014/10/20 PM 09:26:08:766
   Step 4 ok! Spent Time: 11.31s
   Begin Step 5... Action: Write, Chip: SPI Nor Flash, Address: 0x0000, File: D:\work\generalplus\t19hh\tools/gpcv1248_spifc_pack_/gp_cardvr_upgrade.bin
   Step 5 - Start Time : 2014/10/20 PM 09:26:08:766
   Step 5 - End Time : 2014/10/20 PM 09:26:29:126
   Step 5 ok! Spent Time: 20.375s
   USB Task Finished! Spent Time: 31.406s
   Device is Pullouted.

< 14-10-20 21:30:47 >==============================================
Device is Inserted On Driver : [Hub4 Port2] [VER:0, SN:7&181d743d&0#{53]
   Begin the USB Task...
   Step 1 disable...
   Begin Step 2... Action: Write, Chip: RAM, Address: 0xF8002000, File: D:\work\generalplus\t19hh\tools\G+CodePacker 1.0.9 Patch 001\USBMassProductionTool/code/gp15b_ispbin.bin
   Step 2 - Start Time : 2014/10/20 PM 09:31:00:127
   Step 2 - End Time : 2014/10/20 PM 09:31:00:134
   Step 2 ok! Spent Time: 0.0s
   Begin Step 3... Action: Jump to Function, Chip: RAM, Address: 0xF8002000
   Step 3 - Start Time : 2014/10/20 PM 09:31:00:134
   Step 3 - End Time : 2014/10/20 PM 09:31:00:135
   Step 3 ok! Spent Time: 0.0s
   Begin Step 4... Action: Erase, Chip: SPI Nor Flash, Address: 0x0000, Length: 40
   Step 4 - Start Time : 2014/10/20 PM 09:31:00:135
   Step 4 - End Time : 2014/10/20 PM 09:31:11:135
   Step 4 ok! Spent Time: 11.0s
   Begin Step 5... Action: Write, Chip: SPI Nor Flash, Address: 0x0000, File: D:\work\generalplus\t19hh\tools/gpcv1248_spifc_pack_/gp_cardvr_upgrade.bin
   Step 5 - Start Time : 2014/10/20 PM 09:31:11:135
   Step 5 - End Time : 2014/10/20 PM 09:31:31:488
   Step 5 ok! Spent Time: 20.359s
   USB Task Finished! Spent Time: 31.359s
   Device is Pullouted.
