
< 14-12-01 09:27:30 >==============================================
Device is Inserted On Driver : [Hub4 Port2] [VER:0, SN:7&181d743d&0#{53]
   Begin the USB Task...
   Step 1 disable...
   Begin Step 2... Action: Write, Chip: RAM, Address: 0xF8002000, File: D:\work\generalplus\t19hh\tools\G+CodePacker 1.0.9 Patch 001\USBMassProductionTool/code/gp15b_ispbin.bin
   Step 2 - Start Time : 2014/12/01 AM 09:27:32:523
   Step 2 - End Time : 2014/12/01 AM 09:27:32:530
   Step 2 ok! Spent Time: 0.16s
   Begin Step 3... Action: Jump to Function, Chip: RAM, Address: 0xF8002000
   Step 3 - Start Time : 2014/12/01 AM 09:27:32:530
   Step 3 - End Time : 2014/12/01 AM 09:27:32:530
   Step 3 ok! Spent Time: 0.0s
   Begin Step 4... Action: Erase, Chip: SPI Nor Flash, Address: 0x0000, Length: 40
   Step 4 - Start Time : 2014/12/01 AM 09:27:32:530
   Step 4 - End Time : 2014/12/01 AM 09:27:43:147
   Step 4 ok! Spent Time: 10.609s
   Begin Step 5... Action: Write, Chip: SPI Nor Flash, Address: 0x0000, File: D:\work\generalplus\t19hh\tools/gpcv1248_spifc_pack_/gp_cardvr_upgrade.bin
   Step 5 - Start Time : 2014/12/01 AM 09:27:43:147
   Step 5 - End Time : 2014/12/01 AM 09:28:03:482
   Step 5 ok! Spent Time: 20.328s
   USB Task Finished! Spent Time: 30.953s
   Device is Pullouted.

< 14-12-01 09:32:33 >==============================================
Device is Inserted On Driver : [Hub4 Port2] [VER:0, SN:7&181d743d&0#{53]
   Begin the USB Task...
   Step 1 disable...
   Begin Step 2... Action: Write, Chip: RAM, Address: 0xF8002000, File: D:\work\generalplus\t19hh\tools\G+CodePacker 1.0.9 Patch 001\USBMassProductionTool/code/gp15b_ispbin.bin
   Step 2 - Start Time : 2014/12/01 AM 09:32:34:979
   Step 2 - End Time : 2014/12/01 AM 09:32:34:986
   Step 2 ok! Spent Time: 0.16s
   Begin Step 3... Action: Jump to Function, Chip: RAM, Address: 0xF8002000
   Step 3 - Start Time : 2014/12/01 AM 09:32:34:986
   Step 3 - End Time : 2014/12/01 AM 09:32:34:987
   Step 3 ok! Spent Time: 0.0s
   Begin Step 4... Action: Erase, Chip: SPI Nor Flash, Address: 0x0000, Length: 40
   Step 4 - Start Time : 2014/12/01 AM 09:32:34:987
   Step 4 - End Time : 2014/12/01 AM 09:32:44:272
   Step 4 ok! Spent Time: 9.281s
   Begin Step 5... Action: Write, Chip: SPI Nor Flash, Address: 0x0000, File: D:\work\generalplus\t19hh\tools/gpcv1248_spifc_pack_/gp_cardvr_upgrade.bin
   Step 5 - Start Time : 2014/12/01 AM 09:32:44:272
   Step 5 - End Time : 2014/12/01 AM 09:32:57:765
   Step 5 ok! Spent Time: 13.500s
   USB Task Finished! Spent Time: 22.797s
   Device is Pullouted.

< 14-12-01 09:38:12 >==============================================
Device is Inserted On Driver : [Hub4 Port2] [VER:0, SN:7&181d743d&0#{53]
   Begin the USB Task...
   Step 1 disable...
   Begin Step 2... Action: Write, Chip: RAM, Address: 0xF8002000, File: D:\work\generalplus\t19hh\tools\G+CodePacker 1.0.9 Patch 001\USBMassProductionTool/code/gp15b_ispbin.bin
   Step 2 - Start Time : 2014/12/01 AM 09:38:14:513
   Step 2 - End Time : 2014/12/01 AM 09:38:14:520
   Step 2 ok! Spent Time: 0.16s
   Begin Step 3... Action: Jump to Function, Chip: RAM, Address: 0xF8002000
   Step 3 - Start Time : 2014/12/01 AM 09:38:14:520
   Step 3 - End Time : 2014/12/01 AM 09:38:14:520
   Step 3 ok! Spent Time: 0.0s
   Begin Step 4... Action: Erase, Chip: SPI Nor Flash, Address: 0x0000, Length: 40
   Step 4 - Start Time : 2014/12/01 AM 09:38:14:520
   Step 4 - End Time : 2014/12/01 AM 09:38:23:573
   Step 4 ok! Spent Time: 9.47s
   Begin Step 5... Action: Write, Chip: SPI Nor Flash, Address: 0x0000, File: D:\work\generalplus\t19hh\tools/gpcv1248_spifc_pack_/gp_cardvr_upgrade.bin
   Step 5 - Start Time : 2014/12/01 AM 09:38:23:574
   Step 5 - End Time : 2014/12/01 AM 09:38:37:65
   Step 5 ok! Spent Time: 13.500s
   USB Task Finished! Spent Time: 22.563s
   Device is Pullouted.

< 14-12-01 09:41:20 >==============================================
Device is Inserted On Driver : [Hub4 Port2] [VER:0, SN:7&33c80902&0#{53]
   Device is Pullouted.

< 14-12-01 10:49:41 >==============================================
Device is Inserted On Driver : [Hub4 Port2] [VER:0, SN:7&181d743d&0#{53]
   Device is Pullouted.

< 14-12-01 10:50:01 >==============================================
Device is Inserted On Driver : [Hub4 Port2] [VER:0, SN:7&33c80902&0#{53]
   Device is Pullouted.

< 14-12-01 11:00:18 >==============================================
Device is Inserted On Driver : [Hub4 Port2] [VER:0, SN:7&33c80902&0#{53]
   Device is Pullouted.

< 14-12-01 10:51:26 >==============================================
Device is Inserted On Driver : [Hub4 Port1] [VER:0, SN:7&ae6efa0&1#{53f]
   Device is Pullouted.
