
< 14-11-05 16:24:39 >==============================================
Device is Inserted On Driver : [Hub4 Port1] [VER:0, SN:7&2ad724e2&0#{53]
   Begin the USB Task...
   Step 1 disable...
   Begin Step 2... Action: Write, Chip: RAM, Address: 0xF8002000, File: D:\work\generalplus\t19hh\tools\G+CodePacker 1.0.9 Patch 001\USBMassProductionTool/code/gp15b_ispbin.bin
   Step 2 - Start Time : 2014/11/05 PM 04:24:41:537
   Step 2 - End Time : 2014/11/05 PM 04:24:41:543
   Step 2 ok! Spent Time: 0.0s
   Begin Step 3... Action: Jump to Function, Chip: RAM, Address: 0xF8002000
   Step 3 - Start Time : 2014/11/05 PM 04:24:41:543
   Step 3 - End Time : 2014/11/05 PM 04:24:41:544
   Step 3 ok! Spent Time: 0.0s
   Begin Step 4... Action: Erase, Chip: SPI Nor Flash, Address: 0x0000, Length: 40
   Step 4 - Start Time : 2014/11/05 PM 04:24:41:544
   Step 4 - End Time : 2014/11/05 PM 04:24:53:994
   Step 4 ok! Spent Time: 12.453s
   Begin Step 5... Action: Write, Chip: SPI Nor Flash, Address: 0x0000, File: D:\work\generalplus\t19hh\tools/gpcv1248_spifc_pack_/gp_cardvr_upgrade.bin
   Step 5 - Start Time : 2014/11/05 PM 04:24:53:995
   Step 5 - End Time : 2014/11/05 PM 04:25:15:702
   Step 5 ok! Spent Time: 21.703s
   USB Task Finished! Spent Time: 34.156s
   Device is Pullouted.
