
< 14-12-09 14:29:54 >==============================================
Device is Inserted On Driver : [Hub4 Port1] [VER:0, SN:7&ae6efa0&1#{53f]
   Device is Pullouted.

< 14-12-09 14:30:27 >==============================================
Device is Inserted On Driver : [Hub4 Port1] [VER:0, SN:7&ae6efa0&1#{53f]
   Device is Pullouted.

< 14-12-09 14:31:01 >==============================================
Device is Inserted On Driver : [Hub4 Port1] [VER:0, SN:7&2ad724e2&0#{53]
   Device is Pullouted.

< 14-12-09 14:31:10 >==============================================
Device is Inserted On Driver : [Hub4 Port1] [VER:0, SN:7&2ad724e2&0#{53]
   Begin the USB Task...
   Step 1 disable...
   Begin Step 2... Action: Write, Chip: RAM, Address: 0xF8002000, File: D:\work\generalplus\t19hh\tools\G+CodePacker 1.0.9 Patch 001\USBMassProductionTool/code/gp15b_ispbin.bin
   Step 2 - Start Time : 2014/12/09 PM 02:31:15:202
   Step 2 - End Time : 2014/12/09 PM 02:31:15:209
   Step 2 ok! Spent Time: 0.0s
   Begin Step 3... Action: Jump to Function, Chip: RAM, Address: 0xF8002000
   Step 3 - Start Time : 2014/12/09 PM 02:31:15:209
   Step 3 - End Time : 2014/12/09 PM 02:31:15:210
   Step 3 ok! Spent Time: 0.0s
   Begin Step 4... Action: Erase, Chip: SPI Nor Flash, Address: 0x0000, Length: 40
   Step 4 - Start Time : 2014/12/09 PM 02:31:15:210
   Step 4 - End Time : 2014/12/09 PM 02:31:28:833
   Step 4 ok! Spent Time: 13.625s
   Begin Step 5... Action: Write, Chip: SPI Nor Flash, Address: 0x0000, File: D:\work\generalplus\t19hh\tools/gpcv1248_spifc_pack_/gp_cardvr_upgrade.bin
   Step 5 - Start Time : 2014/12/09 PM 02:31:28:833
   Step 5 - End Time : 2014/12/09 PM 02:31:42:262
   Step 5 ok! Spent Time: 13.437s
   USB Task Finished! Spent Time: 27.62s
   Device is Pullouted.

< 14-12-09 16:06:09 >==============================================
Device is Inserted On Driver : [Hub4 Port1] [VER:0, SN:7&2ad724e2&0#{53]
   Begin the USB Task...
   Step 1 disable...
   Begin Step 2... Action: Write, Chip: RAM, Address: 0xF8002000, File: D:\work\generalplus\t19hh\tools\G+CodePacker 1.0.9 Patch 001\USBMassProductionTool/code/gp15b_ispbin.bin
   Step 2 - Start Time : 2014/12/09 PM 04:06:13:35
   Step 2 - End Time : 2014/12/09 PM 04:06:13:42
   Step 2 ok! Spent Time: 0.15s
   Begin Step 3... Action: Jump to Function, Chip: RAM, Address: 0xF8002000
   Step 3 - Start Time : 2014/12/09 PM 04:06:13:42
   Step 3 - End Time : 2014/12/09 PM 04:06:13:42
   Step 3 ok! Spent Time: 0.0s
   Begin Step 4... Action: Erase, Chip: SPI Nor Flash, Address: 0x0000, Length: 40
   Step 4 - Start Time : 2014/12/09 PM 04:06:13:42
   Step 4 - End Time : 2014/12/09 PM 04:06:26:456
   Step 4 ok! Spent Time: 13.407s
   Begin Step 5... Action: Write, Chip: SPI Nor Flash, Address: 0x0000, File: D:\work\generalplus\t19hh\tools/gpcv1248_spifc_pack_/gp_cardvr_upgrade.bin
   Step 5 - Start Time : 2014/12/09 PM 04:06:26:456
   Step 5 - End Time : 2014/12/09 PM 04:06:39:778
   Step 5 ok! Spent Time: 13.328s
   USB Task Finished! Spent Time: 26.750s
   Device is Pullouted.

< 14-12-09 16:07:57 >==============================================
Device is Inserted On Driver : [Hub4 Port1] [VER:0, SN:7&2ad724e2&0#{53]
   Begin the USB Task...
   Step 1 disable...
   Begin Step 2... Action: Write, Chip: RAM, Address: 0xF8002000, File: D:\work\generalplus\t19hh\tools\G+CodePacker 1.0.9 Patch 001\USBMassProductionTool/code/gp15b_ispbin.bin
   Step 2 - Start Time : 2014/12/09 PM 04:08:02:513
   Step 2 - End Time : 2014/12/09 PM 04:08:02:520
   Step 2 ok! Spent Time: 0.0s
   Begin Step 3... Action: Jump to Function, Chip: RAM, Address: 0xF8002000
   Step 3 - Start Time : 2014/12/09 PM 04:08:02:521
   Step 3 - End Time : 2014/12/09 PM 04:08:02:521
   Step 3 ok! Spent Time: 0.0s
   Begin Step 4... Action: Erase, Chip: SPI Nor Flash, Address: 0x0000, Length: 40
   Step 4 - Start Time : 2014/12/09 PM 04:08:02:521
   Step 4 - End Time : 2014/12/09 PM 04:08:15:746
   Step 4 ok! Spent Time: 13.234s
   Begin Step 5... Action: Write, Chip: SPI Nor Flash, Address: 0x0000, File: D:\work\generalplus\t19hh\tools/gpcv1248_spifc_pack_/gp_cardvr_upgrade.bin
   Step 5 - Start Time : 2014/12/09 PM 04:08:15:747
   Step 5 - End Time : 2014/12/09 PM 04:08:29:81
   Step 5 ok! Spent Time: 13.329s
   USB Task Finished! Spent Time: 26.563s
   Device is Pullouted.

< 14-12-09 16:09:52 >==============================================
Device is Inserted On Driver : [Hub4 Port1] [VER:0, SN:7&2ad724e2&0#{53]
   Begin the USB Task...
   Step 1 disable...
   Begin Step 2... Action: Write, Chip: RAM, Address: 0xF8002000, File: D:\work\generalplus\t19hh\tools\G+CodePacker 1.0.9 Patch 001\USBMassProductionTool/code/gp15b_ispbin.bin
   Step 2 - Start Time : 2014/12/09 PM 04:09:55:689
   Step 2 - End Time : 2014/12/09 PM 04:09:55:696
   Step 2 ok! Spent Time: 0.0s
   Begin Step 3... Action: Jump to Function, Chip: RAM, Address: 0xF8002000
   Step 3 - Start Time : 2014/12/09 PM 04:09:55:696
   Step 3 - End Time : 2014/12/09 PM 04:09:55:696
   Step 3 ok! Spent Time: 0.0s
   Begin Step 4... Action: Erase, Chip: SPI Nor Flash, Address: 0x0000, Length: 40
   Step 4 - Start Time : 2014/12/09 PM 04:09:55:696
   Step 4 - End Time : 2014/12/09 PM 04:10:08:866
   Step 4 ok! Spent Time: 13.172s
   Begin Step 5... Action: Write, Chip: SPI Nor Flash, Address: 0x0000, File: D:\work\generalplus\t19hh\tools/gpcv1248_spifc_pack_/gp_cardvr_upgrade.bin
   Step 5 - Start Time : 2014/12/09 PM 04:10:08:866
   Step 5 - End Time : 2014/12/09 PM 04:10:22:212
   Step 5 ok! Spent Time: 13.344s
   USB Task Finished! Spent Time: 26.516s
   Device is Pullouted.

< 14-12-09 16:13:27 >==============================================
Device is Inserted On Driver : [Hub4 Port1] [VER:0, SN:7&2ad724e2&0#{53]
   Begin the USB Task...
   Step 1 disable...
   Begin Step 2... Action: Write, Chip: RAM, Address: 0xF8002000, File: D:\work\generalplus\t19hh\tools\G+CodePacker 1.0.9 Patch 001\USBMassProductionTool/code/gp15b_ispbin.bin
   Step 2 - Start Time : 2014/12/09 PM 04:13:29:232
   Step 2 - End Time : 2014/12/09 PM 04:13:29:239
   Step 2 ok! Spent Time: 0.0s
   Begin Step 3... Action: Jump to Function, Chip: RAM, Address: 0xF8002000
   Step 3 - Start Time : 2014/12/09 PM 04:13:29:239
   Step 3 - End Time : 2014/12/09 PM 04:13:29:240
   Step 3 ok! Spent Time: 0.0s
   Begin Step 4... Action: Erase, Chip: SPI Nor Flash, Address: 0x0000, Length: 40
   Step 4 - Start Time : 2014/12/09 PM 04:13:29:240
   Step 4 - End Time : 2014/12/09 PM 04:13:42:360
   Step 4 ok! Spent Time: 13.125s
   Begin Step 5... Action: Write, Chip: SPI Nor Flash, Address: 0x0000, File: D:\work\generalplus\t19hh\tools/gpcv1248_spifc_pack_/gp_cardvr_upgrade.bin
   Step 5 - Start Time : 2014/12/09 PM 04:13:42:361
   Step 5 - End Time : 2014/12/09 PM 04:13:55:704
   Step 5 ok! Spent Time: 13.344s
   USB Task Finished! Spent Time: 26.469s
   Device is Pullouted.

< 14-12-09 16:16:30 >==============================================
Device is Inserted On Driver : [Hub4 Port1] [VER:0, SN:7&2ad724e2&0#{53]
   Begin the USB Task...
   Step 1 disable...
   Begin Step 2... Action: Write, Chip: RAM, Address: 0xF8002000, File: D:\work\generalplus\t19hh\tools\G+CodePacker 1.0.9 Patch 001\USBMassProductionTool/code/gp15b_ispbin.bin
   Step 2 - Start Time : 2014/12/09 PM 04:16:32:807
   Step 2 - End Time : 2014/12/09 PM 04:16:32:814
   Step 2 ok! Spent Time: 0.0s
   Begin Step 3... Action: Jump to Function, Chip: RAM, Address: 0xF8002000
   Step 3 - Start Time : 2014/12/09 PM 04:16:32:814
   Step 3 - End Time : 2014/12/09 PM 04:16:32:815
   Step 3 ok! Spent Time: 0.0s
   Begin Step 4... Action: Erase, Chip: SPI Nor Flash, Address: 0x0000, Length: 40
   Step 4 - Start Time : 2014/12/09 PM 04:16:32:815
   Step 4 - End Time : 2014/12/09 PM 04:16:45:816
   Step 4 ok! Spent Time: 13.0s
   Begin Step 5... Action: Write, Chip: SPI Nor Flash, Address: 0x0000, File: D:\work\generalplus\t19hh\tools/gpcv1248_spifc_pack_/gp_cardvr_upgrade.bin
   Step 5 - Start Time : 2014/12/09 PM 04:16:45:816
   Step 5 - End Time : 2014/12/09 PM 04:16:59:163
   Step 5 ok! Spent Time: 13.344s
   USB Task Finished! Spent Time: 26.344s
   Device is Pullouted.

< 14-12-09 16:17:35 >==============================================
Device is Inserted On Driver : [Hub4 Port1] [VER:0, SN:7&2ad724e2&0#{53]
   Begin the USB Task...
   Step 1 disable...
   Begin Step 2... Action: Write, Chip: RAM, Address: 0xF8002000, File: D:\work\generalplus\t19hh\tools\G+CodePacker 1.0.9 Patch 001\USBMassProductionTool/code/gp15b_ispbin.bin
   Step 2 - Start Time : 2014/12/09 PM 04:17:36:800
   Step 2 - End Time : 2014/12/09 PM 04:17:36:807
   Step 2 ok! Spent Time: 0.16s
   Begin Step 3... Action: Jump to Function, Chip: RAM, Address: 0xF8002000
   Step 3 - Start Time : 2014/12/09 PM 04:17:36:807
   Step 3 - End Time : 2014/12/09 PM 04:17:36:808
   Step 3 ok! Spent Time: 0.0s
   Begin Step 4... Action: Erase, Chip: SPI Nor Flash, Address: 0x0000, Length: 40
   Step 4 - Start Time : 2014/12/09 PM 04:17:36:808
   Step 4 - End Time : 2014/12/09 PM 04:17:49:657
   Step 4 ok! Spent Time: 12.844s
   Begin Step 5... Action: Write, Chip: SPI Nor Flash, Address: 0x0000, File: D:\work\generalplus\t19hh\tools/gpcv1248_spifc_pack_/gp_cardvr_upgrade.bin
   Step 5 - Start Time : 2014/12/09 PM 04:17:49:657
   Step 5 - End Time : 2014/12/09 PM 04:18:02:990
   Step 5 ok! Spent Time: 13.328s
   USB Task Finished! Spent Time: 26.188s
   Device is Pullouted.

< 14-12-09 16:20:13 >==============================================
Device is Inserted On Driver : [Hub4 Port1] [VER:0, SN:7&2ad724e2&0#{53]
   Begin the USB Task...
   Step 1 disable...
   Begin Step 2... Action: Write, Chip: RAM, Address: 0xF8002000, File: D:\work\generalplus\t19hh\tools\G+CodePacker 1.0.9 Patch 001\USBMassProductionTool/code/gp15b_ispbin.bin
   Step 2 - Start Time : 2014/12/09 PM 04:20:15:382
   Step 2 - End Time : 2014/12/09 PM 04:20:15:389
   Step 2 ok! Spent Time: 0.16s
   Begin Step 3... Action: Jump to Function, Chip: RAM, Address: 0xF8002000
   Step 3 - Start Time : 2014/12/09 PM 04:20:15:389
   Step 3 - End Time : 2014/12/09 PM 04:20:15:390
   Step 3 ok! Spent Time: 0.0s
   Begin Step 4... Action: Erase, Chip: SPI Nor Flash, Address: 0x0000, Length: 40
   Step 4 - Start Time : 2014/12/09 PM 04:20:15:390
   Step 4 - End Time : 2014/12/09 PM 04:20:28:130
   Step 4 ok! Spent Time: 12.734s
   Begin Step 5... Action: Write, Chip: SPI Nor Flash, Address: 0x0000, File: D:\work\generalplus\t19hh\tools/gpcv1248_spifc_pack_/gp_cardvr_upgrade.bin
   Step 5 - Start Time : 2014/12/09 PM 04:20:28:130
   Step 5 - End Time : 2014/12/09 PM 04:20:41:468
   Step 5 ok! Spent Time: 13.344s
   USB Task Finished! Spent Time: 26.94s
   Device is Pullouted.

< 14-12-09 16:21:26 >==============================================
Device is Inserted On Driver : [Hub4 Port1] [VER:0, SN:7&2ad724e2&0#{53]
   Begin the USB Task...
   Step 1 disable...
   Begin Step 2... Action: Write, Chip: RAM, Address: 0xF8002000, File: D:\work\generalplus\t19hh\tools\G+CodePacker 1.0.9 Patch 001\USBMassProductionTool/code/gp15b_ispbin.bin
   Step 2 - Start Time : 2014/12/09 PM 04:21:29:614
   Step 2 - End Time : 2014/12/09 PM 04:21:29:621
   Step 2 ok! Spent Time: 0.15s
   Begin Step 3... Action: Jump to Function, Chip: RAM, Address: 0xF8002000
   Step 3 - Start Time : 2014/12/09 PM 04:21:29:621
   Step 3 - End Time : 2014/12/09 PM 04:21:29:622
   Step 3 ok! Spent Time: 0.0s
   Begin Step 4... Action: Erase, Chip: SPI Nor Flash, Address: 0x0000, Length: 40
   Step 4 - Start Time : 2014/12/09 PM 04:21:29:622
   Step 4 - End Time : 2014/12/09 PM 04:21:42:262
   Step 4 ok! Spent Time: 12.641s
   Begin Step 5... Action: Write, Chip: SPI Nor Flash, Address: 0x0000, File: D:\work\generalplus\t19hh\tools/gpcv1248_spifc_pack_/gp_cardvr_upgrade.bin
   Step 5 - Start Time : 2014/12/09 PM 04:21:42:262
   Step 5 - End Time : 2014/12/09 PM 04:21:55:590
   Step 5 ok! Spent Time: 13.328s
   USB Task Finished! Spent Time: 25.984s
   Device is Pullouted.

< 14-12-09 16:22:37 >==============================================
Device is Inserted On Driver : [Hub4 Port1] [VER:0, SN:7&2ad724e2&0#{53]
   Begin the USB Task...
   Step 1 disable...
   Begin Step 2... Action: Write, Chip: RAM, Address: 0xF8002000, File: D:\work\generalplus\t19hh\tools\G+CodePacker 1.0.9 Patch 001\USBMassProductionTool/code/gp15b_ispbin.bin
   Step 2 - Start Time : 2014/12/09 PM 04:22:42:54
   Step 2 - End Time : 2014/12/09 PM 04:22:42:61
   Step 2 ok! Spent Time: 0.16s
   Begin Step 3... Action: Jump to Function, Chip: RAM, Address: 0xF8002000
   Step 3 - Start Time : 2014/12/09 PM 04:22:42:61
   Step 3 - End Time : 2014/12/09 PM 04:22:42:62
   Step 3 ok! Spent Time: 0.0s
   Begin Step 4... Action: Erase, Chip: SPI Nor Flash, Address: 0x0000, Length: 40
   Step 4 - Start Time : 2014/12/09 PM 04:22:42:62
   Step 4 - End Time : 2014/12/09 PM 04:22:54:631
   Step 4 ok! Spent Time: 12.562s
   Begin Step 5... Action: Write, Chip: SPI Nor Flash, Address: 0x0000, File: D:\work\generalplus\t19hh\tools/gpcv1248_spifc_pack_/gp_cardvr_upgrade.bin
   Step 5 - Start Time : 2014/12/09 PM 04:22:54:631
   Step 5 - End Time : 2014/12/09 PM 04:23:07:955
   Step 5 ok! Spent Time: 13.329s
   USB Task Finished! Spent Time: 25.907s
   Device is Pullouted.

< 14-12-09 16:25:04 >==============================================
Device is Inserted On Driver : [Hub4 Port1] [VER:0, SN:7&2ad724e2&0#{53]
   Begin the USB Task...
   Step 1 disable...
   Begin Step 2... Action: Write, Chip: RAM, Address: 0xF8002000, File: D:\work\generalplus\t19hh\tools\G+CodePacker 1.0.9 Patch 001\USBMassProductionTool/code/gp15b_ispbin.bin
   Step 2 - Start Time : 2014/12/09 PM 04:25:07:878
   Step 2 - End Time : 2014/12/09 PM 04:25:07:885
   Step 2 ok! Spent Time: 0.16s
   Begin Step 3... Action: Jump to Function, Chip: RAM, Address: 0xF8002000
   Step 3 - Start Time : 2014/12/09 PM 04:25:07:885
   Step 3 - End Time : 2014/12/09 PM 04:25:07:885
   Step 3 ok! Spent Time: 0.0s
   Begin Step 4... Action: Erase, Chip: SPI Nor Flash, Address: 0x0000, Length: 40
   Step 4 - Start Time : 2014/12/09 PM 04:25:07:885
   Step 4 - End Time : 2014/12/09 PM 04:25:20:389
   Step 4 ok! Spent Time: 12.500s
   Begin Step 5... Action: Write, Chip: SPI Nor Flash, Address: 0x0000, File: D:\work\generalplus\t19hh\tools/gpcv1248_spifc_pack_/gp_cardvr_upgrade.bin
   Step 5 - Start Time : 2014/12/09 PM 04:25:20:389
   Step 5 - End Time : 2014/12/09 PM 04:25:33:720
   Step 5 ok! Spent Time: 13.328s
   USB Task Finished! Spent Time: 25.844s
   Device is Pullouted.

< 14-12-09 16:26:13 >==============================================
Device is Inserted On Driver : [Hub4 Port1] [VER:0, SN:7&2ad724e2&0#{53]
   Begin the USB Task...
   Step 1 disable...
   Begin Step 2... Action: Write, Chip: RAM, Address: 0xF8002000, File: D:\work\generalplus\t19hh\tools\G+CodePacker 1.0.9 Patch 001\USBMassProductionTool/code/gp15b_ispbin.bin
   Step 2 - Start Time : 2014/12/09 PM 04:26:15:781
   Step 2 - End Time : 2014/12/09 PM 04:26:15:789
   Step 2 ok! Spent Time: 0.0s
   Begin Step 3... Action: Jump to Function, Chip: RAM, Address: 0xF8002000
   Step 3 - Start Time : 2014/12/09 PM 04:26:15:789
   Step 3 - End Time : 2014/12/09 PM 04:26:15:789
   Step 3 ok! Spent Time: 0.0s
   Begin Step 4... Action: Erase, Chip: SPI Nor Flash, Address: 0x0000, Length: 40
   Step 4 - Start Time : 2014/12/09 PM 04:26:15:789
   Step 4 - End Time : 2014/12/09 PM 04:26:28:191
   Step 4 ok! Spent Time: 12.406s
   Begin Step 5... Action: Write, Chip: SPI Nor Flash, Address: 0x0000, File: D:\work\generalplus\t19hh\tools/gpcv1248_spifc_pack_/gp_cardvr_upgrade.bin
   Step 5 - Start Time : 2014/12/09 PM 04:26:28:191
   Step 5 - End Time : 2014/12/09 PM 04:26:41:518
   Step 5 ok! Spent Time: 13.328s
   USB Task Finished! Spent Time: 25.734s
   Device is Pullouted.

< 14-12-09 16:28:52 >==============================================
Device is Inserted On Driver : [Hub4 Port1] [VER:0, SN:7&2ad724e2&0#{53]
   Begin the USB Task...
   Step 1 disable...
   Begin Step 2... Action: Write, Chip: RAM, Address: 0xF8002000, File: D:\work\generalplus\t19hh\tools\G+CodePacker 1.0.9 Patch 001\USBMassProductionTool/code/gp15b_ispbin.bin
   Step 2 - Start Time : 2014/12/09 PM 04:28:55:221
   Step 2 - End Time : 2014/12/09 PM 04:28:55:230
   Step 2 ok! Spent Time: 0.16s
   Begin Step 3... Action: Jump to Function, Chip: RAM, Address: 0xF8002000
   Step 3 - Start Time : 2014/12/09 PM 04:28:55:230
   Step 3 - End Time : 2014/12/09 PM 04:28:55:230
   Step 3 ok! Spent Time: 0.0s
   Begin Step 4... Action: Erase, Chip: SPI Nor Flash, Address: 0x0000, Length: 40
   Step 4 - Start Time : 2014/12/09 PM 04:28:55:230
   Step 4 - End Time : 2014/12/09 PM 04:29:07:581
   Step 4 ok! Spent Time: 12.344s
   Begin Step 5... Action: Write, Chip: SPI Nor Flash, Address: 0x0000, File: D:\work\generalplus\t19hh\tools/gpcv1248_spifc_pack_/gp_cardvr_upgrade.bin
   Step 5 - Start Time : 2014/12/09 PM 04:29:07:581
   Step 5 - End Time : 2014/12/09 PM 04:29:20:929
   Step 5 ok! Spent Time: 13.343s
   USB Task Finished! Spent Time: 25.703s
   Device is Pullouted.

< 14-12-09 17:08:23 >==============================================
Device is Inserted On Driver : [Hub4 Port1] [VER:0, SN:7&2ad724e2&0#{53]
   Begin the USB Task...
   Step 1 disable...
   Begin Step 2... Action: Write, Chip: RAM, Address: 0xF8002000, File: D:\work\generalplus\t19hh\tools\G+CodePacker 1.0.9 Patch 001\USBMassProductionTool/code/gp15b_ispbin.bin
   Step 2 - Start Time : 2014/12/09 PM 05:08:26:671
   Step 2 - End Time : 2014/12/09 PM 05:08:26:678
   Step 2 ok! Spent Time: 0.0s
   Begin Step 3... Action: Jump to Function, Chip: RAM, Address: 0xF8002000
   Step 3 - Start Time : 2014/12/09 PM 05:08:26:678
   Step 3 - End Time : 2014/12/09 PM 05:08:26:678
   Step 3 ok! Spent Time: 0.0s
   Begin Step 4... Action: Erase, Chip: SPI Nor Flash, Address: 0x0000, Length: 40
   Step 4 - Start Time : 2014/12/09 PM 05:08:26:679
   Step 4 - End Time : 2014/12/09 PM 05:08:33:665
   Step 4 ok! Spent Time: 6.985s
   Begin Step 5... Action: Write, Chip: SPI Nor Flash, Address: 0x0000, File: D:\work\generalplus\t19hh\tools/gpcv1248_spifc_pack_/gp_cardvr_upgrade.bin
   Step 5 - Start Time : 2014/12/09 PM 05:08:33:666
   Step 5 - End Time : 2014/12/09 PM 05:08:47:21
   Step 5 ok! Spent Time: 13.344s
   USB Task Finished! Spent Time: 20.344s
   Device is Pullouted.

< 14-12-09 17:39:44 >==============================================
Device is Inserted On Driver : [Hub4 Port1] [VER:0, SN:7&2ad724e2&0#{53]
   Begin the USB Task...
   Step 1 disable...
   Begin Step 2... Action: Write, Chip: RAM, Address: 0xF8002000, File: D:\work\generalplus\t19hh\tools\G+CodePacker 1.0.9 Patch 001\USBMassProductionTool/code/gp15b_ispbin.bin
   Step 2 - Start Time : 2014/12/09 PM 05:39:45:953
   Step 2 - End Time : 2014/12/09 PM 05:39:45:960
   Step 2 ok! Spent Time: 0.0s
   Begin Step 3... Action: Jump to Function, Chip: RAM, Address: 0xF8002000
   Step 3 - Start Time : 2014/12/09 PM 05:39:45:960
   Step 3 - End Time : 2014/12/09 PM 05:39:45:960
   Step 3 ok! Spent Time: 0.0s
   Begin Step 4... Action: Erase, Chip: SPI Nor Flash, Address: 0x0000, Length: 40
   Step 4 - Start Time : 2014/12/09 PM 05:39:45:960
   Step 4 - End Time : 2014/12/09 PM 05:39:53:27
   Step 4 ok! Spent Time: 7.78s
   Begin Step 5... Action: Write, Chip: SPI Nor Flash, Address: 0x0000, File: D:\work\generalplus\t19hh\tools/gpcv1248_spifc_pack_/gp_cardvr_upgrade.bin
   Step 5 - Start Time : 2014/12/09 PM 05:39:53:27
   Step 5 - End Time : 2014/12/09 PM 05:40:06:375
   Step 5 ok! Spent Time: 13.343s
   USB Task Finished! Spent Time: 20.421s
   Device is Pullouted.

< 14-12-09 17:42:04 >==============================================
Device is Inserted On Driver : [Hub4 Port1] [VER:0, SN:7&2ad724e2&0#{53]
   Begin the USB Task...
   Step 1 disable...
   Begin Step 2... Action: Write, Chip: RAM, Address: 0xF8002000, File: D:\work\generalplus\t19hh\tools\G+CodePacker 1.0.9 Patch 001\USBMassProductionTool/code/gp15b_ispbin.bin
   Step 2 - Start Time : 2014/12/09 PM 05:42:05:880
   Step 2 - End Time : 2014/12/09 PM 05:42:05:887
   Step 2 ok! Spent Time: 0.16s
   Begin Step 3... Action: Jump to Function, Chip: RAM, Address: 0xF8002000
   Step 3 - Start Time : 2014/12/09 PM 05:42:05:887
   Step 3 - End Time : 2014/12/09 PM 05:42:05:888
   Step 3 ok! Spent Time: 0.0s
   Begin Step 4... Action: Erase, Chip: SPI Nor Flash, Address: 0x0000, Length: 40
   Step 4 - Start Time : 2014/12/09 PM 05:42:05:888
   Step 4 - End Time : 2014/12/09 PM 05:42:18:90
   Step 4 ok! Spent Time: 12.203s
   Begin Step 5... Action: Write, Chip: SPI Nor Flash, Address: 0x0000, File: D:\work\generalplus\t19hh\tools/gpcv1248_spifc_pack_/gp_cardvr_upgrade.bin
   Step 5 - Start Time : 2014/12/09 PM 05:42:18:90
   Step 5 - End Time : 2014/12/09 PM 05:42:31:428
   Step 5 ok! Spent Time: 13.328s
   USB Task Finished! Spent Time: 25.547s
   Device is Pullouted.

< 14-12-09 17:43:27 >==============================================
Device is Inserted On Driver : [Hub4 Port1] [VER:0, SN:7&2ad724e2&0#{53]
   Begin the USB Task...
   Step 1 disable...
   Begin Step 2... Action: Write, Chip: RAM, Address: 0xF8002000, File: D:\work\generalplus\t19hh\tools\G+CodePacker 1.0.9 Patch 001\USBMassProductionTool/code/gp15b_ispbin.bin
   Step 2 - Start Time : 2014/12/09 PM 05:43:30:00
   Step 2 - End Time : 2014/12/09 PM 05:43:30:17
   Step 2 ok! Spent Time: 0.16s
   Begin Step 3... Action: Jump to Function, Chip: RAM, Address: 0xF8002000
   Step 3 - Start Time : 2014/12/09 PM 05:43:30:17
   Step 3 - End Time : 2014/12/09 PM 05:43:30:18
   Step 3 ok! Spent Time: 0.0s
   Begin Step 4... Action: Erase, Chip: SPI Nor Flash, Address: 0x0000, Length: 40
   Step 4 - Start Time : 2014/12/09 PM 05:43:30:18
   Step 4 - End Time : 2014/12/09 PM 05:43:42:157
   Step 4 ok! Spent Time: 12.141s
   Begin Step 5... Action: Write, Chip: SPI Nor Flash, Address: 0x0000, File: D:\work\generalplus\t19hh\tools/gpcv1248_spifc_pack_/gp_cardvr_upgrade.bin
   Step 5 - Start Time : 2014/12/09 PM 05:43:42:158
   Step 5 - End Time : 2014/12/09 PM 05:43:55:489
   Step 5 ok! Spent Time: 13.328s
   USB Task Finished! Spent Time: 25.485s
   Device is Pullouted.

< 14-12-09 17:45:37 >==============================================
Device is Inserted On Driver : [Hub4 Port1] [VER:0, SN:7&2ad724e2&0#{53]
   Begin the USB Task...
   Step 1 disable...
   Begin Step 2... Action: Write, Chip: RAM, Address: 0xF8002000, File: D:\work\generalplus\t19hh\tools\G+CodePacker 1.0.9 Patch 001\USBMassProductionTool/code/gp15b_ispbin.bin
   Step 2 - Start Time : 2014/12/09 PM 05:45:39:399
   Step 2 - End Time : 2014/12/09 PM 05:45:39:406
   Step 2 ok! Spent Time: 0.16s
   Begin Step 3... Action: Jump to Function, Chip: RAM, Address: 0xF8002000
   Step 3 - Start Time : 2014/12/09 PM 05:45:39:406
   Step 3 - End Time : 2014/12/09 PM 05:45:39:407
   Step 3 ok! Spent Time: 0.0s
   Begin Step 4... Action: Erase, Chip: SPI Nor Flash, Address: 0x0000, Length: 40
   Step 4 - Start Time : 2014/12/09 PM 05:45:39:407
   Step 4 - End Time : 2014/12/09 PM 05:45:51:568
   Step 4 ok! Spent Time: 12.156s
   Begin Step 5... Action: Write, Chip: SPI Nor Flash, Address: 0x0000, File: D:\work\generalplus\t19hh\tools/gpcv1248_spifc_pack_/gp_cardvr_upgrade.bin
   Step 5 - Start Time : 2014/12/09 PM 05:45:51:568
   Step 5 - End Time : 2014/12/09 PM 05:46:04:907
   Step 5 ok! Spent Time: 13.344s
   USB Task Finished! Spent Time: 25.516s
   Device is Pullouted.

< 14-12-09 17:56:27 >==============================================
Device is Inserted On Driver : [Hub4 Port1] [VER:0, SN:7&2ad724e2&0#{53]
   Begin the USB Task...
   Step 1 disable...
   Begin Step 2... Action: Write, Chip: RAM, Address: 0xF8002000, File: D:\work\generalplus\t19hh\tools\G+CodePacker 1.0.9 Patch 001\USBMassProductionTool/code/gp15b_ispbin.bin
   Step 2 - Start Time : 2014/12/09 PM 05:56:29:149
   Step 2 - End Time : 2014/12/09 PM 05:56:29:156
   Step 2 ok! Spent Time: 0.16s
   Begin Step 3... Action: Jump to Function, Chip: RAM, Address: 0xF8002000
   Step 3 - Start Time : 2014/12/09 PM 05:56:29:156
   Step 3 - End Time : 2014/12/09 PM 05:56:29:157
   Step 3 ok! Spent Time: 0.0s
   Begin Step 4... Action: Erase, Chip: SPI Nor Flash, Address: 0x0000, Length: 40
   Step 4 - Start Time : 2014/12/09 PM 05:56:29:157
   Step 4 - End Time : 2014/12/09 PM 05:56:36:244
   Step 4 ok! Spent Time: 7.93s
   Begin Step 5... Action: Write, Chip: SPI Nor Flash, Address: 0x0000, File: D:\work\generalplus\t19hh\tools/gpcv1248_spifc_pack_/gp_cardvr_upgrade.bin
   Step 5 - Start Time : 2014/12/09 PM 05:56:36:245
   Step 5 - End Time : 2014/12/09 PM 05:56:49:587
   Step 5 ok! Spent Time: 13.329s
   USB Task Finished! Spent Time: 20.438s
   Device is Pullouted.
