
< 14-12-31 16:13:14 >==============================================
Device is Inserted On Driver : [Hub4 Port1] [VER:0, SN:7&2ad724e2&0#{53]
   Begin the USB Task...
   Step 1 disable...
   Begin Step 2... Action: Write, Chip: RAM, Address: 0xF8002000, File: D:\work\generalplus\t19hh\tools\G+CodePacker 1.0.9 Patch 001\USBMassProductionTool/code/gp15b_ispbin.bin
   Step 2 - Start Time : 2014/12/31 PM 04:13:15:820
   Step 2 - End Time : 2014/12/31 PM 04:13:15:827
   Step 2 ok! Spent Time: 0.0s
   Begin Step 3... Action: Jump to Function, Chip: RAM, Address: 0xF8002000
   Step 3 - Start Time : 2014/12/31 PM 04:13:15:827
   Step 3 - End Time : 2014/12/31 PM 04:13:15:827
   Step 3 ok! Spent Time: 0.0s
   Begin Step 4... Action: Erase, Chip: SPI Nor Flash, Address: 0x0000, Length: 40
   Step 4 - Start Time : 2014/12/31 PM 04:13:15:827
   Step 4 - End Time : 2014/12/31 PM 04:13:21:848
   Step 4 ok! Spent Time: 6.31s
   Begin Step 5... Action: Write, Chip: SPI Nor Flash, Address: 0x0000, File: D:\work\generalplus\t19hh\tools/gpcv1248_spifc_pack_/gp_cardvr_upgrade.bin
   Step 5 - Start Time : 2014/12/31 PM 04:13:21:848
   Step 5 - End Time : 2014/12/31 PM 04:13:35:209
   Step 5 ok! Spent Time: 13.359s
   USB Task Finished! Spent Time: 19.390s
   Device is Pullouted.

< 14-12-31 16:17:40 >==============================================
Device is Inserted On Driver : [Hub4 Port1] [VER:0, SN:7&2ad724e2&0#{53]
   Begin the USB Task...
   Step 1 disable...
   Begin Step 2... Action: Write, Chip: RAM, Address: 0xF8002000, File: D:\work\generalplus\t19hh\tools\G+CodePacker 1.0.9 Patch 001\USBMassProductionTool/code/gp15b_ispbin.bin
   Step 2 - Start Time : 2014/12/31 PM 04:17:43:461
   Step 2 - End Time : 2014/12/31 PM 04:17:43:468
   Step 2 ok! Spent Time: 0.16s
   Begin Step 3... Action: Jump to Function, Chip: RAM, Address: 0xF8002000
   Step 3 - Start Time : 2014/12/31 PM 04:17:43:468
   Step 3 - End Time : 2014/12/31 PM 04:17:43:469
   Step 3 ok! Spent Time: 0.0s
   Begin Step 4... Action: Erase, Chip: SPI Nor Flash, Address: 0x0000, Length: 40
   Step 4 - Start Time : 2014/12/31 PM 04:17:43:469
   Step 4 - End Time : 2014/12/31 PM 04:17:49:427
   Step 4 ok! Spent Time: 5.953s
   Begin Step 5... Action: Write, Chip: SPI Nor Flash, Address: 0x0000, File: D:\work\generalplus\t19hh\tools/gpcv1248_spifc_pack_/gp_cardvr_upgrade.bin
   Step 5 - Start Time : 2014/12/31 PM 04:17:49:427
   Step 5 - End Time : 2014/12/31 PM 04:18:02:771
   Step 5 ok! Spent Time: 13.344s
   USB Task Finished! Spent Time: 19.313s
   Device is Pullouted.

< 14-12-31 16:20:42 >==============================================
Device is Inserted On Driver : [Hub4 Port1] [VER:0, SN:7&2ad724e2&0#{53]
   Begin the USB Task...
   Step 1 disable...
   Begin Step 2... Action: Write, Chip: RAM, Address: 0xF8002000, File: D:\work\generalplus\t19hh\tools\G+CodePacker 1.0.9 Patch 001\USBMassProductionTool/code/gp15b_ispbin.bin
   Step 2 - Start Time : 2014/12/31 PM 04:20:48:324
   Step 2 - End Time : 2014/12/31 PM 04:20:48:331
   Step 2 ok! Spent Time: 0.15s
   Begin Step 3... Action: Jump to Function, Chip: RAM, Address: 0xF8002000
   Step 3 - Start Time : 2014/12/31 PM 04:20:48:332
   Step 3 - End Time : 2014/12/31 PM 04:20:48:332
   Step 3 ok! Spent Time: 0.0s
   Begin Step 4... Action: Erase, Chip: SPI Nor Flash, Address: 0x0000, Length: 40
   Step 4 - Start Time : 2014/12/31 PM 04:20:48:332
   Step 4 - End Time : 2014/12/31 PM 04:20:54:256
   Step 4 ok! Spent Time: 5.922s
   Begin Step 5... Action: Write, Chip: SPI Nor Flash, Address: 0x0000, File: D:\work\generalplus\t19hh\tools/gpcv1248_spifc_pack_/gp_cardvr_upgrade.bin
   Step 5 - Start Time : 2014/12/31 PM 04:20:54:256
   Step 5 - End Time : 2014/12/31 PM 04:21:07:590
   Step 5 ok! Spent Time: 13.328s
   USB Task Finished! Spent Time: 19.265s
   Device is Pullouted.

< 14-12-31 16:22:51 >==============================================
Device is Inserted On Driver : [Hub4 Port1] [VER:0, SN:7&2ad724e2&0#{53]
   Begin the USB Task...
   Step 1 disable...
   Begin Step 2... Action: Write, Chip: RAM, Address: 0xF8002000, File: D:\work\generalplus\t19hh\tools\G+CodePacker 1.0.9 Patch 001\USBMassProductionTool/code/gp15b_ispbin.bin
   Step 2 - Start Time : 2014/12/31 PM 04:22:53:805
   Step 2 - End Time : 2014/12/31 PM 04:22:53:812
   Step 2 ok! Spent Time: 0.16s
   Begin Step 3... Action: Jump to Function, Chip: RAM, Address: 0xF8002000
   Step 3 - Start Time : 2014/12/31 PM 04:22:53:812
   Step 3 - End Time : 2014/12/31 PM 04:22:53:812
   Step 3 ok! Spent Time: 0.0s
   Begin Step 4... Action: Erase, Chip: SPI Nor Flash, Address: 0x0000, Length: 40
   Step 4 - Start Time : 2014/12/31 PM 04:22:53:813
   Step 4 - End Time : 2014/12/31 PM 04:22:59:778
   Step 4 ok! Spent Time: 5.953s
   Begin Step 5... Action: Write, Chip: SPI Nor Flash, Address: 0x0000, File: D:\work\generalplus\t19hh\tools/gpcv1248_spifc_pack_/gp_cardvr_upgrade.bin
   Step 5 - Start Time : 2014/12/31 PM 04:22:59:778
   Step 5 - End Time : 2014/12/31 PM 04:23:13:120
   Step 5 ok! Spent Time: 13.344s
   USB Task Finished! Spent Time: 19.313s
   Device is Pullouted.

< 14-12-31 16:25:39 >==============================================
Device is Inserted On Driver : [Hub4 Port1] [VER:0, SN:7&2ad724e2&0#{53]
   Begin the USB Task...
   Step 1 disable...
   Begin Step 2... Action: Write, Chip: RAM, Address: 0xF8002000, File: D:\work\generalplus\t19hh\tools\G+CodePacker 1.0.9 Patch 001\USBMassProductionTool/code/gp15b_ispbin.bin
   Step 2 - Start Time : 2014/12/31 PM 04:25:41:20
   Step 2 - End Time : 2014/12/31 PM 04:25:41:27
   Step 2 ok! Spent Time: 0.0s
   Begin Step 3... Action: Jump to Function, Chip: RAM, Address: 0xF8002000
   Step 3 - Start Time : 2014/12/31 PM 04:25:41:27
   Step 3 - End Time : 2014/12/31 PM 04:25:41:28
   Step 3 ok! Spent Time: 0.0s
   Begin Step 4... Action: Erase, Chip: SPI Nor Flash, Address: 0x0000, Length: 40
   Step 4 - Start Time : 2014/12/31 PM 04:25:41:28
   Step 4 - End Time : 2014/12/31 PM 04:25:46:955
   Step 4 ok! Spent Time: 5.937s
   Begin Step 5... Action: Write, Chip: SPI Nor Flash, Address: 0x0000, File: D:\work\generalplus\t19hh\tools/gpcv1248_spifc_pack_/gp_cardvr_upgrade.bin
   Step 5 - Start Time : 2014/12/31 PM 04:25:46:956
   Step 5 - End Time : 2014/12/31 PM 04:26:00:295
   Step 5 ok! Spent Time: 13.329s
   USB Task Finished! Spent Time: 19.266s
   Device is Pullouted.

< 14-12-31 16:27:50 >==============================================
Device is Inserted On Driver : [Hub4 Port1] [VER:0, SN:7&2ad724e2&0#{53]
   Device is Pullouted.

< 14-12-31 16:27:52 >==============================================
Device is Inserted On Driver : [Hub4 Port1] [VER:0, SN:7&2ad724e2&0#{53]
   Begin the USB Task...
   Step 1 disable...
   Begin Step 2... Action: Write, Chip: RAM, Address: 0xF8002000, File: D:\work\generalplus\t19hh\tools\G+CodePacker 1.0.9 Patch 001\USBMassProductionTool/code/gp15b_ispbin.bin
   Step 2 - Start Time : 2014/12/31 PM 04:27:54:348
   Step 2 - End Time : 2014/12/31 PM 04:27:54:355
   Step 2 ok! Spent Time: 0.0s
   Begin Step 3... Action: Jump to Function, Chip: RAM, Address: 0xF8002000
   Step 3 - Start Time : 2014/12/31 PM 04:27:54:355
   Step 3 - End Time : 2014/12/31 PM 04:27:54:355
   Step 3 ok! Spent Time: 0.0s
   Begin Step 4... Action: Erase, Chip: SPI Nor Flash, Address: 0x0000, Length: 40
   Step 4 - Start Time : 2014/12/31 PM 04:27:54:355
   Step 4 - End Time : 2014/12/31 PM 04:28:00:252
   Step 4 ok! Spent Time: 5.906s
   Begin Step 5... Action: Write, Chip: SPI Nor Flash, Address: 0x0000, File: D:\work\generalplus\t19hh\tools/gpcv1248_spifc_pack_/gp_cardvr_upgrade.bin
   Step 5 - Start Time : 2014/12/31 PM 04:28:00:252
   Step 5 - End Time : 2014/12/31 PM 04:28:13:590
   Step 5 ok! Spent Time: 13.328s
   USB Task Finished! Spent Time: 19.234s
   Device is Pullouted.

< 14-12-31 18:24:41 >==============================================
Device is Inserted On Driver : [Hub4 Port1] [VER:0, SN:7&2ad724e2&0#{53]
   Begin the USB Task...
   Step 1 disable...
   Begin Step 2... Action: Write, Chip: RAM, Address: 0xF8002000, File: D:\work\generalplus\t19hh\tools\G+CodePacker 1.0.9 Patch 001\USBMassProductionTool/code/gp15b_ispbin.bin
   Step 2 - Start Time : 2014/12/31 PM 06:24:49:589
   Step 2 - End Time : 2014/12/31 PM 06:24:49:596
   Step 2 ok! Spent Time: 0.16s
   Begin Step 3... Action: Jump to Function, Chip: RAM, Address: 0xF8002000
   Step 3 - Start Time : 2014/12/31 PM 06:24:49:597
   Step 3 - End Time : 2014/12/31 PM 06:24:49:597
   Step 3 ok! Spent Time: 0.0s
   Begin Step 4... Action: Erase, Chip: SPI Nor Flash, Address: 0x0000, Length: 40
   Step 4 - Start Time : 2014/12/31 PM 06:24:49:597
   Step 4 - End Time : 2014/12/31 PM 06:24:55:483
   Step 4 ok! Spent Time: 5.875s
   Begin Step 5... Action: Write, Chip: SPI Nor Flash, Address: 0x0000, File: D:\work\generalplus\t19hh\tools/gpcv1248_spifc_pack_/gp_cardvr_upgrade.bin
   Step 5 - Start Time : 2014/12/31 PM 06:24:55:484
   Step 5 - End Time : 2014/12/31 PM 06:25:08:819
   Step 5 ok! Spent Time: 13.344s
   USB Task Finished! Spent Time: 19.235s
   Device is Pullouted.
