
< 14-09-29 14:08:11 >==============================================
Device is Inserted On Driver : [Hub4 Port1] [VER:0, SN:7&2ad724e2&0#{53]
   Begin the USB Task...
   Step 1 disable...
   Begin Step 2... Action: Write, Chip: RAM, Address: 0xF8002000, File: D:\work\generalplus\t19hh\tools\G+CodePacker 1.0.9 Patch 001\USBMassProductionTool/code/gp15b_ispbin.bin
   Step 2 - Start Time : 2014/09/29 PM 02:08:14:90
   Step 2 - End Time : 2014/09/29 PM 02:08:14:97
   Step 2 ok! Spent Time: 0.15s
   Begin Step 3... Action: Jump to Function, Chip: RAM, Address: 0xF8002000
   Step 3 - Start Time : 2014/09/29 PM 02:08:14:97
   Step 3 - End Time : 2014/09/29 PM 02:08:14:98
   Step 3 ok! Spent Time: 0.0s
   Begin Step 4... Action: Erase, Chip: SPI Nor Flash, Address: 0x0000, Length: 40
   Step 4 - Start Time : 2014/09/29 PM 02:08:14:98
   Step 4 - End Time : 2014/09/29 PM 02:08:27:487
   Step 4 ok! Spent Time: 13.375s
   Begin Step 5... Action: Write, Chip: SPI Nor Flash, Address: 0x0000, File: D:\work\generalplus\t19hh\tools/gpcv1248_spifc_pack_/t19hh.bin
   Step 5 - Start Time : 2014/09/29 PM 02:08:27:487
   Step 5 - End Time : 2014/09/29 PM 02:08:41:806
   Step 5 ok! Spent Time: 14.329s
   USB Task Finished! Spent Time: 27.719s
   Device is Pullouted.

< 14-09-29 15:48:57 >==============================================
Device is Inserted On Driver : [Hub4 Port1] [VER:0, SN:7&2ad724e2&0#{53]
   Begin the USB Task...
   Step 1 disable...
   Begin Step 2... Action: Write, Chip: RAM, Address: 0xF8002000, File: D:\work\generalplus\t19hh\tools\G+CodePacker 1.0.9 Patch 001\USBMassProductionTool/code/gp15b_ispbin.bin
   Step 2 - Start Time : 2014/09/29 PM 03:48:58:832
   Step 2 - End Time : 2014/09/29 PM 03:48:58:838
   Step 2 ok! Spent Time: 0.0s
   Begin Step 3... Action: Jump to Function, Chip: RAM, Address: 0xF8002000
   Step 3 - Start Time : 2014/09/29 PM 03:48:58:839
   Step 3 - End Time : 2014/09/29 PM 03:48:58:839
   Step 3 ok! Spent Time: 0.0s
   Begin Step 4... Action: Erase, Chip: SPI Nor Flash, Address: 0x0000, Length: 40
   Step 4 - Start Time : 2014/09/29 PM 03:48:58:839
   Step 4 - End Time : 2014/09/29 PM 03:49:11:916
   Step 4 ok! Spent Time: 13.78s
   Begin Step 5... Action: Write, Chip: SPI Nor Flash, Address: 0x0000, File: D:\work\generalplus\t19hh\tools/gpcv1248_spifc_pack_/t19hh.bin
   Step 5 - Start Time : 2014/09/29 PM 03:49:11:916
   Step 5 - End Time : 2014/09/29 PM 03:49:26:275
   Step 5 ok! Spent Time: 14.359s
   USB Task Finished! Spent Time: 27.437s
   Device is Pullouted.

< 14-09-29 15:53:58 >==============================================
Device is Inserted On Driver : [Hub4 Port1] [VER:0, SN:7&2ad724e2&0#{53]
   Begin the USB Task...
   Step 1 disable...
   Begin Step 2... Action: Write, Chip: RAM, Address: 0xF8002000, File: D:\work\generalplus\t19hh\tools\G+CodePacker 1.0.9 Patch 001\USBMassProductionTool/code/gp15b_ispbin.bin
   Step 2 - Start Time : 2014/09/29 PM 03:54:06:923
   Step 2 - End Time : 2014/09/29 PM 03:54:06:930
   Step 2 ok! Spent Time: 0.16s
   Begin Step 3... Action: Jump to Function, Chip: RAM, Address: 0xF8002000
   Step 3 - Start Time : 2014/09/29 PM 03:54:06:930
   Step 3 - End Time : 2014/09/29 PM 03:54:06:931
   Step 3 ok! Spent Time: 0.0s
   Begin Step 4... Action: Erase, Chip: SPI Nor Flash, Address: 0x0000, Length: 40
   Step 4 - Start Time : 2014/09/29 PM 03:54:06:932
   Step 4 - End Time : 2014/09/29 PM 03:54:20:356
   Step 4 ok! Spent Time: 13.421s
   Begin Step 5... Action: Write, Chip: SPI Nor Flash, Address: 0x0000, File: D:\work\generalplus\t19hh\tools/gpcv1248_spifc_pack_/t19hh.bin
   Step 5 - Start Time : 2014/09/29 PM 03:54:20:356
   Step 5 - End Time : 2014/09/29 PM 03:54:34:669
   Step 5 ok! Spent Time: 14.313s
   USB Task Finished! Spent Time: 27.750s
   Device is Pullouted.

< 14-09-29 16:15:04 >==============================================
Device is Inserted On Driver : [Hub4 Port1] [VER:0, SN:7&2ad724e2&0#{53]
   Begin the USB Task...
   Step 1 disable...
   Begin Step 2... Action: Write, Chip: RAM, Address: 0xF8002000, File: D:\work\generalplus\t19hh\tools\G+CodePacker 1.0.9 Patch 001\USBMassProductionTool/code/gp15b_ispbin.bin
   Step 2 - Start Time : 2014/09/29 PM 04:15:07:714
   Step 2 - End Time : 2014/09/29 PM 04:15:07:721
   Step 2 ok! Spent Time: 0.0s
   Begin Step 3... Action: Jump to Function, Chip: RAM, Address: 0xF8002000
   Step 3 - Start Time : 2014/09/29 PM 04:15:07:721
   Step 3 - End Time : 2014/09/29 PM 04:15:07:721
   Step 3 ok! Spent Time: 0.0s
   Begin Step 4... Action: Erase, Chip: SPI Nor Flash, Address: 0x0000, Length: 40
   Step 4 - Start Time : 2014/09/29 PM 04:15:07:721
   Step 4 - End Time : 2014/09/29 PM 04:15:15:651
   Step 4 ok! Spent Time: 7.937s
   Begin Step 5... Action: Write, Chip: SPI Nor Flash, Address: 0x0000, File: D:\work\generalplus\t19hh\tools/gpcv1248_spifc_pack_/t19hh.bin
   Step 5 - Start Time : 2014/09/29 PM 04:15:15:651
   Step 5 - End Time : 2014/09/29 PM 04:15:29:92
   Step 5 ok! Spent Time: 13.438s
   USB Task Finished! Spent Time: 21.375s
   Device is Pullouted.

< 14-09-29 16:16:27 >==============================================
Device is Inserted On Driver : [Hub4 Port1] [VER:0, SN:7&2ad724e2&0#{53]
   Begin the USB Task...
   Step 1 disable...
   Begin Step 2... Action: Write, Chip: RAM, Address: 0xF8002000, File: D:\work\generalplus\t19hh\tools\G+CodePacker 1.0.9 Patch 001\USBMassProductionTool/code/gp15b_ispbin.bin
   Step 2 - Start Time : 2014/09/29 PM 04:16:30:271
   Step 2 - End Time : 2014/09/29 PM 04:16:30:278
   Step 2 ok! Spent Time: 0.0s
   Begin Step 3... Action: Jump to Function, Chip: RAM, Address: 0xF8002000
   Step 3 - Start Time : 2014/09/29 PM 04:16:30:278
   Step 3 - End Time : 2014/09/29 PM 04:16:30:278
   Step 3 ok! Spent Time: 0.0s
   Begin Step 4... Action: Erase, Chip: SPI Nor Flash, Address: 0x0000, Length: 40
   Step 4 - Start Time : 2014/09/29 PM 04:16:30:278
   Step 4 - End Time : 2014/09/29 PM 04:16:38:159
   Step 4 ok! Spent Time: 7.875s
   Begin Step 5... Action: Write, Chip: SPI Nor Flash, Address: 0x0000, File: D:\work\generalplus\t19hh\tools/gpcv1248_spifc_pack_/t19hh.bin
   Step 5 - Start Time : 2014/09/29 PM 04:16:38:159
   Step 5 - End Time : 2014/09/29 PM 04:16:51:623
   Step 5 ok! Spent Time: 13.469s
   USB Task Finished! Spent Time: 21.344s
   Device is Pullouted.

< 14-09-29 16:30:22 >==============================================
Device is Inserted On Driver : [Hub4 Port1] [VER:0, SN:7&2ad724e2&0#{53]
   Begin the USB Task...
   Step 1 disable...
   Begin Step 2... Action: Write, Chip: RAM, Address: 0xF8002000, File: D:\work\generalplus\t19hh\tools\G+CodePacker 1.0.9 Patch 001\USBMassProductionTool/code/gp15b_ispbin.bin
   Step 2 - Start Time : 2014/09/29 PM 04:30:24:964
   Step 2 - End Time : 2014/09/29 PM 04:30:24:971
   Step 2 ok! Spent Time: 0.0s
   Begin Step 3... Action: Jump to Function, Chip: RAM, Address: 0xF8002000
   Step 3 - Start Time : 2014/09/29 PM 04:30:24:971
   Step 3 - End Time : 2014/09/29 PM 04:30:24:971
   Step 3 ok! Spent Time: 0.0s
   Begin Step 4... Action: Erase, Chip: SPI Nor Flash, Address: 0x0000, Length: 40
   Step 4 - Start Time : 2014/09/29 PM 04:30:24:971
   Step 4 - End Time : 2014/09/29 PM 04:30:38:74
   Step 4 ok! Spent Time: 13.109s
   Begin Step 5... Action: Write, Chip: SPI Nor Flash, Address: 0x0000, File: D:\work\generalplus\t19hh\tools/gpcv1248_spifc_pack_/t19hh.bin
   Step 5 - Start Time : 2014/09/29 PM 04:30:38:74
   Step 5 - End Time : 2014/09/29 PM 04:30:52:373
   Step 5 ok! Spent Time: 14.297s
   USB Task Finished! Spent Time: 27.406s
   Device is Pullouted.

< 14-09-29 16:34:46 >==============================================
Device is Inserted On Driver : [Hub4 Port1] [VER:0, SN:7&2ad724e2&0#{53]
   Begin the USB Task...
   Step 1 disable...
   Begin Step 2... Action: Write, Chip: RAM, Address: 0xF8002000, File: D:\work\generalplus\t19hh\tools\G+CodePacker 1.0.9 Patch 001\USBMassProductionTool/code/gp15b_ispbin.bin
   Step 2 - Start Time : 2014/09/29 PM 04:34:50:854
   Step 2 - End Time : 2014/09/29 PM 04:34:50:861
   Step 2 ok! Spent Time: 0.0s
   Begin Step 3... Action: Jump to Function, Chip: RAM, Address: 0xF8002000
   Step 3 - Start Time : 2014/09/29 PM 04:34:50:861
   Step 3 - End Time : 2014/09/29 PM 04:34:50:861
   Step 3 ok! Spent Time: 0.0s
   Begin Step 4... Action: Erase, Chip: SPI Nor Flash, Address: 0x0000, Length: 40
   Step 4 - Start Time : 2014/09/29 PM 04:34:50:861
   Step 4 - End Time : 2014/09/29 PM 04:35:04:508
   Step 4 ok! Spent Time: 13.657s
   Begin Step 5... Action: Write, Chip: SPI Nor Flash, Address: 0x0000, File: D:\work\generalplus\t19hh\tools/gpcv1248_spifc_pack_/t19hh.bin
   Step 5 - Start Time : 2014/09/29 PM 04:35:04:508
   Step 5 - End Time : 2014/09/29 PM 04:35:18:823
   Step 5 ok! Spent Time: 14.312s
   USB Task Finished! Spent Time: 27.969s
   Device is Pullouted.

< 14-09-29 18:31:03 >==============================================
Device is Inserted On Driver : [Hub4 Port2] [VER:0, SN:7&181d743d&0#{53]
   Begin the USB Task...
   Step 1 disable...
   Begin Step 2... Action: Write, Chip: RAM, Address: 0xF8002000, File: D:\work\generalplus\t19hh\tools\G+CodePacker 1.0.9 Patch 001\USBMassProductionTool/code/gp15b_ispbin.bin
   Step 2 - Start Time : 2014/09/29 PM 06:31:05:826
   Step 2 - End Time : 2014/09/29 PM 06:31:05:841
   Step 2 ok! Spent Time: 0.16s
   Begin Step 3... Action: Jump to Function, Chip: RAM, Address: 0xF8002000
   Step 3 - Start Time : 2014/09/29 PM 06:31:05:841
   Step 3 - End Time : 2014/09/29 PM 06:31:05:842
   Step 3 ok! Spent Time: 0.0s
   Begin Step 4... Action: Erase, Chip: SPI Nor Flash, Address: 0x0000, Length: 40
   Step 4 - Start Time : 2014/09/29 PM 06:31:05:842
   Step 4 - End Time : 2014/09/29 PM 06:31:18:461
   Step 4 ok! Spent Time: 12.625s
   Begin Step 5... Action: Write, Chip: SPI Nor Flash, Address: 0x0000, File: D:\work\generalplus\t19hh\tools/gpcv1248_spifc_pack_/t19hh.bin
   Step 5 - Start Time : 2014/09/29 PM 06:31:18:461
   Step 5 - End Time : 2014/09/29 PM 06:31:39:674
   Step 5 ok! Spent Time: 21.203s
   USB Task Finished! Spent Time: 33.859s
   Device is Pullouted.

< 14-09-29 18:31:44 >==============================================
Device is Inserted On Driver : [Hub4 Port1] [VER:0, SN:7&2ad724e2&0#{53]
   Device is Pullouted.

< 14-09-29 18:32:39 >==============================================
Device is Inserted On Driver : [Hub4 Port1] [VER:0, SN:7&2ad724e2&0#{53]
   Begin the USB Task...
   Step 1 disable...
   Begin Step 2... Action: Write, Chip: RAM, Address: 0xF8002000, File: D:\work\generalplus\t19hh\tools\G+CodePacker 1.0.9 Patch 001\USBMassProductionTool/code/gp15b_ispbin.bin
   Step 2 - Start Time : 2014/09/29 PM 06:32:41:355
   Step 2 - End Time : 2014/09/29 PM 06:32:41:362
   Step 2 ok! Spent Time: 0.0s
   Begin Step 3... Action: Jump to Function, Chip: RAM, Address: 0xF8002000
   Step 3 - Start Time : 2014/09/29 PM 06:32:41:362
   Step 3 - End Time : 2014/09/29 PM 06:32:41:362
   Step 3 ok! Spent Time: 0.0s
   Begin Step 4... Action: Erase, Chip: SPI Nor Flash, Address: 0x0000, Length: 40
   Step 4 - Start Time : 2014/09/29 PM 06:32:41:362
   Step 4 - End Time : 2014/09/29 PM 06:32:54:423
   Step 4 ok! Spent Time: 13.63s
   Begin Step 5... Action: Write, Chip: SPI Nor Flash, Address: 0x0000, File: D:\work\generalplus\t19hh\tools/gpcv1248_spifc_pack_/t19hh.bin
   Step 5 - Start Time : 2014/09/29 PM 06:32:54:423
   Step 5 - End Time : 2014/09/29 PM 06:33:09:371
   Step 5 ok! Spent Time: 14.953s
   USB Task Finished! Spent Time: 28.16s
   Device is Pullouted.

< 14-09-29 18:49:40 >==============================================
Device is Inserted On Driver : [Hub4 Port1] [VER:0, SN:7&2ad724e2&0#{53]
   Begin the USB Task...
   Step 1 disable...
   Begin Step 2... Action: Write, Chip: RAM, Address: 0xF8002000, File: D:\work\generalplus\t19hh\tools\G+CodePacker 1.0.9 Patch 001\USBMassProductionTool/code/gp15b_ispbin.bin
   Step 2 - Start Time : 2014/09/29 PM 06:50:09:749
   Step 2 - End Time : 2014/09/29 PM 06:50:09:755
   Step 2 ok! Spent Time: 0.16s
   Begin Step 3... Action: Jump to Function, Chip: RAM, Address: 0xF8002000
   Step 3 - Start Time : 2014/09/29 PM 06:50:09:756
   Step 3 - End Time : 2014/09/29 PM 06:50:09:756
   Step 3 ok! Spent Time: 0.0s
   Begin Step 4... Action: Erase, Chip: SPI Nor Flash, Address: 0x0000, Length: 40
   Step 4 - Start Time : 2014/09/29 PM 06:50:09:756
   Step 4 - End Time : 2014/09/29 PM 06:50:22:96
   Step 4 ok! Spent Time: 12.328s
   Begin Step 5... Action: Write, Chip: SPI Nor Flash, Address: 0x0000, File: D:\work\generalplus\t19hh\tools/gpcv1248_spifc_pack_/t19hh.bin
   Step 5 - Start Time : 2014/09/29 PM 06:50:22:96
   Device is Pullouted.
   0xFF2A: An error occurred during write data to IC! Address: 0xC5000, Length: 4096, 操作成功完成。
   Step 5 Fail!!!

< 14-09-29 18:53:02 >==============================================
Device is Inserted On Driver : [Hub4 Port1] [VER:0, SN:7&2ad724e2&0#{53]
   Begin the USB Task...
   Step 1 disable...
   Begin Step 2... Action: Write, Chip: RAM, Address: 0xF8002000, File: D:\work\generalplus\t19hh\tools\G+CodePacker 1.0.9 Patch 001\USBMassProductionTool/code/gp15b_ispbin.bin
   Step 2 - Start Time : 2014/09/29 PM 06:53:04:711
   Step 2 - End Time : 2014/09/29 PM 06:53:04:717
   Step 2 ok! Spent Time: 0.0s
   Begin Step 3... Action: Jump to Function, Chip: RAM, Address: 0xF8002000
   Step 3 - Start Time : 2014/09/29 PM 06:53:04:718
   Step 3 - End Time : 2014/09/29 PM 06:53:04:718
   Step 3 ok! Spent Time: 0.0s
   Begin Step 4... Action: Erase, Chip: SPI Nor Flash, Address: 0x0000, Length: 40
   Step 4 - Start Time : 2014/09/29 PM 06:53:04:718
   Step 4 - End Time : 2014/09/29 PM 06:53:20:107
   Step 4 ok! Spent Time: 15.390s
   Begin Step 5... Action: Write, Chip: SPI Nor Flash, Address: 0x0000, File: D:\work\generalplus\t19hh\tools/gpcv1248_spifc_pack_/t19hh.bin
   Step 5 - Start Time : 2014/09/29 PM 06:53:20:107
   Step 5 - End Time : 2014/09/29 PM 06:53:41:257
   Step 5 ok! Spent Time: 21.157s
   USB Task Finished! Spent Time: 36.547s
