
< 14-09-24 10:20:22 >==============================================
Device is Inserted On Driver : [Hub4 Port2] [VER:0, SN:7&181d743d&0#{53]
   Begin the USB Task...
   Step 1 disable...
   Begin Step 2... Action: Write, Chip: RAM, Address: 0xF8002000, File: D:\work\generalplus\t19hh\tools\G+CodePacker 1.0.9 Patch 001\USBMassProductionTool/code/gp15b_ispbin.bin
   Step 2 - Start Time : 2014/09/24 AM 10:20:23:59
   Step 2 - End Time : 2014/09/24 AM 10:20:23:67
   Step 2 ok! Spent Time: 0.15s
   Begin Step 3... Action: Jump to Function, Chip: RAM, Address: 0xF8002000
   Step 3 - Start Time : 2014/09/24 AM 10:20:23:67
   Step 3 - End Time : 2014/09/24 AM 10:20:23:67
   Step 3 ok! Spent Time: 0.0s
   Begin Step 4... Action: Erase, Chip: SPI Nor Flash, Address: 0x0000, Length: 40
   Step 4 - Start Time : 2014/09/24 AM 10:20:23:68
   Step 4 - End Time : 2014/09/24 AM 10:20:31:174
   Step 4 ok! Spent Time: 8.94s
   Begin Step 5... Action: Write, Chip: SPI Nor Flash, Address: 0x0000, File: D:\work\generalplus\t19hh\tools/gpcv1248_spifc_pack_/t19hh.bin
   Step 5 - Start Time : 2014/09/24 AM 10:20:31:174
   Step 5 - End Time : 2014/09/24 AM 10:20:44:670
   Step 5 ok! Spent Time: 13.500s
   USB Task Finished! Spent Time: 21.609s
   Device is Pullouted.

< 14-09-24 10:22:51 >==============================================
Device is Inserted On Driver : [Hub4 Port2] [VER:0, SN:7&181d743d&0#{53]
   Begin the USB Task...
   Step 1 disable...
   Begin Step 2... Action: Write, Chip: RAM, Address: 0xF8002000, File: D:\work\generalplus\t19hh\tools\G+CodePacker 1.0.9 Patch 001\USBMassProductionTool/code/gp15b_ispbin.bin
   Step 2 - Start Time : 2014/09/24 AM 10:22:53:110
   Step 2 - End Time : 2014/09/24 AM 10:22:53:118
   Step 2 ok! Spent Time: 0.16s
   Begin Step 3... Action: Jump to Function, Chip: RAM, Address: 0xF8002000
   Step 3 - Start Time : 2014/09/24 AM 10:22:53:118
   Step 3 - End Time : 2014/09/24 AM 10:22:53:118
   Step 3 ok! Spent Time: 0.0s
   Begin Step 4... Action: Erase, Chip: SPI Nor Flash, Address: 0x0000, Length: 40
   Step 4 - Start Time : 2014/09/24 AM 10:22:53:118
   Step 4 - End Time : 2014/09/24 AM 10:23:06:230
   Step 4 ok! Spent Time: 13.109s
   Begin Step 5... Action: Write, Chip: SPI Nor Flash, Address: 0x0000, File: D:\work\generalplus\t19hh\tools/gpcv1248_spifc_pack_/t19hh.bin
   Step 5 - Start Time : 2014/09/24 AM 10:23:06:230
   Step 5 - End Time : 2014/09/24 AM 10:23:20:630
   Step 5 ok! Spent Time: 14.407s
   USB Task Finished! Spent Time: 27.532s
   Device is Pullouted.

< 14-09-24 10:24:58 >==============================================
Device is Inserted On Driver : [Hub4 Port1] [VER:0, SN:7&2ad724e2&0#{53]
   Begin the USB Task...
   Step 1 disable...
   Begin Step 2... Action: Write, Chip: RAM, Address: 0xF8002000, File: D:\work\generalplus\t19hh\tools\G+CodePacker 1.0.9 Patch 001\USBMassProductionTool/code/gp15b_ispbin.bin
   Step 2 - Start Time : 2014/09/24 AM 10:25:01:511
   Step 2 - End Time : 2014/09/24 AM 10:25:01:518
   Step 2 ok! Spent Time: 0.0s
   Begin Step 3... Action: Jump to Function, Chip: RAM, Address: 0xF8002000
   Step 3 - Start Time : 2014/09/24 AM 10:25:01:518
   Step 3 - End Time : 2014/09/24 AM 10:25:01:518
   Step 3 ok! Spent Time: 0.0s
   Begin Step 4... Action: Erase, Chip: SPI Nor Flash, Address: 0x0000, Length: 40
   Step 4 - Start Time : 2014/09/24 AM 10:25:01:518
   Step 4 - End Time : 2014/09/24 AM 10:25:14:646
   Step 4 ok! Spent Time: 13.140s
   Begin Step 5... Action: Write, Chip: SPI Nor Flash, Address: 0x0000, File: D:\work\generalplus\t19hh\tools/gpcv1248_spifc_pack_/jvin_6228_0912_3db.bin
   Step 5 - Start Time : 2014/09/24 AM 10:25:14:646
   Step 5 - End Time : 2014/09/24 AM 10:25:28:409
   Step 5 ok! Spent Time: 13.750s
   USB Task Finished! Spent Time: 26.890s
   Device is Pullouted.

< 14-09-24 10:27:33 >==============================================
Device is Inserted On Driver : [Hub4 Port1] [VER:0, SN:7&2ad724e2&0#{53]
   Device is Pullouted.

< 14-09-24 10:28:04 >==============================================
Device is Inserted On Driver : [Hub4 Port1] [VER:0, SN:7&2ad724e2&0#{53]
   Begin the USB Task...
   Step 1 disable...
   Begin Step 2... Action: Write, Chip: RAM, Address: 0xF8002000, File: D:\work\generalplus\t19hh\tools\G+CodePacker 1.0.9 Patch 001\USBMassProductionTool/code/gp15b_ispbin.bin
   Step 2 - Start Time : 2014/09/24 AM 10:28:05:612
   Step 2 - End Time : 2014/09/24 AM 10:28:05:619
   Step 2 ok! Spent Time: 0.16s
   Begin Step 3... Action: Jump to Function, Chip: RAM, Address: 0xF8002000
   Step 3 - Start Time : 2014/09/24 AM 10:28:05:619
   Step 3 - End Time : 2014/09/24 AM 10:28:05:620
   Step 3 ok! Spent Time: 0.0s
   Begin Step 4... Action: Erase, Chip: SPI Nor Flash, Address: 0x0000, Length: 40
   Step 4 - Start Time : 2014/09/24 AM 10:28:05:620
   Step 4 - End Time : 2014/09/24 AM 10:28:18:809
   Step 4 ok! Spent Time: 13.188s
   Begin Step 5... Action: Write, Chip: SPI Nor Flash, Address: 0x0000, File: D:\work\generalplus\t19hh\tools/gpcv1248_spifc_pack_/t19hh.bin
   Step 5 - Start Time : 2014/09/24 AM 10:28:18:809
   Step 5 - End Time : 2014/09/24 AM 10:28:33:112
   Step 5 ok! Spent Time: 14.296s
   USB Task Finished! Spent Time: 27.500s
   Device is Pullouted.

< 14-09-24 12:12:37 >==============================================
Device is Inserted On Driver : [Hub4 Port2] [VER:0, SN:7&181d743d&0#{53]
   Begin the USB Task...
   Step 1 disable...
   Begin Step 2... Action: Write, Chip: RAM, Address: 0xF8002000, File: D:\work\generalplus\t19hh\tools\G+CodePacker 1.0.9 Patch 001\USBMassProductionTool/code/gp15b_ispbin.bin
   Step 2 - Start Time : 2014/09/24 PM 12:12:39:806
   Step 2 - End Time : 2014/09/24 PM 12:12:39:814
   Step 2 ok! Spent Time: 0.0s
   Begin Step 3... Action: Jump to Function, Chip: RAM, Address: 0xF8002000
   Step 3 - Start Time : 2014/09/24 PM 12:12:39:814
   Step 3 - End Time : 2014/09/24 PM 12:12:39:814
   Step 3 ok! Spent Time: 0.0s
   Begin Step 4... Action: Erase, Chip: SPI Nor Flash, Address: 0x0000, Length: 40
   Step 4 - Start Time : 2014/09/24 PM 12:12:39:814
   Step 4 - End Time : 2014/09/24 PM 12:12:53:77
   Step 4 ok! Spent Time: 13.265s
   Begin Step 5... Action: Write, Chip: SPI Nor Flash, Address: 0x0000, File: D:\work\generalplus\t19hh\tools/gpcv1248_spifc_pack_/t19hh.bin
   Step 5 - Start Time : 2014/09/24 PM 12:12:53:77
   Step 5 - End Time : 2014/09/24 PM 12:13:06:858
   Step 5 ok! Spent Time: 13.781s
   USB Task Finished! Spent Time: 27.46s
   Device is Pullouted.

< 14-09-24 19:18:07 >==============================================
Device is Inserted On Driver : [Hub4 Port2] [VER:0, SN:7&181d743d&0#{53]
   Device is Pullouted.

< 14-09-24 19:18:13 >==============================================
Device is Inserted On Driver : [Hub4 Port2] [VER:0, SN:7&181d743d&0#{53]
   Begin the USB Task...
   Step 1 disable...
   Begin Step 2... Action: Write, Chip: RAM, Address: 0xF8002000, File: D:\work\generalplus\t19hh\tools\G+CodePacker 1.0.9 Patch 001\USBMassProductionTool/code/gp15b_ispbin.bin
   Step 2 - Start Time : 2014/09/24 PM 07:18:15:565
   Step 2 - End Time : 2014/09/24 PM 07:18:15:572
   Step 2 ok! Spent Time: 0.15s
   Begin Step 3... Action: Jump to Function, Chip: RAM, Address: 0xF8002000
   Step 3 - Start Time : 2014/09/24 PM 07:18:15:572
   Step 3 - End Time : 2014/09/24 PM 07:18:15:573
   Step 3 ok! Spent Time: 0.0s
   Begin Step 4... Action: Erase, Chip: SPI Nor Flash, Address: 0x0000, Length: 40
   Step 4 - Start Time : 2014/09/24 PM 07:18:15:573
   Step 4 - End Time : 2014/09/24 PM 07:18:23:651
   Step 4 ok! Spent Time: 8.78s
   Begin Step 5... Action: Write, Chip: SPI Nor Flash, Address: 0x0000, File: D:\work\generalplus\t19hh\tools/gpcv1248_spifc_pack_/t19hh.bin
   Step 5 - Start Time : 2014/09/24 PM 07:18:23:652
   Step 5 - End Time : 2014/09/24 PM 07:18:36:657
   Step 5 ok! Spent Time: 13.0s
   USB Task Finished! Spent Time: 21.93s
   Device is Pullouted.
