
< 14-09-20 11:20:00 >==============================================
Device is Inserted On Driver : [Hub4 Port2] [VER:0, SN:7&181d743d&0#{53]
   Begin the USB Task...
   Step 1 disable...
   Begin Step 2... Action: Write, Chip: RAM, Address: 0xF8002000, File: D:\work\generalplus\t19hh\tools\G+CodePacker 1.0.9 Patch 001\USBMassProductionTool/code/gp15b_ispbin.bin
   Step 2 - Start Time : 2014/09/20 AM 11:20:02:95
   Step 2 - End Time : 2014/09/20 AM 11:20:02:102
   Step 2 ok! Spent Time: 0.16s
   Begin Step 3... Action: Jump to Function, Chip: RAM, Address: 0xF8002000
   Step 3 - Start Time : 2014/09/20 AM 11:20:02:102
   Step 3 - End Time : 2014/09/20 AM 11:20:02:103
   Step 3 ok! Spent Time: 0.0s
   Begin Step 4... Action: Erase, Chip: SPI Nor Flash, Address: 0x0000, Length: 40
   Step 4 - Start Time : 2014/09/20 AM 11:20:02:103
   Step 4 - End Time : 2014/09/20 AM 11:20:10:253
   Step 4 ok! Spent Time: 8.156s
   Begin Step 5... Action: Write, Chip: SPI Nor Flash, Address: 0x0000, File: D:\work\generalplus\t19hh\tools/gpcv1248_spifc_pack_/t19hh.bin
   Step 5 - Start Time : 2014/09/20 AM 11:20:10:253
   Step 5 - End Time : 2014/09/20 AM 11:20:23:828
   Step 5 ok! Spent Time: 13.562s
   USB Task Finished! Spent Time: 21.734s
   Device is Pullouted.

< 14-09-20 11:26:12 >==============================================
Device is Inserted On Driver : [Hub4 Port2] [VER:0, SN:7&181d743d&0#{53]
   Begin the USB Task...
   Step 1 disable...
   Begin Step 2... Action: Write, Chip: RAM, Address: 0xF8002000, File: D:\work\generalplus\t19hh\tools\G+CodePacker 1.0.9 Patch 001\USBMassProductionTool/code/gp15b_ispbin.bin
   Step 2 - Start Time : 2014/09/20 AM 11:26:13:887
   Step 2 - End Time : 2014/09/20 AM 11:26:13:894
   Step 2 ok! Spent Time: 0.16s
   Begin Step 3... Action: Jump to Function, Chip: RAM, Address: 0xF8002000
   Step 3 - Start Time : 2014/09/20 AM 11:26:13:894
   Step 3 - End Time : 2014/09/20 AM 11:26:13:894
   Step 3 ok! Spent Time: 0.0s
   Begin Step 4... Action: Erase, Chip: SPI Nor Flash, Address: 0x0000, Length: 40
   Step 4 - Start Time : 2014/09/20 AM 11:26:13:895
   Step 4 - End Time : 2014/09/20 AM 11:26:21:472
   Step 4 ok! Spent Time: 7.578s
   Begin Step 5... Action: Write, Chip: SPI Nor Flash, Address: 0x0000, File: D:\work\generalplus\t19hh\tools/gpcv1248_spifc_pack_/t19hh.bin
   Step 5 - Start Time : 2014/09/20 AM 11:26:21:472
   Step 5 - End Time : 2014/09/20 AM 11:26:34:998
   Step 5 ok! Spent Time: 13.515s
   USB Task Finished! Spent Time: 21.109s
   Device is Pullouted.

< 14-09-20 11:28:32 >==============================================
Device is Inserted On Driver : [Hub4 Port2] [VER:0, SN:7&181d743d&0#{53]
   Begin the USB Task...
   Step 1 disable...
   Begin Step 2... Action: Write, Chip: RAM, Address: 0xF8002000, File: D:\work\generalplus\t19hh\tools\G+CodePacker 1.0.9 Patch 001\USBMassProductionTool/code/gp15b_ispbin.bin
   Step 2 - Start Time : 2014/09/20 AM 11:28:34:589
   Step 2 - End Time : 2014/09/20 AM 11:28:34:597
   Step 2 ok! Spent Time: 0.16s
   Begin Step 3... Action: Jump to Function, Chip: RAM, Address: 0xF8002000
   Step 3 - Start Time : 2014/09/20 AM 11:28:34:597
   Step 3 - End Time : 2014/09/20 AM 11:28:34:598
   Step 3 ok! Spent Time: 0.0s
   Begin Step 4... Action: Erase, Chip: SPI Nor Flash, Address: 0x0000, Length: 40
   Step 4 - Start Time : 2014/09/20 AM 11:28:34:598
   Step 4 - End Time : 2014/09/20 AM 11:28:42:178
   Step 4 ok! Spent Time: 7.578s
   Begin Step 5... Action: Write, Chip: SPI Nor Flash, Address: 0x0000, File: D:\work\generalplus\t19hh\tools/gpcv1248_spifc_pack_/jvin_6228_0912_3db.bin
   Step 5 - Start Time : 2014/09/20 AM 11:28:42:178
   Step 5 - End Time : 2014/09/20 AM 11:28:55:155
   Step 5 ok! Spent Time: 12.969s
   USB Task Finished! Spent Time: 20.563s
   Device is Pullouted.

< 14-09-20 11:59:11 >==============================================
Device is Inserted On Driver : [Hub4 Port2] [VER:0, SN:7&181d743d&0#{53]
   Begin the USB Task...
   Step 1 disable...
   Begin Step 2... Action: Write, Chip: RAM, Address: 0xF8002000, File: D:\work\generalplus\t19hh\tools\G+CodePacker 1.0.9 Patch 001\USBMassProductionTool/code/gp15b_ispbin.bin
   Step 2 - Start Time : 2014/09/20 AM 11:59:14:755
   Step 2 - End Time : 2014/09/20 AM 11:59:14:762
   Step 2 ok! Spent Time: 0.0s
   Begin Step 3... Action: Jump to Function, Chip: RAM, Address: 0xF8002000
   Step 3 - Start Time : 2014/09/20 AM 11:59:14:762
   Step 3 - End Time : 2014/09/20 AM 11:59:14:762
   Step 3 ok! Spent Time: 0.0s
   Begin Step 4... Action: Erase, Chip: SPI Nor Flash, Address: 0x0000, Length: 40
   Step 4 - Start Time : 2014/09/20 AM 11:59:14:762
   Step 4 - End Time : 2014/09/20 AM 11:59:22:872
   Step 4 ok! Spent Time: 8.109s
   Begin Step 5... Action: Write, Chip: SPI Nor Flash, Address: 0x0000, File: D:\work\generalplus\t19hh\tools/gpcv1248_spifc_pack_/t19hh.bin
   Step 5 - Start Time : 2014/09/20 AM 11:59:22:872
   Step 5 - End Time : 2014/09/20 AM 11:59:36:434
   Step 5 ok! Spent Time: 13.563s
   USB Task Finished! Spent Time: 21.672s
   Device is Pullouted.
