
< 14-09-26 11:40:52 >==============================================
Device is Inserted On Driver : [Hub4 Port2] [VER:0, SN:7&181d743d&0#{53]
   Begin the USB Task...
   Step 1 disable...
   Begin Step 2... Action: Write, Chip: RAM, Address: 0xF8002000, File: D:\work\generalplus\t19hh\tools\G+CodePacker 1.0.9 Patch 001\USBMassProductionTool/code/gp15b_ispbin.bin
   Step 2 - Start Time : 2014/09/26 AM 11:40:54:81
   Step 2 - End Time : 2014/09/26 AM 11:40:54:88
   Step 2 ok! Spent Time: 0.16s
   Begin Step 3... Action: Jump to Function, Chip: RAM, Address: 0xF8002000
   Step 3 - Start Time : 2014/09/26 AM 11:40:54:88
   Step 3 - End Time : 2014/09/26 AM 11:40:54:88
   Step 3 ok! Spent Time: 0.0s
   Begin Step 4... Action: Erase, Chip: SPI Nor Flash, Address: 0x0000, Length: 40
   Step 4 - Start Time : 2014/09/26 AM 11:40:54:88
   Step 4 - End Time : 2014/09/26 AM 11:41:02:08
   Step 4 ok! Spent Time: 7.922s
   Begin Step 5... Action: Write, Chip: SPI Nor Flash, Address: 0x0000, File: D:\work\generalplus\t19hh\tools/gpcv1248_spifc_pack_/t19hh.bin
   Step 5 - Start Time : 2014/09/26 AM 11:41:02:08
   Step 5 - End Time : 2014/09/26 AM 11:41:15:14
   Step 5 ok! Spent Time: 13.0s
   USB Task Finished! Spent Time: 20.938s
   Device is Pullouted.

< 14-09-26 11:53:20 >==============================================
Device is Inserted On Driver : [Hub4 Port2] [VER:0, SN:7&181d743d&0#{53]
   Begin the USB Task...
   Step 1 disable...
   Begin Step 2... Action: Write, Chip: RAM, Address: 0xF8002000, File: D:\work\generalplus\t19hh\tools\G+CodePacker 1.0.9 Patch 001\USBMassProductionTool/code/gp15b_ispbin.bin
   Step 2 - Start Time : 2014/09/26 AM 11:53:22:287
   Step 2 - End Time : 2014/09/26 AM 11:53:22:294
   Step 2 ok! Spent Time: 0.0s
   Begin Step 3... Action: Jump to Function, Chip: RAM, Address: 0xF8002000
   Step 3 - Start Time : 2014/09/26 AM 11:53:22:294
   Step 3 - End Time : 2014/09/26 AM 11:53:22:295
   Step 3 ok! Spent Time: 0.0s
   Begin Step 4... Action: Erase, Chip: SPI Nor Flash, Address: 0x0000, Length: 40
   Step 4 - Start Time : 2014/09/26 AM 11:53:22:295
   Step 4 - End Time : 2014/09/26 AM 11:53:30:210
   Step 4 ok! Spent Time: 7.922s
   Begin Step 5... Action: Write, Chip: SPI Nor Flash, Address: 0x0000, File: D:\work\generalplus\t19hh\tools/gpcv1248_spifc_pack_/t19hh.bin
   Step 5 - Start Time : 2014/09/26 AM 11:53:30:210
   Step 5 - End Time : 2014/09/26 AM 11:53:44:223
   Step 5 ok! Spent Time: 14.15s
   USB Task Finished! Spent Time: 21.937s
   Device is Pullouted.

< 14-09-26 11:56:16 >==============================================
Device is Inserted On Driver : [Hub4 Port2] [VER:0, SN:7&181d743d&0#{53]
   Begin the USB Task...
   Step 1 disable...
   Begin Step 2... Action: Write, Chip: RAM, Address: 0xF8002000, File: D:\work\generalplus\t19hh\tools\G+CodePacker 1.0.9 Patch 001\USBMassProductionTool/code/gp15b_ispbin.bin
   Step 2 - Start Time : 2014/09/26 AM 11:56:19:610
   Step 2 - End Time : 2014/09/26 AM 11:56:19:617
   Step 2 ok! Spent Time: 0.16s
   Begin Step 3... Action: Jump to Function, Chip: RAM, Address: 0xF8002000
   Step 3 - Start Time : 2014/09/26 AM 11:56:19:617
   Step 3 - End Time : 2014/09/26 AM 11:56:19:618
   Step 3 ok! Spent Time: 0.0s
   Begin Step 4... Action: Erase, Chip: SPI Nor Flash, Address: 0x0000, Length: 40
   Step 4 - Start Time : 2014/09/26 AM 11:56:19:618
   Step 4 - End Time : 2014/09/26 AM 11:56:27:466
   Step 4 ok! Spent Time: 7.844s
   Begin Step 5... Action: Write, Chip: SPI Nor Flash, Address: 0x0000, File: D:\work\generalplus\t19hh\tools/gpcv1248_spifc_pack_/jvin_6228_0912_3db.bin
   Step 5 - Start Time : 2014/09/26 AM 11:56:27:466
   Step 5 - End Time : 2014/09/26 AM 11:56:40:535
   Step 5 ok! Spent Time: 13.78s
   USB Task Finished! Spent Time: 20.938s
   Device is Pullouted.

< 14-09-26 13:35:48 >==============================================
Device is Inserted On Driver : [Hub4 Port2] [VER:0, SN:7&181d743d&0#{53]
   Begin the USB Task...
   Step 1 disable...
   Begin Step 2... Action: Write, Chip: RAM, Address: 0xF8002000, File: D:\work\generalplus\t19hh\tools\G+CodePacker 1.0.9 Patch 001\USBMassProductionTool/code/gp15b_ispbin.bin
   Step 2 - Start Time : 2014/09/26 PM 01:35:50:431
   Step 2 - End Time : 2014/09/26 PM 01:35:50:438
   Step 2 ok! Spent Time: 0.0s
   Begin Step 3... Action: Jump to Function, Chip: RAM, Address: 0xF8002000
   Step 3 - Start Time : 2014/09/26 PM 01:35:50:438
   Step 3 - End Time : 2014/09/26 PM 01:35:50:439
   Step 3 ok! Spent Time: 0.0s
   Begin Step 4... Action: Erase, Chip: SPI Nor Flash, Address: 0x0000, Length: 40
   Step 4 - Start Time : 2014/09/26 PM 01:35:50:439
   Step 4 - End Time : 2014/09/26 PM 01:35:58:417
   Step 4 ok! Spent Time: 7.984s
   Begin Step 5... Action: Write, Chip: SPI Nor Flash, Address: 0x0000, File: D:\work\generalplus\t19hh\tools/gpcv1248_spifc_pack_/t19hh.bin
   Step 5 - Start Time : 2014/09/26 PM 01:35:58:417
   Step 5 - End Time : 2014/09/26 PM 01:36:12:473
   Step 5 ok! Spent Time: 14.62s
   USB Task Finished! Spent Time: 22.46s
   Device is Pullouted.

< 14-09-26 13:41:15 >==============================================
Device is Inserted On Driver : [Hub4 Port2] [VER:0, SN:7&181d743d&0#{53]
   Begin the USB Task...
   Step 1 disable...
   Begin Step 2... Action: Write, Chip: RAM, Address: 0xF8002000, File: D:\work\generalplus\t19hh\tools\G+CodePacker 1.0.9 Patch 001\USBMassProductionTool/code/gp15b_ispbin.bin
   Step 2 - Start Time : 2014/09/26 PM 01:41:16:526
   Step 2 - End Time : 2014/09/26 PM 01:41:16:542
   Step 2 ok! Spent Time: 0.16s
   Begin Step 3... Action: Jump to Function, Chip: RAM, Address: 0xF8002000
   Step 3 - Start Time : 2014/09/26 PM 01:41:16:542
   Step 3 - End Time : 2014/09/26 PM 01:41:16:545
   Step 3 ok! Spent Time: 0.0s
   Begin Step 4... Action: Erase, Chip: SPI Nor Flash, Address: 0x0000, Length: 40
   Step 4 - Start Time : 2014/09/26 PM 01:41:16:545
   Step 4 - End Time : 2014/09/26 PM 01:41:24:438
   Step 4 ok! Spent Time: 7.891s
   Begin Step 5... Action: Write, Chip: SPI Nor Flash, Address: 0x0000, File: D:\work\generalplus\t19hh\tools/gpcv1248_spifc_pack_/jvin_6228_0912_3db.bin
   Step 5 - Start Time : 2014/09/26 PM 01:41:24:439
   Step 5 - End Time : 2014/09/26 PM 01:41:37:409
   Step 5 ok! Spent Time: 12.968s
   USB Task Finished! Spent Time: 20.875s
   Device is Pullouted.

< 14-09-26 13:50:51 >==============================================
Device is Inserted On Driver : [Hub4 Port2] [VER:0, SN:7&181d743d&0#{53]
   Begin the USB Task...
   Step 1 disable...
   Begin Step 2... Action: Write, Chip: RAM, Address: 0xF8002000, File: D:\work\generalplus\t19hh\tools\G+CodePacker 1.0.9 Patch 001\USBMassProductionTool/code/gp15b_ispbin.bin
   Step 2 - Start Time : 2014/09/26 PM 01:50:52:821
   Step 2 - End Time : 2014/09/26 PM 01:50:52:828
   Step 2 ok! Spent Time: 0.0s
   Begin Step 3... Action: Jump to Function, Chip: RAM, Address: 0xF8002000
   Step 3 - Start Time : 2014/09/26 PM 01:50:52:828
   Step 3 - End Time : 2014/09/26 PM 01:50:52:829
   Step 3 ok! Spent Time: 0.0s
   Begin Step 4... Action: Erase, Chip: SPI Nor Flash, Address: 0x0000, Length: 40
   Step 4 - Start Time : 2014/09/26 PM 01:50:52:829
   Step 4 - End Time : 2014/09/26 PM 01:51:00:785
   Step 4 ok! Spent Time: 7.953s
   Begin Step 5... Action: Write, Chip: SPI Nor Flash, Address: 0x0000, File: D:\work\generalplus\t19hh\tools/gpcv1248_spifc_pack_/t19hh.bin
   Step 5 - Start Time : 2014/09/26 PM 01:51:00:785
   Step 5 - End Time : 2014/09/26 PM 01:51:14:825
   Step 5 ok! Spent Time: 14.47s
   USB Task Finished! Spent Time: 22.0s
   Device is Pullouted.

< 14-09-26 13:58:24 >==============================================
Device is Inserted On Driver : [Hub4 Port2] [VER:0, SN:7&181d743d&0#{53]
   Begin the USB Task...
   Step 1 disable...
   Begin Step 2... Action: Write, Chip: RAM, Address: 0xF8002000, File: D:\work\generalplus\t19hh\tools\G+CodePacker 1.0.9 Patch 001\USBMassProductionTool/code/gp15b_ispbin.bin
   Step 2 - Start Time : 2014/09/26 PM 01:58:27:532
   Step 2 - End Time : 2014/09/26 PM 01:58:27:539
   Step 2 ok! Spent Time: 0.16s
   Begin Step 3... Action: Jump to Function, Chip: RAM, Address: 0xF8002000
   Step 3 - Start Time : 2014/09/26 PM 01:58:27:540
   Step 3 - End Time : 2014/09/26 PM 01:58:27:540
   Step 3 ok! Spent Time: 0.0s
   Begin Step 4... Action: Erase, Chip: SPI Nor Flash, Address: 0x0000, Length: 40
   Step 4 - Start Time : 2014/09/26 PM 01:58:27:540
   Step 4 - End Time : 2014/09/26 PM 01:58:35:379
   Step 4 ok! Spent Time: 7.844s
   Begin Step 5... Action: Write, Chip: SPI Nor Flash, Address: 0x0000, File: D:\work\generalplus\t19hh\tools/gpcv1248_spifc_pack_/t19hh.bin
   Step 5 - Start Time : 2014/09/26 PM 01:58:35:379
   Step 5 - End Time : 2014/09/26 PM 01:58:49:370
   Step 5 ok! Spent Time: 13.984s
   USB Task Finished! Spent Time: 21.844s
   Device is Pullouted.

< 14-09-26 14:12:54 >==============================================
Device is Inserted On Driver : [Hub4 Port2] [VER:0, SN:7&181d743d&0#{53]
   Begin the USB Task...
   Step 1 disable...
   Begin Step 2... Action: Write, Chip: RAM, Address: 0xF8002000, File: D:\work\generalplus\t19hh\tools\G+CodePacker 1.0.9 Patch 001\USBMassProductionTool/code/gp15b_ispbin.bin
   Step 2 - Start Time : 2014/09/26 PM 02:12:56:306
   0xFF2A: An error occurred during write data to IC! Address: 0xF8002000, Length: 4096, sense key error!
   Step 2 Fail!!!
   Device is Pullouted.

< 14-09-26 14:15:18 >==============================================
Device is Inserted On Driver : [Hub4 Port2] [VER:0, SN:7&181d743d&0#{53]
   Begin the USB Task...
   Step 1 disable...
   Begin Step 2... Action: Write, Chip: RAM, Address: 0xF8002000, File: D:\work\generalplus\t19hh\tools\G+CodePacker 1.0.9 Patch 001\USBMassProductionTool/code/gp15b_ispbin.bin
   Step 2 - Start Time : 2014/09/26 PM 02:15:19:523
   Step 2 - End Time : 2014/09/26 PM 02:15:19:530
   Step 2 ok! Spent Time: 0.0s
   Begin Step 3... Action: Jump to Function, Chip: RAM, Address: 0xF8002000
   Step 3 - Start Time : 2014/09/26 PM 02:15:19:530
   Step 3 - End Time : 2014/09/26 PM 02:15:19:530
   Step 3 ok! Spent Time: 0.0s
   Begin Step 4... Action: Erase, Chip: SPI Nor Flash, Address: 0x0000, Length: 40
   Step 4 - Start Time : 2014/09/26 PM 02:15:19:530
   Step 4 - End Time : 2014/09/26 PM 02:15:27:367
   Step 4 ok! Spent Time: 7.844s
   Begin Step 5... Action: Write, Chip: SPI Nor Flash, Address: 0x0000, File: D:\work\generalplus\t19hh\tools/gpcv1248_spifc_pack_/t19hh.bin
   Step 5 - Start Time : 2014/09/26 PM 02:15:27:367
   Step 5 - End Time : 2014/09/26 PM 02:15:41:403
   Step 5 ok! Spent Time: 14.31s
   USB Task Finished! Spent Time: 21.875s
   Device is Pullouted.

< 14-09-26 14:16:03 >==============================================
Device is Inserted On Driver : [Hub4 Port2] [VER:0, SN:7&181d743d&0#{53]
   Device is Pullouted.

< 14-09-26 14:29:29 >==============================================
Device is Inserted On Driver : [Hub4 Port2] [VER:0, SN:7&181d743d&0#{53]
   Begin the USB Task...
   Step 1 disable...
   Begin Step 2... Action: Write, Chip: RAM, Address: 0xF8002000, File: D:\work\generalplus\t19hh\tools\G+CodePacker 1.0.9 Patch 001\USBMassProductionTool/code/gp15b_ispbin.bin
   Step 2 - Start Time : 2014/09/26 PM 02:29:33:487
   Step 2 - End Time : 2014/09/26 PM 02:29:33:494
   Step 2 ok! Spent Time: 0.16s
   Begin Step 3... Action: Jump to Function, Chip: RAM, Address: 0xF8002000
   Step 3 - Start Time : 2014/09/26 PM 02:29:33:494
   Step 3 - End Time : 2014/09/26 PM 02:29:33:495
   Step 3 ok! Spent Time: 0.0s
   Begin Step 4... Action: Erase, Chip: SPI Nor Flash, Address: 0x0000, Length: 40
   Step 4 - Start Time : 2014/09/26 PM 02:29:33:495
   Step 4 - End Time : 2014/09/26 PM 02:29:41:347
   Step 4 ok! Spent Time: 7.844s
   Begin Step 5... Action: Write, Chip: SPI Nor Flash, Address: 0x0000, File: D:\work\generalplus\t19hh\tools/gpcv1248_spifc_pack_/t19hh.bin
   Step 5 - Start Time : 2014/09/26 PM 02:29:41:347
   Step 5 - End Time : 2014/09/26 PM 02:29:55:373
   Step 5 ok! Spent Time: 14.31s
   USB Task Finished! Spent Time: 21.891s
   Device is Pullouted.

< 14-09-26 14:31:57 >==============================================
Device is Inserted On Driver : [Hub4 Port2] [VER:0, SN:7&181d743d&0#{53]
   Device is Pullouted.

< 14-09-26 14:32:00 >==============================================
Device is Inserted On Driver : [Hub4 Port2] [VER:0, SN:7&181d743d&0#{53]
   Device is Pullouted.

< 14-09-26 14:48:29 >==============================================
Device is Inserted On Driver : [Hub4 Port2] [VER:0, SN:7&181d743d&0#{53]
   Begin the USB Task...
   Step 1 disable...
   Begin Step 2... Action: Write, Chip: RAM, Address: 0xF8002000, File: D:\work\generalplus\t19hh\tools\G+CodePacker 1.0.9 Patch 001\USBMassProductionTool/code/gp15b_ispbin.bin
   Step 2 - Start Time : 2014/09/26 PM 02:48:34:820
   Step 2 - End Time : 2014/09/26 PM 02:48:34:827
   Step 2 ok! Spent Time: 0.0s
   Begin Step 3... Action: Jump to Function, Chip: RAM, Address: 0xF8002000
   Step 3 - Start Time : 2014/09/26 PM 02:48:34:827
   Step 3 - End Time : 2014/09/26 PM 02:48:34:827
   Step 3 ok! Spent Time: 0.0s
   Begin Step 4... Action: Erase, Chip: SPI Nor Flash, Address: 0x0000, Length: 40
   Step 4 - Start Time : 2014/09/26 PM 02:48:34:827
   Step 4 - End Time : 2014/09/26 PM 02:48:42:695
   Step 4 ok! Spent Time: 7.875s
   Begin Step 5... Action: Write, Chip: SPI Nor Flash, Address: 0x0000, File: D:\work\generalplus\t19hh\tools/gpcv1248_spifc_pack_/t19hh.bin
   Step 5 - Start Time : 2014/09/26 PM 02:48:42:695
   Step 5 - End Time : 2014/09/26 PM 02:48:56:709
   Step 5 ok! Spent Time: 14.16s
   USB Task Finished! Spent Time: 21.891s
   Device is Pullouted.

< 14-09-26 15:33:42 >==============================================
Device is Inserted On Driver : [Hub4 Port2] [VER:0, SN:7&181d743d&0#{53]
   Begin the USB Task...
   Step 1 disable...
   Begin Step 2... Action: Write, Chip: RAM, Address: 0xF8002000, File: D:\work\generalplus\t19hh\tools\G+CodePacker 1.0.9 Patch 001\USBMassProductionTool/code/gp15b_ispbin.bin
   Step 2 - Start Time : 2014/09/26 PM 03:33:43:597
   Step 2 - End Time : 2014/09/26 PM 03:33:43:704
   Step 2 ok! Spent Time: 0.109s
   Begin Step 3... Action: Jump to Function, Chip: RAM, Address: 0xF8002000
   Step 3 - Start Time : 2014/09/26 PM 03:33:43:705
   Step 3 - End Time : 2014/09/26 PM 03:33:43:705
   Step 3 ok! Spent Time: 0.0s
   Begin Step 4... Action: Erase, Chip: SPI Nor Flash, Address: 0x0000, Length: 40
   Step 4 - Start Time : 2014/09/26 PM 03:33:43:705
   Device is Pullouted.
   0xFF20: An error occurred during erase flash! Address: 0x10000, Block Number: 40, load usb library failure!
   Step 4 Fail!!!

< 14-09-26 15:33:44 >==============================================
Device is Inserted On Driver : [Hub4 Port2] [VER:0, SN:7&181d743d&0#{53]
   Begin the USB Task...
   Step 1 disable...
   Begin Step 2... Action: Write, Chip: RAM, Address: 0xF8002000, File: D:\work\generalplus\t19hh\tools\G+CodePacker 1.0.9 Patch 001\USBMassProductionTool/code/gp15b_ispbin.bin
   Step 2 - Start Time : 2014/09/26 PM 03:33:51:237
   Step 2 - End Time : 2014/09/26 PM 03:33:51:245
   Step 2 ok! Spent Time: 0.16s
   Begin Step 3... Action: Jump to Function, Chip: RAM, Address: 0xF8002000
   Step 3 - Start Time : 2014/09/26 PM 03:33:51:245
   Step 3 - End Time : 2014/09/26 PM 03:33:51:245
   Step 3 ok! Spent Time: 0.0s
   Begin Step 4... Action: Erase, Chip: SPI Nor Flash, Address: 0x0000, Length: 40
   Step 4 - Start Time : 2014/09/26 PM 03:33:51:245
   Step 4 - End Time : 2014/09/26 PM 03:33:59:171
   Step 4 ok! Spent Time: 7.922s
   Begin Step 5... Action: Write, Chip: SPI Nor Flash, Address: 0x0000, File: D:\work\generalplus\t19hh\tools/gpcv1248_spifc_pack_/t19hh.bin
   Step 5 - Start Time : 2014/09/26 PM 03:33:59:171
   Step 5 - End Time : 2014/09/26 PM 03:34:13:182
   Step 5 ok! Spent Time: 14.16s
   USB Task Finished! Spent Time: 21.954s
   Device is Pullouted.

< 14-09-26 15:37:49 >==============================================
Device is Inserted On Driver : [Hub4 Port2] [VER:0, SN:7&181d743d&0#{53]
   Begin the USB Task...
   Step 1 disable...
   Begin Step 2... Action: Write, Chip: RAM, Address: 0xF8002000, File: D:\work\generalplus\t19hh\tools\G+CodePacker 1.0.9 Patch 001\USBMassProductionTool/code/gp15b_ispbin.bin
   Step 2 - Start Time : 2014/09/26 PM 03:37:50:48
   0xFF2A: An error occurred during write data to IC! Address: 0xF8002000, Length: 4096, 操作成功完成。
   Step 2 Fail!!!
   Device is Pullouted.

< 14-09-26 15:41:22 >==============================================
Device is Inserted On Driver : [Hub4 Port2] [VER:0, SN:7&181d743d&0#{53]
   Begin the USB Task...
   Step 1 disable...
   Begin Step 2... Action: Write, Chip: RAM, Address: 0xF8002000, File: D:\work\generalplus\t19hh\tools\G+CodePacker 1.0.9 Patch 001\USBMassProductionTool/code/gp15b_ispbin.bin
   Step 2 - Start Time : 2014/09/26 PM 03:41:23:620
   Step 2 - End Time : 2014/09/26 PM 03:41:23:681
   Step 2 ok! Spent Time: 0.63s
   Begin Step 3... Action: Jump to Function, Chip: RAM, Address: 0xF8002000
   Step 3 - Start Time : 2014/09/26 PM 03:41:23:681
   Step 3 - End Time : 2014/09/26 PM 03:41:23:682
   Step 3 ok! Spent Time: 0.0s
   Begin Step 4... Action: Erase, Chip: SPI Nor Flash, Address: 0x0000, Length: 40
   Step 4 - Start Time : 2014/09/26 PM 03:41:23:682
   Step 4 - End Time : 2014/09/26 PM 03:41:31:559
   Step 4 ok! Spent Time: 7.875s
   Begin Step 5... Action: Write, Chip: SPI Nor Flash, Address: 0x0000, File: D:\work\generalplus\t19hh\tools/gpcv1248_spifc_pack_/jvin_6228_0912_3db.bin
   Step 5 - Start Time : 2014/09/26 PM 03:41:31:559
   Step 5 - End Time : 2014/09/26 PM 03:41:44:633
   Step 5 ok! Spent Time: 13.78s
   USB Task Finished! Spent Time: 21.16s
   Device is Pullouted.

< 14-09-26 15:50:52 >==============================================
Device is Inserted On Driver : [Hub4 Port2] [VER:0, SN:7&181d743d&0#{53]
   Begin the USB Task...
   Step 1 disable...
   Begin Step 2... Action: Write, Chip: RAM, Address: 0xF8002000, File: D:\work\generalplus\t19hh\tools\G+CodePacker 1.0.9 Patch 001\USBMassProductionTool/code/gp15b_ispbin.bin
   Step 2 - Start Time : 2014/09/26 PM 03:50:54:68
   Step 2 - End Time : 2014/09/26 PM 03:50:54:130
   Step 2 ok! Spent Time: 0.63s
   Begin Step 3... Action: Jump to Function, Chip: RAM, Address: 0xF8002000
   Step 3 - Start Time : 2014/09/26 PM 03:50:54:130
   Step 3 - End Time : 2014/09/26 PM 03:50:54:131
   Step 3 ok! Spent Time: 0.0s
   Begin Step 4... Action: Erase, Chip: SPI Nor Flash, Address: 0x0000, Length: 40
   Step 4 - Start Time : 2014/09/26 PM 03:50:54:131
   Step 4 - End Time : 2014/09/26 PM 03:51:02:64
   Step 4 ok! Spent Time: 7.922s
   Begin Step 5... Action: Write, Chip: SPI Nor Flash, Address: 0x0000, File: D:\work\generalplus\t19hh\tools/gpcv1248_spifc_pack_/t19hh.bin
   Step 5 - Start Time : 2014/09/26 PM 03:51:02:64
   Step 5 - End Time : 2014/09/26 PM 03:51:15:555
   Step 5 ok! Spent Time: 13.500s
   USB Task Finished! Spent Time: 21.485s
   Device is Pullouted.

< 14-09-26 15:56:21 >==============================================
Device is Inserted On Driver : [Hub4 Port2] [VER:0, SN:7&181d743d&0#{53]
   Begin the USB Task...
   Step 1 disable...
   Begin Step 2... Action: Write, Chip: RAM, Address: 0xF8002000, File: D:\work\generalplus\t19hh\tools\G+CodePacker 1.0.9 Patch 001\USBMassProductionTool/code/gp15b_ispbin.bin
   Step 2 - Start Time : 2014/09/26 PM 03:56:22:474
   Step 2 - End Time : 2014/09/26 PM 03:56:22:533
   Step 2 ok! Spent Time: 0.47s
   Begin Step 3... Action: Jump to Function, Chip: RAM, Address: 0xF8002000
   Step 3 - Start Time : 2014/09/26 PM 03:56:22:533
   Step 3 - End Time : 2014/09/26 PM 03:56:22:534
   Step 3 ok! Spent Time: 0.0s
   Begin Step 4... Action: Erase, Chip: SPI Nor Flash, Address: 0x0000, Length: 40
   Step 4 - Start Time : 2014/09/26 PM 03:56:22:534
   Step 4 - End Time : 2014/09/26 PM 03:56:30:385
   Step 4 ok! Spent Time: 7.860s
   Begin Step 5... Action: Write, Chip: SPI Nor Flash, Address: 0x0000, File: D:\work\generalplus\t19hh\tools/gpcv1248_spifc_pack_/t19hh.bin
   Step 5 - Start Time : 2014/09/26 PM 03:56:30:386
   Step 5 - End Time : 2014/09/26 PM 03:56:44:427
   Step 5 ok! Spent Time: 14.47s
   USB Task Finished! Spent Time: 21.954s
   Device is Pullouted.

< 14-09-26 15:59:59 >==============================================
Device is Inserted On Driver : [Hub4 Port2] [VER:0, SN:7&181d743d&0#{53]
   Begin the USB Task...
   Step 1 disable...
   Begin Step 2... Action: Write, Chip: RAM, Address: 0xF8002000, File: D:\work\generalplus\t19hh\tools\G+CodePacker 1.0.9 Patch 001\USBMassProductionTool/code/gp15b_ispbin.bin
   Step 2 - Start Time : 2014/09/26 PM 04:00:00:154
   Step 2 - End Time : 2014/09/26 PM 04:00:00:173
   Step 2 ok! Spent Time: 0.16s
   Begin Step 3... Action: Jump to Function, Chip: RAM, Address: 0xF8002000
   Step 3 - Start Time : 2014/09/26 PM 04:00:00:173
   Step 3 - End Time : 2014/09/26 PM 04:00:00:174
   Step 3 ok! Spent Time: 0.0s
   Begin Step 4... Action: Erase, Chip: SPI Nor Flash, Address: 0x0000, Length: 40
   Step 4 - Start Time : 2014/09/26 PM 04:00:00:174
   Step 4 - End Time : 2014/09/26 PM 04:00:08:14
   Step 4 ok! Spent Time: 7.844s
   Begin Step 5... Action: Write, Chip: SPI Nor Flash, Address: 0x0000, File: D:\work\generalplus\t19hh\tools/gpcv1248_spifc_pack_/t19hh.bin
   Step 5 - Start Time : 2014/09/26 PM 04:00:08:14
   Step 5 - End Time : 2014/09/26 PM 04:00:22:30
   Step 5 ok! Spent Time: 14.15s
   USB Task Finished! Spent Time: 21.875s
   Device is Pullouted.

< 14-09-26 16:04:39 >==============================================
Device is Inserted On Driver : [Hub4 Port2] [VER:0, SN:7&181d743d&0#{53]
   Begin the USB Task...
   Step 1 disable...
   Begin Step 2... Action: Write, Chip: RAM, Address: 0xF8002000, File: D:\work\generalplus\t19hh\tools\G+CodePacker 1.0.9 Patch 001\USBMassProductionTool/code/gp15b_ispbin.bin
   Step 2 - Start Time : 2014/09/26 PM 04:04:42:882
   Step 2 - End Time : 2014/09/26 PM 04:04:42:906
   Step 2 ok! Spent Time: 0.15s
   Begin Step 3... Action: Jump to Function, Chip: RAM, Address: 0xF8002000
   Step 3 - Start Time : 2014/09/26 PM 04:04:42:906
   Step 3 - End Time : 2014/09/26 PM 04:04:42:907
   Step 3 ok! Spent Time: 0.0s
   Begin Step 4... Action: Erase, Chip: SPI Nor Flash, Address: 0x0000, Length: 40
   Step 4 - Start Time : 2014/09/26 PM 04:04:42:907
   Step 4 - End Time : 2014/09/26 PM 04:04:50:748
   Step 4 ok! Spent Time: 7.844s
   Begin Step 5... Action: Write, Chip: SPI Nor Flash, Address: 0x0000, File: D:\work\generalplus\t19hh\tools/gpcv1248_spifc_pack_/t19hh.bin
   Step 5 - Start Time : 2014/09/26 PM 04:04:50:750
   Step 5 - End Time : 2014/09/26 PM 04:05:04:822
   Step 5 ok! Spent Time: 14.78s
   USB Task Finished! Spent Time: 21.937s
   Device is Pullouted.

< 14-09-26 16:09:04 >==============================================
Device is Inserted On Driver : [Hub4 Port2] [VER:0, SN:7&181d743d&0#{53]
   Begin the USB Task...
   Step 1 disable...
   Begin Step 2... Action: Write, Chip: RAM, Address: 0xF8002000, File: D:\work\generalplus\t19hh\tools\G+CodePacker 1.0.9 Patch 001\USBMassProductionTool/code/gp15b_ispbin.bin
   Step 2 - Start Time : 2014/09/26 PM 04:09:06:08
   Step 2 - End Time : 2014/09/26 PM 04:09:06:69
   Step 2 ok! Spent Time: 0.62s
   Begin Step 3... Action: Jump to Function, Chip: RAM, Address: 0xF8002000
   Step 3 - Start Time : 2014/09/26 PM 04:09:06:69
   Step 3 - End Time : 2014/09/26 PM 04:09:06:69
   Step 3 ok! Spent Time: 0.0s
   Begin Step 4... Action: Erase, Chip: SPI Nor Flash, Address: 0x0000, Length: 40
   Step 4 - Start Time : 2014/09/26 PM 04:09:06:69
   Step 4 - End Time : 2014/09/26 PM 04:09:13:912
   Step 4 ok! Spent Time: 7.844s
   Begin Step 5... Action: Write, Chip: SPI Nor Flash, Address: 0x0000, File: D:\work\generalplus\t19hh\tools/gpcv1248_spifc_pack_/t19hh.bin
   Step 5 - Start Time : 2014/09/26 PM 04:09:13:912
   Step 5 - End Time : 2014/09/26 PM 04:09:27:895
   Step 5 ok! Spent Time: 13.984s
   USB Task Finished! Spent Time: 21.890s
   Device is Pullouted.

< 14-09-26 17:05:42 >==============================================
Device is Inserted On Driver : [Hub4 Port2] [VER:0, SN:7&181d743d&0#{53]
   Begin the USB Task...
   Step 1 disable...
   Begin Step 2... Action: Write, Chip: RAM, Address: 0xF8002000, File: D:\work\generalplus\t19hh\tools\G+CodePacker 1.0.9 Patch 001\USBMassProductionTool/code/gp15b_ispbin.bin
   Step 2 - Start Time : 2014/09/26 PM 05:05:44:160
   Step 2 - End Time : 2014/09/26 PM 05:05:44:189
   Step 2 ok! Spent Time: 0.16s
   Begin Step 3... Action: Jump to Function, Chip: RAM, Address: 0xF8002000
   Step 3 - Start Time : 2014/09/26 PM 05:05:44:190
   Step 3 - End Time : 2014/09/26 PM 05:05:44:190
   Step 3 ok! Spent Time: 0.0s
   Begin Step 4... Action: Erase, Chip: SPI Nor Flash, Address: 0x0000, Length: 40
   Step 4 - Start Time : 2014/09/26 PM 05:05:44:190
   Step 4 - End Time : 2014/09/26 PM 05:05:52:14
   Step 4 ok! Spent Time: 7.828s
   Begin Step 5... Action: Write, Chip: SPI Nor Flash, Address: 0x0000, File: D:\work\generalplus\t19hh\tools/gpcv1248_spifc_pack_/t19hh.bin
   Step 5 - Start Time : 2014/09/26 PM 05:05:52:14
   Step 5 - End Time : 2014/09/26 PM 05:06:06:40
   Step 5 ok! Spent Time: 14.31s
   USB Task Finished! Spent Time: 21.891s
   Device is Pullouted.

< 14-09-26 17:12:35 >==============================================
Device is Inserted On Driver : [Hub4 Port2] [VER:0, SN:7&181d743d&0#{53]
   Begin the USB Task...
   Step 1 disable...
   Begin Step 2... Action: Write, Chip: RAM, Address: 0xF8002000, File: D:\work\generalplus\t19hh\tools\G+CodePacker 1.0.9 Patch 001\USBMassProductionTool/code/gp15b_ispbin.bin
   Step 2 - Start Time : 2014/09/26 PM 05:12:38:224
   Step 2 - End Time : 2014/09/26 PM 05:12:38:232
   Step 2 ok! Spent Time: 0.0s
   Begin Step 3... Action: Jump to Function, Chip: RAM, Address: 0xF8002000
   Step 3 - Start Time : 2014/09/26 PM 05:12:38:232
   Step 3 - End Time : 2014/09/26 PM 05:12:38:232
   Step 3 ok! Spent Time: 0.0s
   Begin Step 4... Action: Erase, Chip: SPI Nor Flash, Address: 0x0000, Length: 40
   Step 4 - Start Time : 2014/09/26 PM 05:12:38:232
   Step 4 - End Time : 2014/09/26 PM 05:12:46:81
   Step 4 ok! Spent Time: 7.844s
   Begin Step 5... Action: Write, Chip: SPI Nor Flash, Address: 0x0000, File: D:\work\generalplus\t19hh\tools/gpcv1248_spifc_pack_/t19hh.bin
   Step 5 - Start Time : 2014/09/26 PM 05:12:46:81
   Step 5 - End Time : 2014/09/26 PM 05:13:00:363
   Step 5 ok! Spent Time: 14.297s
   USB Task Finished! Spent Time: 22.141s
   Device is Pullouted.

< 14-09-26 17:32:11 >==============================================
Device is Inserted On Driver : [Hub4 Port2] [VER:0, SN:7&181d743d&0#{53]
   Begin the USB Task...
   Step 1 disable...
   Begin Step 2... Action: Write, Chip: RAM, Address: 0xF8002000, File: D:\work\generalplus\t19hh\tools\G+CodePacker 1.0.9 Patch 001\USBMassProductionTool/code/gp15b_ispbin.bin
   Step 2 - Start Time : 2014/09/26 PM 05:32:18:911
   Step 2 - End Time : 2014/09/26 PM 05:32:18:918
   Step 2 ok! Spent Time: 0.0s
   Begin Step 3... Action: Jump to Function, Chip: RAM, Address: 0xF8002000
   Step 3 - Start Time : 2014/09/26 PM 05:32:18:918
   Step 3 - End Time : 2014/09/26 PM 05:32:18:919
   Step 3 ok! Spent Time: 0.0s
   Begin Step 4... Action: Erase, Chip: SPI Nor Flash, Address: 0x0000, Length: 40
   Step 4 - Start Time : 2014/09/26 PM 05:32:18:919
   Step 4 - End Time : 2014/09/26 PM 05:32:26:833
   Step 4 ok! Spent Time: 7.922s
   Begin Step 5... Action: Write, Chip: SPI Nor Flash, Address: 0x0000, File: D:\work\generalplus\t19hh\tools/gpcv1248_spifc_pack_/t19hh.bin
   Step 5 - Start Time : 2014/09/26 PM 05:32:26:856
   0xFF28: An error occurred during read data! Address: 0x27000, Length: 4096, sense key error!
   Step 5 Fail!!!
   Device is Pullouted.

< 14-09-26 17:33:24 >==============================================
Device is Inserted On Driver : [Hub4 Port2] [VER:0, SN:7&181d743d&0#{53]
   Begin the USB Task...
   Step 1 disable...
   Begin Step 2... Action: Write, Chip: RAM, Address: 0xF8002000, File: D:\work\generalplus\t19hh\tools\G+CodePacker 1.0.9 Patch 001\USBMassProductionTool/code/gp15b_ispbin.bin
   Step 2 - Start Time : 2014/09/26 PM 05:33:26:518
   Step 2 - End Time : 2014/09/26 PM 05:33:26:530
   Step 2 ok! Spent Time: 0.15s
   Begin Step 3... Action: Jump to Function, Chip: RAM, Address: 0xF8002000
   Step 3 - Start Time : 2014/09/26 PM 05:33:26:530
   Step 3 - End Time : 2014/09/26 PM 05:33:26:531
   Step 3 ok! Spent Time: 0.0s
   Begin Step 4... Action: Erase, Chip: SPI Nor Flash, Address: 0x0000, Length: 40
   Step 4 - Start Time : 2014/09/26 PM 05:33:26:531
   Step 4 - End Time : 2014/09/26 PM 05:33:34:364
   Step 4 ok! Spent Time: 7.844s
   Begin Step 5... Action: Write, Chip: SPI Nor Flash, Address: 0x0000, File: D:\work\generalplus\t19hh\tools/gpcv1248_spifc_pack_/t19hh.bin
   Step 5 - Start Time : 2014/09/26 PM 05:33:34:364
   Step 5 - End Time : 2014/09/26 PM 05:33:48:406
   Step 5 ok! Spent Time: 14.31s
   USB Task Finished! Spent Time: 21.890s
   Device is Pullouted.

< 14-09-26 17:42:07 >==============================================
Device is Inserted On Driver : [Hub4 Port2] [VER:0, SN:7&181d743d&0#{53]
   Begin the USB Task...
   Step 1 disable...
   Begin Step 2... Action: Write, Chip: RAM, Address: 0xF8002000, File: D:\work\generalplus\t19hh\tools\G+CodePacker 1.0.9 Patch 001\USBMassProductionTool/code/gp15b_ispbin.bin
   Step 2 - Start Time : 2014/09/26 PM 05:42:14:536
   Step 2 - End Time : 2014/09/26 PM 05:42:14:543
   Step 2 ok! Spent Time: 0.0s
   Begin Step 3... Action: Jump to Function, Chip: RAM, Address: 0xF8002000
   Step 3 - Start Time : 2014/09/26 PM 05:42:14:543
   Step 3 - End Time : 2014/09/26 PM 05:42:14:544
   Step 3 ok! Spent Time: 0.0s
   Begin Step 4... Action: Erase, Chip: SPI Nor Flash, Address: 0x0000, Length: 40
   Step 4 - Start Time : 2014/09/26 PM 05:42:14:544
   Step 4 - End Time : 2014/09/26 PM 05:42:22:378
   Step 4 ok! Spent Time: 7.828s
   Begin Step 5... Action: Write, Chip: SPI Nor Flash, Address: 0x0000, File: D:\work\generalplus\t19hh\tools/gpcv1248_spifc_pack_/t19hh.bin
   Step 5 - Start Time : 2014/09/26 PM 05:42:22:426
   Step 5 - End Time : 2014/09/26 PM 05:42:36:589
   Step 5 ok! Spent Time: 14.156s
   USB Task Finished! Spent Time: 22.47s
   Device is Pullouted.

< 14-09-26 18:03:04 >==============================================
Device is Inserted On Driver : [Hub4 Port2] [VER:0, SN:7&181d743d&0#{53]
   Begin the USB Task...
   Step 1 disable...
   Begin Step 2... Action: Write, Chip: RAM, Address: 0xF8002000, File: D:\work\generalplus\t19hh\tools\G+CodePacker 1.0.9 Patch 001\USBMassProductionTool/code/gp15b_ispbin.bin
   Step 2 - Start Time : 2014/09/26 PM 06:03:05:229
   Step 2 - End Time : 2014/09/26 PM 06:03:05:237
   Step 2 ok! Spent Time: 0.0s
   Begin Step 3... Action: Jump to Function, Chip: RAM, Address: 0xF8002000
   Step 3 - Start Time : 2014/09/26 PM 06:03:05:237
   Step 3 - End Time : 2014/09/26 PM 06:03:05:237
   Step 3 ok! Spent Time: 0.0s
   Begin Step 4... Action: Erase, Chip: SPI Nor Flash, Address: 0x0000, Length: 40
   Step 4 - Start Time : 2014/09/26 PM 06:03:05:237
   Step 4 - End Time : 2014/09/26 PM 06:03:13:95
   Step 4 ok! Spent Time: 7.860s
   Begin Step 5... Action: Write, Chip: SPI Nor Flash, Address: 0x0000, File: D:\work\generalplus\t19hh\tools/gpcv1248_spifc_pack_/t19hh.bin
   Step 5 - Start Time : 2014/09/26 PM 06:03:13:95
   Step 5 - End Time : 2014/09/26 PM 06:03:27:171
   Step 5 ok! Spent Time: 14.78s
   USB Task Finished! Spent Time: 21.938s
   Device is Pullouted.

< 14-09-26 18:49:17 >==============================================
Device is Inserted On Driver : [Hub4 Port2] [VER:0, SN:7&181d743d&0#{53]
   Begin the USB Task...
   Step 1 disable...
   Begin Step 2... Action: Write, Chip: RAM, Address: 0xF8002000, File: D:\work\generalplus\t19hh\tools\G+CodePacker 1.0.9 Patch 001\USBMassProductionTool/code/gp15b_ispbin.bin
   Step 2 - Start Time : 2014/09/26 PM 06:49:18:978
   Step 2 - End Time : 2014/09/26 PM 06:49:19:02
   Step 2 ok! Spent Time: 0.16s
   Begin Step 3... Action: Jump to Function, Chip: RAM, Address: 0xF8002000
   Step 3 - Start Time : 2014/09/26 PM 06:49:19:02
   Step 3 - End Time : 2014/09/26 PM 06:49:19:03
   Step 3 ok! Spent Time: 0.16s
   Begin Step 4... Action: Erase, Chip: SPI Nor Flash, Address: 0x0000, Length: 40
   Step 4 - Start Time : 2014/09/26 PM 06:49:19:03
   Step 4 - End Time : 2014/09/26 PM 06:49:26:876
   Step 4 ok! Spent Time: 7.859s
   Begin Step 5... Action: Write, Chip: SPI Nor Flash, Address: 0x0000, File: D:\work\generalplus\t19hh\tools/gpcv1248_spifc_pack_/t19hh.bin
   Step 5 - Start Time : 2014/09/26 PM 06:49:26:876
   Step 5 - End Time : 2014/09/26 PM 06:49:40:936
   Step 5 ok! Spent Time: 14.63s
   USB Task Finished! Spent Time: 21.954s
   Device is Pullouted.

< 14-09-26 18:52:49 >==============================================
Device is Inserted On Driver : [Hub4 Port2] [VER:0, SN:7&181d743d&0#{53]
   Begin the USB Task...
   Step 1 disable...
   Begin Step 2... Action: Write, Chip: RAM, Address: 0xF8002000, File: D:\work\generalplus\t19hh\tools\G+CodePacker 1.0.9 Patch 001\USBMassProductionTool/code/gp15b_ispbin.bin
   Step 2 - Start Time : 2014/09/26 PM 06:52:51:264
   Step 2 - End Time : 2014/09/26 PM 06:52:51:275
   Step 2 ok! Spent Time: 0.15s
   Begin Step 3... Action: Jump to Function, Chip: RAM, Address: 0xF8002000
   Step 3 - Start Time : 2014/09/26 PM 06:52:51:275
   Step 3 - End Time : 2014/09/26 PM 06:52:51:275
   Step 3 ok! Spent Time: 0.0s
   Begin Step 4... Action: Erase, Chip: SPI Nor Flash, Address: 0x0000, Length: 40
   Step 4 - Start Time : 2014/09/26 PM 06:52:51:275
   Step 4 - End Time : 2014/09/26 PM 06:52:59:136
   Step 4 ok! Spent Time: 7.860s
   Begin Step 5... Action: Write, Chip: SPI Nor Flash, Address: 0x0000, File: D:\work\generalplus\t19hh\tools/gpcv1248_spifc_pack_/t19hh.bin
   Step 5 - Start Time : 2014/09/26 PM 06:52:59:136
   Step 5 - End Time : 2014/09/26 PM 06:53:13:156
   Step 5 ok! Spent Time: 14.15s
   USB Task Finished! Spent Time: 21.890s
   Device is Pullouted.

< 14-09-26 18:56:35 >==============================================
Device is Inserted On Driver : [Hub4 Port2] [VER:0, SN:7&181d743d&0#{53]
   Begin the USB Task...
   Step 1 disable...
   Begin Step 2... Action: Write, Chip: RAM, Address: 0xF8002000, File: D:\work\generalplus\t19hh\tools\G+CodePacker 1.0.9 Patch 001\USBMassProductionTool/code/gp15b_ispbin.bin
   Step 2 - Start Time : 2014/09/26 PM 06:56:37:688
   Step 2 - End Time : 2014/09/26 PM 06:56:37:712
   Step 2 ok! Spent Time: 0.31s
   Begin Step 3... Action: Jump to Function, Chip: RAM, Address: 0xF8002000
   Step 3 - Start Time : 2014/09/26 PM 06:56:37:712
   Step 3 - End Time : 2014/09/26 PM 06:56:37:712
   Step 3 ok! Spent Time: 0.0s
   Begin Step 4... Action: Erase, Chip: SPI Nor Flash, Address: 0x0000, Length: 40
   Step 4 - Start Time : 2014/09/26 PM 06:56:37:712
   Step 4 - End Time : 2014/09/26 PM 06:56:45:556
   Step 4 ok! Spent Time: 7.844s
   Begin Step 5... Action: Write, Chip: SPI Nor Flash, Address: 0x0000, File: D:\work\generalplus\t19hh\tools/gpcv1248_spifc_pack_/t19hh.bin
   Step 5 - Start Time : 2014/09/26 PM 06:56:45:556
   Step 5 - End Time : 2014/09/26 PM 06:56:59:617
   Step 5 ok! Spent Time: 14.62s
   USB Task Finished! Spent Time: 21.937s
   Device is Pullouted.

< 14-09-26 18:57:10 >==============================================
Device is Inserted On Driver : [Hub4 Port2] [VER:0, SN:7&181d743d&0#{53]
   Device is Pullouted.

< 14-09-26 18:58:30 >==============================================
Device is Inserted On Driver : [Hub4 Port2] [VER:0, SN:7&181d743d&0#{53]
   Begin the USB Task...
   Step 1 disable...
   Begin Step 2... Action: Write, Chip: RAM, Address: 0xF8002000, File: D:\work\generalplus\t19hh\tools\G+CodePacker 1.0.9 Patch 001\USBMassProductionTool/code/gp15b_ispbin.bin
   Step 2 - Start Time : 2014/09/26 PM 06:58:34:703
   Step 2 - End Time : 2014/09/26 PM 06:58:34:758
   Step 2 ok! Spent Time: 0.63s
   Begin Step 3... Action: Jump to Function, Chip: RAM, Address: 0xF8002000
   Step 3 - Start Time : 2014/09/26 PM 06:58:34:759
   Step 3 - End Time : 2014/09/26 PM 06:58:34:759
   Step 3 ok! Spent Time: 0.0s
   Begin Step 4... Action: Erase, Chip: SPI Nor Flash, Address: 0x0000, Length: 40
   Step 4 - Start Time : 2014/09/26 PM 06:58:34:759
   Step 4 - End Time : 2014/09/26 PM 06:58:42:592
   Step 4 ok! Spent Time: 7.828s
   Begin Step 5... Action: Write, Chip: SPI Nor Flash, Address: 0x0000, File: D:\work\generalplus\t19hh\tools/gpcv1248_spifc_pack_/t19hh.bin
   Step 5 - Start Time : 2014/09/26 PM 06:58:42:592
   Step 5 - End Time : 2014/09/26 PM 06:58:56:614
   Step 5 ok! Spent Time: 14.31s
   USB Task Finished! Spent Time: 21.922s
   Device is Pullouted.

< 14-09-26 19:06:33 >==============================================
Device is Inserted On Driver : [Hub4 Port2] [VER:0, SN:7&181d743d&0#{53]
   Begin the USB Task...
   Step 1 disable...
   Begin Step 2... Action: Write, Chip: RAM, Address: 0xF8002000, File: D:\work\generalplus\t19hh\tools\G+CodePacker 1.0.9 Patch 001\USBMassProductionTool/code/gp15b_ispbin.bin
   Step 2 - Start Time : 2014/09/26 PM 07:06:35:135
   Step 2 - End Time : 2014/09/26 PM 07:06:35:153
   Step 2 ok! Spent Time: 0.15s
   Begin Step 3... Action: Jump to Function, Chip: RAM, Address: 0xF8002000
   Step 3 - Start Time : 2014/09/26 PM 07:06:35:153
   Step 3 - End Time : 2014/09/26 PM 07:06:35:153
   Step 3 ok! Spent Time: 0.0s
   Begin Step 4... Action: Erase, Chip: SPI Nor Flash, Address: 0x0000, Length: 40
   Step 4 - Start Time : 2014/09/26 PM 07:06:35:153
   Step 4 - End Time : 2014/09/26 PM 07:06:43:00
   Step 4 ok! Spent Time: 7.844s
   Begin Step 5... Action: Write, Chip: SPI Nor Flash, Address: 0x0000, File: D:\work\generalplus\t19hh\tools/gpcv1248_spifc_pack_/t19hh.bin
   Step 5 - Start Time : 2014/09/26 PM 07:06:43:00
   Step 5 - End Time : 2014/09/26 PM 07:06:57:80
   Step 5 ok! Spent Time: 14.78s
   USB Task Finished! Spent Time: 21.937s
   Device is Pullouted.

< 14-09-26 19:13:58 >==============================================
Device is Inserted On Driver : [Hub4 Port2] [VER:0, SN:7&181d743d&0#{53]
   Begin the USB Task...
   Step 1 disable...
   Begin Step 2... Action: Write, Chip: RAM, Address: 0xF8002000, File: D:\work\generalplus\t19hh\tools\G+CodePacker 1.0.9 Patch 001\USBMassProductionTool/code/gp15b_ispbin.bin
   Step 2 - Start Time : 2014/09/26 PM 07:14:01:131
   Step 2 - End Time : 2014/09/26 PM 07:14:01:188
   Step 2 ok! Spent Time: 0.47s
   Begin Step 3... Action: Jump to Function, Chip: RAM, Address: 0xF8002000
   Step 3 - Start Time : 2014/09/26 PM 07:14:01:188
   Step 3 - End Time : 2014/09/26 PM 07:14:01:189
   Step 3 ok! Spent Time: 0.0s
   Begin Step 4... Action: Erase, Chip: SPI Nor Flash, Address: 0x0000, Length: 40
   Step 4 - Start Time : 2014/09/26 PM 07:14:01:189
   Step 4 - End Time : 2014/09/26 PM 07:14:09:36
   Step 4 ok! Spent Time: 7.859s
   Begin Step 5... Action: Write, Chip: SPI Nor Flash, Address: 0x0000, File: D:\work\generalplus\t19hh\tools/gpcv1248_spifc_pack_/t19hh.bin
   Step 5 - Start Time : 2014/09/26 PM 07:14:09:36
   Step 5 - End Time : 2014/09/26 PM 07:14:23:74
   Step 5 ok! Spent Time: 14.31s
   USB Task Finished! Spent Time: 21.937s
   Device is Pullouted.

< 14-09-26 19:15:55 >==============================================
Device is Inserted On Driver : [Hub4 Port2] [VER:0, SN:7&181d743d&0#{53]
   Begin the USB Task...
   Step 1 disable...
   Begin Step 2... Action: Write, Chip: RAM, Address: 0xF8002000, File: D:\work\generalplus\t19hh\tools\G+CodePacker 1.0.9 Patch 001\USBMassProductionTool/code/gp15b_ispbin.bin
   Step 2 - Start Time : 2014/09/26 PM 07:15:57:741
   Step 2 - End Time : 2014/09/26 PM 07:15:57:756
   Step 2 ok! Spent Time: 0.16s
   Begin Step 3... Action: Jump to Function, Chip: RAM, Address: 0xF8002000
   Step 3 - Start Time : 2014/09/26 PM 07:15:57:756
   Step 3 - End Time : 2014/09/26 PM 07:15:57:757
   Step 3 ok! Spent Time: 0.0s
   Begin Step 4... Action: Erase, Chip: SPI Nor Flash, Address: 0x0000, Length: 40
   Step 4 - Start Time : 2014/09/26 PM 07:15:57:757
   Step 4 - End Time : 2014/09/26 PM 07:16:05:599
   Step 4 ok! Spent Time: 7.843s
   Begin Step 5... Action: Write, Chip: SPI Nor Flash, Address: 0x0000, File: D:\work\generalplus\t19hh\tools/gpcv1248_spifc_pack_/t19hh.bin
   Step 5 - Start Time : 2014/09/26 PM 07:16:05:599
   Step 5 - End Time : 2014/09/26 PM 07:16:19:594
   Step 5 ok! Spent Time: 13.985s
   USB Task Finished! Spent Time: 21.844s
   Device is Pullouted.

< 14-09-26 19:18:19 >==============================================
Device is Inserted On Driver : [Hub4 Port2] [VER:0, SN:7&181d743d&0#{53]
   Begin the USB Task...
   Step 1 disable...
   Begin Step 2... Action: Write, Chip: RAM, Address: 0xF8002000, File: D:\work\generalplus\t19hh\tools\G+CodePacker 1.0.9 Patch 001\USBMassProductionTool/code/gp15b_ispbin.bin
   Step 2 - Start Time : 2014/09/26 PM 07:18:21:533
   Step 2 - End Time : 2014/09/26 PM 07:18:21:554
   Step 2 ok! Spent Time: 0.32s
   Begin Step 3... Action: Jump to Function, Chip: RAM, Address: 0xF8002000
   Step 3 - Start Time : 2014/09/26 PM 07:18:21:554
   Step 3 - End Time : 2014/09/26 PM 07:18:21:554
   Step 3 ok! Spent Time: 0.0s
   Begin Step 4... Action: Erase, Chip: SPI Nor Flash, Address: 0x0000, Length: 40
   Step 4 - Start Time : 2014/09/26 PM 07:18:21:554
   Step 4 - End Time : 2014/09/26 PM 07:18:29:410
   Step 4 ok! Spent Time: 7.859s
   Begin Step 5... Action: Write, Chip: SPI Nor Flash, Address: 0x0000, File: D:\work\generalplus\t19hh\tools/gpcv1248_spifc_pack_/t19hh.bin
   Step 5 - Start Time : 2014/09/26 PM 07:18:29:410
   Step 5 - End Time : 2014/09/26 PM 07:18:43:419
   Step 5 ok! Spent Time: 14.0s
   USB Task Finished! Spent Time: 21.891s
   Device is Pullouted.

< 14-09-26 19:19:43 >==============================================
Device is Inserted On Driver : [Hub4 Port2] [VER:0, SN:7&181d743d&0#{53]
   Begin the USB Task...
   Step 1 disable...
   Begin Step 2... Action: Write, Chip: RAM, Address: 0xF8002000, File: D:\work\generalplus\t19hh\tools\G+CodePacker 1.0.9 Patch 001\USBMassProductionTool/code/gp15b_ispbin.bin
   Step 2 - Start Time : 2014/09/26 PM 07:19:45:742
   Step 2 - End Time : 2014/09/26 PM 07:19:45:759
   Step 2 ok! Spent Time: 0.16s
   Begin Step 3... Action: Jump to Function, Chip: RAM, Address: 0xF8002000
   Step 3 - Start Time : 2014/09/26 PM 07:19:45:759
   Step 3 - End Time : 2014/09/26 PM 07:19:45:759
   Step 3 ok! Spent Time: 0.0s
   Begin Step 4... Action: Erase, Chip: SPI Nor Flash, Address: 0x0000, Length: 40
   Step 4 - Start Time : 2014/09/26 PM 07:19:45:760
   Step 4 - End Time : 2014/09/26 PM 07:19:53:590
   Step 4 ok! Spent Time: 7.828s
   Begin Step 5... Action: Write, Chip: SPI Nor Flash, Address: 0x0000, File: D:\work\generalplus\t19hh\tools/gpcv1248_spifc_pack_/t19hh.bin
   Step 5 - Start Time : 2014/09/26 PM 07:19:53:590
   Step 5 - End Time : 2014/09/26 PM 07:20:07:615
   Step 5 ok! Spent Time: 14.31s
   USB Task Finished! Spent Time: 21.891s
   Device is Pullouted.
