
< 15-01-12 14:58:47 >==============================================
Device is Inserted On Driver : [Hub4 Port1] [VER:0, SN:7&2ad724e2&0#{53]
   Device is Pullouted.

< 15-01-12 15:01:19 >==============================================
Device is Inserted On Driver : [Hub4 Port1] [VER:0, SN:7&2ad724e2&0#{53]
   Device is Pullouted.

< 15-01-12 15:01:24 >==============================================
Device is Inserted On Driver : [Hub4 Port1] [VER:0, SN:7&2ad724e2&0#{53]
   Begin the USB Task...
   Step 1 disable...
   Begin Step 2... Action: Write, Chip: RAM, Address: 0xF8002000, File: D:\work\generalplus\t19hh\tools\G+CodePacker 1.0.9 Patch 001\USBMassProductionTool/code/gp15b_ispbin.bin
   Step 2 - Start Time : 2015/01/12 PM 03:01:27:737
   Step 2 - End Time : 2015/01/12 PM 03:01:27:744
   Step 2 ok! Spent Time: 0.0s
   Begin Step 3... Action: Jump to Function, Chip: RAM, Address: 0xF8002000
   Step 3 - Start Time : 2015/01/12 PM 03:01:27:744
   Step 3 - End Time : 2015/01/12 PM 03:01:27:744
   Step 3 ok! Spent Time: 0.0s
   Begin Step 4... Action: Erase, Chip: SPI Nor Flash, Address: 0x0000, Length: 40
   Step 4 - Start Time : 2015/01/12 PM 03:01:27:744
   Step 4 - End Time : 2015/01/12 PM 03:01:35:08
   Step 4 ok! Spent Time: 7.265s
   Begin Step 5... Action: Write, Chip: SPI Nor Flash, Address: 0x0000, File: D:\work\generalplus\t19hh\tools/gpcv1248_spifc_pack_/gp_cardvr_upgrade.bin
   Step 5 - Start Time : 2015/01/12 PM 03:01:35:08
   Step 5 - End Time : 2015/01/12 PM 03:01:48:416
   Step 5 ok! Spent Time: 13.407s
   USB Task Finished! Spent Time: 20.672s
   Device is Pullouted.

< 15-01-12 18:14:54 >==============================================
Device is Inserted On Driver : [Hub4 Port1] [VER:0, SN:7&2ad724e2&0#{53]
   Begin the USB Task...
   Step 1 disable...
   Begin Step 2... Action: Write, Chip: RAM, Address: 0xF8002000, File: D:\work\generalplus\t19hh\tools\G+CodePacker 1.0.9 Patch 001\USBMassProductionTool/code/gp15b_ispbin.bin
   Step 2 - Start Time : 2015/01/12 PM 06:14:56:264
   Step 2 - End Time : 2015/01/12 PM 06:14:56:271
   Step 2 ok! Spent Time: 0.16s
   Begin Step 3... Action: Jump to Function, Chip: RAM, Address: 0xF8002000
   Step 3 - Start Time : 2015/01/12 PM 06:14:56:271
   Step 3 - End Time : 2015/01/12 PM 06:14:56:271
   Step 3 ok! Spent Time: 0.0s
   Begin Step 4... Action: Erase, Chip: SPI Nor Flash, Address: 0x0000, Length: 40
   Step 4 - Start Time : 2015/01/12 PM 06:14:56:272
   Step 4 - End Time : 2015/01/12 PM 06:15:03:639
   Step 4 ok! Spent Time: 7.359s
   Begin Step 5... Action: Write, Chip: SPI Nor Flash, Address: 0x0000, File: D:\work\generalplus\t19hh\tools/gpcv1248_spifc_pack_/gp_cardvr_upgrade.bin
   Step 5 - Start Time : 2015/01/12 PM 06:15:03:639
   Step 5 - End Time : 2015/01/12 PM 06:15:17:79
   Step 5 ok! Spent Time: 13.453s
   USB Task Finished! Spent Time: 20.859s
   Device is Pullouted.
