
< 15-01-23 15:18:18 >==============================================
Device is Inserted On Driver : [Hub3 Port1] [VER:0, SN:7&2ad724e2&0#{53]
   Begin the USB Task...
   Step 1 disable...
   Begin Step 2... Action: Write, Chip: RAM, Address: 0xF8002000, File: D:\work\generalplus\t19hh\tools\G+CodePacker 1.0.9 Patch 001\USBMassProductionTool/code/gp15b_ispbin.bin
   Step 2 - Start Time : 2015/01/23 PM 03:18:20:555
   Step 2 - End Time : 2015/01/23 PM 03:18:20:584
   Step 2 ok! Spent Time: 0.31s
   Begin Step 3... Action: Jump to Function, Chip: RAM, Address: 0xF8002000
   Step 3 - Start Time : 2015/01/23 PM 03:18:20:584
   Step 3 - End Time : 2015/01/23 PM 03:18:20:584
   Step 3 ok! Spent Time: 0.0s
   Begin Step 4... Action: Erase, Chip: SPI Nor Flash, Address: 0x0000, Length: 40
   Step 4 - Start Time : 2015/01/23 PM 03:18:20:584
   Step 4 - End Time : 2015/01/23 PM 03:18:27:467
   Step 4 ok! Spent Time: 6.875s
   Begin Step 5... Action: Write, Chip: SPI Nor Flash, Address: 0x0000, File: D:\work\generalplus\t19hh\tools/gpcv1248_spifc_pack_/gp_cardvr_upgrade.bin
   Step 5 - Start Time : 2015/01/23 PM 03:18:27:467
   Step 5 - End Time : 2015/01/23 PM 03:18:40:806
   Step 5 ok! Spent Time: 13.344s
   USB Task Finished! Spent Time: 20.250s
   Device is Pullouted.
