
< 15-01-14 17:40:10 >==============================================
Device is Inserted On Driver : [Hub4 Port1] [VER:0, SN:7&2ad724e2&0#{53]
   Begin the USB Task...
   Step 1 disable...
   Begin Step 2... Action: Write, Chip: RAM, Address: 0xF8002000, File: D:\work\generalplus\t19hh\tools\G+CodePacker 1.0.9 Patch 001\USBMassProductionTool/code/gp15b_ispbin.bin
   Step 2 - Start Time : 2015/01/14 PM 05:40:12:217
   Step 2 - End Time : 2015/01/14 PM 05:40:12:249
   Step 2 ok! Spent Time: 0.32s
   Begin Step 3... Action: Jump to Function, Chip: RAM, Address: 0xF8002000
   Step 3 - Start Time : 2015/01/14 PM 05:40:12:250
   Step 3 - End Time : 2015/01/14 PM 05:40:12:251
   Step 3 ok! Spent Time: 0.0s
   Begin Step 4... Action: Erase, Chip: SPI Nor Flash, Address: 0x0000, Length: 40
   Step 4 - Start Time : 2015/01/14 PM 05:40:12:251
   Step 4 - End Time : 2015/01/14 PM 05:40:16:982
   Step 4 ok! Spent Time: 4.719s
   Begin Step 5... Action: Write, Chip: SPI Nor Flash, Address: 0x0000, File: D:\work\generalplus\t19hh\tools/gpcv1248_spifc_pack_/gp_cardvr_upgrade.bin
   Step 5 - Start Time : 2015/01/14 PM 05:40:16:982
   Step 5 - End Time : 2015/01/14 PM 05:40:32:718
   Step 5 ok! Spent Time: 15.734s
   USB Task Finished! Spent Time: 20.516s
   Device is Pullouted.

< 15-01-14 17:49:44 >==============================================
Device is Inserted On Driver : [Hub4 Port1] [VER:0, SN:7&2ad724e2&0#{53]
   Begin the USB Task...
   Step 1 disable...
   Begin Step 2... Action: Write, Chip: RAM, Address: 0xF8002000, File: D:\work\generalplus\t19hh\tools\G+CodePacker 1.0.9 Patch 001\USBMassProductionTool/code/gp15b_ispbin.bin
   Step 2 - Start Time : 2015/01/14 PM 05:49:48:656
   Step 2 - End Time : 2015/01/14 PM 05:49:48:663
   Step 2 ok! Spent Time: 0.0s
   Begin Step 3... Action: Jump to Function, Chip: RAM, Address: 0xF8002000
   Step 3 - Start Time : 2015/01/14 PM 05:49:48:663
   Step 3 - End Time : 2015/01/14 PM 05:49:48:663
   Step 3 ok! Spent Time: 0.0s
   Begin Step 4... Action: Erase, Chip: SPI Nor Flash, Address: 0x0000, Length: 40
   Step 4 - Start Time : 2015/01/14 PM 05:49:48:663
   Step 4 - End Time : 2015/01/14 PM 05:49:56:38
   Step 4 ok! Spent Time: 7.375s
   Begin Step 5... Action: Write, Chip: SPI Nor Flash, Address: 0x0000, File: D:\work\generalplus\t19hh\tools/gpcv1248_spifc_pack_/gp_cardvr_upgrade.bin
   Step 5 - Start Time : 2015/01/14 PM 05:49:56:39
   Step 5 - End Time : 2015/01/14 PM 05:50:09:491
   Step 5 ok! Spent Time: 13.453s
   USB Task Finished! Spent Time: 20.844s
   Device is Pullouted.

< 15-01-14 17:53:01 >==============================================
Device is Inserted On Driver : [Hub4 Port1] [VER:0, SN:7&2ad724e2&0#{53]
   Begin the USB Task...
   Step 1 disable...
   Begin Step 2... Action: Write, Chip: RAM, Address: 0xF8002000, File: D:\work\generalplus\t19hh\tools\G+CodePacker 1.0.9 Patch 001\USBMassProductionTool/code/gp15b_ispbin.bin
   Step 2 - Start Time : 2015/01/14 PM 05:53:03:335
   Step 2 - End Time : 2015/01/14 PM 05:53:03:352
   Step 2 ok! Spent Time: 0.16s
   Begin Step 3... Action: Jump to Function, Chip: RAM, Address: 0xF8002000
   Step 3 - Start Time : 2015/01/14 PM 05:53:03:352
   Step 3 - End Time : 2015/01/14 PM 05:53:03:354
   Step 3 ok! Spent Time: 0.0s
   Begin Step 4... Action: Erase, Chip: SPI Nor Flash, Address: 0x0000, Length: 40
   Step 4 - Start Time : 2015/01/14 PM 05:53:03:354
   Step 4 - End Time : 2015/01/14 PM 05:53:08:64
   Step 4 ok! Spent Time: 4.719s
   Begin Step 5... Action: Write, Chip: SPI Nor Flash, Address: 0x0000, File: D:\work\generalplus\t19hh\tools/gpcv1248_spifc_pack_/gp_cardvr_upgrade.bin
   Step 5 - Start Time : 2015/01/14 PM 05:53:08:64
   Step 5 - End Time : 2015/01/14 PM 05:53:23:810
   Step 5 ok! Spent Time: 15.734s
   USB Task Finished! Spent Time: 20.469s
   Device is Pullouted.

< 15-01-14 18:13:50 >==============================================
Device is Inserted On Driver : [Hub4 Port1] [VER:0, SN:7&2ad724e2&0#{53]
   Begin the USB Task...
   Step 1 disable...
   Begin Step 2... Action: Write, Chip: RAM, Address: 0xF8002000, File: D:\work\generalplus\t19hh\tools\G+CodePacker 1.0.9 Patch 001\USBMassProductionTool/code/gp15b_ispbin.bin
   Step 2 - Start Time : 2015/01/14 PM 06:13:52:650
   Step 2 - End Time : 2015/01/14 PM 06:13:52:657
   Step 2 ok! Spent Time: 0.16s
   Begin Step 3... Action: Jump to Function, Chip: RAM, Address: 0xF8002000
   Step 3 - Start Time : 2015/01/14 PM 06:13:52:657
   Step 3 - End Time : 2015/01/14 PM 06:13:52:658
   Step 3 ok! Spent Time: 0.0s
   Begin Step 4... Action: Erase, Chip: SPI Nor Flash, Address: 0x0000, Length: 40
   Step 4 - Start Time : 2015/01/14 PM 06:13:52:658
   Step 4 - End Time : 2015/01/14 PM 06:14:00:31
   Step 4 ok! Spent Time: 7.375s
   Begin Step 5... Action: Write, Chip: SPI Nor Flash, Address: 0x0000, File: D:\work\generalplus\t19hh\tools/gpcv1248_spifc_pack_/gp_cardvr_upgrade.bin
   Step 5 - Start Time : 2015/01/14 PM 06:14:00:31
   Step 5 - End Time : 2015/01/14 PM 06:14:13:443
   Step 5 ok! Spent Time: 13.406s
   USB Task Finished! Spent Time: 20.797s
   Device is Pullouted.

< 15-01-14 18:15:55 >==============================================
Device is Inserted On Driver : [Hub4 Port1] [VER:0, SN:7&2ad724e2&0#{53]
   Begin the USB Task...
   Step 1 disable...
   Begin Step 2... Action: Write, Chip: RAM, Address: 0xF8002000, File: D:\work\generalplus\t19hh\tools\G+CodePacker 1.0.9 Patch 001\USBMassProductionTool/code/gp15b_ispbin.bin
   Step 2 - Start Time : 2015/01/14 PM 06:15:57:946
   Step 2 - End Time : 2015/01/14 PM 06:15:57:953
   Step 2 ok! Spent Time: 0.15s
   Begin Step 3... Action: Jump to Function, Chip: RAM, Address: 0xF8002000
   Step 3 - Start Time : 2015/01/14 PM 06:15:57:953
   Step 3 - End Time : 2015/01/14 PM 06:15:57:953
   Step 3 ok! Spent Time: 0.0s
   Begin Step 4... Action: Erase, Chip: SPI Nor Flash, Address: 0x0000, Length: 40
   Step 4 - Start Time : 2015/01/14 PM 06:15:57:953
   Step 4 - End Time : 2015/01/14 PM 06:16:02:687
   Step 4 ok! Spent Time: 4.735s
   Begin Step 5... Action: Write, Chip: SPI Nor Flash, Address: 0x0000, File: D:\work\generalplus\t19hh\tools/gpcv1248_spifc_pack_/gp_cardvr_upgrade.bin
   Step 5 - Start Time : 2015/01/14 PM 06:16:02:687
   Step 5 - End Time : 2015/01/14 PM 06:16:18:448
   Step 5 ok! Spent Time: 15.750s
   USB Task Finished! Spent Time: 20.500s
   Device is Pullouted.
