
< 15-04-14 09:54:51 >==============================================
Device is Inserted On Driver : [Hub1 Port1] [VER:0, SN:6&e9833e0&0#{53f]
   Begin the USB Task...
   Step 1 disable...
   Begin Step 2... Action: Write, Chip: RAM, Address: 0xF8002000, File: D:\work\generalplus\t19hh\tools\G+CodePacker 1.0.9 Patch 001\USBMassProductionTool/code/gp15b_ispbin.bin
   Step 2 - Start Time : 2015/04/14 AM 09:54:52:856
   Step 2 - End Time : 2015/04/14 AM 09:54:52:862
   Step 2 ok! Spent Time: 0.16s
   Begin Step 3... Action: Jump to Function, Chip: RAM, Address: 0xF8002000
   Step 3 - Start Time : 2015/04/14 AM 09:54:52:862
   Step 3 - End Time : 2015/04/14 AM 09:54:52:862
   Step 3 ok! Spent Time: 0.0s
   Begin Step 4... Action: Erase, Chip: SPI Nor Flash, Address: 0x0000, Length: 40
   Step 4 - Start Time : 2015/04/14 AM 09:54:52:862
   Step 4 - End Time : 2015/04/14 AM 09:54:57:444
   Step 4 ok! Spent Time: 4.570s
   Begin Step 5... Action: Write, Chip: SPI Nor Flash, Address: 0x0000, File: D:\work\generalplus\t19hh/higo/gp_cardvr_upgrade.bin
   Step 5 - Start Time : 2015/04/14 AM 09:54:57:444
   Step 5 - End Time : 2015/04/14 AM 09:55:13:330
   Step 5 ok! Spent Time: 15.897s
   USB Task Finished! Spent Time: 20.483s
   Device is Pullouted.

< 15-04-14 10:17:49 >==============================================
Device is Inserted On Driver : [Hub1 Port1] [VER:0, SN:6&e9833e0&0#{53f]
   Begin the USB Task...
   Step 1 disable...
   Begin Step 2... Action: Write, Chip: RAM, Address: 0xF8002000, File: D:\work\generalplus\t19hh\tools\G+CodePacker 1.0.9 Patch 001\USBMassProductionTool/code/gp15b_ispbin.bin
   Step 2 - Start Time : 2015/04/14 AM 10:17:52:247
   Step 2 - End Time : 2015/04/14 AM 10:17:52:254
   Step 2 ok! Spent Time: 0.16s
   Begin Step 3... Action: Jump to Function, Chip: RAM, Address: 0xF8002000
   Step 3 - Start Time : 2015/04/14 AM 10:17:52:255
   Step 3 - End Time : 2015/04/14 AM 10:17:52:256
   Step 3 ok! Spent Time: 0.0s
   Begin Step 4... Action: Erase, Chip: SPI Nor Flash, Address: 0x0000, Length: 40
   Step 4 - Start Time : 2015/04/14 AM 10:17:52:257
   Step 4 - End Time : 2015/04/14 AM 10:17:56:810
   Step 4 ok! Spent Time: 4.555s
   Begin Step 5... Action: Write, Chip: SPI Nor Flash, Address: 0x0000, File: D:\work\generalplus\t19hh/higo/gp_cardvr_upgrade.bin
   Step 5 - Start Time : 2015/04/14 AM 10:17:56:811
   Step 5 - End Time : 2015/04/14 AM 10:18:12:767
   Step 5 ok! Spent Time: 15.943s
   USB Task Finished! Spent Time: 20.514s
   Device is Pullouted.

< 15-04-14 10:28:43 >==============================================
Device is Inserted On Driver : [Hub1 Port1] [VER:0, SN:6&e9833e0&0#{53f]
   Begin the USB Task...
   Step 1 disable...
   Begin Step 2... Action: Write, Chip: RAM, Address: 0xF8002000, File: D:\work\generalplus\t19hh\tools\G+CodePacker 1.0.9 Patch 001\USBMassProductionTool/code/gp15b_ispbin.bin
   Step 2 - Start Time : 2015/04/14 AM 10:28:45:265
   Step 2 - End Time : 2015/04/14 AM 10:28:45:272
   Step 2 ok! Spent Time: 0.0s
   Begin Step 3... Action: Jump to Function, Chip: RAM, Address: 0xF8002000
   Step 3 - Start Time : 2015/04/14 AM 10:28:45:272
   Step 3 - End Time : 2015/04/14 AM 10:28:45:273
   Step 3 ok! Spent Time: 0.0s
   Begin Step 4... Action: Erase, Chip: SPI Nor Flash, Address: 0x0000, Length: 40
   Step 4 - Start Time : 2015/04/14 AM 10:28:45:273
   Step 4 - End Time : 2015/04/14 AM 10:28:49:831
   Step 4 ok! Spent Time: 4.571s
   Begin Step 5... Action: Write, Chip: SPI Nor Flash, Address: 0x0000, File: c:/users/young/desktop/gp_cardvr_upgrade.bin
   Step 5 - Start Time : 2015/04/14 AM 10:28:49:832
   Step 5 - End Time : 2015/04/14 AM 10:29:05:809
   Step 5 ok! Spent Time: 15.975s
   USB Task Finished! Spent Time: 20.546s
   Device is Pullouted.

< 15-04-14 10:39:29 >==============================================
Device is Inserted On Driver : [Hub1 Port1] [VER:0, SN:6&e9833e0&0#{53f]
   Begin the USB Task...
   Step 1 disable...
   Begin Step 2... Action: Write, Chip: RAM, Address: 0xF8002000, File: D:\work\generalplus\t19hh\tools\G+CodePacker 1.0.9 Patch 001\USBMassProductionTool/code/gp15b_ispbin.bin
   Step 2 - Start Time : 2015/04/14 AM 10:39:31:91
   Step 2 - End Time : 2015/04/14 AM 10:39:31:98
   Step 2 ok! Spent Time: 0.0s
   Begin Step 3... Action: Jump to Function, Chip: RAM, Address: 0xF8002000
   Step 3 - Start Time : 2015/04/14 AM 10:39:31:98
   Step 3 - End Time : 2015/04/14 AM 10:39:31:99
   Step 3 ok! Spent Time: 0.0s
   Begin Step 4... Action: Erase, Chip: SPI Nor Flash, Address: 0x0000, Length: 40
   Step 4 - Start Time : 2015/04/14 AM 10:39:31:99
   Step 4 - End Time : 2015/04/14 AM 10:39:35:668
   Step 4 ok! Spent Time: 4.571s
   Begin Step 5... Action: Write, Chip: SPI Nor Flash, Address: 0x0000, File: D:\work\generalplus\t19hh/higo/gp_cardvr_upgrade.bin
   Step 5 - Start Time : 2015/04/14 AM 10:39:35:669
   Step 5 - End Time : 2015/04/14 AM 10:39:51:622
   Step 5 ok! Spent Time: 15.959s
   USB Task Finished! Spent Time: 20.530s
   Device is Pullouted.

< 15-04-14 10:52:13 >==============================================
Device is Inserted On Driver : [Hub1 Port1] [VER:0, SN:6&e9833e0&0#{53f]
   Begin the USB Task...
   Step 1 disable...
   Begin Step 2... Action: Write, Chip: RAM, Address: 0xF8002000, File: D:\work\generalplus\t19hh\tools\G+CodePacker 1.0.9 Patch 001\USBMassProductionTool/code/gp15b_ispbin.bin
   Step 2 - Start Time : 2015/04/14 AM 10:52:14:236
   Step 2 - End Time : 2015/04/14 AM 10:52:14:243
   Step 2 ok! Spent Time: 0.0s
   Begin Step 3... Action: Jump to Function, Chip: RAM, Address: 0xF8002000
   Step 3 - Start Time : 2015/04/14 AM 10:52:14:243
   Step 3 - End Time : 2015/04/14 AM 10:52:14:244
   Step 3 ok! Spent Time: 0.16s
   Begin Step 4... Action: Erase, Chip: SPI Nor Flash, Address: 0x0000, Length: 40
   Step 4 - Start Time : 2015/04/14 AM 10:52:14:244
   Step 4 - End Time : 2015/04/14 AM 10:52:18:858
   Step 4 ok! Spent Time: 4.602s
   Begin Step 5... Action: Write, Chip: SPI Nor Flash, Address: 0x0000, File: D:\work\generalplus\t19hh/higo/gp_cardvr_upgrade.bin
   Step 5 - Start Time : 2015/04/14 AM 10:52:18:859
   Step 5 - End Time : 2015/04/14 AM 10:52:34:817
   Step 5 ok! Spent Time: 15.959s
   USB Task Finished! Spent Time: 20.577s
   Device is Pullouted.

< 15-04-14 10:58:18 >==============================================
Device is Inserted On Driver : [Hub1 Port1] [VER:0, SN:6&e9833e0&0#{53f]
   Begin the USB Task...
   Step 1 disable...
   Begin Step 2... Action: Write, Chip: RAM, Address: 0xF8002000, File: D:\work\generalplus\t19hh\tools\G+CodePacker 1.0.9 Patch 001\USBMassProductionTool/code/gp15b_ispbin.bin
   Step 2 - Start Time : 2015/04/14 AM 10:58:20:562
   Step 2 - End Time : 2015/04/14 AM 10:58:20:570
   Step 2 ok! Spent Time: 0.15s
   Begin Step 3... Action: Jump to Function, Chip: RAM, Address: 0xF8002000
   Step 3 - Start Time : 2015/04/14 AM 10:58:20:570
   Step 3 - End Time : 2015/04/14 AM 10:58:20:571
   Step 3 ok! Spent Time: 0.0s
   Begin Step 4... Action: Erase, Chip: SPI Nor Flash, Address: 0x0000, Length: 40
   Step 4 - Start Time : 2015/04/14 AM 10:58:20:571
   Step 4 - End Time : 2015/04/14 AM 10:58:25:148
   Step 4 ok! Spent Time: 4.571s
   Begin Step 5... Action: Write, Chip: SPI Nor Flash, Address: 0x0000, File: D:\work\generalplus\t19hh/higo/gp_cardvr_upgrade.bin
   Step 5 - Start Time : 2015/04/14 AM 10:58:25:149
   Step 5 - End Time : 2015/04/14 AM 10:58:41:106
   Step 5 ok! Spent Time: 15.959s
   USB Task Finished! Spent Time: 20.545s
   Device is Pullouted.

< 15-04-14 11:00:17 >==============================================
Device is Inserted On Driver : [Hub1 Port2] [VER:0, SN:6&2151e485&0#{53]
   Begin the USB Task...
   Step 1 disable...
   Begin Step 2... Action: Write, Chip: RAM, Address: 0xF8002000, File: D:\work\generalplus\t19hh\tools\G+CodePacker 1.0.9 Patch 001\USBMassProductionTool/code/gp15b_ispbin.bin
   Step 2 - Start Time : 2015/04/14 AM 11:00:20:589
   Step 2 - End Time : 2015/04/14 AM 11:00:20:596
   Step 2 ok! Spent Time: 0.15s
   Begin Step 3... Action: Jump to Function, Chip: RAM, Address: 0xF8002000
   Step 3 - Start Time : 2015/04/14 AM 11:00:20:597
   Step 3 - End Time : 2015/04/14 AM 11:00:20:598
   Step 3 ok! Spent Time: 0.0s
   Begin Step 4... Action: Erase, Chip: SPI Nor Flash, Address: 0x0000, Length: 40
   Step 4 - Start Time : 2015/04/14 AM 11:00:20:598
   Device is Pullouted.
   0xFF20: An error occurred during erase flash! Address: 0x220000, Block Number: 40, 操作成功完成。
   Step 4 Fail!!!

< 15-04-14 11:00:53 >==============================================
Device is Inserted On Driver : [Hub1 Port2] [VER:0, SN:6&2151e485&0#{53]
   Begin the USB Task...
   Step 1 disable...
   Begin Step 2... Action: Write, Chip: RAM, Address: 0xF8002000, File: D:\work\generalplus\t19hh\tools\G+CodePacker 1.0.9 Patch 001\USBMassProductionTool/code/gp15b_ispbin.bin
   Step 2 - Start Time : 2015/04/14 AM 11:00:55:966
   Step 2 - End Time : 2015/04/14 AM 11:00:55:973
   Step 2 ok! Spent Time: 0.0s
   Begin Step 3... Action: Jump to Function, Chip: RAM, Address: 0xF8002000
   Step 3 - Start Time : 2015/04/14 AM 11:00:55:973
   Step 3 - End Time : 2015/04/14 AM 11:00:55:974
   Step 3 ok! Spent Time: 0.15s
   Begin Step 4... Action: Erase, Chip: SPI Nor Flash, Address: 0x0000, Length: 40
   Step 4 - Start Time : 2015/04/14 AM 11:00:55:976
   Step 4 - End Time : 2015/04/14 AM 11:01:07:219
   Step 4 ok! Spent Time: 11.233s
   Begin Step 5... Action: Write, Chip: SPI Nor Flash, Address: 0x0000, File: D:\work\generalplus\t19hh/higo/gp_cardvr_upgrade.bin
   Step 5 - Start Time : 2015/04/14 AM 11:01:07:220
   Step 5 - End Time : 2015/04/14 AM 11:01:20:524
   Step 5 ok! Spent Time: 13.306s
   USB Task Finished! Spent Time: 24.554s
   Device is Pullouted.

< 15-04-14 11:13:55 >==============================================
Device is Inserted On Driver : [Hub1 Port2] [VER:0, SN:6&2151e485&0#{53]
   Begin the USB Task...
   Step 1 disable...
   Begin Step 2... Action: Write, Chip: RAM, Address: 0xF8002000, File: D:\work\generalplus\t19hh\tools\G+CodePacker 1.0.9 Patch 001\USBMassProductionTool/code/gp15b_ispbin.bin
   Step 2 - Start Time : 2015/04/14 AM 11:13:56:626
   Step 2 - End Time : 2015/04/14 AM 11:13:56:633
   Step 2 ok! Spent Time: 0.0s
   Begin Step 3... Action: Jump to Function, Chip: RAM, Address: 0xF8002000
   Step 3 - Start Time : 2015/04/14 AM 11:13:56:633
   Step 3 - End Time : 2015/04/14 AM 11:13:56:634
   Step 3 ok! Spent Time: 0.16s
   Begin Step 4... Action: Erase, Chip: SPI Nor Flash, Address: 0x0000, Length: 40
   Step 4 - Start Time : 2015/04/14 AM 11:13:56:634
   Step 4 - End Time : 2015/04/14 AM 11:14:07:473
   Step 4 ok! Spent Time: 10.826s
   Begin Step 5... Action: Write, Chip: SPI Nor Flash, Address: 0x0000, File: D:\work\generalplus\t19hh/higo/gp_cardvr_upgrade.bin
   Step 5 - Start Time : 2015/04/14 AM 11:14:07:473
   Step 5 - End Time : 2015/04/14 AM 11:14:20:793
   Step 5 ok! Spent Time: 13.323s
   USB Task Finished! Spent Time: 24.165s
   Device is Pullouted.

< 15-04-14 11:18:25 >==============================================
Device is Inserted On Driver : [Hub1 Port2] [VER:0, SN:6&2151e485&0#{53]
   Begin the USB Task...
   Step 1 disable...
   Begin Step 2... Action: Write, Chip: RAM, Address: 0xF8002000, File: D:\work\generalplus\t19hh\tools\G+CodePacker 1.0.9 Patch 001\USBMassProductionTool/code/gp15b_ispbin.bin
   Step 2 - Start Time : 2015/04/14 AM 11:18:26:499
   Step 2 - End Time : 2015/04/14 AM 11:18:26:505
   Step 2 ok! Spent Time: 0.16s
   Begin Step 3... Action: Jump to Function, Chip: RAM, Address: 0xF8002000
   Step 3 - Start Time : 2015/04/14 AM 11:18:26:505
   Step 3 - End Time : 2015/04/14 AM 11:18:26:505
   Step 3 ok! Spent Time: 0.0s
   Begin Step 4... Action: Erase, Chip: SPI Nor Flash, Address: 0x0000, Length: 40
   Step 4 - Start Time : 2015/04/14 AM 11:18:26:505
   Step 4 - End Time : 2015/04/14 AM 11:18:37:364
   Step 4 ok! Spent Time: 10.857s
   Begin Step 5... Action: Write, Chip: SPI Nor Flash, Address: 0x0000, File: D:\work\generalplus\t19hh/higo/gp_cardvr_upgrade.bin
   Step 5 - Start Time : 2015/04/14 AM 11:18:37:365
   Step 5 - End Time : 2015/04/14 AM 11:18:50:682
   Step 5 ok! Spent Time: 13.323s
   USB Task Finished! Spent Time: 24.196s
   Device is Pullouted.

< 15-04-14 11:22:44 >==============================================
Device is Inserted On Driver : [Hub1 Port2] [VER:0, SN:6&2151e485&0#{53]
   Begin the USB Task...
   Step 1 disable...
   Begin Step 2... Action: Write, Chip: RAM, Address: 0xF8002000, File: D:\work\generalplus\t19hh\tools\G+CodePacker 1.0.9 Patch 001\USBMassProductionTool/code/gp15b_ispbin.bin
   Step 2 - Start Time : 2015/04/14 AM 11:22:46:162
   Step 2 - End Time : 2015/04/14 AM 11:22:46:170
   Step 2 ok! Spent Time: 0.15s
   Begin Step 3... Action: Jump to Function, Chip: RAM, Address: 0xF8002000
   Step 3 - Start Time : 2015/04/14 AM 11:22:46:170
   Step 3 - End Time : 2015/04/14 AM 11:22:46:171
   Step 3 ok! Spent Time: 0.0s
   Begin Step 4... Action: Erase, Chip: SPI Nor Flash, Address: 0x0000, Length: 40
   Step 4 - Start Time : 2015/04/14 AM 11:22:46:171
   Step 4 - End Time : 2015/04/14 AM 11:22:56:816
   Step 4 ok! Spent Time: 10.640s
   Begin Step 5... Action: Write, Chip: SPI Nor Flash, Address: 0x0000, File: D:\work\generalplus\t19hh/higo/gp_cardvr_upgrade.bin
   Step 5 - Start Time : 2015/04/14 AM 11:22:56:816
   Step 5 - End Time : 2015/04/14 AM 11:23:10:120
   Step 5 ok! Spent Time: 13.307s
   USB Task Finished! Spent Time: 23.962s
   Device is Pullouted.

< 15-04-14 11:35:57 >==============================================
Device is Inserted On Driver : [Hub1 Port2] [VER:0, SN:6&2151e485&0#{53]
   Begin the USB Task...
   Step 1 disable...
   Begin Step 2... Action: Write, Chip: RAM, Address: 0xF8002000, File: D:\work\generalplus\t19hh\tools\G+CodePacker 1.0.9 Patch 001\USBMassProductionTool/code/gp15b_ispbin.bin
   Step 2 - Start Time : 2015/04/14 AM 11:35:58:301
   Step 2 - End Time : 2015/04/14 AM 11:35:58:308
   Step 2 ok! Spent Time: 0.15s
   Begin Step 3... Action: Jump to Function, Chip: RAM, Address: 0xF8002000
   Step 3 - Start Time : 2015/04/14 AM 11:35:58:309
   Step 3 - End Time : 2015/04/14 AM 11:35:58:309
   Step 3 ok! Spent Time: 0.0s
   Begin Step 4... Action: Erase, Chip: SPI Nor Flash, Address: 0x0000, Length: 40
   Step 4 - Start Time : 2015/04/14 AM 11:35:58:310
   Step 4 - End Time : 2015/04/14 AM 11:36:08:838
   Step 4 ok! Spent Time: 10.530s
   Begin Step 5... Action: Write, Chip: SPI Nor Flash, Address: 0x0000, File: D:\work\generalplus\t19hh/higo/gp_cardvr_upgrade.bin
   Step 5 - Start Time : 2015/04/14 AM 11:36:08:839
   Step 5 - End Time : 2015/04/14 AM 11:36:22:139
   Step 5 ok! Spent Time: 13.292s
   USB Task Finished! Spent Time: 23.837s
   Device is Pullouted.

< 15-04-14 11:41:15 >==============================================
Device is Inserted On Driver : [Hub1 Port1] [VER:0, SN:6&e9833e0&0#{53f]
   Begin the USB Task...
   Step 1 disable...
   Begin Step 2... Action: Write, Chip: RAM, Address: 0xF8002000, File: D:\work\generalplus\t19hh\tools\G+CodePacker 1.0.9 Patch 001\USBMassProductionTool/code/gp15b_ispbin.bin
   Step 2 - Start Time : 2015/04/14 AM 11:41:16:343
   Step 2 - End Time : 2015/04/14 AM 11:41:16:349
   Step 2 ok! Spent Time: 0.16s
   Begin Step 3... Action: Jump to Function, Chip: RAM, Address: 0xF8002000
   Step 3 - Start Time : 2015/04/14 AM 11:41:16:349
   Step 3 - End Time : 2015/04/14 AM 11:41:16:349
   Step 3 ok! Spent Time: 0.0s
   Begin Step 4... Action: Erase, Chip: SPI Nor Flash, Address: 0x0000, Length: 40
   Step 4 - Start Time : 2015/04/14 AM 11:41:16:349
   Step 4 - End Time : 2015/04/14 AM 11:41:20:961
   Step 4 ok! Spent Time: 4.602s
   Begin Step 5... Action: Write, Chip: SPI Nor Flash, Address: 0x0000, File: D:\work\generalplus\t19hh/higo/gp_cardvr_upgrade.bin
   Step 5 - Start Time : 2015/04/14 AM 11:41:20:961
   Step 5 - End Time : 2015/04/14 AM 11:41:36:938
   Step 5 ok! Spent Time: 15.990s
   USB Task Finished! Spent Time: 20.608s
   Device is Pullouted.

< 15-04-14 11:54:35 >==============================================
Device is Inserted On Driver : [Hub1 Port1] [VER:0, SN:6&e9833e0&0#{53f]
   Begin the USB Task...
   Step 1 disable...
   Begin Step 2... Action: Write, Chip: RAM, Address: 0xF8002000, File: D:\work\generalplus\t19hh\tools\G+CodePacker 1.0.9 Patch 001\USBMassProductionTool/code/gp15b_ispbin.bin
   Step 2 - Start Time : 2015/04/14 AM 11:54:36:718
   Step 2 - End Time : 2015/04/14 AM 11:54:36:723
   Step 2 ok! Spent Time: 0.0s
   Begin Step 3... Action: Jump to Function, Chip: RAM, Address: 0xF8002000
   Step 3 - Start Time : 2015/04/14 AM 11:54:36:724
   Step 3 - End Time : 2015/04/14 AM 11:54:36:724
   Step 3 ok! Spent Time: 0.0s
   Begin Step 4... Action: Erase, Chip: SPI Nor Flash, Address: 0x0000, Length: 40
   Step 4 - Start Time : 2015/04/14 AM 11:54:36:724
   Step 4 - End Time : 2015/04/14 AM 11:54:41:335
   Step 4 ok! Spent Time: 4.602s
   Begin Step 5... Action: Write, Chip: SPI Nor Flash, Address: 0x0000, File: D:\work\generalplus\t19hh/higo/gp_cardvr_upgrade.bin
   Step 5 - Start Time : 2015/04/14 AM 11:54:41:335
   Step 5 - End Time : 2015/04/14 AM 11:54:57:303
   Step 5 ok! Spent Time: 15.975s
   USB Task Finished! Spent Time: 20.592s
   Device is Pullouted.

< 15-04-14 12:06:19 >==============================================
Device is Inserted On Driver : [Hub1 Port2] [VER:0, SN:6&2151e485&0#{53]
   Begin the USB Task...
   Step 1 disable...
   Begin Step 2... Action: Write, Chip: RAM, Address: 0xF8002000, File: D:\work\generalplus\t19hh\tools\G+CodePacker 1.0.9 Patch 001\USBMassProductionTool/code/gp15b_ispbin.bin
   Step 2 - Start Time : 2015/04/14 PM 12:06:21:211
   Step 2 - End Time : 2015/04/14 PM 12:06:21:218
   Step 2 ok! Spent Time: 0.0s
   Begin Step 3... Action: Jump to Function, Chip: RAM, Address: 0xF8002000
   Step 3 - Start Time : 2015/04/14 PM 12:06:21:219
   Step 3 - End Time : 2015/04/14 PM 12:06:21:219
   Step 3 ok! Spent Time: 0.0s
   Begin Step 4... Action: Erase, Chip: SPI Nor Flash, Address: 0x0000, Length: 40
   Step 4 - Start Time : 2015/04/14 PM 12:06:21:220
   Step 4 - End Time : 2015/04/14 PM 12:06:29:747
   Step 4 ok! Spent Time: 8.533s
   Begin Step 5... Action: Write, Chip: SPI Nor Flash, Address: 0x0000, File: D:\work\generalplus\t19hh/higo/gp_cardvr_upgrade.bin
   Step 5 - Start Time : 2015/04/14 PM 12:06:29:747
   Step 5 - End Time : 2015/04/14 PM 12:06:43:36
   Step 5 ok! Spent Time: 13.292s
   USB Task Finished! Spent Time: 21.825s
   Device is Pullouted.

< 15-04-14 12:07:54 >==============================================
Device is Inserted On Driver : [Hub1 Port2] [VER:0, SN:6&2151e485&0#{53]
   Begin the USB Task...
   Step 1 disable...
   Begin Step 2... Action: Write, Chip: RAM, Address: 0xF8002000, File: D:\work\generalplus\t19hh\tools\G+CodePacker 1.0.9 Patch 001\USBMassProductionTool/code/gp15b_ispbin.bin
   Step 2 - Start Time : 2015/04/14 PM 12:07:55:390
   Step 2 - End Time : 2015/04/14 PM 12:07:55:397
   Step 2 ok! Spent Time: 0.0s
   Begin Step 3... Action: Jump to Function, Chip: RAM, Address: 0xF8002000
   Step 3 - Start Time : 2015/04/14 PM 12:07:55:398
   Step 3 - End Time : 2015/04/14 PM 12:07:55:399
   Step 3 ok! Spent Time: 0.0s
   Begin Step 4... Action: Erase, Chip: SPI Nor Flash, Address: 0x0000, Length: 40
   Step 4 - Start Time : 2015/04/14 PM 12:07:55:399
   Step 4 - End Time : 2015/04/14 PM 12:08:03:683
   Step 4 ok! Spent Time: 8.284s
   Begin Step 5... Action: Write, Chip: SPI Nor Flash, Address: 0x0000, File: D:\work\generalplus\t19hh/higo/gp_cardvr_upgrade.bin
   Step 5 - Start Time : 2015/04/14 PM 12:08:03:683
   Step 5 - End Time : 2015/04/14 PM 12:08:16:980
   Step 5 ok! Spent Time: 13.307s
   USB Task Finished! Spent Time: 21.591s
   Device is Pullouted.

< 15-04-14 12:08:57 >==============================================
Device is Inserted On Driver : [Hub1 Port1] [VER:0, SN:6&e9833e0&0#{53f]
   Begin the USB Task...
   Step 1 disable...
   Begin Step 2... Action: Write, Chip: RAM, Address: 0xF8002000, File: D:\work\generalplus\t19hh\tools\G+CodePacker 1.0.9 Patch 001\USBMassProductionTool/code/gp15b_ispbin.bin
   Step 2 - Start Time : 2015/04/14 PM 12:08:58:563
   Step 2 - End Time : 2015/04/14 PM 12:08:58:587
   Step 2 ok! Spent Time: 0.31s
   Begin Step 3... Action: Jump to Function, Chip: RAM, Address: 0xF8002000
   Step 3 - Start Time : 2015/04/14 PM 12:08:58:588
   Step 3 - End Time : 2015/04/14 PM 12:08:58:589
   Step 3 ok! Spent Time: 0.0s
   Begin Step 4... Action: Erase, Chip: SPI Nor Flash, Address: 0x0000, Length: 40
   Step 4 - Start Time : 2015/04/14 PM 12:08:58:589
   Step 4 - End Time : 2015/04/14 PM 12:09:03:153
   Step 4 ok! Spent Time: 4.571s
   Begin Step 5... Action: Write, Chip: SPI Nor Flash, Address: 0x0000, File: D:\work\generalplus\t19hh/higo/gp_cardvr_upgrade.bin
   Step 5 - Start Time : 2015/04/14 PM 12:09:03:154
   Step 5 - End Time : 2015/04/14 PM 12:09:19:129
   Step 5 ok! Spent Time: 15.974s
   USB Task Finished! Spent Time: 20.576s
   Device is Pullouted.

< 15-04-14 13:50:48 >==============================================
Device is Inserted On Driver : [Hub1 Port1] [VER:0, SN:6&e9833e0&0#{53f]
   Begin the USB Task...
   Step 1 disable...
   Begin Step 2... Action: Write, Chip: RAM, Address: 0xF8002000, File: D:\work\generalplus\t19hh\tools\G+CodePacker 1.0.9 Patch 001\USBMassProductionTool/code/gp15b_ispbin.bin
   Step 2 - Start Time : 2015/04/14 PM 01:50:50:144
   Step 2 - End Time : 2015/04/14 PM 01:50:50:150
   Step 2 ok! Spent Time: 0.0s
   Begin Step 3... Action: Jump to Function, Chip: RAM, Address: 0xF8002000
   Step 3 - Start Time : 2015/04/14 PM 01:50:50:150
   Step 3 - End Time : 2015/04/14 PM 01:50:50:151
   Step 3 ok! Spent Time: 0.0s
   Begin Step 4... Action: Erase, Chip: SPI Nor Flash, Address: 0x0000, Length: 40
   Step 4 - Start Time : 2015/04/14 PM 01:50:50:151
   Step 4 - End Time : 2015/04/14 PM 01:50:54:715
   Step 4 ok! Spent Time: 4.570s
   Begin Step 5... Action: Write, Chip: SPI Nor Flash, Address: 0x0000, File: c:/users/young/desktop/gp_cardvr_upgrade.bin
   Step 5 - Start Time : 2015/04/14 PM 01:50:54:716
   Step 5 - End Time : 2015/04/14 PM 01:51:10:665
   Step 5 ok! Spent Time: 15.944s
   USB Task Finished! Spent Time: 20.514s
   Device is Pullouted.

< 15-04-14 13:56:22 >==============================================
Device is Inserted On Driver : [Hub1 Port1] [VER:0, SN:6&e9833e0&0#{53f]
   Begin the USB Task...
   Step 1 disable...
   Begin Step 2... Action: Write, Chip: RAM, Address: 0xF8002000, File: D:\work\generalplus\t19hh\tools\G+CodePacker 1.0.9 Patch 001\USBMassProductionTool/code/gp15b_ispbin.bin
   Step 2 - Start Time : 2015/04/14 PM 01:56:23:833
   Step 2 - End Time : 2015/04/14 PM 01:56:23:840
   Step 2 ok! Spent Time: 0.0s
   Begin Step 3... Action: Jump to Function, Chip: RAM, Address: 0xF8002000
   Step 3 - Start Time : 2015/04/14 PM 01:56:23:841
   Step 3 - End Time : 2015/04/14 PM 01:56:23:841
   Step 3 ok! Spent Time: 0.0s
   Begin Step 4... Action: Erase, Chip: SPI Nor Flash, Address: 0x0000, Length: 40
   Step 4 - Start Time : 2015/04/14 PM 01:56:23:842
   Step 4 - End Time : 2015/04/14 PM 01:56:28:421
   Step 4 ok! Spent Time: 4.571s
   Begin Step 5... Action: Write, Chip: SPI Nor Flash, Address: 0x0000, File: D:\work\generalplus\t19hh/higo/gp_cardvr_upgrade.bin
   Step 5 - Start Time : 2015/04/14 PM 01:56:28:422
   Step 5 - End Time : 2015/04/14 PM 01:56:44:391
   Step 5 ok! Spent Time: 15.975s
   USB Task Finished! Spent Time: 20.561s
   Device is Pullouted.

< 15-04-14 14:17:10 >==============================================
Device is Inserted On Driver : [Hub1 Port2] [VER:0, SN:6&2151e485&0#{53]
   Begin the USB Task...
   Step 1 disable...
   Begin Step 2... Action: Write, Chip: RAM, Address: 0xF8002000, File: D:\work\generalplus\t19hh\tools\G+CodePacker 1.0.9 Patch 001\USBMassProductionTool/code/gp15b_ispbin.bin
   Step 2 - Start Time : 2015/04/14 PM 02:17:13:418
   Step 2 - End Time : 2015/04/14 PM 02:17:13:424
   Step 2 ok! Spent Time: 0.0s
   Begin Step 3... Action: Jump to Function, Chip: RAM, Address: 0xF8002000
   Step 3 - Start Time : 2015/04/14 PM 02:17:13:425
   Step 3 - End Time : 2015/04/14 PM 02:17:13:426
   Step 3 ok! Spent Time: 0.0s
   Begin Step 4... Action: Erase, Chip: SPI Nor Flash, Address: 0x0000, Length: 40
   Step 4 - Start Time : 2015/04/14 PM 02:17:13:427
   Step 4 - End Time : 2015/04/14 PM 02:17:23:931
   Step 4 ok! Spent Time: 10.499s
   Begin Step 5... Action: Write, Chip: SPI Nor Flash, Address: 0x0000, File: D:\work\generalplus\t19hh/higo/gp_cardvr_upgrade.bin
   Step 5 - Start Time : 2015/04/14 PM 02:17:23:931
   Step 5 - End Time : 2015/04/14 PM 02:17:37:241
   Step 5 ok! Spent Time: 13.307s
   USB Task Finished! Spent Time: 23.822s
   Device is Pullouted.

< 15-04-14 14:19:44 >==============================================
Device is Inserted On Driver : [Hub1 Port1] [VER:0, SN:6&e9833e0&0#{53f]
   Begin the USB Task...
   Step 1 disable...
   Begin Step 2... Action: Write, Chip: RAM, Address: 0xF8002000, File: D:\work\generalplus\t19hh\tools\G+CodePacker 1.0.9 Patch 001\USBMassProductionTool/code/gp15b_ispbin.bin
   Step 2 - Start Time : 2015/04/14 PM 02:19:45:985
   Step 2 - End Time : 2015/04/14 PM 02:19:45:991
   Step 2 ok! Spent Time: 0.0s
   Begin Step 3... Action: Jump to Function, Chip: RAM, Address: 0xF8002000
   Step 3 - Start Time : 2015/04/14 PM 02:19:45:991
   Step 3 - End Time : 2015/04/14 PM 02:19:45:991
   Step 3 ok! Spent Time: 0.0s
   Begin Step 4... Action: Erase, Chip: SPI Nor Flash, Address: 0x0000, Length: 40
   Step 4 - Start Time : 2015/04/14 PM 02:19:45:991
   Step 4 - End Time : 2015/04/14 PM 02:19:50:558
   Step 4 ok! Spent Time: 4.571s
   Begin Step 5... Action: Write, Chip: SPI Nor Flash, Address: 0x0000, File: D:\work\generalplus\t19hh/higo/gp_cardvr_upgrade.bin
   Step 5 - Start Time : 2015/04/14 PM 02:19:50:559
   Step 5 - End Time : 2015/04/14 PM 02:20:06:516
   Step 5 ok! Spent Time: 15.959s
   USB Task Finished! Spent Time: 20.530s
   Device is Pullouted.

< 15-04-14 14:23:19 >==============================================
Device is Inserted On Driver : [Hub1 Port1] [VER:0, SN:6&e9833e0&0#{53f]
   Begin the USB Task...
   Step 1 disable...
   Begin Step 2... Action: Write, Chip: RAM, Address: 0xF8002000, File: D:\work\generalplus\t19hh\tools\G+CodePacker 1.0.9 Patch 001\USBMassProductionTool/code/gp15b_ispbin.bin
   Step 2 - Start Time : 2015/04/14 PM 02:23:19:881
   Step 2 - End Time : 2015/04/14 PM 02:23:19:888
   Step 2 ok! Spent Time: 0.16s
   Begin Step 3... Action: Jump to Function, Chip: RAM, Address: 0xF8002000
   Step 3 - Start Time : 2015/04/14 PM 02:23:19:889
   Step 3 - End Time : 2015/04/14 PM 02:23:19:889
   Step 3 ok! Spent Time: 0.0s
   Begin Step 4... Action: Erase, Chip: SPI Nor Flash, Address: 0x0000, Length: 40
   Step 4 - Start Time : 2015/04/14 PM 02:23:19:890
   Step 4 - End Time : 2015/04/14 PM 02:23:24:468
   Step 4 ok! Spent Time: 4.571s
   Begin Step 5... Action: Write, Chip: SPI Nor Flash, Address: 0x0000, File: D:\work\generalplus\t19hh/higo/gp_cardvr_upgrade.bin
   Step 5 - Start Time : 2015/04/14 PM 02:23:24:469
   Step 5 - End Time : 2015/04/14 PM 02:23:40:538
   Step 5 ok! Spent Time: 16.68s
   USB Task Finished! Spent Time: 20.655s
   Device is Pullouted.

< 15-04-14 14:29:00 >==============================================
Device is Inserted On Driver : [Hub1 Port1] [VER:0, SN:6&e9833e0&0#{53f]
   Begin the USB Task...
   Step 1 disable...
   Begin Step 2... Action: Write, Chip: RAM, Address: 0xF8002000, File: D:\work\generalplus\t19hh\tools\G+CodePacker 1.0.9 Patch 001\USBMassProductionTool/code/gp15b_ispbin.bin
   Step 2 - Start Time : 2015/04/14 PM 02:29:01:514
   Step 2 - End Time : 2015/04/14 PM 02:29:01:520
   Step 2 ok! Spent Time: 0.0s
   Begin Step 3... Action: Jump to Function, Chip: RAM, Address: 0xF8002000
   Step 3 - Start Time : 2015/04/14 PM 02:29:01:520
   Step 3 - End Time : 2015/04/14 PM 02:29:01:520
   Step 3 ok! Spent Time: 0.0s
   Begin Step 4... Action: Erase, Chip: SPI Nor Flash, Address: 0x0000, Length: 40
   Step 4 - Start Time : 2015/04/14 PM 02:29:01:520
   Step 4 - End Time : 2015/04/14 PM 02:29:06:108
   Step 4 ok! Spent Time: 4.587s
   Begin Step 5... Action: Write, Chip: SPI Nor Flash, Address: 0x0000, File: D:\work\generalplus\t19hh/higo/gp_cardvr_upgrade.bin
   Step 5 - Start Time : 2015/04/14 PM 02:29:06:110
   Step 5 - End Time : 2015/04/14 PM 02:29:22:197
   Step 5 ok! Spent Time: 16.84s
   USB Task Finished! Spent Time: 20.671s
   Device is Pullouted.

< 15-04-14 14:30:08 >==============================================
Device is Inserted On Driver : [Hub1 Port2] [VER:0, SN:6&2151e485&0#{53]
   Begin the USB Task...
   Step 1 disable...
   Begin Step 2... Action: Write, Chip: RAM, Address: 0xF8002000, File: D:\work\generalplus\t19hh\tools\G+CodePacker 1.0.9 Patch 001\USBMassProductionTool/code/gp15b_ispbin.bin
   Step 2 - Start Time : 2015/04/14 PM 02:30:09:616
   Step 2 - End Time : 2015/04/14 PM 02:30:09:625
   Step 2 ok! Spent Time: 0.16s
   Begin Step 3... Action: Jump to Function, Chip: RAM, Address: 0xF8002000
   Step 3 - Start Time : 2015/04/14 PM 02:30:09:627
   Step 3 - End Time : 2015/04/14 PM 02:30:09:628
   Step 3 ok! Spent Time: 0.0s
   Begin Step 4... Action: Erase, Chip: SPI Nor Flash, Address: 0x0000, Length: 40
   Step 4 - Start Time : 2015/04/14 PM 02:30:09:629
   Step 4 - End Time : 2015/04/14 PM 02:30:17:729
   Step 4 ok! Spent Time: 8.96s
   Begin Step 5... Action: Write, Chip: SPI Nor Flash, Address: 0x0000, File: D:\work\generalplus\t19hh/higo/gp_cardvr_upgrade.bin
   Step 5 - Start Time : 2015/04/14 PM 02:30:17:730
   Step 5 - End Time : 2015/04/14 PM 02:30:31:30
   Step 5 ok! Spent Time: 13.307s
   USB Task Finished! Spent Time: 21.419s
   Device is Pullouted.

< 15-04-14 14:32:02 >==============================================
Device is Inserted On Driver : [Hub1 Port2] [VER:0, SN:6&2151e485&0#{53]
   Begin the USB Task...
   Step 1 disable...
   Begin Step 2... Action: Write, Chip: RAM, Address: 0xF8002000, File: D:\work\generalplus\t19hh\tools\G+CodePacker 1.0.9 Patch 001\USBMassProductionTool/code/gp15b_ispbin.bin
   Step 2 - Start Time : 2015/04/14 PM 02:32:03:669
   Step 2 - End Time : 2015/04/14 PM 02:32:03:676
   Step 2 ok! Spent Time: 0.16s
   Begin Step 3... Action: Jump to Function, Chip: RAM, Address: 0xF8002000
   Step 3 - Start Time : 2015/04/14 PM 02:32:03:676
   Step 3 - End Time : 2015/04/14 PM 02:32:03:676
   Step 3 ok! Spent Time: 0.0s
   Begin Step 4... Action: Erase, Chip: SPI Nor Flash, Address: 0x0000, Length: 40
   Step 4 - Start Time : 2015/04/14 PM 02:32:03:677
   Step 4 - End Time : 2015/04/14 PM 02:32:11:631
   Step 4 ok! Spent Time: 7.940s
   Begin Step 5... Action: Write, Chip: SPI Nor Flash, Address: 0x0000, File: D:\work\generalplus\t19hh/higo/gp_cardvr_upgrade.bin
   Step 5 - Start Time : 2015/04/14 PM 02:32:11:631
   Step 5 - End Time : 2015/04/14 PM 02:32:24:936
   Step 5 ok! Spent Time: 13.307s
   USB Task Finished! Spent Time: 21.263s
   Device is Pullouted.

< 15-04-14 14:33:52 >==============================================
Device is Inserted On Driver : [Hub1 Port2] [VER:0, SN:6&2151e485&0#{53]
   Begin the USB Task...
   Step 1 disable...
   Begin Step 2... Action: Write, Chip: RAM, Address: 0xF8002000, File: D:\work\generalplus\t19hh\tools\G+CodePacker 1.0.9 Patch 001\USBMassProductionTool/code/gp15b_ispbin.bin
   Step 2 - Start Time : 2015/04/14 PM 02:33:53:773
   Step 2 - End Time : 2015/04/14 PM 02:33:53:779
   Step 2 ok! Spent Time: 0.0s
   Begin Step 3... Action: Jump to Function, Chip: RAM, Address: 0xF8002000
   Step 3 - Start Time : 2015/04/14 PM 02:33:53:780
   Step 3 - End Time : 2015/04/14 PM 02:33:53:780
   Step 3 ok! Spent Time: 0.0s
   Begin Step 4... Action: Erase, Chip: SPI Nor Flash, Address: 0x0000, Length: 40
   Step 4 - Start Time : 2015/04/14 PM 02:33:53:780
   Step 4 - End Time : 2015/04/14 PM 02:34:01:601
   Step 4 ok! Spent Time: 7.831s
   Begin Step 5... Action: Write, Chip: SPI Nor Flash, Address: 0x0000, File: D:\work\generalplus\t19hh/higo/gp_cardvr_upgrade.bin
   Step 5 - Start Time : 2015/04/14 PM 02:34:01:602
   Step 5 - End Time : 2015/04/14 PM 02:34:14:900
   Step 5 ok! Spent Time: 13.291s
   USB Task Finished! Spent Time: 21.122s
   Device is Pullouted.

< 15-04-14 14:35:23 >==============================================
Device is Inserted On Driver : [Hub1 Port2] [VER:0, SN:6&2151e485&0#{53]
   Begin the USB Task...
   Step 1 disable...
   Begin Step 2... Action: Write, Chip: RAM, Address: 0xF8002000, File: D:\work\generalplus\t19hh\tools\G+CodePacker 1.0.9 Patch 001\USBMassProductionTool/code/gp15b_ispbin.bin
   Step 2 - Start Time : 2015/04/14 PM 02:35:25:100
   Step 2 - End Time : 2015/04/14 PM 02:35:25:107
   Step 2 ok! Spent Time: 0.15s
   Begin Step 3... Action: Jump to Function, Chip: RAM, Address: 0xF8002000
   Step 3 - Start Time : 2015/04/14 PM 02:35:25:107
   Step 3 - End Time : 2015/04/14 PM 02:35:25:108
   Step 3 ok! Spent Time: 0.0s
   Begin Step 4... Action: Erase, Chip: SPI Nor Flash, Address: 0x0000, Length: 40
   Step 4 - Start Time : 2015/04/14 PM 02:35:25:109
   Step 4 - End Time : 2015/04/14 PM 02:35:32:819
   Step 4 ok! Spent Time: 7.707s
   Begin Step 5... Action: Write, Chip: SPI Nor Flash, Address: 0x0000, File: D:\work\generalplus\t19hh/higo/gp_cardvr_upgrade.bin
   Step 5 - Start Time : 2015/04/14 PM 02:35:32:820
   Step 5 - End Time : 2015/04/14 PM 02:35:46:101
   Step 5 ok! Spent Time: 13.275s
   USB Task Finished! Spent Time: 20.997s
   Device is Pullouted.

< 15-04-14 14:36:26 >==============================================
Device is Inserted On Driver : [Hub1 Port2] [VER:0, SN:6&2151e485&0#{53]
   Begin the USB Task...
   Step 1 disable...
   Begin Step 2... Action: Write, Chip: RAM, Address: 0xF8002000, File: D:\work\generalplus\t19hh\tools\G+CodePacker 1.0.9 Patch 001\USBMassProductionTool/code/gp15b_ispbin.bin
   Step 2 - Start Time : 2015/04/14 PM 02:36:28:554
   Step 2 - End Time : 2015/04/14 PM 02:36:28:560
   Step 2 ok! Spent Time: 0.0s
   Begin Step 3... Action: Jump to Function, Chip: RAM, Address: 0xF8002000
   Step 3 - Start Time : 2015/04/14 PM 02:36:28:560
   Step 3 - End Time : 2015/04/14 PM 02:36:28:561
   Step 3 ok! Spent Time: 0.0s
   Begin Step 4... Action: Erase, Chip: SPI Nor Flash, Address: 0x0000, Length: 40
   Step 4 - Start Time : 2015/04/14 PM 02:36:28:561
   Step 4 - End Time : 2015/04/14 PM 02:36:36:270
   Step 4 ok! Spent Time: 7.706s
   Begin Step 5... Action: Write, Chip: SPI Nor Flash, Address: 0x0000, File: c:/users/young/desktop/gp_cardvr_upgrade.bin
   Step 5 - Start Time : 2015/04/14 PM 02:36:36:270
   Step 5 - End Time : 2015/04/14 PM 02:36:49:565
   Step 5 ok! Spent Time: 13.307s
   USB Task Finished! Spent Time: 21.13s
   Device is Pullouted.

< 15-04-14 14:45:49 >==============================================
Device is Inserted On Driver : [Hub1 Port2] [VER:0, SN:6&2151e485&0#{53]
   Begin the USB Task...
   Step 1 disable...
   Begin Step 2... Action: Write, Chip: RAM, Address: 0xF8002000, File: D:\work\generalplus\t19hh\tools\G+CodePacker 1.0.9 Patch 001\USBMassProductionTool/code/gp15b_ispbin.bin
   Step 2 - Start Time : 2015/04/14 PM 02:45:52:31
   Step 2 - End Time : 2015/04/14 PM 02:45:52:38
   Step 2 ok! Spent Time: 0.0s
   Begin Step 3... Action: Jump to Function, Chip: RAM, Address: 0xF8002000
   Step 3 - Start Time : 2015/04/14 PM 02:45:52:38
   Step 3 - End Time : 2015/04/14 PM 02:45:52:38
   Step 3 ok! Spent Time: 0.0s
   Begin Step 4... Action: Erase, Chip: SPI Nor Flash, Address: 0x0000, Length: 40
   Step 4 - Start Time : 2015/04/14 PM 02:45:52:39
   Step 4 - End Time : 2015/04/14 PM 02:45:59:671
   Step 4 ok! Spent Time: 7.644s
   Begin Step 5... Action: Write, Chip: SPI Nor Flash, Address: 0x0000, File: c:/users/young/desktop/gp_cardvr_upgrade.bin
   Step 5 - Start Time : 2015/04/14 PM 02:45:59:672
   Step 5 - End Time : 2015/04/14 PM 02:46:12:987
   Step 5 ok! Spent Time: 13.306s
   USB Task Finished! Spent Time: 20.950s
   Device is Pullouted.

< 15-04-14 14:47:08 >==============================================
Device is Inserted On Driver : [Hub1 Port2] [VER:0, SN:6&2151e485&0#{53]
   Begin the USB Task...
   Step 1 disable...
   Begin Step 2... Action: Write, Chip: RAM, Address: 0xF8002000, File: D:\work\generalplus\t19hh\tools\G+CodePacker 1.0.9 Patch 001\USBMassProductionTool/code/gp15b_ispbin.bin
   Step 2 - Start Time : 2015/04/14 PM 02:47:10:143
   Step 2 - End Time : 2015/04/14 PM 02:47:10:150
   Step 2 ok! Spent Time: 0.0s
   Begin Step 3... Action: Jump to Function, Chip: RAM, Address: 0xF8002000
   Step 3 - Start Time : 2015/04/14 PM 02:47:10:150
   Step 3 - End Time : 2015/04/14 PM 02:47:10:151
   Step 3 ok! Spent Time: 0.16s
   Begin Step 4... Action: Erase, Chip: SPI Nor Flash, Address: 0x0000, Length: 40
   Step 4 - Start Time : 2015/04/14 PM 02:47:10:151
   Step 4 - End Time : 2015/04/14 PM 02:47:17:704
   Step 4 ok! Spent Time: 7.550s
   Begin Step 5... Action: Write, Chip: SPI Nor Flash, Address: 0x0000, File: D:\work\generalplus\t19hh/higo/gp_cardvr_upgrade.bin
   Step 5 - Start Time : 2015/04/14 PM 02:47:17:705
   Step 5 - End Time : 2015/04/14 PM 02:47:31:23
   Step 5 ok! Spent Time: 13.307s
   USB Task Finished! Spent Time: 20.873s
   Device is Pullouted.

< 15-04-14 20:44:34 >==============================================
Device is Inserted On Driver : [Hub1 Port1] [VER:0, SN:6&e9833e0&0#{53f]
   Begin the USB Task...
   Step 1 disable...
   Begin Step 2... Action: Write, Chip: RAM, Address: 0xF8002000, File: D:\GitHub\gp720\tools\G+CodePacker 1.0.9 Patch 001\USBMassProductionTool/code/gp15b_ispbin.bin
   Step 2 - Start Time : 2015/04/14 PM 08:44:36:163
   Step 2 - End Time : 2015/04/14 PM 08:44:36:170
   Step 2 ok! Spent Time: 0.16s
   Begin Step 3... Action: Jump to Function, Chip: RAM, Address: 0xF8002000
   Step 3 - Start Time : 2015/04/14 PM 08:44:36:170
   Step 3 - End Time : 2015/04/14 PM 08:44:36:171
   Step 3 ok! Spent Time: 0.0s
   Begin Step 4... Action: Erase, Chip: SPI Nor Flash, Address: 0x0000, Length: 40
   Step 4 - Start Time : 2015/04/14 PM 08:44:36:171
   Step 4 - End Time : 2015/04/14 PM 08:44:47:603
   Step 4 ok! Spent Time: 11.419s
   Begin Step 5... Action: Write, Chip: SPI Nor Flash, Address: 0x0000, File: D:\GitHub\gp720/gp_cardvr_upgrade.bin
   Step 5 - Start Time : 2015/04/14 PM 08:44:47:603
   Step 5 - End Time : 2015/04/14 PM 08:45:00:896
   Step 5 ok! Spent Time: 13.307s
   USB Task Finished! Spent Time: 24.742s
   Device is Pullouted.

< 15-04-14 20:50:18 >==============================================
Device is Inserted On Driver : [Hub1 Port1] [VER:0, SN:6&e9833e0&0#{53f]
   Begin the USB Task...
   Step 1 disable...
   Begin Step 2... Action: Write, Chip: RAM, Address: 0xF8002000, File: D:\GitHub\gp720\tools\G+CodePacker 1.0.9 Patch 001\USBMassProductionTool/code/gp15b_ispbin.bin
   Step 2 - Start Time : 2015/04/14 PM 08:50:20:170
   Step 2 - End Time : 2015/04/14 PM 08:50:20:177
   Step 2 ok! Spent Time: 0.0s
   Begin Step 3... Action: Jump to Function, Chip: RAM, Address: 0xF8002000
   Step 3 - Start Time : 2015/04/14 PM 08:50:20:177
   Step 3 - End Time : 2015/04/14 PM 08:50:20:178
   Step 3 ok! Spent Time: 0.0s
   Begin Step 4... Action: Erase, Chip: SPI Nor Flash, Address: 0x0000, Length: 40
   Step 4 - Start Time : 2015/04/14 PM 08:50:20:178
   Step 4 - End Time : 2015/04/14 PM 08:50:27:618
   Step 4 ok! Spent Time: 7.441s
   Begin Step 5... Action: Write, Chip: SPI Nor Flash, Address: 0x0000, File: D:\GitHub\gp720/gp_cardvr_upgrade.bin
   Step 5 - Start Time : 2015/04/14 PM 08:50:27:618
   Step 5 - End Time : 2015/04/14 PM 08:50:40:922
   Step 5 ok! Spent Time: 13.307s
   USB Task Finished! Spent Time: 20.748s
   Device is Pullouted.

< 15-04-14 21:08:30 >==============================================
Device is Inserted On Driver : [Hub1 Port1] [VER:0, SN:6&18154f8f&0#{53]
   Device is Pullouted.

< 15-04-14 21:18:36 >==============================================
Device is Inserted On Driver : [Hub1 Port1] [VER:0, SN:6&e9833e0&0#{53f]
   Begin the USB Task...
   Step 1 disable...
   Begin Step 2... Action: Write, Chip: RAM, Address: 0xF8002000, File: D:\GitHub\gp720\tools\G+CodePacker 1.0.9 Patch 001\USBMassProductionTool/code/gp15b_ispbin.bin
   Step 2 - Start Time : 2015/04/14 PM 09:18:38:165
   Step 2 - End Time : 2015/04/14 PM 09:18:38:172
   Step 2 ok! Spent Time: 0.0s
   Begin Step 3... Action: Jump to Function, Chip: RAM, Address: 0xF8002000
   Step 3 - Start Time : 2015/04/14 PM 09:18:38:173
   Step 3 - End Time : 2015/04/14 PM 09:18:38:173
   Step 3 ok! Spent Time: 0.0s
   Begin Step 4... Action: Erase, Chip: SPI Nor Flash, Address: 0x0000, Length: 40
   Step 4 - Start Time : 2015/04/14 PM 09:18:38:174
   Step 4 - End Time : 2015/04/14 PM 09:18:49:544
   Step 4 ok! Spent Time: 11.372s
   Begin Step 5... Action: Write, Chip: SPI Nor Flash, Address: 0x0000, File: D:\GitHub\gp720/gp_cardvr_upgrade.bin
   Step 5 - Start Time : 2015/04/14 PM 09:18:49:545
   Step 5 - End Time : 2015/04/14 PM 09:19:02:833
   Step 5 ok! Spent Time: 13.292s
   USB Task Finished! Spent Time: 24.664s
   Device is Pullouted.

< 15-04-14 21:20:02 >==============================================
Device is Inserted On Driver : [Hub1 Port1] [VER:0, SN:6&18154f8f&0#{53]
   Device is Pullouted.

< 15-04-14 21:21:36 >==============================================
Device is Inserted On Driver : [Hub1 Port1] [VER:0, SN:6&18154f8f&0#{53]
   Device is Pullouted.

< 15-04-14 21:35:47 >==============================================
Device is Inserted On Driver : [Hub1 Port1] [VER:0, SN:6&e9833e0&0#{53f]
   Begin the USB Task...
   Step 1 disable...
   Begin Step 2... Action: Write, Chip: RAM, Address: 0xF8002000, File: D:\GitHub\gp720\tools\G+CodePacker 1.0.9 Patch 001\USBMassProductionTool/code/gp15b_ispbin.bin
   Step 2 - Start Time : 2015/04/14 PM 09:35:48:941
   Step 2 - End Time : 2015/04/14 PM 09:35:48:948
   Step 2 ok! Spent Time: 0.0s
   Begin Step 3... Action: Jump to Function, Chip: RAM, Address: 0xF8002000
   Step 3 - Start Time : 2015/04/14 PM 09:35:48:948
   Step 3 - End Time : 2015/04/14 PM 09:35:48:949
   Step 3 ok! Spent Time: 0.0s
   Begin Step 4... Action: Erase, Chip: SPI Nor Flash, Address: 0x0000, Length: 40
   Step 4 - Start Time : 2015/04/14 PM 09:35:48:949
   Step 4 - End Time : 2015/04/14 PM 09:36:00:42
   Step 4 ok! Spent Time: 11.92s
   Begin Step 5... Action: Write, Chip: SPI Nor Flash, Address: 0x0000, File: D:\GitHub\gp720/gp_cardvr_upgrade.bin
   Step 5 - Start Time : 2015/04/14 PM 09:36:00:42
   Step 5 - End Time : 2015/04/14 PM 09:36:13:361
   Step 5 ok! Spent Time: 13.323s
   USB Task Finished! Spent Time: 24.415s
   Device is Pullouted.

< 15-04-14 21:46:12 >==============================================
Device is Inserted On Driver : [Hub1 Port1] [VER:0, SN:6&e9833e0&0#{53f]
   Begin the USB Task...
   Step 1 disable...
   Begin Step 2... Action: Write, Chip: RAM, Address: 0xF8002000, File: D:\GitHub\gp720\tools\G+CodePacker 1.0.9 Patch 001\USBMassProductionTool/code/gp15b_ispbin.bin
   Step 2 - Start Time : 2015/04/14 PM 09:46:14:201
   Step 2 - End Time : 2015/04/14 PM 09:46:14:208
   Step 2 ok! Spent Time: 0.16s
   Begin Step 3... Action: Jump to Function, Chip: RAM, Address: 0xF8002000
   Step 3 - Start Time : 2015/04/14 PM 09:46:14:208
   Step 3 - End Time : 2015/04/14 PM 09:46:14:209
   Step 3 ok! Spent Time: 0.0s
   Begin Step 4... Action: Erase, Chip: SPI Nor Flash, Address: 0x0000, Length: 40
   Step 4 - Start Time : 2015/04/14 PM 09:46:14:209
   Step 4 - End Time : 2015/04/14 PM 09:46:25:225
   Step 4 ok! Spent Time: 11.14s
   Begin Step 5... Action: Write, Chip: SPI Nor Flash, Address: 0x0000, File: D:\GitHub\gp720/gp_cardvr_upgrade.bin
   Step 5 - Start Time : 2015/04/14 PM 09:46:25:225
   Step 5 - End Time : 2015/04/14 PM 09:46:38:542
   Step 5 ok! Spent Time: 13.322s
   USB Task Finished! Spent Time: 24.352s
   Device is Pullouted.

< 15-04-14 21:46:59 >==============================================
Device is Inserted On Driver : [Hub1 Port1] [VER:0, SN:6&18154f8f&0#{53]
   Device is Pullouted.

< 15-04-14 21:48:18 >==============================================
Device is Inserted On Driver : [Hub1 Port1] [VER:0, SN:6&e9833e0&0#{53f]
   Begin the USB Task...
   Step 1 disable...
   Begin Step 2... Action: Write, Chip: RAM, Address: 0xF8002000, File: D:\GitHub\gp720\tools\G+CodePacker 1.0.9 Patch 001\USBMassProductionTool/code/gp15b_ispbin.bin
   Step 2 - Start Time : 2015/04/14 PM 09:48:20:96
   Step 2 - End Time : 2015/04/14 PM 09:48:20:103
   Step 2 ok! Spent Time: 0.0s
   Begin Step 3... Action: Jump to Function, Chip: RAM, Address: 0xF8002000
   Step 3 - Start Time : 2015/04/14 PM 09:48:20:103
   Step 3 - End Time : 2015/04/14 PM 09:48:20:104
   Step 3 ok! Spent Time: 0.0s
   Begin Step 4... Action: Erase, Chip: SPI Nor Flash, Address: 0x0000, Length: 40
   Step 4 - Start Time : 2015/04/14 PM 09:48:20:104
   Step 4 - End Time : 2015/04/14 PM 09:48:27:403
   Step 4 ok! Spent Time: 7.301s
   Begin Step 5... Action: Write, Chip: SPI Nor Flash, Address: 0x0000, File: D:\GitHub\gp720/gp_cardvr_upgrade.bin
   Step 5 - Start Time : 2015/04/14 PM 09:48:27:404
   Step 5 - End Time : 2015/04/14 PM 09:48:40:718
   Step 5 ok! Spent Time: 13.306s
   USB Task Finished! Spent Time: 20.623s
   Device is Pullouted.

< 15-04-14 22:24:57 >==============================================
Device is Inserted On Driver : [Hub1 Port1] [VER:0, SN:6&e9833e0&0#{53f]
   Begin the USB Task...
   Step 1 disable...
   Begin Step 2... Action: Write, Chip: RAM, Address: 0xF8002000, File: D:\GitHub\gp720\tools\G+CodePacker 1.0.9 Patch 001\USBMassProductionTool/code/gp15b_ispbin.bin
   Step 2 - Start Time : 2015/04/14 PM 10:25:07:302
   Step 2 - End Time : 2015/04/14 PM 10:25:07:309
   Step 2 ok! Spent Time: 0.15s
   Begin Step 3... Action: Jump to Function, Chip: RAM, Address: 0xF8002000
   Step 3 - Start Time : 2015/04/14 PM 10:25:07:310
   Step 3 - End Time : 2015/04/14 PM 10:25:07:310
   Step 3 ok! Spent Time: 0.0s
   Begin Step 4... Action: Erase, Chip: SPI Nor Flash, Address: 0x0000, Length: 40
   Step 4 - Start Time : 2015/04/14 PM 10:25:07:310
   Step 4 - End Time : 2015/04/14 PM 10:25:14:531
   Step 4 ok! Spent Time: 7.223s
   Begin Step 5... Action: Write, Chip: SPI Nor Flash, Address: 0x0000, File: D:\GitHub\gp720/gp_cardvr_upgrade.bin
   Step 5 - Start Time : 2015/04/14 PM 10:25:14:531
   Step 5 - End Time : 2015/04/14 PM 10:25:27:834
   Step 5 ok! Spent Time: 13.291s
   USB Task Finished! Spent Time: 20.529s
   Device is Pullouted.

< 15-04-14 22:32:55 >==============================================
Device is Inserted On Driver : [Hub1 Port1] [VER:0, SN:6&e9833e0&0#{53f]
   Begin the USB Task...
   Step 1 disable...
   Begin Step 2... Action: Write, Chip: RAM, Address: 0xF8002000, File: D:\GitHub\gp720\tools\G+CodePacker 1.0.9 Patch 001\USBMassProductionTool/code/gp15b_ispbin.bin
   Step 2 - Start Time : 2015/04/14 PM 10:32:57:426
   Step 2 - End Time : 2015/04/14 PM 10:32:57:432
   Step 2 ok! Spent Time: 0.16s
   Begin Step 3... Action: Jump to Function, Chip: RAM, Address: 0xF8002000
   Step 3 - Start Time : 2015/04/14 PM 10:32:57:433
   Step 3 - End Time : 2015/04/14 PM 10:32:57:433
   Step 3 ok! Spent Time: 0.0s
   Begin Step 4... Action: Erase, Chip: SPI Nor Flash, Address: 0x0000, Length: 40
   Step 4 - Start Time : 2015/04/14 PM 10:32:57:433
   Step 4 - End Time : 2015/04/14 PM 10:33:04:619
   Step 4 ok! Spent Time: 7.176s
   Begin Step 5... Action: Write, Chip: SPI Nor Flash, Address: 0x0000, File: D:\GitHub\gp720/gp_cardvr_upgrade.bin
   Step 5 - Start Time : 2015/04/14 PM 10:33:04:619
   Step 5 - End Time : 2015/04/14 PM 10:33:17:919
   Step 5 ok! Spent Time: 13.307s
   USB Task Finished! Spent Time: 20.499s
   Device is Pullouted.

< 15-04-14 22:45:15 >==============================================
Device is Inserted On Driver : [Hub1 Port1] [VER:0, SN:6&e9833e0&0#{53f]
   Begin the USB Task...
   Step 1 disable...
   Begin Step 2... Action: Write, Chip: RAM, Address: 0xF8002000, File: D:\GitHub\gp720\tools\G+CodePacker 1.0.9 Patch 001\USBMassProductionTool/code/gp15b_ispbin.bin
   Step 2 - Start Time : 2015/04/14 PM 10:45:18:848
   Step 2 - End Time : 2015/04/14 PM 10:45:18:854
   Step 2 ok! Spent Time: 0.0s
   Begin Step 3... Action: Jump to Function, Chip: RAM, Address: 0xF8002000
   Step 3 - Start Time : 2015/04/14 PM 10:45:18:855
   Step 3 - End Time : 2015/04/14 PM 10:45:18:855
   Step 3 ok! Spent Time: 0.0s
   Begin Step 4... Action: Erase, Chip: SPI Nor Flash, Address: 0x0000, Length: 40
   Step 4 - Start Time : 2015/04/14 PM 10:45:18:855
   Step 4 - End Time : 2015/04/14 PM 10:45:26:86
   Step 4 ok! Spent Time: 7.239s
   Begin Step 5... Action: Write, Chip: SPI Nor Flash, Address: 0x0000, File: D:\GitHub\gp720/gp_cardvr_upgrade.bin
   Step 5 - Start Time : 2015/04/14 PM 10:45:26:87
   Step 5 - End Time : 2015/04/14 PM 10:45:39:387
   Step 5 ok! Spent Time: 13.306s
   USB Task Finished! Spent Time: 20.545s
   Device is Pullouted.

< 15-04-14 22:48:40 >==============================================
Device is Inserted On Driver : [Hub1 Port1] [VER:0, SN:6&e9833e0&0#{53f]
   Begin the USB Task...
   Step 1 disable...
   Begin Step 2... Action: Write, Chip: RAM, Address: 0xF8002000, File: D:\GitHub\gp720\tools\G+CodePacker 1.0.9 Patch 001\USBMassProductionTool/code/gp15b_ispbin.bin
   Step 2 - Start Time : 2015/04/14 PM 10:48:43:88
   Step 2 - End Time : 2015/04/14 PM 10:48:43:94
   Step 2 ok! Spent Time: 0.0s
   Begin Step 3... Action: Jump to Function, Chip: RAM, Address: 0xF8002000
   Step 3 - Start Time : 2015/04/14 PM 10:48:43:94
   Step 3 - End Time : 2015/04/14 PM 10:48:43:95
   Step 3 ok! Spent Time: 0.15s
   Begin Step 4... Action: Erase, Chip: SPI Nor Flash, Address: 0x0000, Length: 40
   Step 4 - Start Time : 2015/04/14 PM 10:48:43:95
   Step 4 - End Time : 2015/04/14 PM 10:48:50:227
   Step 4 ok! Spent Time: 7.129s
   Begin Step 5... Action: Write, Chip: SPI Nor Flash, Address: 0x0000, File: D:\GitHub\gp720/gp_cardvr_upgrade.bin
   Step 5 - Start Time : 2015/04/14 PM 10:48:50:227
   Step 5 - End Time : 2015/04/14 PM 10:49:03:523
   Step 5 ok! Spent Time: 13.292s
   USB Task Finished! Spent Time: 20.436s
   Device is Pullouted.

< 15-04-14 22:53:47 >==============================================
Device is Inserted On Driver : [Hub1 Port1] [VER:0, SN:6&e9833e0&0#{53f]
   Begin the USB Task...
   Step 1 disable...
   Begin Step 2... Action: Write, Chip: RAM, Address: 0xF8002000, File: D:\GitHub\gp720\tools\G+CodePacker 1.0.9 Patch 001\USBMassProductionTool/code/gp15b_ispbin.bin
   Step 2 - Start Time : 2015/04/14 PM 10:53:52:487
   Step 2 - End Time : 2015/04/14 PM 10:53:52:494
   Step 2 ok! Spent Time: 0.16s
   Begin Step 3... Action: Jump to Function, Chip: RAM, Address: 0xF8002000
   Step 3 - Start Time : 2015/04/14 PM 10:53:52:495
   Step 3 - End Time : 2015/04/14 PM 10:53:52:496
   Step 3 ok! Spent Time: 0.0s
   Begin Step 4... Action: Erase, Chip: SPI Nor Flash, Address: 0x0000, Length: 40
   Step 4 - Start Time : 2015/04/14 PM 10:53:52:497
   Step 4 - End Time : 2015/04/14 PM 10:53:59:582
   Step 4 ok! Spent Time: 7.82s
   Begin Step 5... Action: Write, Chip: SPI Nor Flash, Address: 0x0000, File: D:\GitHub\gp720/gp_cardvr_upgrade.bin
   Step 5 - Start Time : 2015/04/14 PM 10:53:59:583
   Step 5 - End Time : 2015/04/14 PM 10:54:12:887
   Step 5 ok! Spent Time: 13.307s
   USB Task Finished! Spent Time: 20.405s
   Device is Pullouted.

< 15-04-14 23:01:57 >==============================================
Device is Inserted On Driver : [Hub1 Port1] [VER:0, SN:6&e9833e0&0#{53f]
   Begin the USB Task...
   Step 1 disable...
   Begin Step 2... Action: Write, Chip: RAM, Address: 0xF8002000, File: D:\GitHub\gp720\tools\G+CodePacker 1.0.9 Patch 001\USBMassProductionTool/code/gp15b_ispbin.bin
   Step 2 - Start Time : 2015/04/14 PM 11:01:59:691
   Step 2 - End Time : 2015/04/14 PM 11:01:59:698
   Step 2 ok! Spent Time: 0.16s
   Begin Step 3... Action: Jump to Function, Chip: RAM, Address: 0xF8002000
   Step 3 - Start Time : 2015/04/14 PM 11:01:59:699
   Step 3 - End Time : 2015/04/14 PM 11:01:59:699
   Step 3 ok! Spent Time: 0.0s
   Begin Step 4... Action: Erase, Chip: SPI Nor Flash, Address: 0x0000, Length: 40
   Step 4 - Start Time : 2015/04/14 PM 11:01:59:699
   Step 4 - End Time : 2015/04/14 PM 11:02:06:650
   Step 4 ok! Spent Time: 6.942s
   Begin Step 5... Action: Write, Chip: SPI Nor Flash, Address: 0x0000, File: D:\GitHub\gp720/gp_cardvr_upgrade.bin
   Step 5 - Start Time : 2015/04/14 PM 11:02:06:651
   Step 5 - End Time : 2015/04/14 PM 11:02:19:950
   Step 5 ok! Spent Time: 13.307s
   USB Task Finished! Spent Time: 20.265s
   Device is Pullouted.

< 15-04-14 23:05:25 >==============================================
Device is Inserted On Driver : [Hub1 Port1] [VER:0, SN:6&e9833e0&0#{53f]
   Begin the USB Task...
   Step 1 disable...
   Begin Step 2... Action: Write, Chip: RAM, Address: 0xF8002000, File: D:\GitHub\gp720\tools\G+CodePacker 1.0.9 Patch 001\USBMassProductionTool/code/gp15b_ispbin.bin
   Step 2 - Start Time : 2015/04/14 PM 11:05:27:567
   Step 2 - End Time : 2015/04/14 PM 11:05:27:574
   Step 2 ok! Spent Time: 0.16s
   Begin Step 3... Action: Jump to Function, Chip: RAM, Address: 0xF8002000
   Step 3 - Start Time : 2015/04/14 PM 11:05:27:575
   Step 3 - End Time : 2015/04/14 PM 11:05:27:575
   Step 3 ok! Spent Time: 0.0s
   Begin Step 4... Action: Erase, Chip: SPI Nor Flash, Address: 0x0000, Length: 40
   Step 4 - Start Time : 2015/04/14 PM 11:05:27:576
   Step 4 - End Time : 2015/04/14 PM 11:05:34:474
   Step 4 ok! Spent Time: 6.895s
   Begin Step 5... Action: Write, Chip: SPI Nor Flash, Address: 0x0000, File: D:\GitHub\gp720/gp_cardvr_upgrade.bin
   Step 5 - Start Time : 2015/04/14 PM 11:05:34:474
   Step 5 - End Time : 2015/04/14 PM 11:05:47:738
   Step 5 ok! Spent Time: 13.260s
   USB Task Finished! Spent Time: 20.171s
   Device is Pullouted.

< 15-04-14 23:08:49 >==============================================
Device is Inserted On Driver : [Hub1 Port1] [VER:0, SN:6&e9833e0&0#{53f]
   Begin the USB Task...
   Step 1 disable...
   Begin Step 2... Action: Write, Chip: RAM, Address: 0xF8002000, File: D:\GitHub\gp720\tools\G+CodePacker 1.0.9 Patch 001\USBMassProductionTool/code/gp15b_ispbin.bin
   Step 2 - Start Time : 2015/04/14 PM 11:08:51:34
   Step 2 - End Time : 2015/04/14 PM 11:08:51:41
   Step 2 ok! Spent Time: 0.15s
   Begin Step 3... Action: Jump to Function, Chip: RAM, Address: 0xF8002000
   Step 3 - Start Time : 2015/04/14 PM 11:08:51:41
   Step 3 - End Time : 2015/04/14 PM 11:08:51:42
   Step 3 ok! Spent Time: 0.0s
   Begin Step 4... Action: Erase, Chip: SPI Nor Flash, Address: 0x0000, Length: 40
   Step 4 - Start Time : 2015/04/14 PM 11:08:51:42
   Step 4 - End Time : 2015/04/14 PM 11:09:01:675
   Step 4 ok! Spent Time: 10.624s
   Begin Step 5... Action: Write, Chip: SPI Nor Flash, Address: 0x0000, File: D:\GitHub\gp720/gp_cardvr_upgrade.bin
   Step 5 - Start Time : 2015/04/14 PM 11:09:01:676
   Step 5 - End Time : 2015/04/14 PM 11:09:14:974
   Step 5 ok! Spent Time: 13.307s
   USB Task Finished! Spent Time: 23.946s
   Device is Pullouted.
