
< 15-04-12 16:49:05 >==============================================
Device is Inserted On Driver : [Hub1 Port2] [VER:0, SN:6&2151e485&0#{53]
   Begin the USB Task...
   Step 1 disable...
   Begin Step 2... Action: Write, Chip: RAM, Address: 0xF8002000, File: D:\work\generalplus\t19hh\tools\G+CodePacker 1.0.9 Patch 001\USBMassProductionTool/code/gp15b_ispbin.bin
   Step 2 - Start Time : 2015/04/12 PM 04:49:06:473
   Step 2 - End Time : 2015/04/12 PM 04:49:06:500
   Step 2 ok! Spent Time: 0.31s
   Begin Step 3... Action: Jump to Function, Chip: RAM, Address: 0xF8002000
   Step 3 - Start Time : 2015/04/12 PM 04:49:06:500
   Step 3 - End Time : 2015/04/12 PM 04:49:06:501
   Step 3 ok! Spent Time: 0.0s
   Begin Step 4... Action: Erase, Chip: SPI Nor Flash, Address: 0x0000, Length: 40
   Step 4 - Start Time : 2015/04/12 PM 04:49:06:501
   Step 4 - End Time : 2015/04/12 PM 04:49:17:779
   Step 4 ok! Spent Time: 11.279s
   Begin Step 5... Action: Write, Chip: SPI Nor Flash, Address: 0x0000, File: D:\work\generalplus\t19hh/higo/gp_cardvr_upgrade.bin
   Step 5 - Start Time : 2015/04/12 PM 04:49:17:779
   Step 5 - End Time : 2015/04/12 PM 04:49:31:79
   Step 5 ok! Spent Time: 13.291s
   USB Task Finished! Spent Time: 24.601s
   Device is Pullouted.

< 15-04-12 16:53:31 >==============================================
Device is Inserted On Driver : [Hub1 Port2] [VER:0, SN:6&2151e485&0#{53]
   Begin the USB Task...
   Step 1 disable...
   Begin Step 2... Action: Write, Chip: RAM, Address: 0xF8002000, File: D:\work\generalplus\t19hh\tools\G+CodePacker 1.0.9 Patch 001\USBMassProductionTool/code/gp15b_ispbin.bin
   Step 2 - Start Time : 2015/04/12 PM 04:53:32:990
   Step 2 - End Time : 2015/04/12 PM 04:53:32:997
   Step 2 ok! Spent Time: 0.16s
   Begin Step 3... Action: Jump to Function, Chip: RAM, Address: 0xF8002000
   Step 3 - Start Time : 2015/04/12 PM 04:53:32:997
   Step 3 - End Time : 2015/04/12 PM 04:53:32:998
   Step 3 ok! Spent Time: 0.0s
   Begin Step 4... Action: Erase, Chip: SPI Nor Flash, Address: 0x0000, Length: 40
   Step 4 - Start Time : 2015/04/12 PM 04:53:32:998
   Step 4 - End Time : 2015/04/12 PM 04:53:44:382
   Step 4 ok! Spent Time: 11.372s
   Begin Step 5... Action: Write, Chip: SPI Nor Flash, Address: 0x0000, File: D:\work\generalplus\t19hh/higo/gp_cardvr_upgrade.bin
   Step 5 - Start Time : 2015/04/12 PM 04:53:44:382
   Step 5 - End Time : 2015/04/12 PM 04:53:57:707
   Step 5 ok! Spent Time: 13.338s
   USB Task Finished! Spent Time: 24.726s
   Device is Pullouted.
