
< 15-04-03 15:39:02 >==============================================
Device is Inserted On Driver : [Hub1 Port1] [VER:0, SN:6&e9833e0&0#{53f]
   Begin the USB Task...
   Step 1 disable...
   Begin Step 2... Action: Write, Chip: RAM, Address: 0xF8002000, File: D:\work\generalplus\t19hh\tools\G+CodePacker 1.0.9 Patch 001\USBMassProductionTool/code/gp15b_ispbin.bin
   Step 2 - Start Time : 2015/04/03 PM 03:39:04:789
   Step 2 - End Time : 2015/04/03 PM 03:39:04:795
   Step 2 ok! Spent Time: 0.0s
   Begin Step 3... Action: Jump to Function, Chip: RAM, Address: 0xF8002000
   Step 3 - Start Time : 2015/04/03 PM 03:39:04:795
   Step 3 - End Time : 2015/04/03 PM 03:39:04:795
   Step 3 ok! Spent Time: 0.0s
   Begin Step 4... Action: Erase, Chip: SPI Nor Flash, Address: 0x0000, Length: 40
   Step 4 - Start Time : 2015/04/03 PM 03:39:04:795
   Step 4 - End Time : 2015/04/03 PM 03:39:13:855
   Step 4 ok! Spent Time: 9.63s
   Begin Step 5... Action: Write, Chip: SPI Nor Flash, Address: 0x0000, File: D:\work\generalplus\t19hh/higo/gp_cardvr_upgrade.bin
   Step 5 - Start Time : 2015/04/03 PM 03:39:13:856
   Step 5 - End Time : 2015/04/03 PM 03:39:27:156
   Step 5 ok! Spent Time: 13.291s
   USB Task Finished! Spent Time: 22.354s
   Device is Pullouted.

< 15-04-03 15:45:44 >==============================================
Device is Inserted On Driver : [Hub1 Port1] [VER:0, SN:6&e9833e0&0#{53f]
   Begin the USB Task...
   Step 1 disable...
   Begin Step 2... Action: Write, Chip: RAM, Address: 0xF8002000, File: D:\work\generalplus\t19hh\tools\G+CodePacker 1.0.9 Patch 001\USBMassProductionTool/code/gp15b_ispbin.bin
   Step 2 - Start Time : 2015/04/03 PM 03:45:47:00
   Step 2 - End Time : 2015/04/03 PM 03:45:47:07
   Step 2 ok! Spent Time: 0.16s
   Begin Step 3... Action: Jump to Function, Chip: RAM, Address: 0xF8002000
   Step 3 - Start Time : 2015/04/03 PM 03:45:47:07
   Step 3 - End Time : 2015/04/03 PM 03:45:47:08
   Step 3 ok! Spent Time: 0.0s
   Begin Step 4... Action: Erase, Chip: SPI Nor Flash, Address: 0x0000, Length: 40
   Step 4 - Start Time : 2015/04/03 PM 03:45:47:09
   Step 4 - End Time : 2015/04/03 PM 03:45:55:513
   Step 4 ok! Spent Time: 8.502s
   Begin Step 5... Action: Write, Chip: SPI Nor Flash, Address: 0x0000, File: D:\work\generalplus\t19hh/higo/gp_cardvr_upgrade.bin
   Step 5 - Start Time : 2015/04/03 PM 03:45:55:513
   Step 5 - End Time : 2015/04/03 PM 03:46:08:800
   Step 5 ok! Spent Time: 13.291s
   USB Task Finished! Spent Time: 21.809s
   Device is Pullouted.

< 15-04-03 15:59:55 >==============================================
Device is Inserted On Driver : [Hub1 Port1] [VER:0, SN:6&e9833e0&0#{53f]
   Begin the USB Task...
   Step 1 disable...
   Begin Step 2... Action: Write, Chip: RAM, Address: 0xF8002000, File: D:\work\generalplus\t19hh\tools\G+CodePacker 1.0.9 Patch 001\USBMassProductionTool/code/gp15b_ispbin.bin
   Step 2 - Start Time : 2015/04/03 PM 03:59:56:840
   Step 2 - End Time : 2015/04/03 PM 03:59:56:851
   Step 2 ok! Spent Time: 0.16s
   Begin Step 3... Action: Jump to Function, Chip: RAM, Address: 0xF8002000
   Step 3 - Start Time : 2015/04/03 PM 03:59:56:853
   Step 3 - End Time : 2015/04/03 PM 03:59:56:854
   Step 3 ok! Spent Time: 0.0s
   Begin Step 4... Action: Erase, Chip: SPI Nor Flash, Address: 0x0000, Length: 40
   Step 4 - Start Time : 2015/04/03 PM 03:59:56:855
   Step 4 - End Time : 2015/04/03 PM 04:00:05:458
   Step 4 ok! Spent Time: 8.595s
   Begin Step 5... Action: Write, Chip: SPI Nor Flash, Address: 0x0000, File: D:\work\generalplus\t19hh/higo/gp_cardvr_upgrade.bin
   Step 5 - Start Time : 2015/04/03 PM 04:00:05:458
   Step 5 - End Time : 2015/04/03 PM 04:00:18:762
   Step 5 ok! Spent Time: 13.307s
   USB Task Finished! Spent Time: 21.918s
   Device is Pullouted.

< 15-04-03 18:05:22 >==============================================
Device is Inserted On Driver : [Hub1 Port1] [VER:0, SN:6&e9833e0&0#{53f]
   Begin the USB Task...
   Step 1 disable...
   Begin Step 2... Action: Write, Chip: RAM, Address: 0xF8002000, File: D:\work\generalplus\t19hh\tools\G+CodePacker 1.0.9 Patch 001\USBMassProductionTool/code/gp15b_ispbin.bin
   Step 2 - Start Time : 2015/04/03 PM 06:05:25:979
   Step 2 - End Time : 2015/04/03 PM 06:05:25:986
   Step 2 ok! Spent Time: 0.0s
   Begin Step 3... Action: Jump to Function, Chip: RAM, Address: 0xF8002000
   Step 3 - Start Time : 2015/04/03 PM 06:05:25:986
   Step 3 - End Time : 2015/04/03 PM 06:05:25:987
   Step 3 ok! Spent Time: 0.0s
   Begin Step 4... Action: Erase, Chip: SPI Nor Flash, Address: 0x0000, Length: 40
   Step 4 - Start Time : 2015/04/03 PM 06:05:25:987
   Step 4 - End Time : 2015/04/03 PM 06:05:36:625
   Step 4 ok! Spent Time: 10.639s
   Begin Step 5... Action: Write, Chip: SPI Nor Flash, Address: 0x0000, File: D:\work\generalplus\t19hh/higo/gp_cardvr_upgrade.bin
   Step 5 - Start Time : 2015/04/03 PM 06:05:36:626
   Step 5 - End Time : 2015/04/03 PM 06:05:49:927
   Step 5 ok! Spent Time: 13.307s
   USB Task Finished! Spent Time: 23.946s
   Device is Pullouted.

< 15-04-03 18:08:06 >==============================================
Device is Inserted On Driver : [Hub1 Port1] [VER:0, SN:6&e9833e0&0#{53f]
   Begin the USB Task...
   Step 1 disable...
   Begin Step 2... Action: Write, Chip: RAM, Address: 0xF8002000, File: D:\work\generalplus\t19hh\tools\G+CodePacker 1.0.9 Patch 001\USBMassProductionTool/code/gp15b_ispbin.bin
   Step 2 - Start Time : 2015/04/03 PM 06:08:07:590
   Step 2 - End Time : 2015/04/03 PM 06:08:07:598
   Step 2 ok! Spent Time: 0.16s
   Begin Step 3... Action: Jump to Function, Chip: RAM, Address: 0xF8002000
   Step 3 - Start Time : 2015/04/03 PM 06:08:07:599
   Step 3 - End Time : 2015/04/03 PM 06:08:07:600
   Step 3 ok! Spent Time: 0.0s
   Begin Step 4... Action: Erase, Chip: SPI Nor Flash, Address: 0x0000, Length: 40
   Step 4 - Start Time : 2015/04/03 PM 06:08:07:600
   Step 4 - End Time : 2015/04/03 PM 06:08:17:984
   Step 4 ok! Spent Time: 10.389s
   Begin Step 5... Action: Write, Chip: SPI Nor Flash, Address: 0x0000, File: D:\work\generalplus\t19hh/higo/gp_cardvr_upgrade.bin
   Step 5 - Start Time : 2015/04/03 PM 06:08:17:985
   Step 5 - End Time : 2015/04/03 PM 06:08:31:286
   Step 5 ok! Spent Time: 13.292s
   USB Task Finished! Spent Time: 23.697s
   Device is Pullouted.

< 15-04-03 18:11:51 >==============================================
Device is Inserted On Driver : [Hub1 Port1] [VER:0, SN:6&e9833e0&0#{53f]
   Begin the USB Task...
   Step 1 disable...
   Begin Step 2... Action: Write, Chip: RAM, Address: 0xF8002000, File: D:\work\generalplus\t19hh\tools\G+CodePacker 1.0.9 Patch 001\USBMassProductionTool/code/gp15b_ispbin.bin
   Step 2 - Start Time : 2015/04/03 PM 06:11:53:539
   Step 2 - End Time : 2015/04/03 PM 06:11:53:547
   Step 2 ok! Spent Time: 0.15s
   Begin Step 3... Action: Jump to Function, Chip: RAM, Address: 0xF8002000
   Step 3 - Start Time : 2015/04/03 PM 06:11:53:547
   Step 3 - End Time : 2015/04/03 PM 06:11:53:548
   Step 3 ok! Spent Time: 0.0s
   Begin Step 4... Action: Erase, Chip: SPI Nor Flash, Address: 0x0000, Length: 40
   Step 4 - Start Time : 2015/04/03 PM 06:11:53:549
   Step 4 - End Time : 2015/04/03 PM 06:11:59:590
   Step 4 ok! Spent Time: 6.38s
   Begin Step 5... Action: Write, Chip: SPI Nor Flash, Address: 0x0000, File: D:\work\generalplus\t19hh/higo/gp_cardvr_upgrade.bin
   Step 5 - Start Time : 2015/04/03 PM 06:11:59:591
   Step 5 - End Time : 2015/04/03 PM 06:12:12:890
   Step 5 ok! Spent Time: 13.307s
   USB Task Finished! Spent Time: 19.360s
   Device is Pullouted.

< 15-04-03 18:18:38 >==============================================
Device is Inserted On Driver : [Hub1 Port1] [VER:0, SN:20130709-1b&0#{5]
   Begin the USB Task...
   Step 1 disable...
   Begin Step 2... Action: Write, Chip: RAM, Address: 0xF8002000, File: D:\work\generalplus\t19hh\tools\G+CodePacker 1.0.9 Patch 001\USBMassProductionTool/code/gp15b_ispbin.bin
   Step 2 - Start Time : 2015/04/03 PM 06:18:39:981
   Step 2 - End Time : 2015/04/03 PM 06:18:40:05
   Step 2 ok! Spent Time: 0.31s
   Begin Step 3... Action: Jump to Function, Chip: RAM, Address: 0xF8002000
   Step 3 - Start Time : 2015/04/03 PM 06:18:40:05
   Step 3 - End Time : 2015/04/03 PM 06:18:40:06
   Step 3 ok! Spent Time: 0.0s
   Begin Step 4... Action: Erase, Chip: SPI Nor Flash, Address: 0x0000, Length: 40
   Step 4 - Start Time : 2015/04/03 PM 06:18:40:06
   0xFF20: An error occurred during erase flash! Address: 0x0000, Block Number: 40, 操作成功完成。
   Step 4 Fail!!!
   Device is Pullouted.

< 15-04-03 18:20:23 >==============================================
Device is Inserted On Driver : [Hub1 Port1] [VER:0, SN:20130709-05&0#{5]
   Begin the USB Task...
   Step 1 disable...
   Begin Step 2... Action: Write, Chip: RAM, Address: 0xF8002000, File: D:\work\generalplus\t19hh\tools\G+CodePacker 1.0.9 Patch 001\USBMassProductionTool/code/gp15b_ispbin.bin
   Step 2 - Start Time : 2015/04/03 PM 06:20:25:308
   Step 2 - End Time : 2015/04/03 PM 06:20:25:333
   Step 2 ok! Spent Time: 0.15s
   Begin Step 3... Action: Jump to Function, Chip: RAM, Address: 0xF8002000
   Step 3 - Start Time : 2015/04/03 PM 06:20:25:333
   Step 3 - End Time : 2015/04/03 PM 06:20:25:334
   Step 3 ok! Spent Time: 0.0s
   Begin Step 4... Action: Erase, Chip: SPI Nor Flash, Address: 0x0000, Length: 40
   Step 4 - Start Time : 2015/04/03 PM 06:20:25:334
   0xFF20: An error occurred during erase flash! Address: 0x0000, Block Number: 40, 操作成功完成。
   Step 4 Fail!!!
   Begin the USB Task...
   Step 1 disable...
   Begin Step 2... Action: Write, Chip: RAM, Address: 0xF8002000, File: D:\work\generalplus\t19hh\tools\G+CodePacker 1.0.9 Patch 001\USBMassProductionTool/code/gp15b_ispbin.bin
   Step 2 - Start Time : 2015/04/03 PM 06:21:02:583
   0xFF2A: An error occurred during write data to IC! Address: 0xF8002000, Length: 4096, 操作成功完成。
   Step 2 Fail!!!
   Begin the USB Task...
   Step 1 disable...
   Begin Step 2... Action: Write, Chip: RAM, Address: 0xF8002000, File: D:\work\generalplus\t19hh\tools\G+CodePacker 1.0.9 Patch 001\USBMassProductionTool/code/gp15b_ispbin.bin
   Step 2 - Start Time : 2015/04/03 PM 06:21:03:857
   0xFF2A: An error occurred during write data to IC! Address: 0xF8002000, Length: 4096, 操作成功完成。
   Step 2 Fail!!!
   Device is Pullouted.

< 15-04-03 18:21:29 >==============================================
Device is Inserted On Driver : [Hub1 Port1] [VER:0, SN:20130709-19&0#{5]
   Begin the USB Task...
   Step 1 disable...
   Begin Step 2... Action: Write, Chip: RAM, Address: 0xF8002000, File: D:\work\generalplus\t19hh\tools\G+CodePacker 1.0.9 Patch 001\USBMassProductionTool/code/gp15b_ispbin.bin
   Step 2 - Start Time : 2015/04/03 PM 06:21:31:61
   Step 2 - End Time : 2015/04/03 PM 06:21:31:85
   Step 2 ok! Spent Time: 0.16s
   Begin Step 3... Action: Jump to Function, Chip: RAM, Address: 0xF8002000
   Step 3 - Start Time : 2015/04/03 PM 06:21:31:85
   Step 3 - End Time : 2015/04/03 PM 06:21:31:86
   Step 3 ok! Spent Time: 0.0s
   Begin Step 4... Action: Erase, Chip: SPI Nor Flash, Address: 0x0000, Length: 40
   Step 4 - Start Time : 2015/04/03 PM 06:21:31:87
   0xFF20: An error occurred during erase flash! Address: 0x0000, Block Number: 40, 操作成功完成。
   Step 4 Fail!!!
   Device is Pullouted.

< 15-04-03 18:22:42 >==============================================
Device is Inserted On Driver : [Hub1 Port1] [VER:0, SN:20130709-11&0#{5]
   Begin the USB Task...
   Step 1 disable...
   Begin Step 2... Action: Write, Chip: RAM, Address: 0xF8002000, File: D:\work\generalplus\t19hh\tools\G+CodePacker 1.0.9 Patch 001\USBMassProductionTool/code/gp15b_ispbin.bin
   Step 2 - Start Time : 2015/04/03 PM 06:22:44:797
   Step 2 - End Time : 2015/04/03 PM 06:22:44:823
   Step 2 ok! Spent Time: 0.31s
   Begin Step 3... Action: Jump to Function, Chip: RAM, Address: 0xF8002000
   Step 3 - Start Time : 2015/04/03 PM 06:22:44:823
   Step 3 - End Time : 2015/04/03 PM 06:22:44:824
   Step 3 ok! Spent Time: 0.0s
   Begin Step 4... Action: Erase, Chip: SPI Nor Flash, Address: 0x0000, Length: 40
   Step 4 - Start Time : 2015/04/03 PM 06:22:44:825
   0xFF20: An error occurred during erase flash! Address: 0x0000, Block Number: 40, 操作成功完成。
   Step 4 Fail!!!
   Device is Pullouted.

< 15-04-03 18:28:10 >==============================================
Device is Inserted On Driver : [Hub1 Port1] [VER:0, SN:6&e9833e0&0#{53f]
   Begin the USB Task...
   Step 1 disable...
   Begin Step 2... Action: Write, Chip: RAM, Address: 0xF8002000, File: D:\work\generalplus\t19hh\tools\G+CodePacker 1.0.9 Patch 001\USBMassProductionTool/code/gp15b_ispbin.bin
   Step 2 - Start Time : 2015/04/03 PM 06:28:12:941
   Step 2 - End Time : 2015/04/03 PM 06:28:12:947
   Step 2 ok! Spent Time: 0.0s
   Begin Step 3... Action: Jump to Function, Chip: RAM, Address: 0xF8002000
   Step 3 - Start Time : 2015/04/03 PM 06:28:12:948
   Step 3 - End Time : 2015/04/03 PM 06:28:12:948
   Step 3 ok! Spent Time: 0.0s
   Begin Step 4... Action: Erase, Chip: SPI Nor Flash, Address: 0x0000, Length: 40
   Step 4 - Start Time : 2015/04/03 PM 06:28:12:948
   Step 4 - End Time : 2015/04/03 PM 06:28:26:197
   Step 4 ok! Spent Time: 13.260s
   Begin Step 5... Action: Write, Chip: SPI Nor Flash, Address: 0x0000, File: D:\work\generalplus\t19hh/higo/gp_cardvr_upgrade.bin
   Step 5 - Start Time : 2015/04/03 PM 06:28:26:198
   Step 5 - End Time : 2015/04/03 PM 06:28:39:512
   Step 5 ok! Spent Time: 13.307s
   USB Task Finished! Spent Time: 26.567s
   Device is Pullouted.

< 15-04-03 18:29:14 >==============================================
Device is Inserted On Driver : [Hub1 Port1] [VER:0, SN:6&e9833e0&0#{53f]
   Begin the USB Task...
   Step 1 disable...
   Begin Step 2... Action: Write, Chip: RAM, Address: 0xF8002000, File: D:\work\generalplus\t19hh\tools\G+CodePacker 1.0.9 Patch 001\USBMassProductionTool/code/gp15b_ispbin.bin
   Step 2 - Start Time : 2015/04/03 PM 06:29:15:595
   Step 2 - End Time : 2015/04/03 PM 06:29:15:601
   Step 2 ok! Spent Time: 0.16s
   Begin Step 3... Action: Jump to Function, Chip: RAM, Address: 0xF8002000
   Step 3 - Start Time : 2015/04/03 PM 06:29:15:601
   Step 3 - End Time : 2015/04/03 PM 06:29:15:601
   Step 3 ok! Spent Time: 0.0s
   Begin Step 4... Action: Erase, Chip: SPI Nor Flash, Address: 0x0000, Length: 40
   Step 4 - Start Time : 2015/04/03 PM 06:29:15:601
   Step 4 - End Time : 2015/04/03 PM 06:29:28:757
   Step 4 ok! Spent Time: 13.151s
   Begin Step 5... Action: Write, Chip: SPI Nor Flash, Address: 0x0000, File: D:\work\generalplus\t19hh/higo/gp_cardvr_upgrade.bin
   Step 5 - Start Time : 2015/04/03 PM 06:29:28:757
   Step 5 - End Time : 2015/04/03 PM 06:29:42:64
   Step 5 ok! Spent Time: 13.307s
   USB Task Finished! Spent Time: 26.474s
   Device is Pullouted.
