
< 15-04-06 09:07:20 >==============================================
Device is Inserted On Driver : [Hub1 Port1] [VER:0, SN:6&e9833e0&0#{53f]
   Begin the USB Task...
   Step 1 disable...
   Begin Step 2... Action: Write, Chip: RAM, Address: 0xF8002000, File: D:\work\generalplus\t19hh\tools\G+CodePacker 1.0.9 Patch 001\USBMassProductionTool/code/gp15b_ispbin.bin
   Step 2 - Start Time : 2015/04/06 AM 09:07:22:48
   Step 2 - End Time : 2015/04/06 AM 09:07:22:54
   Step 2 ok! Spent Time: 0.16s
   Begin Step 3... Action: Jump to Function, Chip: RAM, Address: 0xF8002000
   Step 3 - Start Time : 2015/04/06 AM 09:07:22:54
   Step 3 - End Time : 2015/04/06 AM 09:07:22:54
   Step 3 ok! Spent Time: 0.0s
   Begin Step 4... Action: Erase, Chip: SPI Nor Flash, Address: 0x0000, Length: 40
   Step 4 - Start Time : 2015/04/06 AM 09:07:22:54
   Step 4 - End Time : 2015/04/06 AM 09:07:35:236
   Step 4 ok! Spent Time: 13.182s
   Begin Step 5... Action: Write, Chip: SPI Nor Flash, Address: 0x0000, File: D:\work\generalplus\t19hh/higo/gp_cardvr_upgrade.bin
   Step 5 - Start Time : 2015/04/06 AM 09:07:35:237
   Step 5 - End Time : 2015/04/06 AM 09:07:48:546
   Step 5 ok! Spent Time: 13.307s
   USB Task Finished! Spent Time: 26.505s
   Device is Pullouted.

< 15-04-06 09:12:48 >==============================================
Device is Inserted On Driver : [Hub1 Port1] [VER:0, SN:6&e9833e0&0#{53f]
   Begin the USB Task...
   Step 1 disable...
   Begin Step 2... Action: Write, Chip: RAM, Address: 0xF8002000, File: D:\work\generalplus\t19hh\tools\G+CodePacker 1.0.9 Patch 001\USBMassProductionTool/code/gp15b_ispbin.bin
   Step 2 - Start Time : 2015/04/06 AM 09:12:49:249
   Step 2 - End Time : 2015/04/06 AM 09:12:49:254
   Step 2 ok! Spent Time: 0.0s
   Begin Step 3... Action: Jump to Function, Chip: RAM, Address: 0xF8002000
   Step 3 - Start Time : 2015/04/06 AM 09:12:49:255
   Step 3 - End Time : 2015/04/06 AM 09:12:49:255
   Step 3 ok! Spent Time: 0.0s
   Begin Step 4... Action: Erase, Chip: SPI Nor Flash, Address: 0x0000, Length: 40
   Step 4 - Start Time : 2015/04/06 AM 09:12:49:255
   Step 4 - End Time : 2015/04/06 AM 09:13:02:351
   Step 4 ok! Spent Time: 13.104s
   Begin Step 5... Action: Write, Chip: SPI Nor Flash, Address: 0x0000, File: D:\work\generalplus\t19hh/higo/gp_cardvr_upgrade.bin
   Step 5 - Start Time : 2015/04/06 AM 09:13:02:351
   Step 5 - End Time : 2015/04/06 AM 09:13:15:619
   Step 5 ok! Spent Time: 13.260s
   USB Task Finished! Spent Time: 26.364s
   Device is Pullouted.

< 15-04-06 09:32:21 >==============================================
Device is Inserted On Driver : [Hub1 Port1] [VER:0, SN:6&e9833e0&0#{53f]
   Begin the USB Task...
   Step 1 disable...
   Begin Step 2... Action: Write, Chip: RAM, Address: 0xF8002000, File: D:\work\generalplus\t19hh\tools\G+CodePacker 1.0.9 Patch 001\USBMassProductionTool/code/gp15b_ispbin.bin
   Step 2 - Start Time : 2015/04/06 AM 09:32:24:657
   Step 2 - End Time : 2015/04/06 AM 09:32:24:664
   Step 2 ok! Spent Time: 0.0s
   Begin Step 3... Action: Jump to Function, Chip: RAM, Address: 0xF8002000
   Step 3 - Start Time : 2015/04/06 AM 09:32:24:664
   Step 3 - End Time : 2015/04/06 AM 09:32:24:665
   Step 3 ok! Spent Time: 0.0s
   Begin Step 4... Action: Erase, Chip: SPI Nor Flash, Address: 0x0000, Length: 40
   Step 4 - Start Time : 2015/04/06 AM 09:32:24:665
   Step 4 - End Time : 2015/04/06 AM 09:32:37:661
   Step 4 ok! Spent Time: 12.995s
   Begin Step 5... Action: Write, Chip: SPI Nor Flash, Address: 0x0000, File: D:\work\generalplus\t19hh/higo/gp_cardvr_upgrade.bin
   Step 5 - Start Time : 2015/04/06 AM 09:32:37:661
   Step 5 - End Time : 2015/04/06 AM 09:32:50:984
   Step 5 ok! Spent Time: 13.338s
   USB Task Finished! Spent Time: 26.333s
   Device is Pullouted.

< 15-04-06 09:53:51 >==============================================
Device is Inserted On Driver : [Hub1 Port1] [VER:0, SN:6&e9833e0&0#{53f]
   Begin the USB Task...
   Step 1 disable...
   Begin Step 2... Action: Write, Chip: RAM, Address: 0xF8002000, File: D:\work\generalplus\t19hh\tools\G+CodePacker 1.0.9 Patch 001\USBMassProductionTool/code/gp15b_ispbin.bin
   Step 2 - Start Time : 2015/04/06 AM 09:53:58:424
   Step 2 - End Time : 2015/04/06 AM 09:53:58:430
   Step 2 ok! Spent Time: 0.16s
   Begin Step 3... Action: Jump to Function, Chip: RAM, Address: 0xF8002000
   Step 3 - Start Time : 2015/04/06 AM 09:53:58:431
   Step 3 - End Time : 2015/04/06 AM 09:53:58:431
   Step 3 ok! Spent Time: 0.0s
   Begin Step 4... Action: Erase, Chip: SPI Nor Flash, Address: 0x0000, Length: 40
   Step 4 - Start Time : 2015/04/06 AM 09:53:58:432
   Step 4 - End Time : 2015/04/06 AM 09:54:11:271
   Step 4 ok! Spent Time: 12.839s
   Begin Step 5... Action: Write, Chip: SPI Nor Flash, Address: 0x0000, File: D:\work\generalplus\t19hh/higo/gp_cardvr_upgrade.bin
   Step 5 - Start Time : 2015/04/06 AM 09:54:11:272
   Step 5 - End Time : 2015/04/06 AM 09:54:24:595
   Step 5 ok! Spent Time: 13.322s
   USB Task Finished! Spent Time: 26.177s
   Device is Pullouted.

< 15-04-06 10:05:46 >==============================================
Device is Inserted On Driver : [Hub1 Port1] [VER:0, SN:6&e9833e0&0#{53f]
   Begin the USB Task...
   Step 1 disable...
   Begin Step 2... Action: Write, Chip: RAM, Address: 0xF8002000, File: D:\work\generalplus\t19hh\tools\G+CodePacker 1.0.9 Patch 001\USBMassProductionTool/code/gp15b_ispbin.bin
   Step 2 - Start Time : 2015/04/06 AM 10:05:47:947
   Step 2 - End Time : 2015/04/06 AM 10:05:47:953
   Step 2 ok! Spent Time: 0.0s
   Begin Step 3... Action: Jump to Function, Chip: RAM, Address: 0xF8002000
   Step 3 - Start Time : 2015/04/06 AM 10:05:47:953
   Step 3 - End Time : 2015/04/06 AM 10:05:47:953
   Step 3 ok! Spent Time: 0.0s
   Begin Step 4... Action: Erase, Chip: SPI Nor Flash, Address: 0x0000, Length: 40
   Step 4 - Start Time : 2015/04/06 AM 10:05:47:953
   Step 4 - End Time : 2015/04/06 AM 10:06:00:804
   Step 4 ok! Spent Time: 12.855s
   Begin Step 5... Action: Write, Chip: SPI Nor Flash, Address: 0x0000, File: D:\work\generalplus\t19hh/higo/gp_cardvr_upgrade.bin
   Step 5 - Start Time : 2015/04/06 AM 10:06:00:805
   Step 5 - End Time : 2015/04/06 AM 10:06:14:137
   Step 5 ok! Spent Time: 13.338s
   USB Task Finished! Spent Time: 26.193s
   Device is Pullouted.

< 15-04-06 10:23:28 >==============================================
Device is Inserted On Driver : [Hub1 Port1] [VER:0, SN:6&e9833e0&0#{53f]
   Device is Pullouted.

< 15-04-06 10:23:38 >==============================================
Device is Inserted On Driver : [Hub1 Port1] [VER:0, SN:6&e9833e0&0#{53f]
   Device is Pullouted.

< 15-04-06 10:23:43 >==============================================
Device is Inserted On Driver : [Hub1 Port1] [VER:0, SN:6&e9833e0&0#{53f]
   Device is Pullouted.

< 15-04-06 10:33:25 >==============================================
Device is Inserted On Driver : [Hub1 Port1] [VER:0, SN:6&e9833e0&0#{53f]
   Begin the USB Task...
   Step 1 disable...
   Begin Step 2... Action: Write, Chip: RAM, Address: 0xF8002000, File: D:\work\generalplus\t19hh\tools\G+CodePacker 1.0.9 Patch 001\USBMassProductionTool/code/gp15b_ispbin.bin
   Step 2 - Start Time : 2015/04/06 AM 10:33:25:760
   Step 2 - End Time : 2015/04/06 AM 10:33:25:766
   Step 2 ok! Spent Time: 0.16s
   Begin Step 3... Action: Jump to Function, Chip: RAM, Address: 0xF8002000
   Step 3 - Start Time : 2015/04/06 AM 10:33:25:766
   Step 3 - End Time : 2015/04/06 AM 10:33:25:766
   Step 3 ok! Spent Time: 0.0s
   Begin Step 4... Action: Erase, Chip: SPI Nor Flash, Address: 0x0000, Length: 40
   Step 4 - Start Time : 2015/04/06 AM 10:33:25:766
   Step 4 - End Time : 2015/04/06 AM 10:33:38:543
   Step 4 ok! Spent Time: 12.776s
   Begin Step 5... Action: Write, Chip: SPI Nor Flash, Address: 0x0000, File: D:\work\generalplus\t19hh/higo/gp_cardvr_upgrade.bin
   Step 5 - Start Time : 2015/04/06 AM 10:33:38:545
   Step 5 - End Time : 2015/04/06 AM 10:33:51:837
   Step 5 ok! Spent Time: 13.291s
   USB Task Finished! Spent Time: 26.83s
   Device is Pullouted.

< 15-04-06 10:35:25 >==============================================
Device is Inserted On Driver : [Hub1 Port1] [VER:0, SN:6&e9833e0&0#{53f]
   Begin the USB Task...
   Step 1 disable...
   Begin Step 2... Action: Write, Chip: RAM, Address: 0xF8002000, File: D:\work\generalplus\t19hh\tools\G+CodePacker 1.0.9 Patch 001\USBMassProductionTool/code/gp15b_ispbin.bin
   Step 2 - Start Time : 2015/04/06 AM 10:36:09:335
   Step 2 - End Time : 2015/04/06 AM 10:36:09:342
   Step 2 ok! Spent Time: 0.0s
   Begin Step 3... Action: Jump to Function, Chip: RAM, Address: 0xF8002000
   Step 3 - Start Time : 2015/04/06 AM 10:36:09:342
   Step 3 - End Time : 2015/04/06 AM 10:36:09:343
   Step 3 ok! Spent Time: 0.0s
   Begin Step 4... Action: Erase, Chip: SPI Nor Flash, Address: 0x0000, Length: 40
   Step 4 - Start Time : 2015/04/06 AM 10:36:09:343
   Step 4 - End Time : 2015/04/06 AM 10:36:22:80
   Step 4 ok! Spent Time: 12.745s
   Begin Step 5... Action: Write, Chip: SPI Nor Flash, Address: 0x0000, File: D:\work\generalplus\t19hh/higo/gp_cardvr_upgrade.bin
   Step 5 - Start Time : 2015/04/06 AM 10:36:22:80
   Step 5 - End Time : 2015/04/06 AM 10:36:35:381
   Step 5 ok! Spent Time: 13.307s
   USB Task Finished! Spent Time: 26.52s
   Device is Pullouted.

< 15-04-06 10:57:36 >==============================================
Device is Inserted On Driver : [Hub1 Port1] [VER:0, SN:6&e9833e0&0#{53f]
   Begin the USB Task...
   Step 1 disable...
   Begin Step 2... Action: Write, Chip: RAM, Address: 0xF8002000, File: D:\work\generalplus\t19hh\tools\G+CodePacker 1.0.9 Patch 001\USBMassProductionTool/code/gp15b_ispbin.bin
   Step 2 - Start Time : 2015/04/06 AM 10:57:37:606
   Step 2 - End Time : 2015/04/06 AM 10:57:37:617
   Step 2 ok! Spent Time: 0.15s
   Begin Step 3... Action: Jump to Function, Chip: RAM, Address: 0xF8002000
   Step 3 - Start Time : 2015/04/06 AM 10:57:37:617
   Step 3 - End Time : 2015/04/06 AM 10:57:37:618
   Step 3 ok! Spent Time: 0.0s
   Begin Step 4... Action: Erase, Chip: SPI Nor Flash, Address: 0x0000, Length: 40
   Step 4 - Start Time : 2015/04/06 AM 10:57:37:619
   Step 4 - End Time : 2015/04/06 AM 10:57:50:570
   Step 4 ok! Spent Time: 12.948s
   Begin Step 5... Action: Write, Chip: SPI Nor Flash, Address: 0x0000, File: D:\work\generalplus\t19hh/higo/gp_cardvr_upgrade.bin
   Step 5 - Start Time : 2015/04/06 AM 10:57:50:571
   Step 5 - End Time : 2015/04/06 AM 10:58:03:881
   Step 5 ok! Spent Time: 13.307s
   USB Task Finished! Spent Time: 26.270s
   Device is Pullouted.

< 15-04-06 13:54:52 >==============================================
Device is Inserted On Driver : [Hub1 Port1] [VER:0, SN:6&e9833e0&0#{53f]
   Begin the USB Task...
   Step 1 disable...
   Begin Step 2... Action: Write, Chip: RAM, Address: 0xF8002000, File: D:\work\generalplus\t19hh\tools\G+CodePacker 1.0.9 Patch 001\USBMassProductionTool/code/gp15b_ispbin.bin
   Step 2 - Start Time : 2015/04/06 PM 01:54:53:995
   Step 2 - End Time : 2015/04/06 PM 01:54:54:03
   Step 2 ok! Spent Time: 0.15s
   Begin Step 3... Action: Jump to Function, Chip: RAM, Address: 0xF8002000
   Step 3 - Start Time : 2015/04/06 PM 01:54:54:04
   Step 3 - End Time : 2015/04/06 PM 01:54:54:05
   Step 3 ok! Spent Time: 0.0s
   Begin Step 4... Action: Erase, Chip: SPI Nor Flash, Address: 0x0000, Length: 40
   Step 4 - Start Time : 2015/04/06 PM 01:54:54:06
   Step 4 - End Time : 2015/04/06 PM 01:55:06:662
   Step 4 ok! Spent Time: 12.652s
   Begin Step 5... Action: Write, Chip: SPI Nor Flash, Address: 0x0000, File: D:\work\generalplus\t19hh/higo/gp_cardvr_upgrade.bin
   Step 5 - Start Time : 2015/04/06 PM 01:55:06:662
   Step 5 - End Time : 2015/04/06 PM 01:55:19:969
   Step 5 ok! Spent Time: 13.307s
   USB Task Finished! Spent Time: 25.974s
   Device is Pullouted.

< 15-04-06 14:00:17 >==============================================
Device is Inserted On Driver : [Hub1 Port1] [VER:0, SN:6&e9833e0&0#{53f]
   Begin the USB Task...
   Step 1 disable...
   Begin Step 2... Action: Write, Chip: RAM, Address: 0xF8002000, File: D:\work\generalplus\t19hh\tools\G+CodePacker 1.0.9 Patch 001\USBMassProductionTool/code/gp15b_ispbin.bin
   Step 2 - Start Time : 2015/04/06 PM 02:00:18:384
   Step 2 - End Time : 2015/04/06 PM 02:00:18:389
   Step 2 ok! Spent Time: 0.16s
   Begin Step 3... Action: Jump to Function, Chip: RAM, Address: 0xF8002000
   Step 3 - Start Time : 2015/04/06 PM 02:00:18:389
   Step 3 - End Time : 2015/04/06 PM 02:00:18:390
   Step 3 ok! Spent Time: 0.0s
   Begin Step 4... Action: Erase, Chip: SPI Nor Flash, Address: 0x0000, Length: 40
   Step 4 - Start Time : 2015/04/06 PM 02:00:18:390
   Step 4 - End Time : 2015/04/06 PM 02:00:31:120
   Step 4 ok! Spent Time: 12.730s
   Begin Step 5... Action: Write, Chip: SPI Nor Flash, Address: 0x0000, File: D:\work\generalplus\t19hh/higo/gp_cardvr_upgrade.bin
   Step 5 - Start Time : 2015/04/06 PM 02:00:31:122
   Step 5 - End Time : 2015/04/06 PM 02:00:44:425
   Step 5 ok! Spent Time: 13.306s
   USB Task Finished! Spent Time: 26.52s
   Device is Pullouted.

< 15-04-06 14:15:03 >==============================================
Device is Inserted On Driver : [Hub1 Port1] [VER:0, SN:6&e9833e0&0#{53f]
   Begin the USB Task...
   Step 1 disable...
   Begin Step 2... Action: Write, Chip: RAM, Address: 0xF8002000, File: D:\work\generalplus\t19hh\tools\G+CodePacker 1.0.9 Patch 001\USBMassProductionTool/code/gp15b_ispbin.bin
   Step 2 - Start Time : 2015/04/06 PM 02:15:04:829
   Step 2 - End Time : 2015/04/06 PM 02:15:04:836
   Step 2 ok! Spent Time: 0.15s
   Begin Step 3... Action: Jump to Function, Chip: RAM, Address: 0xF8002000
   Step 3 - Start Time : 2015/04/06 PM 02:15:04:836
   Step 3 - End Time : 2015/04/06 PM 02:15:04:837
   Step 3 ok! Spent Time: 0.0s
   Begin Step 4... Action: Erase, Chip: SPI Nor Flash, Address: 0x0000, Length: 40
   Step 4 - Start Time : 2015/04/06 PM 02:15:04:837
   Step 4 - End Time : 2015/04/06 PM 02:15:17:437
   Step 4 ok! Spent Time: 12.605s
   Begin Step 5... Action: Write, Chip: SPI Nor Flash, Address: 0x0000, File: D:\work\generalplus\t19hh/higo/gp_cardvr_upgrade.bin
   Step 5 - Start Time : 2015/04/06 PM 02:15:17:438
   Step 5 - End Time : 2015/04/06 PM 02:15:30:748
   Step 5 ok! Spent Time: 13.307s
   USB Task Finished! Spent Time: 25.927s
   Device is Pullouted.

< 15-04-06 14:18:23 >==============================================
Device is Inserted On Driver : [Hub1 Port1] [VER:0, SN:6&e9833e0&0#{53f]
   Begin the USB Task...
   Step 1 disable...
   Begin Step 2... Action: Write, Chip: RAM, Address: 0xF8002000, File: D:\work\generalplus\t19hh\tools\G+CodePacker 1.0.9 Patch 001\USBMassProductionTool/code/gp15b_ispbin.bin
   Step 2 - Start Time : 2015/04/06 PM 02:18:25:534
   Step 2 - End Time : 2015/04/06 PM 02:18:25:541
   Step 2 ok! Spent Time: 0.0s
   Begin Step 3... Action: Jump to Function, Chip: RAM, Address: 0xF8002000
   Step 3 - Start Time : 2015/04/06 PM 02:18:25:541
   Step 3 - End Time : 2015/04/06 PM 02:18:25:542
   Step 3 ok! Spent Time: 0.15s
   Begin Step 4... Action: Erase, Chip: SPI Nor Flash, Address: 0x0000, Length: 40
   Step 4 - Start Time : 2015/04/06 PM 02:18:25:543
   Step 4 - End Time : 2015/04/06 PM 02:18:38:106
   Step 4 ok! Spent Time: 12.558s
   Begin Step 5... Action: Write, Chip: SPI Nor Flash, Address: 0x0000, File: D:\work\generalplus\t19hh/higo/gp_cardvr_upgrade.bin
   Step 5 - Start Time : 2015/04/06 PM 02:18:38:107
   Step 5 - End Time : 2015/04/06 PM 02:18:51:419
   Step 5 ok! Spent Time: 13.307s
   USB Task Finished! Spent Time: 25.880s
   Device is Pullouted.

< 15-04-06 14:23:16 >==============================================
Device is Inserted On Driver : [Hub1 Port1] [VER:0, SN:6&e9833e0&0#{53f]
   Begin the USB Task...
   Step 1 disable...
   Begin Step 2... Action: Write, Chip: RAM, Address: 0xF8002000, File: D:\work\generalplus\t19hh\tools\G+CodePacker 1.0.9 Patch 001\USBMassProductionTool/code/gp15b_ispbin.bin
   Step 2 - Start Time : 2015/04/06 PM 02:23:17:409
   Step 2 - End Time : 2015/04/06 PM 02:23:17:415
   Step 2 ok! Spent Time: 0.0s
   Begin Step 3... Action: Jump to Function, Chip: RAM, Address: 0xF8002000
   Step 3 - Start Time : 2015/04/06 PM 02:23:17:415
   Step 3 - End Time : 2015/04/06 PM 02:23:17:415
   Step 3 ok! Spent Time: 0.0s
   Begin Step 4... Action: Erase, Chip: SPI Nor Flash, Address: 0x0000, Length: 40
   Step 4 - Start Time : 2015/04/06 PM 02:23:17:415
   Step 4 - End Time : 2015/04/06 PM 02:23:29:967
   Step 4 ok! Spent Time: 12.559s
   Begin Step 5... Action: Write, Chip: SPI Nor Flash, Address: 0x0000, File: D:\work\generalplus\t19hh/higo/gp_cardvr_upgrade.bin
   Step 5 - Start Time : 2015/04/06 PM 02:23:29:967
   Step 5 - End Time : 2015/04/06 PM 02:23:43:267
   Step 5 ok! Spent Time: 13.291s
   USB Task Finished! Spent Time: 25.850s
   Device is Pullouted.

< 15-04-06 14:26:35 >==============================================
Device is Inserted On Driver : [Hub1 Port1] [VER:0, SN:6&e9833e0&0#{53f]
   Begin the USB Task...
   Step 1 disable...
   Begin Step 2... Action: Write, Chip: RAM, Address: 0xF8002000, File: D:\work\generalplus\t19hh\tools\G+CodePacker 1.0.9 Patch 001\USBMassProductionTool/code/gp15b_ispbin.bin
   Step 2 - Start Time : 2015/04/06 PM 02:26:36:520
   Step 2 - End Time : 2015/04/06 PM 02:26:36:526
   Step 2 ok! Spent Time: 0.15s
   Begin Step 3... Action: Jump to Function, Chip: RAM, Address: 0xF8002000
   Step 3 - Start Time : 2015/04/06 PM 02:26:36:527
   Step 3 - End Time : 2015/04/06 PM 02:26:36:527
   Step 3 ok! Spent Time: 0.0s
   Begin Step 4... Action: Erase, Chip: SPI Nor Flash, Address: 0x0000, Length: 40
   Step 4 - Start Time : 2015/04/06 PM 02:26:36:528
   Step 4 - End Time : 2015/04/06 PM 02:26:49:35
   Step 4 ok! Spent Time: 12.511s
   Begin Step 5... Action: Write, Chip: SPI Nor Flash, Address: 0x0000, File: D:\work\generalplus\t19hh/higo/gp_cardvr_upgrade.bin
   Step 5 - Start Time : 2015/04/06 PM 02:26:49:35
   Step 5 - End Time : 2015/04/06 PM 02:27:02:345
   Step 5 ok! Spent Time: 13.307s
   USB Task Finished! Spent Time: 25.833s
   Device is Pullouted.

< 15-04-06 16:13:52 >==============================================
Device is Inserted On Driver : [Hub1 Port1] [VER:0, SN:6&e9833e0&0#{53f]
   Begin the USB Task...
   Step 1 disable...
   Begin Step 2... Action: Write, Chip: RAM, Address: 0xF8002000, File: D:\work\generalplus\t19hh\tools\G+CodePacker 1.0.9 Patch 001\USBMassProductionTool/code/gp15b_ispbin.bin
   Step 2 - Start Time : 2015/04/06 PM 04:13:53:620
   Step 2 - End Time : 2015/04/06 PM 04:13:53:630
   Step 2 ok! Spent Time: 0.16s
   Begin Step 3... Action: Jump to Function, Chip: RAM, Address: 0xF8002000
   Step 3 - Start Time : 2015/04/06 PM 04:13:53:633
   Step 3 - End Time : 2015/04/06 PM 04:13:53:634
   Step 3 ok! Spent Time: 0.0s
   Begin Step 4... Action: Erase, Chip: SPI Nor Flash, Address: 0x0000, Length: 40
   Step 4 - Start Time : 2015/04/06 PM 04:13:53:635
   Step 4 - End Time : 2015/04/06 PM 04:14:06:35
   Step 4 ok! Spent Time: 12.402s
   Begin Step 5... Action: Write, Chip: SPI Nor Flash, Address: 0x0000, File: D:\work\generalplus\t19hh/higo/gp_cardvr_upgrade.bin
   Step 5 - Start Time : 2015/04/06 PM 04:14:06:36
   Step 5 - End Time : 2015/04/06 PM 04:14:19:339
   Step 5 ok! Spent Time: 13.307s
   USB Task Finished! Spent Time: 25.725s
   Device is Pullouted.

< 15-04-06 16:17:19 >==============================================
Device is Inserted On Driver : [Hub1 Port1] [VER:0, SN:6&e9833e0&0#{53f]
   Begin the USB Task...
   Step 1 disable...
   Begin Step 2... Action: Write, Chip: RAM, Address: 0xF8002000, File: D:\work\generalplus\t19hh\tools\G+CodePacker 1.0.9 Patch 001\USBMassProductionTool/code/gp15b_ispbin.bin
   Step 2 - Start Time : 2015/04/06 PM 04:17:21:337
   Step 2 - End Time : 2015/04/06 PM 04:17:21:345
   Step 2 ok! Spent Time: 0.16s
   Begin Step 3... Action: Jump to Function, Chip: RAM, Address: 0xF8002000
   Step 3 - Start Time : 2015/04/06 PM 04:17:21:346
   Step 3 - End Time : 2015/04/06 PM 04:17:21:346
   Step 3 ok! Spent Time: 0.0s
   Begin Step 4... Action: Erase, Chip: SPI Nor Flash, Address: 0x0000, Length: 40
   Step 4 - Start Time : 2015/04/06 PM 04:17:21:347
   Step 4 - End Time : 2015/04/06 PM 04:17:33:728
   Step 4 ok! Spent Time: 12.386s
   Begin Step 5... Action: Write, Chip: SPI Nor Flash, Address: 0x0000, File: D:\work\generalplus\t19hh/higo/gp_cardvr_upgrade.bin
   Step 5 - Start Time : 2015/04/06 PM 04:17:33:729
   Step 5 - End Time : 2015/04/06 PM 04:17:47:29
   Step 5 ok! Spent Time: 13.292s
   USB Task Finished! Spent Time: 25.694s
   Device is Pullouted.

< 15-04-06 16:56:21 >==============================================
Device is Inserted On Driver : [Hub1 Port1] [VER:0, SN:6&e9833e0&0#{53f]
   Begin the USB Task...
   Step 1 disable...
   Begin Step 2... Action: Write, Chip: RAM, Address: 0xF8002000, File: D:\work\generalplus\t19hh\tools\G+CodePacker 1.0.9 Patch 001\USBMassProductionTool/code/gp15b_ispbin.bin
   Step 2 - Start Time : 2015/04/06 PM 04:56:23:237
   Step 2 - End Time : 2015/04/06 PM 04:56:23:244
   Step 2 ok! Spent Time: 0.16s
   Begin Step 3... Action: Jump to Function, Chip: RAM, Address: 0xF8002000
   Step 3 - Start Time : 2015/04/06 PM 04:56:23:244
   Step 3 - End Time : 2015/04/06 PM 04:56:23:245
   Step 3 ok! Spent Time: 0.0s
   Begin Step 4... Action: Erase, Chip: SPI Nor Flash, Address: 0x0000, Length: 40
   Step 4 - Start Time : 2015/04/06 PM 04:56:23:245
   Step 4 - End Time : 2015/04/06 PM 04:56:35:578
   Step 4 ok! Spent Time: 12.324s
   Begin Step 5... Action: Write, Chip: SPI Nor Flash, Address: 0x0000, File: D:\work\generalplus\t19hh/higo/gp_cardvr_upgrade.bin
   Step 5 - Start Time : 2015/04/06 PM 04:56:35:578
   Step 5 - End Time : 2015/04/06 PM 04:56:48:890
   Step 5 ok! Spent Time: 13.322s
   USB Task Finished! Spent Time: 25.662s
   Device is Pullouted.

< 15-04-06 17:03:06 >==============================================
Device is Inserted On Driver : [Hub1 Port1] [VER:0, SN:6&e9833e0&0#{53f]
   Begin the USB Task...
   Step 1 disable...
   Begin Step 2... Action: Write, Chip: RAM, Address: 0xF8002000, File: D:\work\generalplus\t19hh\tools\G+CodePacker 1.0.9 Patch 001\USBMassProductionTool/code/gp15b_ispbin.bin
   Step 2 - Start Time : 2015/04/06 PM 05:03:08:365
   Step 2 - End Time : 2015/04/06 PM 05:03:08:372
   Step 2 ok! Spent Time: 0.0s
   Begin Step 3... Action: Jump to Function, Chip: RAM, Address: 0xF8002000
   Step 3 - Start Time : 2015/04/06 PM 05:03:08:372
   Step 3 - End Time : 2015/04/06 PM 05:03:08:373
   Step 3 ok! Spent Time: 0.0s
   Begin Step 4... Action: Erase, Chip: SPI Nor Flash, Address: 0x0000, Length: 40
   Step 4 - Start Time : 2015/04/06 PM 05:03:08:373
   Step 4 - End Time : 2015/04/06 PM 05:03:20:767
   Step 4 ok! Spent Time: 12.402s
   Begin Step 5... Action: Write, Chip: SPI Nor Flash, Address: 0x0000, File: D:\work\generalplus\t19hh/higo/gp_cardvr_upgrade.bin
   Step 5 - Start Time : 2015/04/06 PM 05:03:20:768
   Step 5 - End Time : 2015/04/06 PM 05:03:34:80
   Step 5 ok! Spent Time: 13.307s
   USB Task Finished! Spent Time: 25.709s
   Device is Pullouted.
